#
# There is insufficient memory for the Java Runtime Environment to continue.
# Native memory allocation (malloc) failed to allocate 1123376 bytes for Chunk::new
# Possible reasons:
#   The system is out of physical RAM or swap space
#   The process is running with CompressedOops enabled, and the Java Heap may be blocking the growth of the native heap
# Possible solutions:
#   Reduce memory load on the system
#   Increase physical memory or swap space
#   Check if swap backing store is full
#   Decrease Java heap size (-Xmx/-Xms)
#   Decrease number of Java threads
#   Decrease Java thread stack sizes (-Xss)
#   Set larger code cache with -XX:ReservedCodeCacheSize=
#   JVM is running with Unscaled Compressed Oops mode in which the Java heap is
#     placed in the first 4GB address space. The Java Heap base address is the
#     maximum limit for the native heap growth. Please use -XX:HeapBaseMinAddress
#     to set the Java Heap base and to place the Java Heap above 4GB virtual address.
# This output file may be truncated or incomplete.
#
#  Out of Memory Error (allocation.cpp:389), pid=5552, tid=0x00000000000012d4
#
# JRE version: OpenJDK Runtime Environment (8.0_242-b01) (build 1.8.0_242-release-1644-b01)
# Java VM: OpenJDK 64-Bit Server VM (25.242-b01 mixed mode windows-amd64 compressed oops)
# Failed to write core dump. Minidumps are not enabled by default on client versions of Windows
#

---------------  T H R E A D  ---------------

Current thread (0x0000000017e96800):  JavaThread "C2 CompilerThread0" daemon [_thread_in_native, id=4820, stack(0x00000000194f0000,0x00000000195f0000)]

Stack: [0x00000000194f0000,0x00000000195f0000]
[error occurred during error reporting (printing stack bounds), id 0xc0000005]

Native frames: (J=compiled Java code, j=interpreted, Vv=VM code, C=native code)


Current CompileTask:
C2:  24756 12719 %     4       com.android.tools.r8.ir.conversion.N::a @ 153 (3065 bytes)


---------------  P R O C E S S  ---------------

Java Threads: ( => current thread )
  0x000000001e6ab800 JavaThread "WorkerExecutor Queue" [_thread_blocked, id=4172, stack(0x000000002dc90000,0x000000002dd90000)]
  0x000000001e6a9800 JavaThread "Cache worker for execution history cache (D:\Diploma\DiplomaApp\.gradle\6.5\executionHistory)" [_thread_blocked, id=9268, stack(0x000000002d590000,0x000000002d690000)]
  0x000000001e6a7000 JavaThread "Execution worker for ':' Thread 3" [_thread_blocked, id=5536, stack(0x000000002d490000,0x000000002d590000)]
  0x000000001e6a6800 JavaThread "Execution worker for ':' Thread 2" [_thread_blocked, id=6892, stack(0x000000002d390000,0x000000002d490000)]
  0x000000001e6a5800 JavaThread "Execution worker for ':'" [_thread_blocked, id=8660, stack(0x000000002c060000,0x000000002c160000)]
  0x000000001e6a8800 JavaThread "Cache worker for file content cache (D:\Diploma\DiplomaApp\.gradle\6.5\fileContent)" [_thread_blocked, id=4956, stack(0x000000002bf60000,0x000000002c060000)]
  0x000000001e6a5000 JavaThread "Memory manager" [_thread_blocked, id=2504, stack(0x000000002b9b0000,0x000000002bab0000)]
  0x000000001e6ab000 JavaThread "pool-1-thread-1" [_thread_blocked, id=10168, stack(0x000000002a8b0000,0x000000002a9b0000)]
  0x000000001e6a8000 JavaThread "Cache worker for Build Output Cleanup Cache (D:\Diploma\DiplomaApp\.gradle\buildOutputCleanup)" [_thread_blocked, id=8608, stack(0x000000002a5b0000,0x000000002a6b0000)]
  0x000000001c0e2800 JavaThread "jar transforms Thread 118" [_thread_blocked, id=3296, stack(0x000000002a2b0000,0x000000002a3b0000)]
  0x000000001c0e2000 JavaThread "jar transforms Thread 117" [_thread_blocked, id=5428, stack(0x000000002a1b0000,0x000000002a2b0000)]
  0x000000001c0e7000 JavaThread "jar transforms Thread 116" [_thread_blocked, id=10444, stack(0x000000002a0b0000,0x000000002a1b0000)]
  0x000000001c0df800 JavaThread "jar transforms Thread 115" [_thread_blocked, id=9428, stack(0x0000000029fb0000,0x000000002a0b0000)]
  0x000000001c0e0800 JavaThread "jar transforms Thread 114" [_thread_blocked, id=8656, stack(0x0000000029eb0000,0x0000000029fb0000)]
  0x000000001c0e3800 JavaThread "jar transforms Thread 113" [_thread_blocked, id=10720, stack(0x0000000029db0000,0x0000000029eb0000)]
  0x000000001c0e6800 JavaThread "jar transforms Thread 112" [_thread_blocked, id=8220, stack(0x0000000029cb0000,0x0000000029db0000)]
  0x000000001c0e5800 JavaThread "jar transforms Thread 111" [_thread_blocked, id=6080, stack(0x0000000029bb0000,0x0000000029cb0000)]
  0x000000001c0e5000 JavaThread "jar transforms Thread 110" [_thread_blocked, id=5192, stack(0x0000000029ab0000,0x0000000029bb0000)]
  0x000000001c0e4000 JavaThread "jar transforms Thread 109" [_thread_blocked, id=10364, stack(0x00000000299b0000,0x0000000029ab0000)]
  0x000000001c0e1000 JavaThread "jar transforms Thread 108" [_thread_blocked, id=2544, stack(0x00000000298b0000,0x00000000299b0000)]
  0x000000001c0db000 JavaThread "jar transforms Thread 107" [_thread_blocked, id=4980, stack(0x00000000297b0000,0x00000000298b0000)]
  0x000000001c0d8000 JavaThread "jar transforms Thread 106" [_thread_blocked, id=10288, stack(0x00000000296b0000,0x00000000297b0000)]
  0x000000001c0d9000 JavaThread "jar transforms Thread 105" [_thread_blocked, id=2528, stack(0x00000000295b0000,0x00000000296b0000)]
  0x000000001c0df000 JavaThread "jar transforms Thread 104" [_thread_blocked, id=9004, stack(0x00000000294b0000,0x00000000295b0000)]
  0x000000001c0da800 JavaThread "jar transforms Thread 103" [_thread_blocked, id=5388, stack(0x00000000293b0000,0x00000000294b0000)]
  0x000000001c0de000 JavaThread "jar transforms Thread 102" [_thread_blocked, id=7884, stack(0x00000000292b0000,0x00000000293b0000)]
  0x000000001c0dd800 JavaThread "jar transforms Thread 101" [_thread_blocked, id=9552, stack(0x00000000291b0000,0x00000000292b0000)]
  0x000000001c0dc800 JavaThread "jar transforms Thread 100" [_thread_blocked, id=9128, stack(0x00000000290b0000,0x00000000291b0000)]
  0x000000001c0d9800 JavaThread "jar transforms Thread 99" [_thread_blocked, id=11208, stack(0x0000000028fb0000,0x00000000290b0000)]
  0x000000001c0dc000 JavaThread "jar transforms Thread 98" [_thread_blocked, id=8740, stack(0x0000000028eb0000,0x0000000028fb0000)]
  0x000000001b386000 JavaThread "jar transforms Thread 97" [_thread_blocked, id=3408, stack(0x0000000028db0000,0x0000000028eb0000)]
  0x000000001b385000 JavaThread "jar transforms Thread 96" [_thread_blocked, id=4116, stack(0x0000000028cb0000,0x0000000028db0000)]
  0x000000001b384800 JavaThread "jar transforms Thread 95" [_thread_blocked, id=4000, stack(0x0000000028bb0000,0x0000000028cb0000)]
  0x000000001b383800 JavaThread "jar transforms Thread 94" [_thread_blocked, id=8760, stack(0x0000000028ab0000,0x0000000028bb0000)]
  0x000000001b383000 JavaThread "jar transforms Thread 93" [_thread_blocked, id=1256, stack(0x00000000289b0000,0x0000000028ab0000)]
  0x000000001b382000 JavaThread "jar transforms Thread 92" [_thread_blocked, id=3412, stack(0x00000000288b0000,0x00000000289b0000)]
  0x000000001b381800 JavaThread "jar transforms Thread 91" [_thread_blocked, id=9496, stack(0x00000000287b0000,0x00000000288b0000)]
  0x000000001b37a000 JavaThread "jar transforms Thread 90" [_thread_blocked, id=9528, stack(0x00000000286b0000,0x00000000287b0000)]
  0x000000001b380000 JavaThread "jar transforms Thread 89" [_thread_blocked, id=10020, stack(0x00000000285b0000,0x00000000286b0000)]
  0x000000001b37f000 JavaThread "jar transforms Thread 88" [_thread_blocked, id=9600, stack(0x00000000284b0000,0x00000000285b0000)]
  0x000000001b380800 JavaThread "jar transforms Thread 87" [_thread_blocked, id=10488, stack(0x00000000283b0000,0x00000000284b0000)]
  0x000000001b377800 JavaThread "jar transforms Thread 86" [_thread_blocked, id=9944, stack(0x00000000282b0000,0x00000000283b0000)]
  0x000000001b37e800 JavaThread "jar transforms Thread 85" [_thread_blocked, id=9796, stack(0x00000000281b0000,0x00000000282b0000)]
  0x000000001b37d800 JavaThread "jar transforms Thread 84" [_thread_blocked, id=3840, stack(0x00000000280b0000,0x00000000281b0000)]
  0x000000001b37a800 JavaThread "jar transforms Thread 83" [_thread_blocked, id=9304, stack(0x0000000027fb0000,0x00000000280b0000)]
  0x000000001b37d000 JavaThread "jar transforms Thread 82" [_thread_blocked, id=10748, stack(0x0000000027eb0000,0x0000000027fb0000)]
  0x000000001b379000 JavaThread "jar transforms Thread 81" [_thread_blocked, id=10532, stack(0x0000000027db0000,0x0000000027eb0000)]
  0x000000001b377000 JavaThread "jar transforms Thread 80" [_thread_blocked, id=9652, stack(0x0000000027cb0000,0x0000000027db0000)]
  0x000000001b37b800 JavaThread "jar transforms Thread 79" [_thread_blocked, id=5940, stack(0x0000000027bb0000,0x0000000027cb0000)]
  0x000000001b37c000 JavaThread "jar transforms Thread 78" [_thread_blocked, id=6924, stack(0x0000000027ab0000,0x0000000027bb0000)]
  0x000000001b378800 JavaThread "jar transforms Thread 77" [_thread_blocked, id=3212, stack(0x00000000279b0000,0x0000000027ab0000)]
  0x000000001aa8b000 JavaThread "jar transforms Thread 76" [_thread_blocked, id=3324, stack(0x00000000278b0000,0x00000000279b0000)]
  0x000000001aa89800 JavaThread "jar transforms Thread 75" [_thread_blocked, id=240, stack(0x00000000277b0000,0x00000000278b0000)]
  0x000000001aa89000 JavaThread "jar transforms Thread 74" [_thread_blocked, id=10636, stack(0x00000000276b0000,0x00000000277b0000)]
  0x000000001aa88000 JavaThread "jar transforms Thread 73" [_thread_blocked, id=10136, stack(0x00000000275b0000,0x00000000276b0000)]
  0x000000001aa8a800 JavaThread "jar transforms Thread 72" [_thread_blocked, id=4028, stack(0x00000000274b0000,0x00000000275b0000)]
  0x000000001aa8d800 JavaThread "jar transforms Thread 71" [_thread_blocked, id=10332, stack(0x00000000273b0000,0x00000000274b0000)]
  0x000000001aa8c800 JavaThread "jar transforms Thread 70" [_thread_blocked, id=9748, stack(0x00000000272b0000,0x00000000273b0000)]
  0x000000001aa8c000 JavaThread "jar transforms Thread 69" [_thread_blocked, id=1284, stack(0x00000000271b0000,0x00000000272b0000)]
  0x000000001aa80800 JavaThread "jar transforms Thread 68" [_thread_blocked, id=7912, stack(0x00000000270b0000,0x00000000271b0000)]
  0x000000001aa86800 JavaThread "jar transforms Thread 67" [_thread_blocked, id=10216, stack(0x0000000026fb0000,0x00000000270b0000)]
  0x000000001aa87800 JavaThread "jar transforms Thread 66" [_thread_blocked, id=10248, stack(0x0000000026eb0000,0x0000000026fb0000)]
  0x000000001aa7f000 JavaThread "jar transforms Thread 65" [_thread_blocked, id=5036, stack(0x0000000026db0000,0x0000000026eb0000)]
  0x000000001aa86000 JavaThread "jar transforms Thread 64" [_thread_blocked, id=10868, stack(0x0000000026cb0000,0x0000000026db0000)]
  0x000000001aa7f800 JavaThread "jar transforms Thread 63" [_thread_blocked, id=4600, stack(0x0000000026bb0000,0x0000000026cb0000)]
  0x000000001aa83000 JavaThread "jar transforms Thread 62" [_thread_blocked, id=3048, stack(0x0000000026ab0000,0x0000000026bb0000)]
  0x000000001aa84800 JavaThread "jar transforms Thread 61" [_thread_blocked, id=3392, stack(0x00000000269b0000,0x0000000026ab0000)]
  0x000000001aa7e000 JavaThread "jar transforms Thread 60" [_thread_blocked, id=8672, stack(0x00000000268b0000,0x00000000269b0000)]
  0x000000001aa82000 JavaThread "jar transforms Thread 59" [_thread_blocked, id=1268, stack(0x00000000267b0000,0x00000000268b0000)]
  0x000000001aa83800 JavaThread "jar transforms Thread 58" [_thread_blocked, id=8380, stack(0x00000000266b0000,0x00000000267b0000)]
  0x000000001aa85000 JavaThread "jar transforms Thread 57" [_thread_blocked, id=4776, stack(0x00000000265b0000,0x00000000266b0000)]
  0x000000001aa81800 JavaThread "jar transforms Thread 56" [_thread_blocked, id=9260, stack(0x00000000264b0000,0x00000000265b0000)]
  0x000000001c671000 JavaThread "jar transforms Thread 55" [_thread_blocked, id=4164, stack(0x00000000263b0000,0x00000000264b0000)]
  0x000000001c671800 JavaThread "jar transforms Thread 54" [_thread_blocked, id=9856, stack(0x00000000262b0000,0x00000000263b0000)]
  0x000000001c672800 JavaThread "jar transforms Thread 53" [_thread_blocked, id=9928, stack(0x00000000261b0000,0x00000000262b0000)]
  0x000000001c670000 JavaThread "jar transforms Thread 52" [_thread_blocked, id=3288, stack(0x00000000260b0000,0x00000000261b0000)]
  0x000000001c668800 JavaThread "jar transforms Thread 51" [_thread_blocked, id=5948, stack(0x0000000025fb0000,0x00000000260b0000)]
  0x000000001c66e800 JavaThread "jar transforms Thread 50" [_thread_blocked, id=8984, stack(0x0000000025eb0000,0x0000000025fb0000)]
  0x000000001c66d000 JavaThread "jar transforms Thread 49" [_thread_blocked, id=2560, stack(0x0000000025db0000,0x0000000025eb0000)]
  0x000000001c66f800 JavaThread "jar transforms Thread 48" [_thread_blocked, id=5972, stack(0x0000000025cb0000,0x0000000025db0000)]
  0x000000001c66e000 JavaThread "jar transforms Thread 47" [_thread_blocked, id=2368, stack(0x0000000025bb0000,0x0000000025cb0000)]
  0x000000001c665800 JavaThread "jar transforms Thread 46" [_thread_blocked, id=10580, stack(0x0000000025ab0000,0x0000000025bb0000)]
  0x000000001c667000 JavaThread "jar transforms Thread 45" [_thread_blocked, id=6768, stack(0x00000000259b0000,0x0000000025ab0000)]
  0x000000001c66c800 JavaThread "jar transforms Thread 44" [_thread_blocked, id=9900, stack(0x00000000258b0000,0x00000000259b0000)]
  0x000000001c668000 JavaThread "jar transforms Thread 43" [_thread_blocked, id=10508, stack(0x00000000257b0000,0x00000000258b0000)]
  0x000000001c66a000 JavaThread "jar transforms Thread 42" [_thread_blocked, id=208, stack(0x00000000256b0000,0x00000000257b0000)]
  0x000000001c664800 JavaThread "jar transforms Thread 41" [_thread_blocked, id=9332, stack(0x00000000255b0000,0x00000000256b0000)]
  0x000000001c66b800 JavaThread "jar transforms Thread 40" [_thread_blocked, id=7336, stack(0x00000000254b0000,0x00000000255b0000)]
  0x000000001c666800 JavaThread "jar transforms Thread 39" [_thread_blocked, id=11028, stack(0x00000000253b0000,0x00000000254b0000)]
  0x000000001c66b000 JavaThread "jar transforms Thread 38" [_thread_blocked, id=11048, stack(0x00000000252b0000,0x00000000253b0000)]
  0x000000001c663000 JavaThread "jar transforms Thread 37" [_thread_blocked, id=1952, stack(0x00000000251b0000,0x00000000252b0000)]
  0x000000001c669800 JavaThread "jar transforms Thread 36" [_thread_blocked, id=9300, stack(0x00000000250b0000,0x00000000251b0000)]
  0x000000001c664000 JavaThread "jar transforms Thread 35" [_thread_blocked, id=5104, stack(0x0000000024fb0000,0x00000000250b0000)]
  0x000000001a8a9800 JavaThread "jar transforms Thread 34" [_thread_blocked, id=11236, stack(0x0000000024eb0000,0x0000000024fb0000)]
  0x000000001a8a8800 JavaThread "jar transforms Thread 33" [_thread_blocked, id=3824, stack(0x0000000024db0000,0x0000000024eb0000)]
  0x000000001a8a8000 JavaThread "jar transforms Thread 32" [_thread_blocked, id=7880, stack(0x0000000024cb0000,0x0000000024db0000)]
  0x000000001a8a6800 JavaThread "jar transforms Thread 31" [_thread_blocked, id=9860, stack(0x0000000024bb0000,0x0000000024cb0000)]
  0x000000001a8a5800 JavaThread "jar transforms Thread 30" [_thread_blocked, id=5852, stack(0x0000000024ab0000,0x0000000024bb0000)]
  0x000000001a8a5000 JavaThread "jar transforms Thread 29" [_thread_blocked, id=836, stack(0x00000000249b0000,0x0000000024ab0000)]
  0x000000001a8aa000 JavaThread "jar transforms Thread 28" [_thread_blocked, id=3508, stack(0x00000000248b0000,0x00000000249b0000)]
  0x000000001a8a4000 JavaThread "jar transforms Thread 27" [_thread_blocked, id=9212, stack(0x00000000247b0000,0x00000000248b0000)]
  0x000000001a8ab000 JavaThread "jar transforms Thread 26" [_thread_blocked, id=244, stack(0x00000000246b0000,0x00000000247b0000)]
  0x000000001a8a7000 JavaThread "jar transforms Thread 25" [_thread_blocked, id=9692, stack(0x00000000245b0000,0x00000000246b0000)]
  0x000000001a89c800 JavaThread "jar transforms Thread 24" [_thread_blocked, id=3740, stack(0x00000000244b0000,0x00000000245b0000)]
  0x000000001a8a3800 JavaThread "jar transforms Thread 23" [_thread_blocked, id=9780, stack(0x00000000243b0000,0x00000000244b0000)]
  0x000000001a8a2800 JavaThread "jar transforms Thread 22" [_thread_blocked, id=10948, stack(0x00000000242b0000,0x00000000243b0000)]
  0x000000001a89f000 JavaThread "jar transforms Thread 21" [_thread_blocked, id=2120, stack(0x00000000241b0000,0x00000000242b0000)]
  0x000000001a89e000 JavaThread "jar transforms Thread 20" [_thread_blocked, id=10080, stack(0x00000000240b0000,0x00000000241b0000)]
  0x000000001a8a2000 JavaThread "jar transforms Thread 19" [_thread_blocked, id=5508, stack(0x0000000023eb0000,0x0000000023fb0000)]
  0x000000001a8a0800 JavaThread "jar transforms Thread 18" [_thread_blocked, id=10436, stack(0x0000000023db0000,0x0000000023eb0000)]
  0x000000001a89b800 JavaThread "jar transforms Thread 17" [_thread_blocked, id=11032, stack(0x0000000023cb0000,0x0000000023db0000)]
  0x000000001a89f800 JavaThread "jar transforms Thread 16" [_thread_blocked, id=1676, stack(0x0000000023bb0000,0x0000000023cb0000)]
  0x000000001a8a1000 JavaThread "jar transforms Thread 15" [_thread_blocked, id=3804, stack(0x0000000023ab0000,0x0000000023bb0000)]
  0x000000001a89d800 JavaThread "jar transforms Thread 14" [_thread_blocked, id=5040, stack(0x00000000239b0000,0x0000000023ab0000)]
  0x000000001b2b8800 JavaThread "jar transforms Thread 13" [_thread_blocked, id=1276, stack(0x00000000238b0000,0x00000000239b0000)]
  0x000000001b2b8000 JavaThread "jar transforms Thread 12" [_thread_blocked, id=10984, stack(0x00000000237b0000,0x00000000238b0000)]
  0x000000001b2b7000 JavaThread "jar transforms Thread 11" [_thread_blocked, id=6240, stack(0x00000000236b0000,0x00000000237b0000)]
  0x000000001b2b6800 JavaThread "jar transforms Thread 10" [_thread_blocked, id=2484, stack(0x00000000235b0000,0x00000000236b0000)]
  0x000000001b2b9800 JavaThread "jar transforms Thread 9" [_thread_blocked, id=10696, stack(0x00000000234b0000,0x00000000235b0000)]
  0x000000001b2b5800 JavaThread "jar transforms Thread 8" [_thread_blocked, id=3032, stack(0x00000000233b0000,0x00000000234b0000)]
  0x000000001b2b5000 JavaThread "jar transforms Thread 7" [_thread_blocked, id=9228, stack(0x00000000232b0000,0x00000000233b0000)]
  0x000000001b2b4000 JavaThread "jar transforms Thread 6" [_thread_blocked, id=10880, stack(0x00000000231b0000,0x00000000232b0000)]
  0x000000001b2b3800 JavaThread "jar transforms Thread 5" [_thread_blocked, id=6400, stack(0x00000000230b0000,0x00000000231b0000)]
  0x000000001b2ba000 JavaThread "jar transforms Thread 4" [_thread_blocked, id=6844, stack(0x0000000022fb0000,0x00000000230b0000)]
  0x000000001a471000 JavaThread "jar transforms Thread 3" [_thread_blocked, id=1548, stack(0x0000000022eb0000,0x0000000022fb0000)]
  0x000000001a470800 JavaThread "jar transforms Thread 2" [_thread_blocked, id=10680, stack(0x0000000022db0000,0x0000000022eb0000)]
  0x000000001a46f800 JavaThread "Build operations Thread 4" [_thread_in_Java, id=10352, stack(0x0000000022cb0000,0x0000000022db0000)]
  0x000000001a46d800 JavaThread "Build operations Thread 3" [_thread_in_Java, id=3468, stack(0x0000000022bb0000,0x0000000022cb0000)]
  0x000000001a46e000 JavaThread "Build operations Thread 2" [_thread_blocked, id=9400, stack(0x0000000022ab0000,0x0000000022bb0000)]
  0x000000001a46f000 JavaThread "Build operations" [_thread_in_Java, id=4740, stack(0x0000000022760000,0x0000000022860000)]
  0x000000001b6c2000 JavaThread "Cache worker for file content cache (C:\Users\volod\.gradle\caches\6.5\fileContent)" [_thread_blocked, id=10036, stack(0x0000000022160000,0x0000000022260000)]
  0x000000001b6c9000 JavaThread "jar transforms" [_thread_blocked, id=5984, stack(0x0000000020930000,0x0000000020a30000)]
  0x000000001b6c7000 JavaThread "Cache worker for execution history cache (C:\Users\volod\.gradle\caches\6.5\executionHistory)" [_thread_blocked, id=11096, stack(0x0000000020830000,0x0000000020930000)]
  0x000000001b6c8800 JavaThread "Cache worker for cache directory md-rule (C:\Users\volod\.gradle\caches\6.5\md-rule)" [_thread_blocked, id=10912, stack(0x0000000020730000,0x0000000020830000)]
  0x000000001b6c5800 JavaThread "Cache worker for cache directory md-supplier (C:\Users\volod\.gradle\caches\6.5\md-supplier)" [_thread_blocked, id=5152, stack(0x0000000020630000,0x0000000020730000)]
  0x000000001b6c4800 JavaThread "Cache worker for checksums cache (D:\Diploma\DiplomaApp\.gradle\checksums)" [_thread_blocked, id=6984, stack(0x0000000020530000,0x0000000020630000)]
  0x000000001b6c7800 JavaThread "Cache worker for file hash cache (D:\Diploma\DiplomaApp\.gradle\6.5\fileHashes)" [_thread_blocked, id=2132, stack(0x0000000020a90000,0x0000000020b90000)]
  0x000000001b6c3800 JavaThread "Cache worker for file hash cache (C:\Users\volod\.gradle\caches\6.5\fileHashes)" [_thread_blocked, id=11120, stack(0x000000001de90000,0x000000001df90000)]
  0x000000001b6c6000 JavaThread "File lock request listener" [_thread_in_native, id=1108, stack(0x000000001dd90000,0x000000001de90000)]
  0x000000001b6e0800 JavaThread "Cache worker for journal cache (C:\Users\volod\.gradle\caches\journal-1)" [_thread_blocked, id=7764, stack(0x000000001dc90000,0x000000001dd90000)]
  0x000000001a0f6800 JavaThread "Thread-9" [_thread_blocked, id=10688, stack(0x000000001d990000,0x000000001da90000)]
  0x000000001a0f6000 JavaThread "Stdin handler" [_thread_blocked, id=3656, stack(0x000000001d890000,0x000000001d990000)]
  0x000000001a0f1000 JavaThread "Asynchronous log dispatcher for DefaultDaemonConnection: socket connection from /127.0.0.1:56402 to /127.0.0.1:56403" [_thread_blocked, id=5860, stack(0x000000001d790000,0x000000001d890000)]
  0x000000001bd29000 JavaThread "Daemon worker" [_thread_blocked, id=1472, stack(0x000000001d690000,0x000000001d790000)]
  0x000000001bcfa000 JavaThread "Cancel handler" [_thread_blocked, id=5640, stack(0x000000001d590000,0x000000001d690000)]
  0x000000001bced000 JavaThread "Handler for socket connection from /127.0.0.1:56402 to /127.0.0.1:56403" [_thread_in_native, id=9396, stack(0x000000001d490000,0x000000001d590000)]
  0x000000001bce8800 JavaThread "Daemon" [_thread_blocked, id=4064, stack(0x000000001d390000,0x000000001d490000)]
  0x000000001bc8e000 JavaThread "Daemon periodic checks" [_thread_blocked, id=7596, stack(0x000000001d090000,0x000000001d190000)]
  0x000000001bc81800 JavaThread "Incoming local TCP Connector on port 56402" [_thread_in_native, id=2300, stack(0x000000001ce40000,0x000000001cf40000)]
  0x000000001bbaa800 JavaThread "Daemon health stats" [_thread_blocked, id=3588, stack(0x000000001c800000,0x000000001c900000)]
  0x0000000017eed800 JavaThread "Service Thread" daemon [_thread_blocked, id=2388, stack(0x0000000019bf0000,0x0000000019cf0000)]
  0x0000000017ee8800 JavaThread "C1 CompilerThread2" daemon [_thread_blocked, id=3132, stack(0x0000000019af0000,0x0000000019bf0000)]
  0x0000000017ee5000 JavaThread "C2 CompilerThread1" daemon [_thread_in_native, id=2692, stack(0x00000000195f0000,0x00000000196f0000)]
=>0x0000000017e96800 JavaThread "C2 CompilerThread0" daemon [_thread_in_native, id=4820, stack(0x00000000194f0000,0x00000000195f0000)]
  0x0000000017e95800 JavaThread "Attach Listener" daemon [_thread_blocked, id=9316, stack(0x00000000193f0000,0x00000000194f0000)]
  0x0000000017e94000 JavaThread "Signal Dispatcher" daemon [_thread_blocked, id=8932, stack(0x00000000192f0000,0x00000000193f0000)]
  0x000000000326c800 JavaThread "Finalizer" daemon [_thread_blocked, id=10368, stack(0x00000000190e0000,0x00000000191e0000)]
  0x0000000017e79800 JavaThread "Reference Handler" daemon [_thread_blocked, id=4196, stack(0x0000000018fe0000,0x00000000190e0000)]
  0x0000000002f5e000 JavaThread "main" [_thread_blocked, id=10724, stack(0x0000000003070000,0x0000000003170000)]

Other Threads:
  0x0000000017e56000 VMThread [stack: 0x0000000018ee0000,0x0000000018fe0000] [id=6828]
  0x0000000017eee800 WatcherThread [stack: 0x0000000019cf0000,0x0000000019df0000] [id=1344]

VM state:not at safepoint (normal execution)

VM Mutex/Monitor currently owned by a thread: None

heap address: 0x0000000080000000, size: 2048 MB, Compressed Oops mode: 32-bit
Narrow klass base: 0x0000000000000000, Narrow klass shift: 3
Compressed class space size: 1073741824 Address: 0x0000000100000000

Heap:
 PSYoungGen      total 355328K, used 187706K [0x00000000d5580000, 0x00000000ee900000, 0x0000000100000000)
  eden space 330240K, 53% used [0x00000000d5580000,0x00000000e01e03b0,0x00000000e9800000)
  from space 25088K, 44% used [0x00000000ebd00000,0x00000000ec7ee4b0,0x00000000ed580000)
  to   space 37888K, 0% used [0x00000000e9800000,0x00000000e9800000,0x00000000ebd00000)
 ParOldGen       total 240640K, used 90528K [0x0000000080000000, 0x000000008eb00000, 0x00000000d5580000)
  object space 240640K, 37% used [0x0000000080000000,0x0000000085868170,0x000000008eb00000)
 Metaspace       used 81824K, capacity 85936K, committed 86296K, reserved 1124352K
  class space    used 11092K, capacity 11861K, committed 12080K, reserved 1048576K

Card table byte_map: [0x0000000012630000,0x0000000012a40000] byte_map_base: 0x0000000012230000

Marking Bits: (ParMarkBitMap*) 0x000000005854f030
 Begin Bits: [0x00000000130f0000, 0x00000000150f0000)
 End Bits:   [0x00000000150f0000, 0x00000000170f0000)

Polling page: 0x0000000002ef0000

CodeCache: size=245760Kb used=39099Kb max_used=39099Kb free=206660Kb
 bounds [0x0000000003270000, 0x00000000058d0000, 0x0000000012270000]
 total_blobs=12307 nmethods=11481 adapters=736
 compilation: enabled

Compilation events (10 events):
Event: 24.511 Thread 0x0000000017ee8800 13315       3       com.android.tools.r8.ir.conversion.O::a (378 bytes)
Event: 24.515 Thread 0x0000000017ee8800 nmethod 13315 0x00000000058b03d0 code [0x00000000058b0980, 0x00000000058b3c88]
Event: 24.520 Thread 0x0000000017ee8800 13316       2       com.android.tools.r8.s.b.a::d (10 bytes)
Event: 24.520 Thread 0x0000000017ee8800 nmethod 13316 0x00000000058b5c10 code [0x00000000058b5d80, 0x00000000058b5f48]
Event: 24.529 Thread 0x0000000017ee8800 13317       2       com.android.tools.r8.s.a.p.a::a (2 bytes)
Event: 24.529 Thread 0x0000000017ee8800 nmethod 13317 0x00000000058b6010 code [0x00000000058b6160, 0x00000000058b62b0]
Event: 24.635 Thread 0x0000000017ee8800 13318       2       com.android.tools.r8.ir.regalloc.a::a (189 bytes)
Event: 24.637 Thread 0x0000000017ee8800 nmethod 13318 0x00000000058b6350 code [0x00000000058b66e0, 0x00000000058b7468]
Event: 24.705 Thread 0x0000000017ee8800 13320       2       com.android.tools.r8.ir.regalloc.b::y (115 bytes)
Event: 24.705 Thread 0x0000000017ee8800 nmethod 13320 0x00000000058b8090 code [0x00000000058b8220, 0x00000000058b8568]

GC Heap History (10 events):
Event: 18.172 GC heap before
{Heap before GC invocations=18 (full 3):
 PSYoungGen      total 355328K, used 355309K [0x00000000d5580000, 0x00000000ee900000, 0x0000000100000000)
  eden space 330240K, 100% used [0x00000000d5580000,0x00000000e9800000,0x00000000e9800000)
  from space 25088K, 99% used [0x00000000ebd00000,0x00000000ed57b570,0x00000000ed580000)
  to   space 37888K, 0% used [0x00000000e9800000,0x00000000e9800000,0x00000000ebd00000)
 ParOldGen       total 100864K, used 56872K [0x0000000080000000, 0x0000000086280000, 0x00000000d5580000)
  object space 100864K, 56% used [0x0000000080000000,0x000000008378a018,0x0000000086280000)
 Metaspace       used 80747K, capacity 84882K, committed 85144K, reserved 1122304K
  class space    used 11046K, capacity 11828K, committed 11952K, reserved 1048576K
Event: 18.270 GC heap after
Heap after GC invocations=18 (full 3):
 PSYoungGen      total 368128K, used 33074K [0x00000000d5580000, 0x00000000ee900000, 0x0000000100000000)
  eden space 330240K, 0% used [0x00000000d5580000,0x00000000d5580000,0x00000000e9800000)
  from space 37888K, 87% used [0x00000000e9800000,0x00000000eb84c8f8,0x00000000ebd00000)
  to   space 25088K, 0% used [0x00000000ebd00000,0x00000000ebd00000,0x00000000ed580000)
 ParOldGen       total 100864K, used 80921K [0x0000000080000000, 0x0000000086280000, 0x00000000d5580000)
  object space 100864K, 80% used [0x0000000080000000,0x0000000084f06680,0x0000000086280000)
 Metaspace       used 80747K, capacity 84882K, committed 85144K, reserved 1122304K
  class space    used 11046K, capacity 11828K, committed 11952K, reserved 1048576K
}
Event: 18.270 GC heap before
{Heap before GC invocations=19 (full 4):
 PSYoungGen      total 368128K, used 33074K [0x00000000d5580000, 0x00000000ee900000, 0x0000000100000000)
  eden space 330240K, 0% used [0x00000000d5580000,0x00000000d5580000,0x00000000e9800000)
  from space 37888K, 87% used [0x00000000e9800000,0x00000000eb84c8f8,0x00000000ebd00000)
  to   space 25088K, 0% used [0x00000000ebd00000,0x00000000ebd00000,0x00000000ed580000)
 ParOldGen       total 100864K, used 80921K [0x0000000080000000, 0x0000000086280000, 0x00000000d5580000)
  object space 100864K, 80% used [0x0000000080000000,0x0000000084f06680,0x0000000086280000)
 Metaspace       used 80747K, capacity 84882K, committed 85144K, reserved 1122304K
  class space    used 11046K, capacity 11828K, committed 11952K, reserved 1048576K
Event: 18.948 GC heap after
Heap after GC invocations=19 (full 4):
 PSYoungGen      total 368128K, used 1678K [0x00000000d5580000, 0x00000000ee900000, 0x0000000100000000)
  eden space 330240K, 0% used [0x00000000d5580000,0x00000000d5580000,0x00000000e9800000)
  from space 37888K, 4% used [0x00000000e9800000,0x00000000e99a39f0,0x00000000ebd00000)
  to   space 25088K, 0% used [0x00000000ebd00000,0x00000000ebd00000,0x00000000ed580000)
 ParOldGen       total 100864K, used 100720K [0x0000000080000000, 0x0000000086280000, 0x00000000d5580000)
  object space 100864K, 99% used [0x0000000080000000,0x000000008625c0c8,0x0000000086280000)
 Metaspace       used 80424K, capacity 84080K, committed 85144K, reserved 1122304K
  class space    used 10931K, capacity 11623K, committed 11952K, reserved 1048576K
}
Event: 20.731 GC heap before
{Heap before GC invocations=20 (full 5):
 PSYoungGen      total 368128K, used 331918K [0x00000000d5580000, 0x00000000ee900000, 0x0000000100000000)
  eden space 330240K, 100% used [0x00000000d5580000,0x00000000e9800000,0x00000000e9800000)
  from space 37888K, 4% used [0x00000000e9800000,0x00000000e99a39f0,0x00000000ebd00000)
  to   space 25088K, 0% used [0x00000000ebd00000,0x00000000ebd00000,0x00000000ed580000)
 ParOldGen       total 100864K, used 100720K [0x0000000080000000, 0x0000000086280000, 0x00000000d5580000)
  object space 100864K, 99% used [0x0000000080000000,0x000000008625c0c8,0x0000000086280000)
 Metaspace       used 81535K, capacity 85668K, committed 86040K, reserved 1124352K
  class space    used 11088K, capacity 11859K, committed 12080K, reserved 1048576K
Event: 21.181 GC heap after
Heap after GC invocations=20 (full 5):
 PSYoungGen      total 368128K, used 0K [0x00000000d5580000, 0x00000000ee900000, 0x0000000100000000)
  eden space 330240K, 0% used [0x00000000d5580000,0x00000000d5580000,0x00000000e9800000)
  from space 37888K, 0% used [0x00000000e9800000,0x00000000e9800000,0x00000000ebd00000)
  to   space 25088K, 0% used [0x00000000ebd00000,0x00000000ebd00000,0x00000000ed580000)
 ParOldGen       total 100864K, used 96268K [0x0000000080000000, 0x0000000086280000, 0x00000000d5580000)
  object space 100864K, 95% used [0x0000000080000000,0x0000000085e03390,0x0000000086280000)
 Metaspace       used 81535K, capacity 85668K, committed 86040K, reserved 1124352K
  class space    used 11088K, capacity 11859K, committed 12080K, reserved 1048576K
}
Event: 22.593 GC heap before
{Heap before GC invocations=21 (full 6):
 PSYoungGen      total 368128K, used 330240K [0x00000000d5580000, 0x00000000ee900000, 0x0000000100000000)
  eden space 330240K, 100% used [0x00000000d5580000,0x00000000e9800000,0x00000000e9800000)
  from space 37888K, 0% used [0x00000000e9800000,0x00000000e9800000,0x00000000ebd00000)
  to   space 25088K, 0% used [0x00000000ebd00000,0x00000000ebd00000,0x00000000ed580000)
 ParOldGen       total 100864K, used 96268K [0x0000000080000000, 0x0000000086280000, 0x00000000d5580000)
  object space 100864K, 95% used [0x0000000080000000,0x0000000085e03390,0x0000000086280000)
 Metaspace       used 81763K, capacity 85872K, committed 86296K, reserved 1124352K
  class space    used 11092K, capacity 11861K, committed 12080K, reserved 1048576K
Event: 22.942 GC heap after
Heap after GC invocations=21 (full 6):
 PSYoungGen      total 368128K, used 0K [0x00000000d5580000, 0x00000000ee900000, 0x0000000100000000)
  eden space 330240K, 0% used [0x00000000d5580000,0x00000000d5580000,0x00000000e9800000)
  from space 37888K, 0% used [0x00000000e9800000,0x00000000e9800000,0x00000000ebd00000)
  to   space 25088K, 0% used [0x00000000ebd00000,0x00000000ebd00000,0x00000000ed580000)
 ParOldGen       total 240640K, used 90528K [0x0000000080000000, 0x000000008eb00000, 0x00000000d5580000)
  object space 240640K, 37% used [0x0000000080000000,0x0000000085868170,0x000000008eb00000)
 Metaspace       used 81763K, capacity 85872K, committed 86296K, reserved 1124352K
  class space    used 11092K, capacity 11861K, committed 12080K, reserved 1048576K
}
Event: 24.111 GC heap before
{Heap before GC invocations=22 (full 6):
 PSYoungGen      total 368128K, used 330240K [0x00000000d5580000, 0x00000000ee900000, 0x0000000100000000)
  eden space 330240K, 100% used [0x00000000d5580000,0x00000000e9800000,0x00000000e9800000)
  from space 37888K, 0% used [0x00000000e9800000,0x00000000e9800000,0x00000000ebd00000)
  to   space 25088K, 0% used [0x00000000ebd00000,0x00000000ebd00000,0x00000000ed580000)
 ParOldGen       total 240640K, used 90528K [0x0000000080000000, 0x000000008eb00000, 0x00000000d5580000)
  object space 240640K, 37% used [0x0000000080000000,0x0000000085868170,0x000000008eb00000)
 Metaspace       used 81818K, capacity 85872K, committed 86296K, reserved 1124352K
  class space    used 11092K, capacity 11861K, committed 12080K, reserved 1048576K
Event: 24.154 GC heap after
Heap after GC invocations=22 (full 6):
 PSYoungGen      total 355328K, used 11193K [0x00000000d5580000, 0x00000000ee900000, 0x0000000100000000)
  eden space 330240K, 0% used [0x00000000d5580000,0x00000000d5580000,0x00000000e9800000)
  from space 25088K, 44% used [0x00000000ebd00000,0x00000000ec7ee4b0,0x00000000ed580000)
  to   space 37888K, 0% used [0x00000000e9800000,0x00000000e9800000,0x00000000ebd00000)
 ParOldGen       total 240640K, used 90528K [0x0000000080000000, 0x000000008eb00000, 0x00000000d5580000)
  object space 240640K, 37% used [0x0000000080000000,0x0000000085868170,0x000000008eb00000)
 Metaspace       used 81818K, capacity 85872K, committed 86296K, reserved 1124352K
  class space    used 11092K, capacity 11861K, committed 12080K, reserved 1048576K
}

Deoptimization events (10 events):
Event: 21.873 Thread 0x000000001a46e000 Uncommon trap: reason=unstable_if action=reinterpret pc=0x0000000004cc3310 method=com.android.tools.r8.graph.I0$a.a(Ljava/lang/String;Ljava/lang/Object;)V @ 214
Event: 21.873 Thread 0x000000001a46e000 Uncommon trap: reason=unstable_if action=reinterpret pc=0x0000000004bfa9f0 method=com.android.tools.r8.z.a.a.B.a()Ljava/lang/String; @ 8
Event: 21.961 Thread 0x000000001a46e000 Uncommon trap: reason=bimorphic action=maybe_recompile pc=0x000000000521fef8 method=com.android.tools.r8.q.a.a.b.S.iterator()Ljava/util/Iterator; @ 1
Event: 22.417 Thread 0x000000001a46d800 Uncommon trap: reason=class_check action=maybe_recompile pc=0x0000000004f843a8 method=com.android.tools.r8.s.a.h.e.b(Lcom/android/tools/r8/s/b/k0;)V @ 244
Event: 22.950 Thread 0x000000001b6c7000 Uncommon trap: reason=unstable_if action=reinterpret pc=0x0000000003385a10 method=com.esotericsoftware.kryo.io.Output.writeString(Ljava/lang/CharSequence;)V @ 50
Event: 23.156 Thread 0x000000001a46f800 Uncommon trap: reason=bimorphic action=maybe_recompile pc=0x000000000521fef8 method=com.android.tools.r8.q.a.a.b.S.iterator()Ljava/util/Iterator; @ 1
Event: 23.390 Thread 0x000000001a46d800 Uncommon trap: reason=class_check action=maybe_recompile pc=0x00000000057e3c68 method=com.android.tools.r8.ir.optimize.r.a(Lcom/android/tools/r8/s/b/X;Lcom/android/tools/r8/utils/n1;)V @ 302
Event: 23.500 Thread 0x000000001a46d800 Uncommon trap: reason=class_check action=maybe_recompile pc=0x0000000004f843a8 method=com.android.tools.r8.s.a.h.e.b(Lcom/android/tools/r8/s/b/k0;)V @ 244
Event: 23.611 Thread 0x000000001a46f000 Uncommon trap: reason=bimorphic action=maybe_recompile pc=0x000000000411d5a0 method=java.util.stream.AbstractPipeline.copyIntoWithCancel(Ljava/util/stream/Sink;Ljava/util/Spliterator;)V @ 24
Event: 24.517 Thread 0x000000001a46f000 Uncommon trap: reason=unstable_if action=reinterpret pc=0x000000000568cea4 method=com.android.tools.r8.ir.regalloc.a.a(Lcom/android/tools/r8/ir/regalloc/a$a;Z)Lcom/android/tools/r8/ir/regalloc/a$a; @ 3597

Classes redefined (0 events):
No events

Internal exceptions (10 events):
Event: 15.672 Thread 0x000000001a46d800 Exception <a 'java/lang/NoSuchMethodError': java.lang.Object.b(Lcom/android/tools/r8/graph/p1$b;)Lcom/android/tools/r8/graph/p1$b;> (0x00000000da982ba0) thrown at [C:\src\AOSP-openjdk-git\hotspot\src\share\vm\interpreter\linkResolver.cpp, line 620]
Event: 15.716 Thread 0x000000001a46f800 Exception <a 'java/lang/NoSuchMethodError': java.lang.Object.lambda$comparingInt$7b0bb60$1(Ljava/util/function/ToIntFunction;Ljava/lang/Object;Ljava/lang/Object;)I> (0x00000000daeaef08) thrown at [C:\src\AOSP-openjdk-git\hotspot\src\share\vm\interpreter\l
Event: 15.716 Thread 0x000000001a46f800 Exception <a 'java/lang/NoSuchMethodError': java.lang.Object.lambda$maxBy$1(Ljava/util/Comparator;Ljava/lang/Object;Ljava/lang/Object;)Ljava/lang/Object;> (0x00000000daeb3858) thrown at [C:\src\AOSP-openjdk-git\hotspot\src\share\vm\interpreter\linkResolve
Event: 19.538 Thread 0x000000001a46e000 Exception <a 'sun/nio/fs/WindowsException'> (0x00000000da827080) thrown at [C:\src\AOSP-openjdk-git\hotspot\src\share\vm\prims\jni.cpp, line 710]
Event: 20.657 Thread 0x000000001a46e000 Exception <a 'sun/nio/fs/WindowsException'> (0x00000000e841ffe0) thrown at [C:\src\AOSP-openjdk-git\hotspot\src\share\vm\prims\jni.cpp, line 710]
Event: 21.256 Thread 0x000000001a46e000 Exception <a 'sun/nio/fs/WindowsException'> (0x00000000d690f068) thrown at [C:\src\AOSP-openjdk-git\hotspot\src\share\vm\prims\jni.cpp, line 710]
Event: 21.871 Thread 0x000000001a46e000 Exception <a 'sun/nio/fs/WindowsException'> (0x00000000e0098a38) thrown at [C:\src\AOSP-openjdk-git\hotspot\src\share\vm\prims\jni.cpp, line 710]
Event: 22.202 Thread 0x000000001a46e000 Exception <a 'sun/nio/fs/WindowsException'> (0x00000000e42a1418) thrown at [C:\src\AOSP-openjdk-git\hotspot\src\share\vm\prims\jni.cpp, line 710]
Event: 22.250 Thread 0x000000001a46f800 Exception <a 'sun/nio/fs/WindowsException'> (0x00000000e4422048) thrown at [C:\src\AOSP-openjdk-git\hotspot\src\share\vm\prims\jni.cpp, line 710]
Event: 22.984 Thread 0x000000001a46f800 Exception <a 'sun/nio/fs/WindowsException'> (0x00000000d64cb278) thrown at [C:\src\AOSP-openjdk-git\hotspot\src\share\vm\prims\jni.cpp, line 710]

Events (10 events):
Event: 24.614 Thread 0x000000001a46d800 DEOPT PACKING pc=0x000000000512d79b sp=0x0000000022ca9bc0
Event: 24.614 Thread 0x000000001a46d800 DEOPT UNPACKING pc=0x00000000032b75d0 sp=0x0000000022ca9c08 mode 0
Event: 24.633 Thread 0x000000001a46f800 DEOPT PACKING pc=0x0000000004e6a7e7 sp=0x0000000022daa0e0
Event: 24.633 Thread 0x000000001a46f800 DEOPT UNPACKING pc=0x00000000032b75d0 sp=0x0000000022da9e00 mode 0
Event: 24.649 Thread 0x000000001a46f000 DEOPT PACKING pc=0x000000000512d79b sp=0x00000000228598f0
Event: 24.649 Thread 0x000000001a46f000 DEOPT UNPACKING pc=0x00000000032b75d0 sp=0x0000000022859938 mode 0
Event: 24.686 Thread 0x000000001a46f800 DEOPT PACKING pc=0x00000000052938e3 sp=0x0000000022daa180
Event: 24.686 Thread 0x000000001a46f800 DEOPT UNPACKING pc=0x00000000032b75d0 sp=0x0000000022daa2d0 mode 0
Event: 24.711 Thread 0x000000001a46f800 DEOPT PACKING pc=0x000000000512d79b sp=0x0000000022da9d00
Event: 24.711 Thread 0x000000001a46f800 DEOPT UNPACKING pc=0x00000000032b75d0 sp=0x0000000022da9d48 mode 0


Dynamic libraries:
0x00007ff7cbb30000 - 0x00007ff7cbb61000 	C:\Program Files\Android\Android Studio\jre\bin\java.exe
0x00007ffe4b430000 - 0x00007ffe4b626000 	C:\Windows\SYSTEM32\ntdll.dll
0x00007ffe49570000 - 0x00007ffe4962d000 	C:\Windows\System32\KERNEL32.DLL
0x00007ffe48c90000 - 0x00007ffe48f58000 	C:\Windows\System32\KERNELBASE.dll
0x00007ffe4b0b0000 - 0x00007ffe4b15a000 	C:\Windows\System32\ADVAPI32.dll
0x00007ffe4b160000 - 0x00007ffe4b1fe000 	C:\Windows\System32\msvcrt.dll
0x00007ffe49ab0000 - 0x00007ffe49b4b000 	C:\Windows\System32\sechost.dll
0x00007ffe4b200000 - 0x00007ffe4b324000 	C:\Windows\System32\RPCRT4.dll
0x00007ffe49800000 - 0x00007ffe499a0000 	C:\Windows\System32\USER32.dll
0x00007ffe490f0000 - 0x00007ffe49112000 	C:\Windows\System32\win32u.dll
0x00007ffe4b3c0000 - 0x00007ffe4b3ea000 	C:\Windows\System32\GDI32.dll
0x00007ffe48f60000 - 0x00007ffe49069000 	C:\Windows\System32\gdi32full.dll
0x00007ffe49120000 - 0x00007ffe491bd000 	C:\Windows\System32\msvcp_win.dll
0x00007ffe491c0000 - 0x00007ffe492c0000 	C:\Windows\System32\ucrtbase.dll
0x00007ffe38ad0000 - 0x00007ffe38d6b000 	C:\Windows\WinSxS\amd64_microsoft.windows.common-controls_6595b64144ccf1df_6.0.19041.488_none_ca04af081b815d21\COMCTL32.dll
0x00007ffe496b0000 - 0x00007ffe496e0000 	C:\Windows\System32\IMM32.DLL
0x00007ffe48760000 - 0x00007ffe48857000 	C:\Windows\system32\guard64.dll
0x00007ffe48750000 - 0x00007ffe4875a000 	C:\Windows\system32\version.dll
0x00007ffe4af80000 - 0x00007ffe4b0aa000 	C:\Windows\System32\ole32.dll
0x00007ffe49cb0000 - 0x00007ffe4a005000 	C:\Windows\System32\combase.dll
0x00007ffe48740000 - 0x00007ffe4874b000 	C:\Windows\system32\fltlib.dll
0x00007ffe4a2b0000 - 0x00007ffe4a9f0000 	C:\Windows\System32\shell32.dll
0x00007ffe49740000 - 0x00007ffe497ee000 	C:\Windows\System32\shcore.dll
0x0000000057bc0000 - 0x0000000057c92000 	C:\Program Files\Android\Android Studio\jre\jre\bin\msvcr100.dll
0x0000000057d80000 - 0x00000000585cb000 	C:\Program Files\Android\Android Studio\jre\jre\bin\server\jvm.dll
0x00007ffe49bc0000 - 0x00007ffe49bc8000 	C:\Windows\System32\PSAPI.DLL
0x00007ffe445a0000 - 0x00007ffe445a9000 	C:\Windows\SYSTEM32\WSOCK32.dll
0x00007ffe4b330000 - 0x00007ffe4b39b000 	C:\Windows\System32\WS2_32.dll
0x00007ffe3cb60000 - 0x00007ffe3cb87000 	C:\Windows\SYSTEM32\WINMM.dll
0x00007ffe444d0000 - 0x00007ffe444df000 	C:\Program Files\Android\Android Studio\jre\jre\bin\verify.dll
0x00007ffe37dc0000 - 0x00007ffe37de9000 	C:\Program Files\Android\Android Studio\jre\jre\bin\java.dll
0x00007ffe37c30000 - 0x00007ffe37c46000 	C:\Program Files\Android\Android Studio\jre\jre\bin\zip.dll
0x00007ffe46bb0000 - 0x00007ffe47344000 	C:\Windows\SYSTEM32\windows.storage.dll
0x00007ffe48400000 - 0x00007ffe4842c000 	C:\Windows\SYSTEM32\Wldp.dll
0x00007ffe49b50000 - 0x00007ffe49ba5000 	C:\Windows\System32\shlwapi.dll
0x00007ffe48ab0000 - 0x00007ffe48ad6000 	C:\Windows\SYSTEM32\profapi.dll
0x00007ffe37c10000 - 0x00007ffe37c2a000 	C:\Program Files\Android\Android Studio\jre\jre\bin\net.dll
0x00007ffe48180000 - 0x00007ffe481ea000 	C:\Windows\system32\mswsock.dll
0x00007ffe37920000 - 0x00007ffe37933000 	C:\Program Files\Android\Android Studio\jre\jre\bin\nio.dll
0x00007ffe299d0000 - 0x00007ffe299f7000 	C:\Users\volod\.gradle\native\f6784746aeab05261644944871eae4fe03e0ef1612fff0a4a95f87b438bc6780\windows-amd64\native-platform.dll
0x00007ffe42f30000 - 0x00007ffe42f3d000 	C:\Program Files\Android\Android Studio\jre\jre\bin\management.dll
0x00007ffe48350000 - 0x00007ffe48368000 	C:\Windows\SYSTEM32\CRYPTSP.dll
0x00007ffe47b10000 - 0x00007ffe47b44000 	C:\Windows\system32\rsaenh.dll
0x00007ffe49420000 - 0x00007ffe49447000 	C:\Windows\System32\bcrypt.dll
0x00007ffe48a70000 - 0x00007ffe48a9e000 	C:\Windows\SYSTEM32\USERENV.dll
0x00007ffe49070000 - 0x00007ffe490ef000 	C:\Windows\System32\bcryptprimitives.dll
0x00007ffe48370000 - 0x00007ffe4837c000 	C:\Windows\SYSTEM32\CRYPTBASE.dll
0x00007ffe47e70000 - 0x00007ffe47eab000 	C:\Windows\SYSTEM32\IPHLPAPI.DLL
0x00007ffe497f0000 - 0x00007ffe497f9000 	C:\Windows\System32\NSI.dll
0x00007ffe3eb30000 - 0x00007ffe3eb47000 	C:\Windows\SYSTEM32\dhcpcsvc6.DLL
0x00007ffe3eab0000 - 0x00007ffe3eacd000 	C:\Windows\SYSTEM32\dhcpcsvc.DLL
0x00007ffe47ec0000 - 0x00007ffe47f8b000 	C:\Windows\SYSTEM32\DNSAPI.dll
0x00007ffe3ef50000 - 0x00007ffe3ef5b000 	C:\Windows\SYSTEM32\WINNSI.DLL

VM Arguments:
jvm_args: -Xmx2048m -Dfile.encoding=UTF-8 -Duser.country=RU -Duser.language=ru -Duser.variant 
java_command: org.gradle.launcher.daemon.bootstrap.GradleDaemon 6.5
java_class_path (initial): C:\Users\volod\.gradle\wrapper\dists\gradle-6.5-bin\6nifqtx7604sqp1q6g8wikw7p\gradle-6.5\lib\gradle-launcher-6.5.jar
Launcher Type: SUN_STANDARD

Environment Variables:
JAVA_HOME=C:\Program Files\Java\jdk1.8.0_271
PATH=C:\Windows\system32;C:\Windows;C:\Windows\System32\Wbem;C:\Windows\System32\WindowsPowerShell\v1.0\;C:\Windows\System32\OpenSSH\;C:\Program Files\Java\jdk1.8.0_271\bin;C:\Program Files (x86)\Common Files\Oracle\Java\javapath;C:\Program Files\Common Files\Oracle\Java\javapath;C:\Program Files\Git\cmd;C:\Program Files\MongoDB\Server\4.4\bin;C:\Program Files\PuTTY\;C:\Users\volod\AppData\Local\Microsoft\WindowsApps;C:\kubernetes;
USERNAME=volod
OS=Windows_NT
PROCESSOR_IDENTIFIER=Intel64 Family 6 Model 142 Stepping 9, GenuineIntel



---------------  S Y S T E M  ---------------

OS: Windows 10.0 , 64 bit Build 19041 (10.0.19041.546)

CPU:total 4 (initial active 4) (2 cores per cpu, 2 threads per core) family 6 model 142 stepping 9, cmov, cx8, fxsr, mmx, sse, sse2, sse3, ssse3, sse4.1, sse4.2, popcnt, avx, avx2, aes, clmul, erms, 3dnowpref, lzcnt, ht, tsc, tscinvbit, bmi1, bmi2, adx

Memory: 4k page, physical 8266284k(1211380k free), swap 10363436k(5816k free)

vm_info: OpenJDK 64-Bit Server VM (25.242-b01) for windows-amd64 JRE (1.8.0_242-release-1644-b01), built by "builder" with MS VC++ 10.0 (VS2010)

time: Tue Apr 13 20:57:54 2021
timezone: Финляндия (лето)
elapsed time: 24 seconds (0d 0h 0m 24s)

