#
# There is insufficient memory for the Java Runtime Environment to continue.
# Native memory allocation (malloc) failed to allocate 1096176 bytes for Chunk::new
# Possible reasons:
#   The system is out of physical RAM or swap space
#   The process is running with CompressedOops enabled, and the Java Heap may be blocking the growth of the native heap
# Possible solutions:
#   Reduce memory load on the system
#   Increase physical memory or swap space
#   Check if swap backing store is full
#   Decrease Java heap size (-Xmx/-Xms)
#   Decrease number of Java threads
#   Decrease Java thread stack sizes (-Xss)
#   Set larger code cache with -XX:ReservedCodeCacheSize=
#   JVM is running with Unscaled Compressed Oops mode in which the Java heap is
#     placed in the first 4GB address space. The Java Heap base address is the
#     maximum limit for the native heap growth. Please use -XX:HeapBaseMinAddress
#     to set the Java Heap base and to place the Java Heap above 4GB virtual address.
# This output file may be truncated or incomplete.
#
#  Out of Memory Error (allocation.cpp:389), pid=2132, tid=0x0000000000002590
#
# JRE version: OpenJDK Runtime Environment (8.0_242-b01) (build 1.8.0_242-release-1644-b01)
# Java VM: OpenJDK 64-Bit Server VM (25.242-b01 mixed mode windows-amd64 compressed oops)
# Failed to write core dump. Minidumps are not enabled by default on client versions of Windows
#

---------------  T H R E A D  ---------------

Current thread (0x00000000179b6800):  JavaThread "C2 CompilerThread1" daemon [_thread_in_native, id=9616, stack(0x00000000190c0000,0x00000000191c0000)]

Stack: [0x00000000190c0000,0x00000000191c0000]
[error occurred during error reporting (printing stack bounds), id 0xc0000005]

Native frames: (J=compiled Java code, j=interpreted, Vv=VM code, C=native code)


Current CompileTask:
C2:  22306 12980       4       com.android.tools.r8.ir.conversion.o::a (1153 bytes)


---------------  P R O C E S S  ---------------

Java Threads: ( => current thread )
  0x000000001a8e7800 JavaThread "WorkerExecutor Queue" [_thread_in_vm, id=1840, stack(0x000000002d910000,0x000000002da10000)]
  0x000000001a8ec800 JavaThread "Cache worker for execution history cache (D:\Diploma\DiplomaApp\.gradle\6.5\executionHistory)" [_thread_blocked, id=10100, stack(0x000000002d010000,0x000000002d110000)]
  0x000000001a8e9000 JavaThread "Execution worker for ':' Thread 3" [_thread_blocked, id=1684, stack(0x000000002cf10000,0x000000002d010000)]
  0x000000001a8eb000 JavaThread "Execution worker for ':' Thread 2" [_thread_blocked, id=9764, stack(0x000000002ce10000,0x000000002cf10000)]
  0x000000001a8e9800 JavaThread "Execution worker for ':'" [_thread_blocked, id=768, stack(0x000000002cd10000,0x000000002ce10000)]
  0x000000001a8ec000 JavaThread "Cache worker for file content cache (D:\Diploma\DiplomaApp\.gradle\6.5\fileContent)" [_thread_blocked, id=10564, stack(0x000000002ab70000,0x000000002ac70000)]
  0x000000001a8e8000 JavaThread "Memory manager" [_thread_blocked, id=9632, stack(0x000000002a7d0000,0x000000002a8d0000)]
  0x000000001a8ea800 JavaThread "pool-1-thread-1" [_thread_blocked, id=992, stack(0x000000002a2d0000,0x000000002a3d0000)]
  0x000000001b7df000 JavaThread "Cache worker for Build Output Cleanup Cache (D:\Diploma\DiplomaApp\.gradle\buildOutputCleanup)" [_thread_blocked, id=1920, stack(0x0000000029fd0000,0x000000002a0d0000)]
  0x000000001b7e5800 JavaThread "jar transforms Thread 118" [_thread_blocked, id=4488, stack(0x0000000029cd0000,0x0000000029dd0000)]
  0x000000001b7dd800 JavaThread "jar transforms Thread 117" [_thread_blocked, id=2312, stack(0x0000000029bd0000,0x0000000029cd0000)]
  0x000000001b7e4800 JavaThread "jar transforms Thread 116" [_thread_blocked, id=10932, stack(0x0000000029ad0000,0x0000000029bd0000)]
  0x000000001b7dd000 JavaThread "jar transforms Thread 115" [_thread_blocked, id=6120, stack(0x00000000299d0000,0x0000000029ad0000)]
  0x000000001b7e3000 JavaThread "jar transforms Thread 114" [_thread_blocked, id=1796, stack(0x00000000298d0000,0x00000000299d0000)]
  0x000000001b7e2000 JavaThread "jar transforms Thread 113" [_thread_blocked, id=2488, stack(0x00000000297d0000,0x00000000298d0000)]
  0x000000001b7de800 JavaThread "jar transforms Thread 112" [_thread_blocked, id=5336, stack(0x00000000296d0000,0x00000000297d0000)]
  0x000000001b7e4000 JavaThread "jar transforms Thread 111" [_thread_blocked, id=10036, stack(0x00000000295d0000,0x00000000296d0000)]
  0x000000001b7e1800 JavaThread "jar transforms Thread 110" [_thread_blocked, id=9380, stack(0x00000000294d0000,0x00000000295d0000)]
  0x000000001b7e0800 JavaThread "jar transforms Thread 109" [_thread_blocked, id=10412, stack(0x00000000293d0000,0x00000000294d0000)]
  0x000000001b7e0000 JavaThread "jar transforms Thread 108" [_thread_blocked, id=10524, stack(0x00000000292d0000,0x00000000293d0000)]
  0x000000001b7d7800 JavaThread "jar transforms Thread 107" [_thread_blocked, id=11208, stack(0x00000000291d0000,0x00000000292d0000)]
  0x000000001b7d6000 JavaThread "jar transforms Thread 106" [_thread_blocked, id=10260, stack(0x00000000290d0000,0x00000000291d0000)]
  0x000000001b7dc000 JavaThread "jar transforms Thread 105" [_thread_blocked, id=10968, stack(0x0000000028fd0000,0x00000000290d0000)]
  0x000000001b7db800 JavaThread "jar transforms Thread 104" [_thread_blocked, id=8808, stack(0x0000000028ed0000,0x0000000028fd0000)]
  0x000000001b7da000 JavaThread "jar transforms Thread 103" [_thread_blocked, id=9000, stack(0x0000000028dd0000,0x0000000028ed0000)]
  0x000000001b7d8800 JavaThread "jar transforms Thread 102" [_thread_blocked, id=5300, stack(0x0000000028cd0000,0x0000000028dd0000)]
  0x000000001b7da800 JavaThread "jar transforms Thread 101" [_thread_blocked, id=4120, stack(0x0000000028bd0000,0x0000000028cd0000)]
  0x000000001b7d7000 JavaThread "jar transforms Thread 100" [_thread_blocked, id=6264, stack(0x0000000028ad0000,0x0000000028bd0000)]
  0x000000001b7d9000 JavaThread "jar transforms Thread 99" [_thread_blocked, id=1192, stack(0x00000000289d0000,0x0000000028ad0000)]
  0x000000001f99f800 JavaThread "jar transforms Thread 98" [_thread_blocked, id=1708, stack(0x00000000288d0000,0x00000000289d0000)]
  0x000000001f99e800 JavaThread "jar transforms Thread 97" [_thread_blocked, id=4172, stack(0x00000000287d0000,0x00000000288d0000)]
  0x000000001f99d000 JavaThread "jar transforms Thread 96" [_thread_blocked, id=10548, stack(0x00000000286d0000,0x00000000287d0000)]
  0x000000001f99b800 JavaThread "jar transforms Thread 95" [_thread_blocked, id=2052, stack(0x00000000285d0000,0x00000000286d0000)]
  0x000000001f99e000 JavaThread "jar transforms Thread 94" [_thread_blocked, id=9288, stack(0x00000000284d0000,0x00000000285d0000)]
  0x000000001f99a000 JavaThread "jar transforms Thread 93" [_thread_blocked, id=2524, stack(0x00000000283d0000,0x00000000284d0000)]
  0x000000001f99c800 JavaThread "jar transforms Thread 92" [_thread_blocked, id=10976, stack(0x00000000282d0000,0x00000000283d0000)]
  0x000000001f99b000 JavaThread "jar transforms Thread 91" [_thread_blocked, id=8820, stack(0x00000000281d0000,0x00000000282d0000)]
  0x000000001f995000 JavaThread "jar transforms Thread 90" [_thread_blocked, id=3736, stack(0x00000000280d0000,0x00000000281d0000)]
  0x000000001f992800 JavaThread "jar transforms Thread 89" [_thread_blocked, id=5492, stack(0x0000000027fd0000,0x00000000280d0000)]
  0x000000001f993800 JavaThread "jar transforms Thread 88" [_thread_blocked, id=4948, stack(0x0000000027ed0000,0x0000000027fd0000)]
  0x000000001f999800 JavaThread "jar transforms Thread 87" [_thread_blocked, id=1340, stack(0x0000000027dd0000,0x0000000027ed0000)]
  0x000000001f991800 JavaThread "jar transforms Thread 86" [_thread_blocked, id=3576, stack(0x0000000027cd0000,0x0000000027dd0000)]
  0x000000001f998800 JavaThread "jar transforms Thread 85" [_thread_blocked, id=10848, stack(0x0000000027bd0000,0x0000000027cd0000)]
  0x000000001f998000 JavaThread "jar transforms Thread 84" [_thread_blocked, id=9444, stack(0x0000000027ad0000,0x0000000027bd0000)]
  0x000000001f990000 JavaThread "jar transforms Thread 83" [_thread_blocked, id=10872, stack(0x00000000279d0000,0x0000000027ad0000)]
  0x000000001f995800 JavaThread "jar transforms Thread 82" [_thread_blocked, id=5688, stack(0x00000000278d0000,0x00000000279d0000)]
  0x000000001f991000 JavaThread "jar transforms Thread 81" [_thread_blocked, id=10612, stack(0x00000000277d0000,0x00000000278d0000)]
  0x000000001f997000 JavaThread "jar transforms Thread 80" [_thread_blocked, id=1528, stack(0x00000000276d0000,0x00000000277d0000)]
  0x000000001f996800 JavaThread "jar transforms Thread 79" [_thread_blocked, id=9736, stack(0x00000000275d0000,0x00000000276d0000)]
  0x000000001f994000 JavaThread "jar transforms Thread 78" [_thread_blocked, id=10220, stack(0x00000000274d0000,0x00000000275d0000)]
  0x000000001a221800 JavaThread "jar transforms Thread 77" [_thread_blocked, id=6648, stack(0x00000000273d0000,0x00000000274d0000)]
  0x000000001a221000 JavaThread "jar transforms Thread 76" [_thread_blocked, id=3772, stack(0x00000000272d0000,0x00000000273d0000)]
  0x000000001a220000 JavaThread "jar transforms Thread 75" [_thread_blocked, id=9580, stack(0x00000000271d0000,0x00000000272d0000)]
  0x000000001a218800 JavaThread "jar transforms Thread 74" [_thread_blocked, id=5760, stack(0x00000000270d0000,0x00000000271d0000)]
  0x000000001a21f800 JavaThread "jar transforms Thread 73" [_thread_blocked, id=10052, stack(0x0000000026fd0000,0x00000000270d0000)]
  0x000000001a21e800 JavaThread "jar transforms Thread 72" [_thread_blocked, id=10576, stack(0x0000000026ed0000,0x0000000026fd0000)]
  0x000000001a21e000 JavaThread "jar transforms Thread 71" [_thread_blocked, id=3504, stack(0x0000000026dd0000,0x0000000026ed0000)]
  0x000000001a21d000 JavaThread "jar transforms Thread 70" [_thread_blocked, id=5908, stack(0x0000000026cd0000,0x0000000026dd0000)]
  0x000000001a21c800 JavaThread "jar transforms Thread 69" [_thread_blocked, id=4100, stack(0x0000000026bd0000,0x0000000026cd0000)]
  0x000000001a217000 JavaThread "jar transforms Thread 68" [_thread_blocked, id=3292, stack(0x0000000026ad0000,0x0000000026bd0000)]
  0x000000001a219800 JavaThread "jar transforms Thread 67" [_thread_blocked, id=5460, stack(0x00000000269d0000,0x0000000026ad0000)]
  0x000000001a216800 JavaThread "jar transforms Thread 66" [_thread_blocked, id=2908, stack(0x00000000268d0000,0x00000000269d0000)]
  0x000000001a21b800 JavaThread "jar transforms Thread 65" [_thread_blocked, id=5956, stack(0x00000000267d0000,0x00000000268d0000)]
  0x000000001a214000 JavaThread "jar transforms Thread 64" [_thread_blocked, id=3396, stack(0x00000000266d0000,0x00000000267d0000)]
  0x000000001a215000 JavaThread "jar transforms Thread 63" [_thread_blocked, id=10500, stack(0x00000000265d0000,0x00000000266d0000)]
  0x000000001a21b000 JavaThread "jar transforms Thread 62" [_thread_blocked, id=920, stack(0x00000000264d0000,0x00000000265d0000)]
  0x000000001a213000 JavaThread "jar transforms Thread 61" [_thread_blocked, id=4980, stack(0x00000000263d0000,0x00000000264d0000)]
  0x000000001a21a000 JavaThread "jar transforms Thread 60" [_thread_blocked, id=9404, stack(0x00000000262d0000,0x00000000263d0000)]
  0x000000001a212800 JavaThread "jar transforms Thread 59" [_thread_blocked, id=9588, stack(0x00000000261d0000,0x00000000262d0000)]
  0x000000001a218000 JavaThread "jar transforms Thread 58" [_thread_blocked, id=9628, stack(0x00000000260d0000,0x00000000261d0000)]
  0x000000001a215800 JavaThread "jar transforms Thread 57" [_thread_blocked, id=7500, stack(0x0000000025fd0000,0x00000000260d0000)]
  0x000000001a4b9000 JavaThread "jar transforms Thread 56" [_thread_blocked, id=1144, stack(0x0000000025ed0000,0x0000000025fd0000)]
  0x000000001a4b8800 JavaThread "jar transforms Thread 55" [_thread_blocked, id=3720, stack(0x0000000025dd0000,0x0000000025ed0000)]
  0x000000001a4b7000 JavaThread "jar transforms Thread 54" [_thread_blocked, id=9652, stack(0x0000000025cd0000,0x0000000025dd0000)]
  0x000000001a4b7800 JavaThread "jar transforms Thread 53" [_thread_blocked, id=10824, stack(0x0000000025bd0000,0x0000000025cd0000)]
  0x000000001a4b5800 JavaThread "jar transforms Thread 52" [_thread_blocked, id=2796, stack(0x0000000025ad0000,0x0000000025bd0000)]
  0x000000001a4b4800 JavaThread "jar transforms Thread 51" [_thread_blocked, id=7348, stack(0x00000000259d0000,0x0000000025ad0000)]
  0x000000001a4b6000 JavaThread "jar transforms Thread 50" [_thread_blocked, id=4116, stack(0x00000000258d0000,0x00000000259d0000)]
  0x000000001a4b4000 JavaThread "jar transforms Thread 49" [_thread_blocked, id=2788, stack(0x00000000257d0000,0x00000000258d0000)]
  0x000000001a4ac800 JavaThread "jar transforms Thread 48" [_thread_blocked, id=5292, stack(0x00000000256d0000,0x00000000257d0000)]
  0x000000001a4b3000 JavaThread "jar transforms Thread 47" [_thread_blocked, id=9428, stack(0x00000000255d0000,0x00000000256d0000)]
  0x000000001a4ae000 JavaThread "jar transforms Thread 46" [_thread_blocked, id=880, stack(0x00000000254d0000,0x00000000255d0000)]
  0x000000001a4ab800 JavaThread "jar transforms Thread 45" [_thread_blocked, id=2304, stack(0x00000000253d0000,0x00000000254d0000)]
  0x000000001a4b2800 JavaThread "jar transforms Thread 44" [_thread_blocked, id=9364, stack(0x00000000252d0000,0x00000000253d0000)]
  0x000000001a4af800 JavaThread "jar transforms Thread 43" [_thread_blocked, id=9424, stack(0x00000000251d0000,0x00000000252d0000)]
  0x000000001a4ae800 JavaThread "jar transforms Thread 42" [_thread_blocked, id=9656, stack(0x00000000250d0000,0x00000000251d0000)]
  0x000000001a4ad000 JavaThread "jar transforms Thread 41" [_thread_blocked, id=8760, stack(0x0000000024fd0000,0x00000000250d0000)]
  0x000000001a4ab000 JavaThread "jar transforms Thread 40" [_thread_blocked, id=7900, stack(0x0000000024ed0000,0x0000000024fd0000)]
  0x000000001a4b1800 JavaThread "jar transforms Thread 39" [_thread_blocked, id=10652, stack(0x0000000024dd0000,0x0000000024ed0000)]
  0x000000001a4aa000 JavaThread "jar transforms Thread 38" [_thread_blocked, id=10044, stack(0x0000000024cd0000,0x0000000024dd0000)]
  0x000000001a4b0000 JavaThread "jar transforms Thread 37" [_thread_blocked, id=7640, stack(0x0000000024bd0000,0x0000000024cd0000)]
  0x000000001a4b1000 JavaThread "jar transforms Thread 36" [_thread_blocked, id=9724, stack(0x0000000024ad0000,0x0000000024bd0000)]
  0x000000001a16e000 JavaThread "jar transforms Thread 35" [_thread_blocked, id=3664, stack(0x00000000249d0000,0x0000000024ad0000)]
  0x000000001a16d800 JavaThread "jar transforms Thread 34" [_thread_blocked, id=10644, stack(0x00000000248d0000,0x00000000249d0000)]
  0x000000001a16c000 JavaThread "jar transforms Thread 33" [_thread_blocked, id=9168, stack(0x00000000247d0000,0x00000000248d0000)]
  0x000000001a16f800 JavaThread "jar transforms Thread 32" [_thread_blocked, id=4028, stack(0x00000000246d0000,0x00000000247d0000)]
  0x000000001a16f000 JavaThread "jar transforms Thread 31" [_thread_blocked, id=2520, stack(0x00000000245d0000,0x00000000246d0000)]
  0x000000001a16c800 JavaThread "jar transforms Thread 30" [_thread_blocked, id=8184, stack(0x00000000244d0000,0x00000000245d0000)]
  0x000000001a171000 JavaThread "jar transforms Thread 29" [_thread_blocked, id=8692, stack(0x00000000243d0000,0x00000000244d0000)]
  0x000000001a170800 JavaThread "jar transforms Thread 28" [_thread_blocked, id=9708, stack(0x00000000242d0000,0x00000000243d0000)]
  0x000000001a16b000 JavaThread "jar transforms Thread 27" [_thread_blocked, id=10964, stack(0x00000000241d0000,0x00000000242d0000)]
  0x000000001a163800 JavaThread "jar transforms Thread 26" [_thread_blocked, id=332, stack(0x00000000240d0000,0x00000000241d0000)]
  0x000000001a164800 JavaThread "jar transforms Thread 25" [_thread_blocked, id=10540, stack(0x0000000023fd0000,0x00000000240d0000)]
  0x000000001a16a800 JavaThread "jar transforms Thread 24" [_thread_blocked, id=5752, stack(0x0000000023ed0000,0x0000000023fd0000)]
  0x000000001a163000 JavaThread "jar transforms Thread 23" [_thread_blocked, id=9664, stack(0x0000000023dd0000,0x0000000023ed0000)]
  0x000000001a168000 JavaThread "jar transforms Thread 22" [_thread_blocked, id=876, stack(0x0000000023cd0000,0x0000000023dd0000)]
  0x000000001a169800 JavaThread "jar transforms Thread 21" [_thread_blocked, id=1452, stack(0x0000000023bd0000,0x0000000023cd0000)]
  0x000000001a167800 JavaThread "jar transforms Thread 20" [_thread_blocked, id=1984, stack(0x0000000023ad0000,0x0000000023bd0000)]
  0x000000001a169000 JavaThread "jar transforms Thread 19" [_thread_blocked, id=648, stack(0x00000000239d0000,0x0000000023ad0000)]
  0x000000001a166800 JavaThread "jar transforms Thread 18" [_thread_blocked, id=10512, stack(0x00000000238d0000,0x00000000239d0000)]
  0x000000001a166000 JavaThread "jar transforms Thread 17" [_thread_blocked, id=9964, stack(0x00000000237d0000,0x00000000238d0000)]
  0x000000001a165000 JavaThread "jar transforms Thread 16" [_thread_blocked, id=1224, stack(0x00000000236d0000,0x00000000237d0000)]
  0x000000001a162000 JavaThread "jar transforms Thread 15" [_thread_blocked, id=5308, stack(0x00000000235d0000,0x00000000236d0000)]
  0x00000000212ff800 JavaThread "jar transforms Thread 14" [_thread_blocked, id=1448, stack(0x00000000234d0000,0x00000000235d0000)]
  0x00000000212fe000 JavaThread "jar transforms Thread 13" [_thread_blocked, id=9508, stack(0x00000000233d0000,0x00000000234d0000)]
  0x00000000212fc800 JavaThread "jar transforms Thread 12" [_thread_blocked, id=6580, stack(0x00000000232d0000,0x00000000233d0000)]
  0x00000000212fb800 JavaThread "jar transforms Thread 11" [_thread_blocked, id=4444, stack(0x00000000231d0000,0x00000000232d0000)]
  0x00000000212fb000 JavaThread "jar transforms Thread 10" [_thread_blocked, id=11080, stack(0x0000000022fd0000,0x00000000230d0000)]
  0x00000000212fa000 JavaThread "jar transforms Thread 9" [_thread_blocked, id=7600, stack(0x0000000022ed0000,0x0000000022fd0000)]
  0x00000000212fe800 JavaThread "jar transforms Thread 8" [_thread_blocked, id=10020, stack(0x0000000022dd0000,0x0000000022ed0000)]
  0x00000000212f9800 JavaThread "jar transforms Thread 7" [_thread_blocked, id=6088, stack(0x0000000022bd0000,0x0000000022cd0000)]
  0x00000000212f6800 JavaThread "jar transforms Thread 6" [_thread_blocked, id=10496, stack(0x0000000022ad0000,0x0000000022bd0000)]
  0x00000000212fd000 JavaThread "jar transforms Thread 5" [_thread_blocked, id=448, stack(0x00000000229d0000,0x0000000022ad0000)]
  0x00000000212f2000 JavaThread "jar transforms Thread 4" [_thread_blocked, id=9496, stack(0x00000000228d0000,0x00000000229d0000)]
  0x00000000212f5800 JavaThread "jar transforms Thread 3" [_thread_blocked, id=6976, stack(0x00000000227d0000,0x00000000228d0000)]
  0x00000000212f5000 JavaThread "jar transforms Thread 2" [_thread_blocked, id=10928, stack(0x00000000226d0000,0x00000000227d0000)]
  0x00000000212f4000 JavaThread "Build operations Thread 4" [_thread_blocked, id=10520, stack(0x00000000225d0000,0x00000000226d0000)]
  0x00000000212f8800 JavaThread "Build operations Thread 3" [_thread_in_Java, id=10448, stack(0x00000000224d0000,0x00000000225d0000)]
  0x00000000212f3800 JavaThread "Build operations Thread 2" [_thread_blocked, id=5532, stack(0x00000000223d0000,0x00000000224d0000)]
  0x00000000212f1000 JavaThread "Build operations" [_thread_blocked, id=5024, stack(0x00000000222d0000,0x00000000223d0000)]
  0x000000001b890000 JavaThread "Cache worker for file content cache (C:\Users\volod\.gradle\caches\6.5\fileContent)" [_thread_blocked, id=10556, stack(0x0000000021bd0000,0x0000000021cd0000)]
  0x000000001b88f000 JavaThread "jar transforms" [_thread_blocked, id=10388, stack(0x00000000205f0000,0x00000000206f0000)]
  0x000000001b891800 JavaThread "Cache worker for execution history cache (C:\Users\volod\.gradle\caches\6.5\executionHistory)" [_thread_blocked, id=9504, stack(0x00000000202f0000,0x00000000203f0000)]
  0x000000001b893000 JavaThread "Cache worker for cache directory md-rule (C:\Users\volod\.gradle\caches\6.5\md-rule)" [_thread_blocked, id=8536, stack(0x00000000201f0000,0x00000000202f0000)]
  0x000000001b88e800 JavaThread "Cache worker for cache directory md-supplier (C:\Users\volod\.gradle\caches\6.5\md-supplier)" [_thread_blocked, id=11012, stack(0x00000000200f0000,0x00000000201f0000)]
  0x000000001b895800 JavaThread "Cache worker for checksums cache (D:\Diploma\DiplomaApp\.gradle\checksums)" [_thread_blocked, id=10920, stack(0x000000001fff0000,0x00000000200f0000)]
  0x000000001b894800 JavaThread "Cache worker for file hash cache (D:\Diploma\DiplomaApp\.gradle\6.5\fileHashes)" [_thread_blocked, id=32, stack(0x00000000216d0000,0x00000000217d0000)]
  0x000000001b892000 JavaThread "Cache worker for file hash cache (C:\Users\volod\.gradle\caches\6.5\fileHashes)" [_thread_blocked, id=5584, stack(0x000000001d950000,0x000000001da50000)]
  0x000000001b894000 JavaThread "File lock request listener" [_thread_in_native, id=1284, stack(0x000000001d850000,0x000000001d950000)]
  0x000000001a5e5000 JavaThread "Cache worker for journal cache (C:\Users\volod\.gradle\caches\journal-1)" [_thread_blocked, id=6912, stack(0x000000001d750000,0x000000001d850000)]
  0x0000000019696800 JavaThread "Thread-9" [_thread_blocked, id=10680, stack(0x000000001d450000,0x000000001d550000)]
  0x0000000019696000 JavaThread "Stdin handler" [_thread_blocked, id=7392, stack(0x000000001d350000,0x000000001d450000)]
  0x000000001b5d0000 JavaThread "Asynchronous log dispatcher for DefaultDaemonConnection: socket connection from /127.0.0.1:56237 to /127.0.0.1:56238" [_thread_blocked, id=10660, stack(0x000000001d250000,0x000000001d350000)]
  0x000000001b663800 JavaThread "Daemon worker" [_thread_blocked, id=10868, stack(0x000000001d150000,0x000000001d250000)]
  0x000000001b5ce800 JavaThread "Cancel handler" [_thread_blocked, id=3048, stack(0x000000001d050000,0x000000001d150000)]
  0x000000001b58f000 JavaThread "Handler for socket connection from /127.0.0.1:56237 to /127.0.0.1:56238" [_thread_in_native, id=10136, stack(0x000000001cf50000,0x000000001d050000)]
  0x000000001b629000 JavaThread "Daemon" [_thread_blocked, id=3392, stack(0x000000001ce50000,0x000000001cf50000)]
  0x000000001b616800 JavaThread "Daemon periodic checks" [_thread_blocked, id=6056, stack(0x000000001cb50000,0x000000001cc50000)]
  0x000000001b573000 JavaThread "Incoming local TCP Connector on port 56237" [_thread_in_native, id=4776, stack(0x000000001c900000,0x000000001ca00000)]
  0x000000001b4e6800 JavaThread "Daemon health stats" [_thread_blocked, id=8108, stack(0x000000001c2c0000,0x000000001c3c0000)]
  0x00000000179bd800 JavaThread "Service Thread" daemon [_thread_blocked, id=5036, stack(0x00000000196c0000,0x00000000197c0000)]
  0x00000000179b9800 JavaThread "C1 CompilerThread2" daemon [_thread_in_native, id=4164, stack(0x00000000191c0000,0x00000000192c0000)]
=>0x00000000179b6800 JavaThread "C2 CompilerThread1" daemon [_thread_in_native, id=9616, stack(0x00000000190c0000,0x00000000191c0000)]
  0x0000000017967800 JavaThread "C2 CompilerThread0" daemon [_thread_in_native, id=5948, stack(0x0000000018fc0000,0x00000000190c0000)]
  0x0000000017966000 JavaThread "Attach Listener" daemon [_thread_blocked, id=2368, stack(0x0000000018ec0000,0x0000000018fc0000)]
  0x0000000017965000 JavaThread "Signal Dispatcher" daemon [_thread_blocked, id=3288, stack(0x0000000018dc0000,0x0000000018ec0000)]
  0x0000000002d3b000 JavaThread "Finalizer" daemon [_thread_blocked, id=5972, stack(0x0000000018bb0000,0x0000000018cb0000)]
  0x0000000017949000 JavaThread "Reference Handler" daemon [_thread_blocked, id=8984, stack(0x0000000018ab0000,0x0000000018bb0000)]
  0x00000000029ee000 JavaThread "main" [_thread_blocked, id=1268, stack(0x0000000002ae0000,0x0000000002be0000)]

Other Threads:
  0x0000000017926000 VMThread [stack: 0x00000000189b0000,0x0000000018ab0000] [id=2560]
  0x00000000179be800 WatcherThread [stack: 0x00000000197c0000,0x00000000198c0000] [id=8672]

VM state:not at safepoint (normal execution)

VM Mutex/Monitor currently owned by a thread: None

heap address: 0x0000000080000000, size: 2048 MB, Compressed Oops mode: 32-bit
Narrow klass base: 0x0000000000000000, Narrow klass shift: 3
Compressed class space size: 1073741824 Address: 0x0000000100000000

Heap:
 PSYoungGen      total 356864K, used 229653K [0x00000000d5580000, 0x00000000f6600000, 0x0000000100000000)
  eden space 330240K, 63% used [0x00000000d5580000,0x00000000e2303e30,0x00000000e9800000)
  from space 26624K, 72% used [0x00000000e9800000,0x00000000eaac1958,0x00000000eb200000)
  to   space 57856K, 0% used [0x00000000f2d80000,0x00000000f2d80000,0x00000000f6600000)
 ParOldGen       total 237056K, used 123254K [0x0000000080000000, 0x000000008e780000, 0x00000000d5580000)
  object space 237056K, 51% used [0x0000000080000000,0x000000008785d9a8,0x000000008e780000)
 Metaspace       used 94480K, capacity 98854K, committed 99224K, reserved 1134592K
  class space    used 12588K, capacity 13412K, committed 13488K, reserved 1048576K

Card table byte_map: [0x0000000012100000,0x0000000012510000] byte_map_base: 0x0000000011d00000

Marking Bits: (ParMarkBitMap*) 0x000000005854f030
 Begin Bits: [0x0000000012bc0000, 0x0000000014bc0000)
 End Bits:   [0x0000000014bc0000, 0x0000000016bc0000)

Polling page: 0x00000000029d0000

CodeCache: size=245760Kb used=38499Kb max_used=38499Kb free=207260Kb
 bounds [0x0000000002d40000, 0x0000000005300000, 0x0000000011d40000]
 total_blobs=12190 nmethods=11335 adapters=765
 compilation: enabled

Compilation events (10 events):
Event: 22.240 Thread 0x00000000179b9800 nmethod 13171 0x00000000052aaa50 code [0x00000000052aaba0, 0x00000000052aacb0]
Event: 22.240 Thread 0x00000000179b9800 13172       3       com.android.tools.r8.ir.regalloc.f::a (114 bytes)
Event: 22.241 Thread 0x00000000179b9800 nmethod 13172 0x00000000052aad10 code [0x00000000052aafa0, 0x00000000052ac218]
Event: 22.241 Thread 0x00000000179b9800 13173       3       com.android.tools.r8.ir.regalloc.f::compareTo (206 bytes)
Event: 22.243 Thread 0x00000000179b9800 nmethod 13173 0x00000000052acb10 code [0x00000000052acdc0, 0x00000000052ae098]
Event: 22.243 Thread 0x00000000179b9800 13174       3       java.util.HashMap$HashIterator::remove (77 bytes)
Event: 22.243 Thread 0x00000000179b9800 nmethod 13174 0x00000000052ae590 code [0x00000000052ae740, 0x00000000052aed38]
Event: 22.243 Thread 0x00000000179b9800 13175       3       com.android.tools.r8.s.b.I0::a (6 bytes)
Event: 22.243 Thread 0x00000000179b9800 nmethod 13175 0x00000000052aefd0 code [0x00000000052af160, 0x00000000052af478]
Event: 22.244 Thread 0x00000000179b9800 13183       3       com.android.tools.r8.ir.optimize.l::r (2050 bytes)

GC Heap History (10 events):
Event: 9.901 GC heap before
{Heap before GC invocations=15 (full 3):
 PSYoungGen      total 275456K, used 2881K [0x00000000d5580000, 0x00000000e8580000, 0x0000000100000000)
  eden space 254464K, 0% used [0x00000000d5580000,0x00000000d5580000,0x00000000e4e00000)
  from space 20992K, 13% used [0x00000000e6280000,0x00000000e6550738,0x00000000e7700000)
  to   space 20992K, 0% used [0x00000000e4e00000,0x00000000e4e00000,0x00000000e6280000)
 ParOldGen       total 66048K, used 44687K [0x0000000080000000, 0x0000000084080000, 0x00000000d5580000)
  object space 66048K, 67% used [0x0000000080000000,0x0000000082ba3d58,0x0000000084080000)
 Metaspace       used 56790K, capacity 59052K, committed 59160K, reserved 1099776K
  class space    used 7699K, capacity 8187K, committed 8240K, reserved 1048576K
Event: 10.146 GC heap after
Heap after GC invocations=15 (full 3):
 PSYoungGen      total 275456K, used 0K [0x00000000d5580000, 0x00000000e8580000, 0x0000000100000000)
  eden space 254464K, 0% used [0x00000000d5580000,0x00000000d5580000,0x00000000e4e00000)
  from space 20992K, 0% used [0x00000000e6280000,0x00000000e6280000,0x00000000e7700000)
  to   space 20992K, 0% used [0x00000000e4e00000,0x00000000e4e00000,0x00000000e6280000)
 ParOldGen       total 100352K, used 32875K [0x0000000080000000, 0x0000000086200000, 0x00000000d5580000)
  object space 100352K, 32% used [0x0000000080000000,0x000000008201ac40,0x0000000086200000)
 Metaspace       used 56770K, capacity 58986K, committed 59160K, reserved 1099776K
  class space    used 7693K, capacity 8176K, committed 8240K, reserved 1048576K
}
Event: 14.402 GC heap before
{Heap before GC invocations=16 (full 3):
 PSYoungGen      total 275456K, used 254464K [0x00000000d5580000, 0x00000000e8580000, 0x0000000100000000)
  eden space 254464K, 100% used [0x00000000d5580000,0x00000000e4e00000,0x00000000e4e00000)
  from space 20992K, 0% used [0x00000000e6280000,0x00000000e6280000,0x00000000e7700000)
  to   space 20992K, 0% used [0x00000000e4e00000,0x00000000e4e00000,0x00000000e6280000)
 ParOldGen       total 100352K, used 32875K [0x0000000080000000, 0x0000000086200000, 0x00000000d5580000)
  object space 100352K, 32% used [0x0000000080000000,0x000000008201ac40,0x0000000086200000)
 Metaspace       used 67483K, capacity 70582K, committed 70808K, reserved 1110016K
  class space    used 9216K, capacity 9838K, committed 9904K, reserved 1048576K
Event: 14.430 GC heap after
Heap after GC invocations=16 (full 3):
 PSYoungGen      total 275456K, used 20962K [0x00000000d5580000, 0x00000000ecd80000, 0x0000000100000000)
  eden space 254464K, 0% used [0x00000000d5580000,0x00000000d5580000,0x00000000e4e00000)
  from space 20992K, 99% used [0x00000000e4e00000,0x00000000e6278be0,0x00000000e6280000)
  to   space 25088K, 0% used [0x00000000eb500000,0x00000000eb500000,0x00000000ecd80000)
 ParOldGen       total 100352K, used 34928K [0x0000000080000000, 0x0000000086200000, 0x00000000d5580000)
  object space 100352K, 34% used [0x0000000080000000,0x000000008221c238,0x0000000086200000)
 Metaspace       used 67483K, capacity 70582K, committed 70808K, reserved 1110016K
  class space    used 9216K, capacity 9838K, committed 9904K, reserved 1048576K
}
Event: 16.997 GC heap before
{Heap before GC invocations=17 (full 3):
 PSYoungGen      total 275456K, used 275426K [0x00000000d5580000, 0x00000000ecd80000, 0x0000000100000000)
  eden space 254464K, 100% used [0x00000000d5580000,0x00000000e4e00000,0x00000000e4e00000)
  from space 20992K, 99% used [0x00000000e4e00000,0x00000000e6278be0,0x00000000e6280000)
  to   space 25088K, 0% used [0x00000000eb500000,0x00000000eb500000,0x00000000ecd80000)
 ParOldGen       total 100352K, used 34928K [0x0000000080000000, 0x0000000086200000, 0x00000000d5580000)
  object space 100352K, 34% used [0x0000000080000000,0x000000008221c238,0x0000000086200000)
 Metaspace       used 74672K, capacity 78020K, committed 78360K, reserved 1116160K
  class space    used 10058K, capacity 10709K, committed 10800K, reserved 1048576K
Event: 17.068 GC heap after
Heap after GC invocations=17 (full 3):
 PSYoungGen      total 353792K, used 18451K [0x00000000d5580000, 0x00000000ecc00000, 0x0000000100000000)
  eden space 330240K, 0% used [0x00000000d5580000,0x00000000d5580000,0x00000000e9800000)
  from space 23552K, 78% used [0x00000000eb500000,0x00000000ec704f20,0x00000000ecc00000)
  to   space 26624K, 0% used [0x00000000e9800000,0x00000000e9800000,0x00000000eb200000)
 ParOldGen       total 100352K, used 50167K [0x0000000080000000, 0x0000000086200000, 0x00000000d5580000)
  object space 100352K, 49% used [0x0000000080000000,0x00000000830fdce0,0x0000000086200000)
 Metaspace       used 74672K, capacity 78020K, committed 78360K, reserved 1116160K
  class space    used 10058K, capacity 10709K, committed 10800K, reserved 1048576K
}
Event: 19.924 GC heap before
{Heap before GC invocations=18 (full 3):
 PSYoungGen      total 353792K, used 348691K [0x00000000d5580000, 0x00000000ecc00000, 0x0000000100000000)
  eden space 330240K, 100% used [0x00000000d5580000,0x00000000e9800000,0x00000000e9800000)
  from space 23552K, 78% used [0x00000000eb500000,0x00000000ec704f20,0x00000000ecc00000)
  to   space 26624K, 0% used [0x00000000e9800000,0x00000000e9800000,0x00000000eb200000)
 ParOldGen       total 100352K, used 50167K [0x0000000080000000, 0x0000000086200000, 0x00000000d5580000)
  object space 100352K, 49% used [0x0000000080000000,0x00000000830fdce0,0x0000000086200000)
 Metaspace       used 90120K, capacity 94480K, committed 94616K, reserved 1130496K
  class space    used 12109K, capacity 12953K, committed 12976K, reserved 1048576K
Event: 20.021 GC heap after
Heap after GC invocations=18 (full 3):
 PSYoungGen      total 356864K, used 26598K [0x00000000d5580000, 0x00000000f6600000, 0x0000000100000000)
  eden space 330240K, 0% used [0x00000000d5580000,0x00000000d5580000,0x00000000e9800000)
  from space 26624K, 99% used [0x00000000e9800000,0x00000000eb1f9a50,0x00000000eb200000)
  to   space 57856K, 0% used [0x00000000f2d80000,0x00000000f2d80000,0x00000000f6600000)
 ParOldGen       total 123392K, used 123213K [0x0000000080000000, 0x0000000087880000, 0x00000000d5580000)
  object space 123392K, 99% used [0x0000000080000000,0x0000000087853580,0x0000000087880000)
 Metaspace       used 90120K, capacity 94480K, committed 94616K, reserved 1130496K
  class space    used 12109K, capacity 12953K, committed 12976K, reserved 1048576K
}
Event: 20.021 GC heap before
{Heap before GC invocations=19 (full 4):
 PSYoungGen      total 356864K, used 26598K [0x00000000d5580000, 0x00000000f6600000, 0x0000000100000000)
  eden space 330240K, 0% used [0x00000000d5580000,0x00000000d5580000,0x00000000e9800000)
  from space 26624K, 99% used [0x00000000e9800000,0x00000000eb1f9a50,0x00000000eb200000)
  to   space 57856K, 0% used [0x00000000f2d80000,0x00000000f2d80000,0x00000000f6600000)
 ParOldGen       total 123392K, used 123213K [0x0000000080000000, 0x0000000087880000, 0x00000000d5580000)
  object space 123392K, 99% used [0x0000000080000000,0x0000000087853580,0x0000000087880000)
 Metaspace       used 90120K, capacity 94480K, committed 94616K, reserved 1130496K
  class space    used 12109K, capacity 12953K, committed 12976K, reserved 1048576K
Event: 20.819 GC heap after
Heap after GC invocations=19 (full 4):
 PSYoungGen      total 356864K, used 19206K [0x00000000d5580000, 0x00000000f6600000, 0x0000000100000000)
  eden space 330240K, 0% used [0x00000000d5580000,0x00000000d5580000,0x00000000e9800000)
  from space 26624K, 72% used [0x00000000e9800000,0x00000000eaac1958,0x00000000eb200000)
  to   space 57856K, 0% used [0x00000000f2d80000,0x00000000f2d80000,0x00000000f6600000)
 ParOldGen       total 237056K, used 123254K [0x0000000080000000, 0x000000008e780000, 0x00000000d5580000)
  object space 237056K, 51% used [0x0000000080000000,0x000000008785d9a8,0x000000008e780000)
 Metaspace       used 89967K, capacity 94016K, committed 94616K, reserved 1130496K
  class space    used 12060K, capacity 12867K, committed 12976K, reserved 1048576K
}

Deoptimization events (10 events):
Event: 21.427 Thread 0x00000000212f3800 Uncommon trap: reason=class_check action=maybe_recompile pc=0x0000000004eb414c method=com.android.tools.r8.s.a.h.e.b(Lcom/android/tools/r8/s/b/k0;)V @ 209
Event: 21.499 Thread 0x00000000212f8800 Uncommon trap: reason=unstable_if action=reinterpret pc=0x00000000047c1228 method=com.android.tools.r8.ir.regalloc.a.a(Lcom/android/tools/r8/s/b/k0;Lcom/android/tools/r8/ir/regalloc/a$b;)Z @ 75
Event: 21.503 Thread 0x000000001a8e7800 Uncommon trap: reason=bimorphic action=maybe_recompile pc=0x0000000004b86938 method=java.util.Collections$UnmodifiableList.get(I)Ljava/lang/Object; @ 5
Event: 21.510 Thread 0x000000001a8e7800 Uncommon trap: reason=bimorphic action=maybe_recompile pc=0x0000000004b86938 method=java.util.Collections$UnmodifiableList.get(I)Ljava/lang/Object; @ 5
Event: 21.510 Thread 0x000000001a8e7800 Uncommon trap: reason=bimorphic action=maybe_recompile pc=0x0000000004b86938 method=java.util.Collections$UnmodifiableList.get(I)Ljava/lang/Object; @ 5
Event: 21.511 Thread 0x000000001a8e7800 Uncommon trap: reason=bimorphic action=maybe_recompile pc=0x0000000004b86938 method=java.util.Collections$UnmodifiableList.get(I)Ljava/lang/Object; @ 5
Event: 21.738 Thread 0x00000000212f1000 Uncommon trap: reason=bimorphic action=maybe_recompile pc=0x0000000003c56fe4 method=java.util.stream.StreamOpFlag.fromCharacteristics(Ljava/util/Spliterator;)I @ 14
Event: 21.739 Thread 0x00000000212f1000 Uncommon trap: reason=unstable_if action=reinterpret pc=0x00000000049b2a00 method=com.android.tools.r8.graph.I0$a.a(Ljava/lang/String;Ljava/lang/Object;)V @ 162
Event: 22.087 Thread 0x00000000212f8800 Uncommon trap: reason=unstable_if action=reinterpret pc=0x0000000005195348 method=com.android.tools.r8.s.b.u.isEmpty()Z @ 4
Event: 22.198 Thread 0x00000000212f3800 Uncommon trap: reason=unstable_if action=reinterpret pc=0x0000000004edfac8 method=com.android.tools.r8.graph.i0.a([C)I @ 44

Classes redefined (0 events):
No events

Internal exceptions (10 events):
Event: 18.426 Thread 0x00000000212f8800 Implicit null exception at 0x00000000049a3adb to 0x00000000049a3bbd
Event: 18.863 Thread 0x00000000212f3800 Exception <a 'java/lang/NoSuchMethodError': java.lang.Object.b(Lcom/android/tools/r8/graph/p1$b;)Lcom/android/tools/r8/graph/p1$b;> (0x00000000e48869f0) thrown at [C:\src\AOSP-openjdk-git\hotspot\src\share\vm\interpreter\linkResolver.cpp, line 620]
Event: 18.924 Thread 0x00000000212f3800 Exception <a 'java/lang/NoSuchMethodError': java.lang.Object.lambda$comparingInt$7b0bb60$1(Ljava/util/function/ToIntFunction;Ljava/lang/Object;Ljava/lang/Object;)I> (0x00000000e4cac3f0) thrown at [C:\src\AOSP-openjdk-git\hotspot\src\share\vm\interpreter\l
Event: 18.925 Thread 0x00000000212f3800 Exception <a 'java/lang/NoSuchMethodError': java.lang.Object.lambda$maxBy$1(Ljava/util/Comparator;Ljava/lang/Object;Ljava/lang/Object;)Ljava/lang/Object;> (0x00000000e4cb0d38) thrown at [C:\src\AOSP-openjdk-git\hotspot\src\share\vm\interpreter\linkResolve
Event: 19.776 Thread 0x000000001a8e7800 Implicit null exception at 0x00000000030a5a14 to 0x00000000030a5dbd
Event: 20.877 Thread 0x000000001a8e7800 Implicit null exception at 0x0000000004da7792 to 0x0000000004da7905
Event: 20.877 Thread 0x000000001a8e7800 Implicit null exception at 0x0000000004d9e892 to 0x0000000004d9ea05
Event: 20.895 Thread 0x00000000212f1000 Exception <a 'sun/nio/fs/WindowsException'> (0x00000000d560cf38) thrown at [C:\src\AOSP-openjdk-git\hotspot\src\share\vm\prims\jni.cpp, line 710]
Event: 21.254 Thread 0x000000001a8e7800 Exception <a 'java/lang/NullPointerException'> (0x00000000d920ca58) thrown at [C:\src\AOSP-openjdk-git\hotspot\src\share\vm\interpreter\linkResolver.cpp, line 1287]
Event: 21.737 Thread 0x00000000212f1000 Exception <a 'sun/nio/fs/WindowsException'> (0x00000000dd2dbcb0) thrown at [C:\src\AOSP-openjdk-git\hotspot\src\share\vm\prims\jni.cpp, line 710]

Events (10 events):
Event: 22.270 loading class android/databinding/tool/writer/LayoutBinderWriterKt$conditionalFlags$2
Event: 22.270 loading class android/databinding/tool/writer/LayoutBinderWriterKt$conditionalFlags$2 done
Event: 22.270 loading class android/databinding/tool/writer/LayoutBinderWriterKt$requiredComponent$2
Event: 22.270 loading class android/databinding/tool/writer/LayoutBinderWriterKt$requiredComponent$2 done
Event: 22.271 loading class android/databinding/tool/ext/XmlResourceReference
Event: 22.271 loading class android/databinding/tool/ext/XmlResourceReference done
Event: 22.271 loading class kotlin/text/Regex
Event: 22.271 loading class kotlin/text/Regex done
Event: 22.273 loading class kotlin/text/Regex$Companion
Event: 22.273 loading class kotlin/text/Regex$Companion done


Dynamic libraries:
0x00007ff7cbb30000 - 0x00007ff7cbb61000 	C:\Program Files\Android\Android Studio\jre\bin\java.exe
0x00007ffe4b430000 - 0x00007ffe4b626000 	C:\Windows\SYSTEM32\ntdll.dll
0x00007ffe49570000 - 0x00007ffe4962d000 	C:\Windows\System32\KERNEL32.DLL
0x00007ffe48c90000 - 0x00007ffe48f58000 	C:\Windows\System32\KERNELBASE.dll
0x00007ffe4b0b0000 - 0x00007ffe4b15a000 	C:\Windows\System32\ADVAPI32.dll
0x00007ffe4b160000 - 0x00007ffe4b1fe000 	C:\Windows\System32\msvcrt.dll
0x00007ffe49ab0000 - 0x00007ffe49b4b000 	C:\Windows\System32\sechost.dll
0x00007ffe4b200000 - 0x00007ffe4b324000 	C:\Windows\System32\RPCRT4.dll
0x00007ffe49800000 - 0x00007ffe499a0000 	C:\Windows\System32\USER32.dll
0x00007ffe490f0000 - 0x00007ffe49112000 	C:\Windows\System32\win32u.dll
0x00007ffe4b3c0000 - 0x00007ffe4b3ea000 	C:\Windows\System32\GDI32.dll
0x00007ffe48f60000 - 0x00007ffe49069000 	C:\Windows\System32\gdi32full.dll
0x00007ffe49120000 - 0x00007ffe491bd000 	C:\Windows\System32\msvcp_win.dll
0x00007ffe491c0000 - 0x00007ffe492c0000 	C:\Windows\System32\ucrtbase.dll
0x00007ffe38ad0000 - 0x00007ffe38d6b000 	C:\Windows\WinSxS\amd64_microsoft.windows.common-controls_6595b64144ccf1df_6.0.19041.488_none_ca04af081b815d21\COMCTL32.dll
0x00007ffe496b0000 - 0x00007ffe496e0000 	C:\Windows\System32\IMM32.DLL
0x00007ffe48760000 - 0x00007ffe48857000 	C:\Windows\system32\guard64.dll
0x00007ffe48750000 - 0x00007ffe4875a000 	C:\Windows\system32\version.dll
0x00007ffe4af80000 - 0x00007ffe4b0aa000 	C:\Windows\System32\ole32.dll
0x00007ffe49cb0000 - 0x00007ffe4a005000 	C:\Windows\System32\combase.dll
0x00007ffe48740000 - 0x00007ffe4874b000 	C:\Windows\system32\fltlib.dll
0x00007ffe4a2b0000 - 0x00007ffe4a9f0000 	C:\Windows\System32\shell32.dll
0x00007ffe49740000 - 0x00007ffe497ee000 	C:\Windows\System32\shcore.dll
0x0000000057bc0000 - 0x0000000057c92000 	C:\Program Files\Android\Android Studio\jre\jre\bin\msvcr100.dll
0x0000000057d80000 - 0x00000000585cb000 	C:\Program Files\Android\Android Studio\jre\jre\bin\server\jvm.dll
0x00007ffe49bc0000 - 0x00007ffe49bc8000 	C:\Windows\System32\PSAPI.DLL
0x00007ffe445a0000 - 0x00007ffe445a9000 	C:\Windows\SYSTEM32\WSOCK32.dll
0x00007ffe4b330000 - 0x00007ffe4b39b000 	C:\Windows\System32\WS2_32.dll
0x00007ffe3cb60000 - 0x00007ffe3cb87000 	C:\Windows\SYSTEM32\WINMM.dll
0x00007ffe444d0000 - 0x00007ffe444df000 	C:\Program Files\Android\Android Studio\jre\jre\bin\verify.dll
0x00007ffe37dc0000 - 0x00007ffe37de9000 	C:\Program Files\Android\Android Studio\jre\jre\bin\java.dll
0x00007ffe37c30000 - 0x00007ffe37c46000 	C:\Program Files\Android\Android Studio\jre\jre\bin\zip.dll
0x00007ffe46bb0000 - 0x00007ffe47344000 	C:\Windows\SYSTEM32\windows.storage.dll
0x00007ffe48400000 - 0x00007ffe4842c000 	C:\Windows\SYSTEM32\Wldp.dll
0x00007ffe49b50000 - 0x00007ffe49ba5000 	C:\Windows\System32\shlwapi.dll
0x00007ffe48ab0000 - 0x00007ffe48ad6000 	C:\Windows\SYSTEM32\profapi.dll
0x00007ffe37c10000 - 0x00007ffe37c2a000 	C:\Program Files\Android\Android Studio\jre\jre\bin\net.dll
0x00007ffe48180000 - 0x00007ffe481ea000 	C:\Windows\system32\mswsock.dll
0x00007ffe37920000 - 0x00007ffe37933000 	C:\Program Files\Android\Android Studio\jre\jre\bin\nio.dll
0x00007ffe299d0000 - 0x00007ffe299f7000 	C:\Users\volod\.gradle\native\f6784746aeab05261644944871eae4fe03e0ef1612fff0a4a95f87b438bc6780\windows-amd64\native-platform.dll
0x00007ffe42f30000 - 0x00007ffe42f3d000 	C:\Program Files\Android\Android Studio\jre\jre\bin\management.dll
0x00007ffe48350000 - 0x00007ffe48368000 	C:\Windows\SYSTEM32\CRYPTSP.dll
0x00007ffe47b10000 - 0x00007ffe47b44000 	C:\Windows\system32\rsaenh.dll
0x00007ffe49420000 - 0x00007ffe49447000 	C:\Windows\System32\bcrypt.dll
0x00007ffe48a70000 - 0x00007ffe48a9e000 	C:\Windows\SYSTEM32\USERENV.dll
0x00007ffe49070000 - 0x00007ffe490ef000 	C:\Windows\System32\bcryptprimitives.dll
0x00007ffe48370000 - 0x00007ffe4837c000 	C:\Windows\SYSTEM32\CRYPTBASE.dll
0x00007ffe47e70000 - 0x00007ffe47eab000 	C:\Windows\SYSTEM32\IPHLPAPI.DLL
0x00007ffe497f0000 - 0x00007ffe497f9000 	C:\Windows\System32\NSI.dll
0x00007ffe3eb30000 - 0x00007ffe3eb47000 	C:\Windows\SYSTEM32\dhcpcsvc6.DLL
0x00007ffe3eab0000 - 0x00007ffe3eacd000 	C:\Windows\SYSTEM32\dhcpcsvc.DLL
0x00007ffe47ec0000 - 0x00007ffe47f8b000 	C:\Windows\SYSTEM32\DNSAPI.dll
0x00007ffe3ef50000 - 0x00007ffe3ef5b000 	C:\Windows\SYSTEM32\WINNSI.DLL

VM Arguments:
jvm_args: -Xmx2048m -Dfile.encoding=UTF-8 -Duser.country=RU -Duser.language=ru -Duser.variant 
java_command: org.gradle.launcher.daemon.bootstrap.GradleDaemon 6.5
java_class_path (initial): C:\Users\volod\.gradle\wrapper\dists\gradle-6.5-bin\6nifqtx7604sqp1q6g8wikw7p\gradle-6.5\lib\gradle-launcher-6.5.jar
Launcher Type: SUN_STANDARD

Environment Variables:
JAVA_HOME=C:\Program Files\Java\jdk1.8.0_271
PATH=C:\Windows\system32;C:\Windows;C:\Windows\System32\Wbem;C:\Windows\System32\WindowsPowerShell\v1.0\;C:\Windows\System32\OpenSSH\;C:\Program Files\Java\jdk1.8.0_271\bin;C:\Program Files (x86)\Common Files\Oracle\Java\javapath;C:\Program Files\Common Files\Oracle\Java\javapath;C:\Program Files\Git\cmd;C:\Program Files\MongoDB\Server\4.4\bin;C:\Program Files\PuTTY\;C:\Users\volod\AppData\Local\Microsoft\WindowsApps;C:\kubernetes;
USERNAME=volod
OS=Windows_NT
PROCESSOR_IDENTIFIER=Intel64 Family 6 Model 142 Stepping 9, GenuineIntel



---------------  S Y S T E M  ---------------

OS: Windows 10.0 , 64 bit Build 19041 (10.0.19041.546)

CPU:total 4 (initial active 4) (2 cores per cpu, 2 threads per core) family 6 model 142 stepping 9, cmov, cx8, fxsr, mmx, sse, sse2, sse3, ssse3, sse4.1, sse4.2, popcnt, avx, avx2, aes, clmul, erms, 3dnowpref, lzcnt, ht, tsc, tscinvbit, bmi1, bmi2, adx

Memory: 4k page, physical 8266284k(1281400k free), swap 10363436k(5332k free)

vm_info: OpenJDK 64-Bit Server VM (25.242-b01) for windows-amd64 JRE (1.8.0_242-release-1644-b01), built by "builder" with MS VC++ 10.0 (VS2010)

time: Tue Apr 13 20:51:08 2021
timezone: Финляндия (лето)
elapsed time: 22 seconds (0d 0h 0m 22s)

