#
# There is insufficient memory for the Java Runtime Environment to continue.
# Native memory allocation (malloc) failed to allocate 1647312 bytes for Chunk::new
# Possible reasons:
#   The system is out of physical RAM or swap space
#   The process is running with CompressedOops enabled, and the Java Heap may be blocking the growth of the native heap
# Possible solutions:
#   Reduce memory load on the system
#   Increase physical memory or swap space
#   Check if swap backing store is full
#   Decrease Java heap size (-Xmx/-Xms)
#   Decrease number of Java threads
#   Decrease Java thread stack sizes (-Xss)
#   Set larger code cache with -XX:ReservedCodeCacheSize=
#   JVM is running with Unscaled Compressed Oops mode in which the Java heap is
#     placed in the first 4GB address space. The Java Heap base address is the
#     maximum limit for the native heap growth. Please use -XX:HeapBaseMinAddress
#     to set the Java Heap base and to place the Java Heap above 4GB virtual address.
# This output file may be truncated or incomplete.
#
#  Out of Memory Error (allocation.cpp:389), pid=8724, tid=0x00000000000016bc
#
# JRE version: OpenJDK Runtime Environment (8.0_242-b01) (build 1.8.0_242-release-1644-b01)
# Java VM: OpenJDK 64-Bit Server VM (25.242-b01 mixed mode windows-amd64 compressed oops)
# Failed to write core dump. Minidumps are not enabled by default on client versions of Windows
#

---------------  T H R E A D  ---------------

Current thread (0x00000000179fb000):  JavaThread "C2 CompilerThread1" daemon [_thread_in_native, id=5820, stack(0x0000000019150000,0x0000000019250000)]

Stack: [0x0000000019150000,0x0000000019250000]
[error occurred during error reporting (printing stack bounds), id 0xc0000005]

Native frames: (J=compiled Java code, j=interpreted, Vv=VM code, C=native code)


Current CompileTask:
C2:  30100 14157 %     4       com.android.tools.r8.ir.regalloc.a::a @ 1204 (1761 bytes)


---------------  P R O C E S S  ---------------

Java Threads: ( => current thread )
  0x000000001ab0b800 JavaThread "WorkerExecutor Queue" [_thread_blocked, id=6100, stack(0x000000002d430000,0x000000002d530000)]
  0x000000001ab06000 JavaThread "Cache worker for execution history cache (D:\Diploma\DiplomaApp\.gradle\6.5\executionHistory)" [_thread_blocked, id=11060, stack(0x000000002cb30000,0x000000002cc30000)]
  0x000000001ab0a800 JavaThread "Execution worker for ':' Thread 3" [_thread_blocked, id=10616, stack(0x000000002ca30000,0x000000002cb30000)]
  0x000000001eb9c800 JavaThread "Execution worker for ':' Thread 2" [_thread_blocked, id=10980, stack(0x000000002c930000,0x000000002ca30000)]
  0x000000001eb9b000 JavaThread "Execution worker for ':'" [_thread_blocked, id=9952, stack(0x000000002c830000,0x000000002c930000)]
  0x000000001eba0000 JavaThread "Cache worker for file content cache (D:\Diploma\DiplomaApp\.gradle\6.5\fileContent)" [_thread_blocked, id=5048, stack(0x000000002b360000,0x000000002b460000)]
  0x000000001eb9b800 JavaThread "Memory manager" [_thread_blocked, id=452, stack(0x000000002a410000,0x000000002a510000)]
  0x000000001eba1800 JavaThread "pool-1-thread-1" [_thread_blocked, id=6244, stack(0x0000000029f10000,0x000000002a010000)]
  0x000000001eb9d000 JavaThread "Cache worker for Build Output Cleanup Cache (D:\Diploma\DiplomaApp\.gradle\buildOutputCleanup)" [_thread_blocked, id=9228, stack(0x0000000029c10000,0x0000000029d10000)]
  0x000000001eb9f800 JavaThread "jar transforms Thread 113" [_thread_blocked, id=10132, stack(0x0000000029910000,0x0000000029a10000)]
  0x000000001eba1000 JavaThread "jar transforms Thread 112" [_thread_blocked, id=1364, stack(0x0000000029810000,0x0000000029910000)]
  0x000000001eb9e800 JavaThread "jar transforms Thread 111" [_thread_blocked, id=10728, stack(0x0000000029710000,0x0000000029810000)]
  0x000000001eb9e000 JavaThread "jar transforms Thread 110" [_thread_blocked, id=4516, stack(0x0000000029610000,0x0000000029710000)]
  0x000000001eb93800 JavaThread "jar transforms Thread 109" [_thread_blocked, id=11084, stack(0x0000000029510000,0x0000000029610000)]
  0x000000001eb98000 JavaThread "jar transforms Thread 108" [_thread_blocked, id=4304, stack(0x0000000029410000,0x0000000029510000)]
  0x000000001eb95000 JavaThread "jar transforms Thread 107" [_thread_blocked, id=4820, stack(0x0000000029310000,0x0000000029410000)]
  0x000000001eb97000 JavaThread "jar transforms Thread 106" [_thread_blocked, id=6924, stack(0x0000000029210000,0x0000000029310000)]
  0x000000001eb96800 JavaThread "jar transforms Thread 105" [_thread_blocked, id=9112, stack(0x0000000029110000,0x0000000029210000)]
  0x000000001eb9a000 JavaThread "jar transforms Thread 104" [_thread_blocked, id=5560, stack(0x0000000029010000,0x0000000029110000)]
  0x000000001eb95800 JavaThread "jar transforms Thread 103" [_thread_blocked, id=6704, stack(0x0000000028f10000,0x0000000029010000)]
  0x000000001eb92800 JavaThread "jar transforms Thread 102" [_thread_blocked, id=9000, stack(0x0000000028e10000,0x0000000028f10000)]
  0x000000001eb94000 JavaThread "jar transforms Thread 101" [_thread_blocked, id=6092, stack(0x0000000028d10000,0x0000000028e10000)]
  0x000000001eb99800 JavaThread "jar transforms Thread 100" [_thread_blocked, id=5744, stack(0x0000000028c10000,0x0000000028d10000)]
  0x000000001eb98800 JavaThread "jar transforms Thread 99" [_thread_blocked, id=3028, stack(0x0000000028b10000,0x0000000028c10000)]
  0x000000001be72800 JavaThread "jar transforms Thread 98" [_thread_blocked, id=7532, stack(0x0000000028a10000,0x0000000028b10000)]
  0x000000001be71000 JavaThread "jar transforms Thread 97" [_thread_blocked, id=9632, stack(0x0000000028910000,0x0000000028a10000)]
  0x000000001be73000 JavaThread "jar transforms Thread 96" [_thread_blocked, id=9920, stack(0x0000000028810000,0x0000000028910000)]
  0x000000001be75800 JavaThread "jar transforms Thread 95" [_thread_blocked, id=2956, stack(0x0000000028710000,0x0000000028810000)]
  0x000000001be71800 JavaThread "jar transforms Thread 94" [_thread_blocked, id=9928, stack(0x0000000028610000,0x0000000028710000)]
  0x000000001be76000 JavaThread "jar transforms Thread 93" [_thread_blocked, id=7352, stack(0x0000000028510000,0x0000000028610000)]
  0x000000001be6f000 JavaThread "jar transforms Thread 92" [_thread_blocked, id=9464, stack(0x0000000028410000,0x0000000028510000)]
  0x000000001be70000 JavaThread "jar transforms Thread 91" [_thread_blocked, id=1748, stack(0x0000000028310000,0x0000000028410000)]
  0x000000001be74800 JavaThread "jar transforms Thread 90" [_thread_blocked, id=9692, stack(0x0000000028210000,0x0000000028310000)]
  0x000000001be74000 JavaThread "jar transforms Thread 89" [_thread_blocked, id=4440, stack(0x0000000028110000,0x0000000028210000)]
  0x000000001be68800 JavaThread "jar transforms Thread 88" [_thread_blocked, id=10460, stack(0x0000000028010000,0x0000000028110000)]
  0x000000001be67800 JavaThread "jar transforms Thread 87" [_thread_blocked, id=2656, stack(0x0000000027f10000,0x0000000028010000)]
  0x000000001be6e800 JavaThread "jar transforms Thread 86" [_thread_blocked, id=9640, stack(0x0000000027e10000,0x0000000027f10000)]
  0x000000001be67000 JavaThread "jar transforms Thread 85" [_thread_blocked, id=5676, stack(0x0000000027d10000,0x0000000027e10000)]
  0x000000001be6d800 JavaThread "jar transforms Thread 84" [_thread_blocked, id=8336, stack(0x0000000027c10000,0x0000000027d10000)]
  0x000000001be69000 JavaThread "jar transforms Thread 83" [_thread_blocked, id=8468, stack(0x0000000027b10000,0x0000000027c10000)]
  0x000000001be6d000 JavaThread "jar transforms Thread 82" [_thread_blocked, id=4100, stack(0x0000000027a10000,0x0000000027b10000)]
  0x000000001be6a800 JavaThread "jar transforms Thread 81" [_thread_blocked, id=1208, stack(0x0000000027910000,0x0000000027a10000)]
  0x000000001be6a000 JavaThread "jar transforms Thread 80" [_thread_blocked, id=10908, stack(0x0000000027810000,0x0000000027910000)]
  0x000000001be6c000 JavaThread "jar transforms Thread 79" [_thread_blocked, id=5460, stack(0x0000000027710000,0x0000000027810000)]
  0x000000001be6b800 JavaThread "jar transforms Thread 78" [_thread_blocked, id=3500, stack(0x0000000027610000,0x0000000027710000)]
  0x000000001f2fb800 JavaThread "jar transforms Thread 77" [_thread_blocked, id=6736, stack(0x0000000027510000,0x0000000027610000)]
  0x000000001f2fa800 JavaThread "jar transforms Thread 76" [_thread_blocked, id=5592, stack(0x0000000027410000,0x0000000027510000)]
  0x000000001f2f9000 JavaThread "jar transforms Thread 75" [_thread_blocked, id=10012, stack(0x0000000027310000,0x0000000027410000)]
  0x000000001f2f4800 JavaThread "jar transforms Thread 74" [_thread_blocked, id=3044, stack(0x0000000027210000,0x0000000027310000)]
  0x000000001f2f7000 JavaThread "jar transforms Thread 73" [_thread_blocked, id=3080, stack(0x0000000027110000,0x0000000027210000)]
  0x000000001f2f8800 JavaThread "jar transforms Thread 72" [_thread_blocked, id=9804, stack(0x0000000027010000,0x0000000027110000)]
  0x000000001f2f7800 JavaThread "jar transforms Thread 71" [_thread_blocked, id=4384, stack(0x0000000026f10000,0x0000000027010000)]
  0x000000001f2fa000 JavaThread "jar transforms Thread 70" [_thread_blocked, id=1560, stack(0x0000000026e10000,0x0000000026f10000)]
  0x000000001f2f6000 JavaThread "jar transforms Thread 69" [_thread_blocked, id=11172, stack(0x0000000026d10000,0x0000000026e10000)]
  0x000000001f2f5800 JavaThread "jar transforms Thread 68" [_thread_blocked, id=1744, stack(0x0000000026c10000,0x0000000026d10000)]
  0x000000001f2ed000 JavaThread "jar transforms Thread 67" [_thread_blocked, id=9664, stack(0x0000000026b10000,0x0000000026c10000)]
  0x000000001f2f4000 JavaThread "jar transforms Thread 66" [_thread_blocked, id=8508, stack(0x0000000026a10000,0x0000000026b10000)]
  0x000000001f2ec800 JavaThread "jar transforms Thread 65" [_thread_blocked, id=10880, stack(0x0000000026910000,0x0000000026a10000)]
  0x000000001f2f2800 JavaThread "jar transforms Thread 64" [_thread_blocked, id=5836, stack(0x0000000026810000,0x0000000026910000)]
  0x000000001f2f1800 JavaThread "jar transforms Thread 63" [_thread_blocked, id=768, stack(0x0000000026710000,0x0000000026810000)]
  0x000000001f2f1000 JavaThread "jar transforms Thread 62" [_thread_blocked, id=7912, stack(0x0000000026610000,0x0000000026710000)]
  0x000000001f2ef800 JavaThread "jar transforms Thread 61" [_thread_blocked, id=9380, stack(0x0000000026510000,0x0000000026610000)]
  0x000000001f2ee800 JavaThread "jar transforms Thread 60" [_thread_blocked, id=6000, stack(0x0000000026410000,0x0000000026510000)]
  0x000000001f2ee000 JavaThread "jar transforms Thread 59" [_thread_blocked, id=10152, stack(0x0000000026310000,0x0000000026410000)]
  0x000000001f2f0000 JavaThread "jar transforms Thread 58" [_thread_blocked, id=5912, stack(0x0000000026210000,0x0000000026310000)]
  0x000000001f2f3000 JavaThread "jar transforms Thread 57" [_thread_blocked, id=4776, stack(0x0000000026110000,0x0000000026210000)]
  0x00000000195ca000 JavaThread "jar transforms Thread 56" [_thread_blocked, id=9496, stack(0x0000000026010000,0x0000000026110000)]
  0x00000000195cd000 JavaThread "jar transforms Thread 55" [_thread_blocked, id=9360, stack(0x0000000025f10000,0x0000000026010000)]
  0x00000000195cb000 JavaThread "jar transforms Thread 54" [_thread_blocked, id=8880, stack(0x0000000025e10000,0x0000000025f10000)]
  0x00000000195cb800 JavaThread "jar transforms Thread 53" [_thread_blocked, id=4064, stack(0x0000000025d10000,0x0000000025e10000)]
  0x00000000195cf800 JavaThread "jar transforms Thread 52" [_thread_blocked, id=1856, stack(0x0000000025c10000,0x0000000025d10000)]
  0x00000000195ce000 JavaThread "jar transforms Thread 51" [_thread_blocked, id=5344, stack(0x0000000025b10000,0x0000000025c10000)]
  0x00000000195cc800 JavaThread "jar transforms Thread 50" [_thread_blocked, id=10792, stack(0x0000000025a10000,0x0000000025b10000)]
  0x00000000195ce800 JavaThread "jar transforms Thread 49" [_thread_blocked, id=10184, stack(0x0000000025910000,0x0000000025a10000)]
  0x00000000195c8800 JavaThread "jar transforms Thread 48" [_thread_blocked, id=2312, stack(0x0000000025810000,0x0000000025910000)]
  0x00000000195c8000 JavaThread "jar transforms Thread 47" [_thread_blocked, id=10528, stack(0x0000000025710000,0x0000000025810000)]
  0x00000000195c9800 JavaThread "jar transforms Thread 46" [_thread_blocked, id=10788, stack(0x0000000025610000,0x0000000025710000)]
  0x00000000195c0800 JavaThread "jar transforms Thread 45" [_thread_blocked, id=3340, stack(0x0000000025510000,0x0000000025610000)]
  0x00000000195c2000 JavaThread "jar transforms Thread 44" [_thread_blocked, id=7900, stack(0x0000000025410000,0x0000000025510000)]
  0x00000000195c6800 JavaThread "jar transforms Thread 43" [_thread_blocked, id=9388, stack(0x0000000025310000,0x0000000025410000)]
  0x00000000195c2800 JavaThread "jar transforms Thread 42" [_thread_blocked, id=2120, stack(0x0000000025210000,0x0000000025310000)]
  0x00000000195c5800 JavaThread "jar transforms Thread 41" [_thread_blocked, id=8268, stack(0x0000000025110000,0x0000000025210000)]
  0x00000000195c5000 JavaThread "jar transforms Thread 40" [_thread_blocked, id=10900, stack(0x0000000025010000,0x0000000025110000)]
  0x00000000195c4000 JavaThread "jar transforms Thread 39" [_thread_blocked, id=10996, stack(0x0000000024f10000,0x0000000025010000)]
  0x00000000195c1000 JavaThread "jar transforms Thread 38" [_thread_blocked, id=9988, stack(0x0000000024e10000,0x0000000024f10000)]
  0x00000000195c3800 JavaThread "jar transforms Thread 37" [_thread_blocked, id=10448, stack(0x0000000024d10000,0x0000000024e10000)]
  0x00000000195c7000 JavaThread "jar transforms Thread 36" [_thread_blocked, id=7976, stack(0x0000000024c10000,0x0000000024d10000)]
  0x000000001e603000 JavaThread "jar transforms Thread 35" [_thread_blocked, id=1708, stack(0x0000000024b10000,0x0000000024c10000)]
  0x000000001e602000 JavaThread "jar transforms Thread 34" [_thread_blocked, id=5956, stack(0x0000000024a10000,0x0000000024b10000)]
  0x000000001e601800 JavaThread "jar transforms Thread 33" [_thread_blocked, id=10116, stack(0x0000000024910000,0x0000000024a10000)]
  0x000000001e600000 JavaThread "jar transforms Thread 32" [_thread_blocked, id=5244, stack(0x0000000024810000,0x0000000024910000)]
  0x000000001e600800 JavaThread "jar transforms Thread 31" [_thread_blocked, id=9996, stack(0x0000000024710000,0x0000000024810000)]
  0x000000001e5f8800 JavaThread "jar transforms Thread 30" [_thread_blocked, id=5588, stack(0x0000000024610000,0x0000000024710000)]
  0x000000001e5ff000 JavaThread "jar transforms Thread 29" [_thread_blocked, id=9620, stack(0x0000000024510000,0x0000000024610000)]
  0x000000001e5fa000 JavaThread "jar transforms Thread 28" [_thread_blocked, id=5536, stack(0x0000000024410000,0x0000000024510000)]
  0x000000001e5fe800 JavaThread "jar transforms Thread 27" [_thread_blocked, id=10760, stack(0x0000000024310000,0x0000000024410000)]
  0x000000001e5f7000 JavaThread "jar transforms Thread 26" [_thread_blocked, id=10744, stack(0x0000000024210000,0x0000000024310000)]
  0x000000001e5fc000 JavaThread "jar transforms Thread 25" [_thread_blocked, id=10452, stack(0x0000000024110000,0x0000000024210000)]
  0x000000001e5fd800 JavaThread "jar transforms Thread 24" [_thread_blocked, id=2608, stack(0x0000000024010000,0x0000000024110000)]
  0x000000001e5f7800 JavaThread "jar transforms Thread 23" [_thread_blocked, id=5104, stack(0x0000000023f10000,0x0000000024010000)]
  0x000000001e5fb800 JavaThread "jar transforms Thread 22" [_thread_blocked, id=7868, stack(0x0000000023e10000,0x0000000023f10000)]
  0x000000001e5f6000 JavaThread "jar transforms Thread 21" [_thread_blocked, id=10576, stack(0x0000000023d10000,0x0000000023e10000)]
  0x000000001e5fd000 JavaThread "jar transforms Thread 20" [_thread_blocked, id=5552, stack(0x0000000023c10000,0x0000000023d10000)]
  0x000000001e5f9000 JavaThread "jar transforms Thread 19" [_thread_blocked, id=3296, stack(0x0000000023b10000,0x0000000023c10000)]
  0x000000001e5f5800 JavaThread "jar transforms Thread 18" [_thread_blocked, id=5984, stack(0x0000000023a10000,0x0000000023b10000)]
  0x000000001e5f4000 JavaThread "jar transforms Thread 17" [_thread_blocked, id=3304, stack(0x0000000023910000,0x0000000023a10000)]
  0x000000001e5fa800 JavaThread "jar transforms Thread 16" [_thread_blocked, id=660, stack(0x0000000023810000,0x0000000023910000)]
  0x000000001e5f4800 JavaThread "jar transforms Thread 15" [_thread_blocked, id=4600, stack(0x0000000023710000,0x0000000023810000)]
  0x000000001bbc2800 JavaThread "jar transforms Thread 14" [_thread_blocked, id=1736, stack(0x0000000023610000,0x0000000023710000)]
  0x000000001bbc1800 JavaThread "jar transforms Thread 13" [_thread_blocked, id=10232, stack(0x0000000023510000,0x0000000023610000)]
  0x000000001bbc5800 JavaThread "jar transforms Thread 12" [_thread_blocked, id=232, stack(0x0000000023410000,0x0000000023510000)]
  0x000000001bbc4000 JavaThread "jar transforms Thread 11" [_thread_blocked, id=7548, stack(0x0000000023310000,0x0000000023410000)]
  0x000000001bbc4800 JavaThread "jar transforms Thread 10" [_thread_blocked, id=9248, stack(0x0000000023110000,0x0000000023210000)]
  0x000000001bbc3000 JavaThread "jar transforms Thread 9" [_thread_blocked, id=6860, stack(0x0000000023010000,0x0000000023110000)]
  0x000000001bbc1000 JavaThread "jar transforms Thread 8" [_thread_blocked, id=1664, stack(0x0000000022f10000,0x0000000023010000)]
  0x000000001bbc0000 JavaThread "jar transforms Thread 7" [_thread_blocked, id=7628, stack(0x0000000022e10000,0x0000000022f10000)]
  0x000000001bbb8800 JavaThread "jar transforms Thread 6" [_thread_blocked, id=8376, stack(0x0000000022d10000,0x0000000022e10000)]
  0x000000001bbbf800 JavaThread "jar transforms Thread 5" [_thread_blocked, id=5040, stack(0x0000000022c10000,0x0000000022d10000)]
  0x000000001bbb8000 JavaThread "jar transforms Thread 4" [_thread_blocked, id=8984, stack(0x0000000022b10000,0x0000000022c10000)]
  0x000000001bbbe800 JavaThread "jar transforms Thread 3" [_thread_blocked, id=2156, stack(0x0000000022a10000,0x0000000022b10000)]
  0x000000001bbb7000 JavaThread "jar transforms Thread 2" [_thread_blocked, id=10032, stack(0x0000000022910000,0x0000000022a10000)]
  0x000000001bbbe000 JavaThread "Build operations Thread 4" [_thread_in_vm, id=5884, stack(0x0000000022810000,0x0000000022910000)]
  0x000000001bbb6800 JavaThread "Build operations Thread 3" [_thread_in_Java, id=6112, stack(0x0000000022710000,0x0000000022810000)]
  0x000000001bbbd000 JavaThread "Build operations Thread 2" [_thread_in_native, id=9364, stack(0x0000000022610000,0x0000000022710000)]
  0x000000001bbbc800 JavaThread "Build operations" [_thread_in_native, id=3388, stack(0x0000000022510000,0x0000000022610000)]
  0x000000001b547000 JavaThread "Cache worker for file content cache (C:\Users\volod\.gradle\caches\6.5\fileContent)" [_thread_blocked, id=2500, stack(0x0000000021d10000,0x0000000021e10000)]
  0x000000001b546800 JavaThread "jar transforms" [_thread_blocked, id=3344, stack(0x0000000021480000,0x0000000021580000)]
  0x000000001b54c000 JavaThread "Cache worker for execution history cache (C:\Users\volod\.gradle\caches\6.5\executionHistory)" [_thread_blocked, id=3580, stack(0x0000000021380000,0x0000000021480000)]
  0x000000001b549800 JavaThread "Cache worker for cache directory md-rule (C:\Users\volod\.gradle\caches\6.5\md-rule)" [_thread_blocked, id=9096, stack(0x0000000021280000,0x0000000021380000)]
  0x000000001b54c800 JavaThread "Cache worker for cache directory md-supplier (C:\Users\volod\.gradle\caches\6.5\md-supplier)" [_thread_blocked, id=6020, stack(0x000000001ff20000,0x0000000020020000)]
  0x000000001b54b000 JavaThread "Cache worker for checksums cache (D:\Diploma\DiplomaApp\.gradle\checksums)" [_thread_blocked, id=3228, stack(0x000000001fe20000,0x000000001ff20000)]
  0x000000001b548800 JavaThread "Cache worker for file hash cache (D:\Diploma\DiplomaApp\.gradle\6.5\fileHashes)" [_thread_blocked, id=10864, stack(0x0000000021610000,0x0000000021710000)]
  0x000000001b548000 JavaThread "Cache worker for file hash cache (C:\Users\volod\.gradle\caches\6.5\fileHashes)" [_thread_blocked, id=2792, stack(0x000000001d980000,0x000000001da80000)]
  0x000000001b545800 JavaThread "File lock request listener" [_thread_in_native, id=996, stack(0x000000001d880000,0x000000001d980000)]
  0x0000000019d5a000 JavaThread "Cache worker for journal cache (C:\Users\volod\.gradle\caches\journal-1)" [_thread_blocked, id=920, stack(0x000000001d780000,0x000000001d880000)]
  0x000000001b338000 JavaThread "Thread-9" [_thread_blocked, id=7388, stack(0x000000001d480000,0x000000001d580000)]
  0x000000001b328800 JavaThread "Stdin handler" [_thread_blocked, id=10004, stack(0x000000001d380000,0x000000001d480000)]
  0x000000001b337000 JavaThread "Asynchronous log dispatcher for DefaultDaemonConnection: socket connection from /127.0.0.1:55729 to /127.0.0.1:55730" [_thread_blocked, id=10868, stack(0x000000001d280000,0x000000001d380000)]
  0x000000001b33c000 JavaThread "Daemon worker" [_thread_blocked, id=108, stack(0x000000001d180000,0x000000001d280000)]
  0x000000001b33a800 JavaThread "Cancel handler" [_thread_blocked, id=6668, stack(0x000000001d080000,0x000000001d180000)]
  0x000000001b31b000 JavaThread "Handler for socket connection from /127.0.0.1:55729 to /127.0.0.1:55730" [_thread_in_native, id=5944, stack(0x000000001cf80000,0x000000001d080000)]
  0x000000001b275000 JavaThread "Daemon" [_thread_blocked, id=3716, stack(0x000000001ce80000,0x000000001cf80000)]
  0x000000001b273000 JavaThread "Daemon periodic checks" [_thread_blocked, id=7380, stack(0x000000001cb80000,0x000000001cc80000)]
  0x000000001b272800 JavaThread "Incoming local TCP Connector on port 55729" [_thread_in_native, id=9492, stack(0x000000001c930000,0x000000001ca30000)]
  0x000000001b2cf800 JavaThread "Daemon health stats" [_thread_blocked, id=8356, stack(0x000000001c2f0000,0x000000001c3f0000)]
  0x0000000019378800 JavaThread "Service Thread" daemon [_thread_blocked, id=6120, stack(0x0000000019750000,0x0000000019850000)]
  0x0000000017a04000 JavaThread "C1 CompilerThread2" daemon [_thread_in_native, id=9888, stack(0x0000000019250000,0x0000000019350000)]
=>0x00000000179fb000 JavaThread "C2 CompilerThread1" daemon [_thread_in_native, id=5820, stack(0x0000000019150000,0x0000000019250000)]
  0x00000000179f7000 JavaThread "C2 CompilerThread0" daemon [_thread_in_native, id=980, stack(0x0000000019050000,0x0000000019150000)]
  0x00000000179f3000 JavaThread "Attach Listener" daemon [_thread_blocked, id=6140, stack(0x0000000018f50000,0x0000000019050000)]
  0x00000000179f5800 JavaThread "Signal Dispatcher" daemon [_thread_blocked, id=6420, stack(0x0000000018e50000,0x0000000018f50000)]
  0x0000000002d0b000 JavaThread "Finalizer" daemon [_thread_blocked, id=8824, stack(0x0000000018c40000,0x0000000018d40000)]
  0x00000000179d9000 JavaThread "Reference Handler" daemon [_thread_blocked, id=3668, stack(0x0000000018b40000,0x0000000018c40000)]
  0x0000000002dce000 JavaThread "main" [_thread_blocked, id=8712, stack(0x0000000002ae0000,0x0000000002be0000)]

Other Threads:
  0x00000000179b6000 VMThread [stack: 0x0000000018a40000,0x0000000018b40000] [id=5620]
  0x0000000017a49000 WatcherThread [stack: 0x0000000019850000,0x0000000019950000] [id=1504]

VM state:not at safepoint (normal execution)

VM Mutex/Monitor currently owned by a thread: None

heap address: 0x0000000080000000, size: 2048 MB, Compressed Oops mode: 32-bit
Narrow klass base: 0x0000000000000000, Narrow klass shift: 3
Compressed class space size: 1073741824 Address: 0x0000000100000000

Heap:
 PSYoungGen      total 412672K, used 295300K [0x00000000d5580000, 0x00000000f2080000, 0x0000000100000000)
  eden space 367616K, 75% used [0x00000000d5580000,0x00000000e6347398,0x00000000ebc80000)
  from space 45056K, 42% used [0x00000000ebc80000,0x00000000ecf19cd0,0x00000000ee880000)
  to   space 26112K, 0% used [0x00000000ee880000,0x00000000ee880000,0x00000000f0200000)
 ParOldGen       total 178176K, used 98371K [0x0000000080000000, 0x000000008ae00000, 0x00000000d5580000)
  object space 178176K, 55% used [0x0000000080000000,0x0000000086010e80,0x000000008ae00000)
 Metaspace       used 92715K, capacity 96988K, committed 98200K, reserved 1134592K
  class space    used 12243K, capacity 13099K, committed 13488K, reserved 1048576K

Card table byte_map: [0x0000000012190000,0x00000000125a0000] byte_map_base: 0x0000000011d90000

Marking Bits: (ParMarkBitMap*) 0x000000005854f030
 Begin Bits: [0x0000000012c50000, 0x0000000014c50000)
 End Bits:   [0x0000000014c50000, 0x0000000016c50000)

Polling page: 0x0000000002a80000

CodeCache: size=245760Kb used=41149Kb max_used=41149Kb free=204611Kb
 bounds [0x0000000002dd0000, 0x0000000005630000, 0x0000000011dd0000]
 total_blobs=13588 nmethods=12732 adapters=765
 compilation: enabled

Compilation events (10 events):
Event: 30.026 Thread 0x0000000017a04000 14781       1       com.android.tools.r8.s.b.M0::I2 (3 bytes)
Event: 30.027 Thread 0x0000000017a04000 nmethod 14781 0x000000000560d9d0 code [0x000000000560db20, 0x000000000560dc30]
Event: 30.027 Thread 0x0000000017a04000 14782       1       com.android.tools.r8.s.b.M0::N0 (2 bytes)
Event: 30.027 Thread 0x0000000017a04000 nmethod 14782 0x000000000560d710 code [0x000000000560d860, 0x000000000560d970]
Event: 30.029 Thread 0x0000000017a04000 14783       1       com.android.tools.r8.s.b.M0::H2 (3 bytes)
Event: 30.030 Thread 0x0000000017a04000 nmethod 14783 0x000000000560d450 code [0x000000000560d5a0, 0x000000000560d6b0]
Event: 30.030 Thread 0x0000000017a04000 14784       1       com.android.tools.r8.s.b.M0::G2 (3 bytes)
Event: 30.030 Thread 0x0000000017a04000 nmethod 14784 0x000000000560d190 code [0x000000000560d2e0, 0x000000000560d3f0]
Event: 30.034 Thread 0x0000000017a04000 14785       3       com.android.tools.r8.s.b.X::F (251 bytes)
Event: 30.035 Thread 0x0000000017a04000 nmethod 14785 0x000000000560a910 code [0x000000000560aca0, 0x000000000560c2e8]

GC Heap History (10 events):
Event: 21.092 GC heap before
{Heap before GC invocations=18 (full 4):
 PSYoungGen      total 393728K, used 26087K [0x00000000d5580000, 0x00000000f2080000, 0x0000000100000000)
  eden space 367616K, 0% used [0x00000000d5580000,0x00000000d5580000,0x00000000ebc80000)
  from space 26112K, 99% used [0x00000000ee880000,0x00000000f01f9fa0,0x00000000f0200000)
  to   space 45056K, 0% used [0x00000000ebc80000,0x00000000ebc80000,0x00000000ee880000)
 ParOldGen       total 92160K, used 73270K [0x0000000080000000, 0x0000000085a00000, 0x00000000d5580000)
  object space 92160K, 79% used [0x0000000080000000,0x000000008478da68,0x0000000085a00000)
 Metaspace       used 80292K, capacity 83694K, committed 83864K, reserved 1122304K
  class space    used 10687K, capacity 11358K, committed 11440K, reserved 1048576K
Event: 21.608 GC heap after
Heap after GC invocations=18 (full 4):
 PSYoungGen      total 393728K, used 2004K [0x00000000d5580000, 0x00000000f2080000, 0x0000000100000000)
  eden space 367616K, 0% used [0x00000000d5580000,0x00000000d5580000,0x00000000ebc80000)
  from space 26112K, 7% used [0x00000000ee880000,0x00000000eea75188,0x00000000f0200000)
  to   space 45056K, 0% used [0x00000000ebc80000,0x00000000ebc80000,0x00000000ee880000)
 ParOldGen       total 178176K, used 92017K [0x0000000080000000, 0x000000008ae00000, 0x00000000d5580000)
  object space 178176K, 51% used [0x0000000080000000,0x00000000859dc6d8,0x000000008ae00000)
 Metaspace       used 80185K, capacity 83384K, committed 83864K, reserved 1122304K
  class space    used 10653K, capacity 11299K, committed 11440K, reserved 1048576K
}
Event: 24.564 GC heap before
{Heap before GC invocations=19 (full 4):
 PSYoungGen      total 393728K, used 369620K [0x00000000d5580000, 0x00000000f2080000, 0x0000000100000000)
  eden space 367616K, 100% used [0x00000000d5580000,0x00000000ebc80000,0x00000000ebc80000)
  from space 26112K, 7% used [0x00000000ee880000,0x00000000eea75188,0x00000000f0200000)
  to   space 45056K, 0% used [0x00000000ebc80000,0x00000000ebc80000,0x00000000ee880000)
 ParOldGen       total 178176K, used 92017K [0x0000000080000000, 0x000000008ae00000, 0x00000000d5580000)
  object space 178176K, 51% used [0x0000000080000000,0x00000000859dc6d8,0x000000008ae00000)
 Metaspace       used 91618K, capacity 96318K, committed 96536K, reserved 1132544K
  class space    used 12308K, capacity 13284K, committed 13360K, reserved 1048576K
Event: 24.645 GC heap after
Heap after GC invocations=19 (full 4):
 PSYoungGen      total 412672K, used 45024K [0x00000000d5580000, 0x00000000f2080000, 0x0000000100000000)
  eden space 367616K, 0% used [0x00000000d5580000,0x00000000d5580000,0x00000000ebc80000)
  from space 45056K, 99% used [0x00000000ebc80000,0x00000000ee878338,0x00000000ee880000)
  to   space 26112K, 0% used [0x00000000ee880000,0x00000000ee880000,0x00000000f0200000)
 ParOldGen       total 178176K, used 105722K [0x0000000080000000, 0x000000008ae00000, 0x00000000d5580000)
  object space 178176K, 59% used [0x0000000080000000,0x000000008673e9b8,0x000000008ae00000)
 Metaspace       used 91618K, capacity 96318K, committed 96536K, reserved 1132544K
  class space    used 12308K, capacity 13284K, committed 13360K, reserved 1048576K
}
Event: 26.712 GC heap before
{Heap before GC invocations=20 (full 4):
 PSYoungGen      total 412672K, used 412640K [0x00000000d5580000, 0x00000000f2080000, 0x0000000100000000)
  eden space 367616K, 100% used [0x00000000d5580000,0x00000000ebc80000,0x00000000ebc80000)
  from space 45056K, 99% used [0x00000000ebc80000,0x00000000ee878338,0x00000000ee880000)
  to   space 26112K, 0% used [0x00000000ee880000,0x00000000ee880000,0x00000000f0200000)
 ParOldGen       total 178176K, used 105722K [0x0000000080000000, 0x000000008ae00000, 0x00000000d5580000)
  object space 178176K, 59% used [0x0000000080000000,0x000000008673e9b8,0x000000008ae00000)
 Metaspace       used 92696K, capacity 97490K, committed 97560K, reserved 1134592K
  class space    used 12357K, capacity 13342K, committed 13360K, reserved 1048576K
Event: 26.801 GC heap after
Heap after GC invocations=20 (full 4):
 PSYoungGen      total 393728K, used 26095K [0x00000000d5580000, 0x00000000f2080000, 0x0000000100000000)
  eden space 367616K, 0% used [0x00000000d5580000,0x00000000d5580000,0x00000000ebc80000)
  from space 26112K, 99% used [0x00000000ee880000,0x00000000f01fbc78,0x00000000f0200000)
  to   space 45056K, 0% used [0x00000000ebc80000,0x00000000ebc80000,0x00000000ee880000)
 ParOldGen       total 178176K, used 154254K [0x0000000080000000, 0x000000008ae00000, 0x00000000d5580000)
  object space 178176K, 86% used [0x0000000080000000,0x00000000896a3ba0,0x000000008ae00000)
 Metaspace       used 92696K, capacity 97490K, committed 97560K, reserved 1134592K
  class space    used 12357K, capacity 13342K, committed 13360K, reserved 1048576K
}
Event: 26.801 GC heap before
{Heap before GC invocations=21 (full 5):
 PSYoungGen      total 393728K, used 26095K [0x00000000d5580000, 0x00000000f2080000, 0x0000000100000000)
  eden space 367616K, 0% used [0x00000000d5580000,0x00000000d5580000,0x00000000ebc80000)
  from space 26112K, 99% used [0x00000000ee880000,0x00000000f01fbc78,0x00000000f0200000)
  to   space 45056K, 0% used [0x00000000ebc80000,0x00000000ebc80000,0x00000000ee880000)
 ParOldGen       total 178176K, used 154254K [0x0000000080000000, 0x000000008ae00000, 0x00000000d5580000)
  object space 178176K, 86% used [0x0000000080000000,0x00000000896a3ba0,0x000000008ae00000)
 Metaspace       used 92696K, capacity 97490K, committed 97560K, reserved 1134592K
  class space    used 12357K, capacity 13342K, committed 13360K, reserved 1048576K
Event: 27.048 GC heap after
Heap after GC invocations=21 (full 5):
 PSYoungGen      total 393728K, used 0K [0x00000000d5580000, 0x00000000f2080000, 0x0000000100000000)
  eden space 367616K, 0% used [0x00000000d5580000,0x00000000d5580000,0x00000000ebc80000)
  from space 26112K, 0% used [0x00000000ee880000,0x00000000ee880000,0x00000000f0200000)
  to   space 45056K, 0% used [0x00000000ebc80000,0x00000000ebc80000,0x00000000ee880000)
 ParOldGen       total 178176K, used 98371K [0x0000000080000000, 0x000000008ae00000, 0x00000000d5580000)
  object space 178176K, 55% used [0x0000000080000000,0x0000000086010e80,0x000000008ae00000)
 Metaspace       used 92259K, capacity 96536K, committed 97560K, reserved 1134592K
  class space    used 12197K, capacity 13053K, committed 13360K, reserved 1048576K
}
Event: 29.071 GC heap before
{Heap before GC invocations=22 (full 5):
 PSYoungGen      total 393728K, used 367616K [0x00000000d5580000, 0x00000000f2080000, 0x0000000100000000)
  eden space 367616K, 100% used [0x00000000d5580000,0x00000000ebc80000,0x00000000ebc80000)
  from space 26112K, 0% used [0x00000000ee880000,0x00000000ee880000,0x00000000f0200000)
  to   space 45056K, 0% used [0x00000000ebc80000,0x00000000ebc80000,0x00000000ee880000)
 ParOldGen       total 178176K, used 98371K [0x0000000080000000, 0x000000008ae00000, 0x00000000d5580000)
  object space 178176K, 55% used [0x0000000080000000,0x0000000086010e80,0x000000008ae00000)
 Metaspace       used 92602K, capacity 96896K, committed 97944K, reserved 1134592K
  class space    used 12234K, capacity 13093K, committed 13488K, reserved 1048576K
Event: 29.112 GC heap after
Heap after GC invocations=22 (full 5):
 PSYoungGen      total 412672K, used 19047K [0x00000000d5580000, 0x00000000f2080000, 0x0000000100000000)
  eden space 367616K, 0% used [0x00000000d5580000,0x00000000d5580000,0x00000000ebc80000)
  from space 45056K, 42% used [0x00000000ebc80000,0x00000000ecf19cd0,0x00000000ee880000)
  to   space 26112K, 0% used [0x00000000ee880000,0x00000000ee880000,0x00000000f0200000)
 ParOldGen       total 178176K, used 98371K [0x0000000080000000, 0x000000008ae00000, 0x00000000d5580000)
  object space 178176K, 55% used [0x0000000080000000,0x0000000086010e80,0x000000008ae00000)
 Metaspace       used 92602K, capacity 96896K, committed 97944K, reserved 1134592K
  class space    used 12234K, capacity 13093K, committed 13488K, reserved 1048576K
}

Deoptimization events (10 events):
Event: 27.469 Thread 0x000000001bbb6800 Uncommon trap: reason=unstable_if action=reinterpret pc=0x000000000530cab0 method=com.android.tools.r8.ir.regalloc.h.a(ILcom/android/tools/r8/ir/regalloc/h$a;)Z @ 84
Event: 27.635 Thread 0x000000001bbb6800 Uncommon trap: reason=unstable_if action=reinterpret pc=0x0000000005052a5c method=com.android.tools.r8.ir.conversion.o.a(ILcom/android/tools/r8/ir/conversion/N;)I @ 165
Event: 27.639 Thread 0x000000001bbb6800 Uncommon trap: reason=unstable_if action=reinterpret pc=0x0000000004fa27e8 method=com.android.tools.r8.ir.regalloc.a.a(Lcom/android/tools/r8/s/b/k0;Lcom/android/tools/r8/ir/regalloc/a$b;)Z @ 75
Event: 28.230 Thread 0x000000001bbbe000 Uncommon trap: reason=bimorphic action=maybe_recompile pc=0x00000000055021e0 method=com.android.tools.r8.s.b.t1.a(Lcom/android/tools/r8/s/a/p/u;)Lcom/android/tools/r8/s/b/t1; @ 29
Event: 28.230 Thread 0x000000001bbbe000 Uncommon trap: reason=bimorphic action=maybe_recompile pc=0x00000000055021e0 method=com.android.tools.r8.s.b.t1.a(Lcom/android/tools/r8/s/a/p/u;)Lcom/android/tools/r8/s/b/t1; @ 29
Event: 28.231 Thread 0x000000001bbbe000 Uncommon trap: reason=bimorphic action=maybe_recompile pc=0x00000000055021e0 method=com.android.tools.r8.s.b.t1.a(Lcom/android/tools/r8/s/a/p/u;)Lcom/android/tools/r8/s/b/t1; @ 29
Event: 28.231 Thread 0x000000001bbbe000 Uncommon trap: reason=bimorphic action=maybe_recompile pc=0x00000000055021e0 method=com.android.tools.r8.s.b.t1.a(Lcom/android/tools/r8/s/a/p/u;)Lcom/android/tools/r8/s/b/t1; @ 29
Event: 29.517 Thread 0x000000001bbbe000 Uncommon trap: reason=class_check action=maybe_recompile pc=0x000000000546291c method=com.android.tools.r8.s.a.h.e.b(Lcom/android/tools/r8/s/b/k0;)V @ 379
Event: 29.707 Thread 0x000000001bbb6800 Uncommon trap: reason=bimorphic action=maybe_recompile pc=0x0000000004d1d43c method=java.util.stream.AbstractPipeline.copyIntoWithCancel(Ljava/util/stream/Sink;Ljava/util/Spliterator;)V @ 24
Event: 29.815 Thread 0x000000001bbbe000 Uncommon trap: reason=bimorphic action=maybe_recompile pc=0x0000000004d1d43c method=java.util.stream.AbstractPipeline.copyIntoWithCancel(Ljava/util/stream/Sink;Ljava/util/Spliterator;)V @ 24

Classes redefined (0 events):
No events

Internal exceptions (10 events):
Event: 26.070 Thread 0x000000001bbb6800 Exception <a 'sun/nio/fs/WindowsException'> (0x00000000e2597240) thrown at [C:\src\AOSP-openjdk-git\hotspot\src\share\vm\prims\jni.cpp, line 710]
Event: 26.181 Thread 0x000000001bbb6800 Exception <a 'sun/nio/fs/WindowsException'> (0x00000000e3a38200) thrown at [C:\src\AOSP-openjdk-git\hotspot\src\share\vm\prims\jni.cpp, line 710]
Event: 26.245 Thread 0x000000001bbb6800 Exception <a 'sun/nio/fs/WindowsException'> (0x00000000e47aac00) thrown at [C:\src\AOSP-openjdk-git\hotspot\src\share\vm\prims\jni.cpp, line 710]
Event: 26.343 Thread 0x000000001bbb6800 Exception <a 'sun/nio/fs/WindowsException'> (0x00000000e5bf4910) thrown at [C:\src\AOSP-openjdk-git\hotspot\src\share\vm\prims\jni.cpp, line 710]
Event: 26.404 Thread 0x000000001bbb6800 Exception <a 'sun/nio/fs/WindowsException'> (0x00000000e6a91d50) thrown at [C:\src\AOSP-openjdk-git\hotspot\src\share\vm\prims\jni.cpp, line 710]
Event: 26.431 Thread 0x000000001bbb6800 Exception <a 'sun/nio/fs/WindowsException'> (0x00000000e702daf0) thrown at [C:\src\AOSP-openjdk-git\hotspot\src\share\vm\prims\jni.cpp, line 710]
Event: 26.633 Thread 0x000000001bbb6800 Exception <a 'sun/nio/fs/WindowsException'> (0x00000000ea3ba0d0) thrown at [C:\src\AOSP-openjdk-git\hotspot\src\share\vm\prims\jni.cpp, line 710]
Event: 27.070 Thread 0x000000001bbbe000 Implicit null exception at 0x0000000004a74acf to 0x0000000004a74c3d
Event: 27.111 Thread 0x000000001bbbe000 Exception <a 'sun/nio/fs/WindowsException'> (0x00000000d5eb49b8) thrown at [C:\src\AOSP-openjdk-git\hotspot\src\share\vm\prims\jni.cpp, line 710]
Event: 27.849 Thread 0x000000001bbbe000 Exception <a 'sun/nio/fs/WindowsException'> (0x00000000dc199f48) thrown at [C:\src\AOSP-openjdk-git\hotspot\src\share\vm\prims\jni.cpp, line 710]

Events (10 events):
Event: 29.815 Thread 0x000000001bbbe000 DEOPT PACKING pc=0x0000000004d1d43c sp=0x000000002290a640
Event: 29.815 Thread 0x000000001bbbe000 DEOPT UNPACKING pc=0x0000000002e1557b sp=0x000000002290a518 mode 2
Event: 29.959 Thread 0x000000001bbbe000 DEOPT PACKING pc=0x0000000005306cc2 sp=0x000000002290a560
Event: 29.960 Thread 0x000000001bbbe000 DEOPT UNPACKING pc=0x0000000002e175d0 sp=0x000000002290a440 mode 0
Event: 29.960 loading class com/android/tools/r8/ir/optimize/n0
Event: 29.960 loading class com/android/tools/r8/ir/optimize/n0 done
Event: 29.969 loading class java/util/function/IntPredicate
Event: 29.995 loading class java/util/function/IntPredicate done
Event: 29.996 loading class com/android/tools/r8/t/a/a/a/f/F0
Event: 29.996 loading class com/android/tools/r8/t/a/a/a/f/F0 done


Dynamic libraries:
0x00007ff7cbb30000 - 0x00007ff7cbb61000 	C:\Program Files\Android\Android Studio\jre\bin\java.exe
0x00007ffe4b430000 - 0x00007ffe4b626000 	C:\Windows\SYSTEM32\ntdll.dll
0x00007ffe49570000 - 0x00007ffe4962d000 	C:\Windows\System32\KERNEL32.DLL
0x00007ffe48c90000 - 0x00007ffe48f58000 	C:\Windows\System32\KERNELBASE.dll
0x00007ffe4b0b0000 - 0x00007ffe4b15a000 	C:\Windows\System32\ADVAPI32.dll
0x00007ffe4b160000 - 0x00007ffe4b1fe000 	C:\Windows\System32\msvcrt.dll
0x00007ffe49ab0000 - 0x00007ffe49b4b000 	C:\Windows\System32\sechost.dll
0x00007ffe4b200000 - 0x00007ffe4b324000 	C:\Windows\System32\RPCRT4.dll
0x00007ffe49800000 - 0x00007ffe499a0000 	C:\Windows\System32\USER32.dll
0x00007ffe490f0000 - 0x00007ffe49112000 	C:\Windows\System32\win32u.dll
0x00007ffe4b3c0000 - 0x00007ffe4b3ea000 	C:\Windows\System32\GDI32.dll
0x00007ffe48f60000 - 0x00007ffe49069000 	C:\Windows\System32\gdi32full.dll
0x00007ffe49120000 - 0x00007ffe491bd000 	C:\Windows\System32\msvcp_win.dll
0x00007ffe491c0000 - 0x00007ffe492c0000 	C:\Windows\System32\ucrtbase.dll
0x00007ffe38ad0000 - 0x00007ffe38d6b000 	C:\Windows\WinSxS\amd64_microsoft.windows.common-controls_6595b64144ccf1df_6.0.19041.488_none_ca04af081b815d21\COMCTL32.dll
0x00007ffe496b0000 - 0x00007ffe496e0000 	C:\Windows\System32\IMM32.DLL
0x00007ffe48760000 - 0x00007ffe48857000 	C:\Windows\system32\guard64.dll
0x00007ffe48750000 - 0x00007ffe4875a000 	C:\Windows\system32\version.dll
0x00007ffe4af80000 - 0x00007ffe4b0aa000 	C:\Windows\System32\ole32.dll
0x00007ffe49cb0000 - 0x00007ffe4a005000 	C:\Windows\System32\combase.dll
0x00007ffe48740000 - 0x00007ffe4874b000 	C:\Windows\system32\fltlib.dll
0x00007ffe4a2b0000 - 0x00007ffe4a9f0000 	C:\Windows\System32\shell32.dll
0x00007ffe49740000 - 0x00007ffe497ee000 	C:\Windows\System32\shcore.dll
0x0000000057bc0000 - 0x0000000057c92000 	C:\Program Files\Android\Android Studio\jre\jre\bin\msvcr100.dll
0x0000000057d80000 - 0x00000000585cb000 	C:\Program Files\Android\Android Studio\jre\jre\bin\server\jvm.dll
0x00007ffe49bc0000 - 0x00007ffe49bc8000 	C:\Windows\System32\PSAPI.DLL
0x00007ffe445a0000 - 0x00007ffe445a9000 	C:\Windows\SYSTEM32\WSOCK32.dll
0x00007ffe4b330000 - 0x00007ffe4b39b000 	C:\Windows\System32\WS2_32.dll
0x00007ffe3cb60000 - 0x00007ffe3cb87000 	C:\Windows\SYSTEM32\WINMM.dll
0x00007ffe444d0000 - 0x00007ffe444df000 	C:\Program Files\Android\Android Studio\jre\jre\bin\verify.dll
0x00007ffe37dc0000 - 0x00007ffe37de9000 	C:\Program Files\Android\Android Studio\jre\jre\bin\java.dll
0x00007ffe37c30000 - 0x00007ffe37c46000 	C:\Program Files\Android\Android Studio\jre\jre\bin\zip.dll
0x00007ffe46bb0000 - 0x00007ffe47344000 	C:\Windows\SYSTEM32\windows.storage.dll
0x00007ffe48400000 - 0x00007ffe4842c000 	C:\Windows\SYSTEM32\Wldp.dll
0x00007ffe49b50000 - 0x00007ffe49ba5000 	C:\Windows\System32\shlwapi.dll
0x00007ffe48ab0000 - 0x00007ffe48ad6000 	C:\Windows\SYSTEM32\profapi.dll
0x00007ffe37c10000 - 0x00007ffe37c2a000 	C:\Program Files\Android\Android Studio\jre\jre\bin\net.dll
0x00007ffe48180000 - 0x00007ffe481ea000 	C:\Windows\system32\mswsock.dll
0x00007ffe37920000 - 0x00007ffe37933000 	C:\Program Files\Android\Android Studio\jre\jre\bin\nio.dll
0x00007ffe298d0000 - 0x00007ffe298f7000 	C:\Users\volod\.gradle\native\f6784746aeab05261644944871eae4fe03e0ef1612fff0a4a95f87b438bc6780\windows-amd64\native-platform.dll
0x00007ffe42f30000 - 0x00007ffe42f3d000 	C:\Program Files\Android\Android Studio\jre\jre\bin\management.dll
0x00007ffe48350000 - 0x00007ffe48368000 	C:\Windows\SYSTEM32\CRYPTSP.dll
0x00007ffe47b10000 - 0x00007ffe47b44000 	C:\Windows\system32\rsaenh.dll
0x00007ffe49420000 - 0x00007ffe49447000 	C:\Windows\System32\bcrypt.dll
0x00007ffe48a70000 - 0x00007ffe48a9e000 	C:\Windows\SYSTEM32\USERENV.dll
0x00007ffe49070000 - 0x00007ffe490ef000 	C:\Windows\System32\bcryptprimitives.dll
0x00007ffe48370000 - 0x00007ffe4837c000 	C:\Windows\SYSTEM32\CRYPTBASE.dll
0x00007ffe47e70000 - 0x00007ffe47eab000 	C:\Windows\SYSTEM32\IPHLPAPI.DLL
0x00007ffe497f0000 - 0x00007ffe497f9000 	C:\Windows\System32\NSI.dll
0x00007ffe3eb30000 - 0x00007ffe3eb47000 	C:\Windows\SYSTEM32\dhcpcsvc6.DLL
0x00007ffe3eab0000 - 0x00007ffe3eacd000 	C:\Windows\SYSTEM32\dhcpcsvc.DLL
0x00007ffe47ec0000 - 0x00007ffe47f8b000 	C:\Windows\SYSTEM32\DNSAPI.dll
0x00007ffe3ef50000 - 0x00007ffe3ef5b000 	C:\Windows\SYSTEM32\WINNSI.DLL

VM Arguments:
jvm_args: -Xmx2048m -Dfile.encoding=UTF-8 -Duser.country=RU -Duser.language=ru -Duser.variant 
java_command: org.gradle.launcher.daemon.bootstrap.GradleDaemon 6.5
java_class_path (initial): C:\Users\volod\.gradle\wrapper\dists\gradle-6.5-bin\6nifqtx7604sqp1q6g8wikw7p\gradle-6.5\lib\gradle-launcher-6.5.jar
Launcher Type: SUN_STANDARD

Environment Variables:
JAVA_HOME=C:\Program Files\Java\jdk1.8.0_271
PATH=C:\Windows\system32;C:\Windows;C:\Windows\System32\Wbem;C:\Windows\System32\WindowsPowerShell\v1.0\;C:\Windows\System32\OpenSSH\;C:\Program Files\Java\jdk1.8.0_271\bin;C:\Program Files (x86)\Common Files\Oracle\Java\javapath;C:\Program Files\Common Files\Oracle\Java\javapath;C:\Program Files\Git\cmd;C:\Program Files\MongoDB\Server\4.4\bin;C:\Program Files\PuTTY\;C:\Users\volod\AppData\Local\Microsoft\WindowsApps;C:\kubernetes;
USERNAME=volod
OS=Windows_NT
PROCESSOR_IDENTIFIER=Intel64 Family 6 Model 142 Stepping 9, GenuineIntel



---------------  S Y S T E M  ---------------

OS: Windows 10.0 , 64 bit Build 19041 (10.0.19041.546)

CPU:total 4 (initial active 4) (2 cores per cpu, 2 threads per core) family 6 model 142 stepping 9, cmov, cx8, fxsr, mmx, sse, sse2, sse3, ssse3, sse4.1, sse4.2, popcnt, avx, avx2, aes, clmul, erms, 3dnowpref, lzcnt, ht, tsc, tscinvbit, bmi1, bmi2, adx

Memory: 4k page, physical 8266284k(489544k free), swap 10363436k(4644k free)

vm_info: OpenJDK 64-Bit Server VM (25.242-b01) for windows-amd64 JRE (1.8.0_242-release-1644-b01), built by "builder" with MS VC++ 10.0 (VS2010)

time: Tue Apr 13 20:15:58 2021
timezone: Финляндия (лето)
elapsed time: 30 seconds (0d 0h 0m 30s)

