#
# There is insufficient memory for the Java Runtime Environment to continue.
# Native memory allocation (malloc) failed to allocate 32744 bytes for ChunkPool::allocate
# Possible reasons:
#   The system is out of physical RAM or swap space
#   The process is running with CompressedOops enabled, and the Java Heap may be blocking the growth of the native heap
# Possible solutions:
#   Reduce memory load on the system
#   Increase physical memory or swap space
#   Check if swap backing store is full
#   Decrease Java heap size (-Xmx/-Xms)
#   Decrease number of Java threads
#   Decrease Java thread stack sizes (-Xss)
#   Set larger code cache with -XX:ReservedCodeCacheSize=
#   JVM is running with Unscaled Compressed Oops mode in which the Java heap is
#     placed in the first 4GB address space. The Java Heap base address is the
#     maximum limit for the native heap growth. Please use -XX:HeapBaseMinAddress
#     to set the Java Heap base and to place the Java Heap above 4GB virtual address.
# This output file may be truncated or incomplete.
#
#  Out of Memory Error (allocation.cpp:272), pid=9828, tid=0x0000000000000b28
#
# JRE version: OpenJDK Runtime Environment (8.0_242-b01) (build 1.8.0_242-release-1644-b01)
# Java VM: OpenJDK 64-Bit Server VM (25.242-b01 mixed mode windows-amd64 compressed oops)
# Failed to write core dump. Minidumps are not enabled by default on client versions of Windows
#

---------------  T H R E A D  ---------------

Current thread (0x0000000017b75800):  JavaThread "C2 CompilerThread0" daemon [_thread_in_native, id=2856, stack(0x00000000191e0000,0x00000000192e0000)]

Stack: [0x00000000191e0000,0x00000000192e0000]
[error occurred during error reporting (printing stack bounds), id 0xc0000005]

Native frames: (J=compiled Java code, j=interpreted, Vv=VM code, C=native code)


Current CompileTask:
C2:  29278 13928       4       com.android.tools.r8.ir.optimize.a0::a (1308 bytes)


---------------  P R O C E S S  ---------------

Java Threads: ( => current thread )
  0x00000000218e3000 JavaThread "WorkerExecutor Queue" [_thread_blocked, id=10396, stack(0x000000002cce0000,0x000000002cde0000)]
  0x00000000218d9000 JavaThread "Cache worker for execution history cache (D:\Diploma\DiplomaApp\.gradle\6.5\executionHistory)" [_thread_blocked, id=9356, stack(0x000000002d360000,0x000000002d460000)]
  0x00000000218e0000 JavaThread "Execution worker for ':' Thread 3" [_thread_blocked, id=5352, stack(0x000000002d260000,0x000000002d360000)]
  0x00000000218df000 JavaThread "Execution worker for ':' Thread 2" [_thread_blocked, id=6916, stack(0x000000002d160000,0x000000002d260000)]
  0x00000000218d7800 JavaThread "Execution worker for ':'" [_thread_blocked, id=7368, stack(0x000000002ce30000,0x000000002cf30000)]
  0x00000000218dd000 JavaThread "Cache worker for file content cache (D:\Diploma\DiplomaApp\.gradle\6.5\fileContent)" [_thread_blocked, id=7300, stack(0x000000002c9e0000,0x000000002cae0000)]
  0x00000000218de800 JavaThread "Memory manager" [_thread_blocked, id=6112, stack(0x000000002c6e0000,0x000000002c7e0000)]
  0x00000000218d7000 JavaThread "pool-1-thread-1" [_thread_blocked, id=11232, stack(0x000000002b280000,0x000000002b380000)]
  0x00000000218dd800 JavaThread "Cache worker for Build Output Cleanup Cache (D:\Diploma\DiplomaApp\.gradle\buildOutputCleanup)" [_thread_blocked, id=1920, stack(0x000000002b3e0000,0x000000002b4e0000)]
  0x0000000019f91800 JavaThread "jar transforms Thread 118" [_thread_blocked, id=1684, stack(0x000000002af80000,0x000000002b080000)]
  0x0000000019f90800 JavaThread "jar transforms Thread 117" [_thread_blocked, id=1248, stack(0x000000002ae80000,0x000000002af80000)]
  0x0000000019f90000 JavaThread "jar transforms Thread 116" [_thread_blocked, id=5720, stack(0x000000002ad80000,0x000000002ae80000)]
  0x0000000019f8f000 JavaThread "jar transforms Thread 115" [_thread_blocked, id=10152, stack(0x000000002ac80000,0x000000002ad80000)]
  0x0000000019f8e800 JavaThread "jar transforms Thread 114" [_thread_blocked, id=7040, stack(0x000000002ab80000,0x000000002ac80000)]
  0x0000000019f92000 JavaThread "jar transforms Thread 113" [_thread_blocked, id=3296, stack(0x000000002aa80000,0x000000002ab80000)]
  0x0000000019f8d800 JavaThread "jar transforms Thread 112" [_thread_blocked, id=5428, stack(0x000000002a980000,0x000000002aa80000)]
  0x0000000019f93000 JavaThread "jar transforms Thread 111" [_thread_blocked, id=10444, stack(0x000000002a880000,0x000000002a980000)]
  0x0000000019f94000 JavaThread "jar transforms Thread 110" [_thread_blocked, id=9428, stack(0x000000002a780000,0x000000002a880000)]
  0x0000000019f89000 JavaThread "jar transforms Thread 109" [_thread_blocked, id=8220, stack(0x000000002a680000,0x000000002a780000)]
  0x0000000019f8d000 JavaThread "jar transforms Thread 108" [_thread_blocked, id=6080, stack(0x000000002a580000,0x000000002a680000)]
  0x0000000019f85800 JavaThread "jar transforms Thread 107" [_thread_blocked, id=5192, stack(0x000000002a480000,0x000000002a580000)]
  0x0000000019f8a000 JavaThread "jar transforms Thread 106" [_thread_blocked, id=10364, stack(0x000000002a380000,0x000000002a480000)]
  0x0000000019f88800 JavaThread "jar transforms Thread 105" [_thread_blocked, id=2544, stack(0x000000002a280000,0x000000002a380000)]
  0x0000000019f87800 JavaThread "jar transforms Thread 104" [_thread_blocked, id=10288, stack(0x000000002a180000,0x000000002a280000)]
  0x0000000019f8b800 JavaThread "jar transforms Thread 103" [_thread_blocked, id=2528, stack(0x000000002a080000,0x000000002a180000)]
  0x0000000019f8a800 JavaThread "jar transforms Thread 102" [_thread_blocked, id=9004, stack(0x0000000029f80000,0x000000002a080000)]
  0x0000000019f86000 JavaThread "jar transforms Thread 101" [_thread_blocked, id=5388, stack(0x0000000029e80000,0x0000000029f80000)]
  0x0000000019f8c000 JavaThread "jar transforms Thread 100" [_thread_blocked, id=9552, stack(0x0000000029d80000,0x0000000029e80000)]
  0x0000000019f84800 JavaThread "jar transforms Thread 99" [_thread_blocked, id=9128, stack(0x0000000029c80000,0x0000000029d80000)]
  0x0000000019f87000 JavaThread "jar transforms Thread 98" [_thread_blocked, id=11208, stack(0x0000000029b80000,0x0000000029c80000)]
  0x0000000021b39000 JavaThread "jar transforms Thread 97" [_thread_blocked, id=8740, stack(0x0000000029a80000,0x0000000029b80000)]
  0x0000000021b3a800 JavaThread "jar transforms Thread 96" [_thread_blocked, id=3408, stack(0x0000000029980000,0x0000000029a80000)]
  0x0000000021b3a000 JavaThread "jar transforms Thread 95" [_thread_blocked, id=4116, stack(0x0000000029880000,0x0000000029980000)]
  0x0000000021b38800 JavaThread "jar transforms Thread 94" [_thread_blocked, id=4000, stack(0x0000000029780000,0x0000000029880000)]
  0x0000000021b37800 JavaThread "jar transforms Thread 93" [_thread_blocked, id=1256, stack(0x0000000029680000,0x0000000029780000)]
  0x0000000021b37000 JavaThread "jar transforms Thread 92" [_thread_blocked, id=3500, stack(0x0000000029580000,0x0000000029680000)]
  0x0000000021b36000 JavaThread "jar transforms Thread 91" [_thread_blocked, id=3412, stack(0x0000000029480000,0x0000000029580000)]
  0x0000000021b2f800 JavaThread "jar transforms Thread 90" [_thread_blocked, id=9496, stack(0x0000000029380000,0x0000000029480000)]
  0x0000000021b35800 JavaThread "jar transforms Thread 89" [_thread_blocked, id=9796, stack(0x0000000029280000,0x0000000029380000)]
  0x0000000021b34800 JavaThread "jar transforms Thread 88" [_thread_blocked, id=10020, stack(0x0000000029180000,0x0000000029280000)]
  0x0000000021b33000 JavaThread "jar transforms Thread 87" [_thread_blocked, id=9944, stack(0x0000000029080000,0x0000000029180000)]
  0x0000000021b34000 JavaThread "jar transforms Thread 86" [_thread_blocked, id=3840, stack(0x0000000028f80000,0x0000000029080000)]
  0x0000000021b2b800 JavaThread "jar transforms Thread 85" [_thread_blocked, id=9304, stack(0x0000000028e80000,0x0000000028f80000)]
  0x0000000021b31800 JavaThread "jar transforms Thread 84" [_thread_blocked, id=9652, stack(0x0000000028d80000,0x0000000028e80000)]
  0x0000000021b30000 JavaThread "jar transforms Thread 83" [_thread_blocked, id=10748, stack(0x0000000028c80000,0x0000000028d80000)]
  0x0000000021b2e800 JavaThread "jar transforms Thread 82" [_thread_blocked, id=10532, stack(0x0000000028b80000,0x0000000028c80000)]
  0x0000000021b2d800 JavaThread "jar transforms Thread 81" [_thread_blocked, id=6924, stack(0x0000000028a80000,0x0000000028b80000)]
  0x0000000021b2d000 JavaThread "jar transforms Thread 80" [_thread_blocked, id=3324, stack(0x0000000028980000,0x0000000028a80000)]
  0x0000000021b32800 JavaThread "jar transforms Thread 79" [_thread_blocked, id=240, stack(0x0000000028880000,0x0000000028980000)]
  0x0000000021b2c000 JavaThread "jar transforms Thread 78" [_thread_blocked, id=1284, stack(0x0000000028780000,0x0000000028880000)]
  0x0000000021b31000 JavaThread "jar transforms Thread 77" [_thread_blocked, id=7912, stack(0x0000000028680000,0x0000000028780000)]
  0x000000001a5c5800 JavaThread "jar transforms Thread 76" [_thread_blocked, id=10216, stack(0x0000000028580000,0x0000000028680000)]
  0x000000001a5c4800 JavaThread "jar transforms Thread 75" [_thread_blocked, id=4164, stack(0x0000000028480000,0x0000000028580000)]
  0x000000001a5c4000 JavaThread "jar transforms Thread 74" [_thread_blocked, id=9260, stack(0x0000000028380000,0x0000000028480000)]
  0x000000001a5c3000 JavaThread "jar transforms Thread 73" [_thread_blocked, id=4776, stack(0x0000000028280000,0x0000000028380000)]
  0x000000001a5c2800 JavaThread "jar transforms Thread 72" [_thread_blocked, id=8380, stack(0x0000000028180000,0x0000000028280000)]
  0x000000001a5bb000 JavaThread "jar transforms Thread 71" [_thread_blocked, id=1268, stack(0x0000000028080000,0x0000000028180000)]
  0x000000001a5c1800 JavaThread "jar transforms Thread 70" [_thread_blocked, id=3392, stack(0x0000000027f80000,0x0000000028080000)]
  0x000000001a5c1000 JavaThread "jar transforms Thread 69" [_thread_blocked, id=8672, stack(0x0000000027e80000,0x0000000027f80000)]
  0x000000001a5bb800 JavaThread "jar transforms Thread 68" [_thread_blocked, id=3664, stack(0x0000000027d80000,0x0000000027e80000)]
  0x000000001a5c0000 JavaThread "jar transforms Thread 67" [_thread_blocked, id=5908, stack(0x0000000027c80000,0x0000000027d80000)]
  0x000000001a5bf800 JavaThread "jar transforms Thread 66" [_thread_blocked, id=5964, stack(0x0000000027b80000,0x0000000027c80000)]
  0x000000001a5be800 JavaThread "jar transforms Thread 65" [_thread_blocked, id=108, stack(0x0000000027a80000,0x0000000027b80000)]
  0x000000001a5ba000 JavaThread "jar transforms Thread 64" [_thread_blocked, id=5040, stack(0x0000000027980000,0x0000000027a80000)]
  0x000000001a5b9800 JavaThread "jar transforms Thread 63" [_thread_blocked, id=3244, stack(0x0000000027880000,0x0000000027980000)]
  0x000000001a5be000 JavaThread "jar transforms Thread 62" [_thread_blocked, id=3344, stack(0x0000000027780000,0x0000000027880000)]
  0x000000001a5b6800 JavaThread "jar transforms Thread 61" [_thread_blocked, id=9416, stack(0x0000000027680000,0x0000000027780000)]
  0x000000001a5b8000 JavaThread "jar transforms Thread 60" [_thread_blocked, id=5340, stack(0x0000000027580000,0x0000000027680000)]
  0x000000001a5bd000 JavaThread "jar transforms Thread 59" [_thread_blocked, id=6032, stack(0x0000000027480000,0x0000000027580000)]
  0x000000001a5b7000 JavaThread "jar transforms Thread 58" [_thread_blocked, id=10388, stack(0x0000000027380000,0x0000000027480000)]
  0x000000001a5bc800 JavaThread "jar transforms Thread 57" [_thread_blocked, id=10588, stack(0x0000000027280000,0x0000000027380000)]
  0x000000001a5b8800 JavaThread "jar transforms Thread 56" [_thread_blocked, id=8440, stack(0x0000000027180000,0x0000000027280000)]
  0x000000001ecdd000 JavaThread "jar transforms Thread 55" [_thread_blocked, id=8064, stack(0x0000000027080000,0x0000000027180000)]
  0x000000001ecd5800 JavaThread "jar transforms Thread 54" [_thread_blocked, id=3740, stack(0x0000000026f80000,0x0000000027080000)]
  0x000000001ecdc000 JavaThread "jar transforms Thread 53" [_thread_blocked, id=3288, stack(0x0000000026e80000,0x0000000026f80000)]
  0x000000001ecd4800 JavaThread "jar transforms Thread 52" [_thread_blocked, id=8984, stack(0x0000000026d80000,0x0000000026e80000)]
  0x000000001ecda800 JavaThread "jar transforms Thread 51" [_thread_blocked, id=2368, stack(0x0000000026c80000,0x0000000026d80000)]
  0x000000001ecdb800 JavaThread "jar transforms Thread 50" [_thread_blocked, id=2560, stack(0x0000000026b80000,0x0000000026c80000)]
  0x000000001ecd3000 JavaThread "jar transforms Thread 49" [_thread_blocked, id=5972, stack(0x00000000239c0000,0x0000000023ac0000)]
  0x000000001ecd9000 JavaThread "jar transforms Thread 48" [_thread_blocked, id=10580, stack(0x00000000238c0000,0x00000000239c0000)]
  0x000000001ecda000 JavaThread "jar transforms Thread 47" [_thread_blocked, id=6768, stack(0x00000000237c0000,0x00000000238c0000)]
  0x000000001ecd6000 JavaThread "jar transforms Thread 46" [_thread_blocked, id=208, stack(0x0000000026a80000,0x0000000026b80000)]
  0x000000001ecd8800 JavaThread "jar transforms Thread 45" [_thread_blocked, id=9900, stack(0x0000000026980000,0x0000000026a80000)]
  0x000000001ecd7800 JavaThread "jar transforms Thread 44" [_thread_blocked, id=10508, stack(0x0000000026880000,0x0000000026980000)]
  0x000000001ecd7000 JavaThread "jar transforms Thread 43" [_thread_blocked, id=11048, stack(0x0000000026780000,0x0000000026880000)]
  0x000000001ecce000 JavaThread "jar transforms Thread 42" [_thread_blocked, id=1952, stack(0x0000000026680000,0x0000000026780000)]
  0x000000001eccf800 JavaThread "jar transforms Thread 41" [_thread_blocked, id=9860, stack(0x0000000026580000,0x0000000026680000)]
  0x000000001ecd2800 JavaThread "jar transforms Thread 40" [_thread_blocked, id=9692, stack(0x0000000026480000,0x0000000026580000)]
  0x000000001ecd1000 JavaThread "jar transforms Thread 39" [_thread_blocked, id=5852, stack(0x0000000026380000,0x0000000026480000)]
  0x000000001ecd4000 JavaThread "jar transforms Thread 38" [_thread_blocked, id=3508, stack(0x0000000026280000,0x0000000026380000)]
  0x000000001ecce800 JavaThread "jar transforms Thread 37" [_thread_blocked, id=9212, stack(0x0000000026180000,0x0000000026280000)]
  0x000000001ecd1800 JavaThread "jar transforms Thread 36" [_thread_blocked, id=244, stack(0x0000000026080000,0x0000000026180000)]
  0x000000001ecd0000 JavaThread "jar transforms Thread 35" [_thread_blocked, id=9780, stack(0x0000000025f80000,0x0000000026080000)]
  0x000000001df3d000 JavaThread "jar transforms Thread 34" [_thread_blocked, id=10948, stack(0x0000000025e80000,0x0000000025f80000)]
  0x000000001df3c800 JavaThread "jar transforms Thread 33" [_thread_blocked, id=2120, stack(0x0000000025d80000,0x0000000025e80000)]
  0x000000001df3b000 JavaThread "jar transforms Thread 32" [_thread_blocked, id=10080, stack(0x0000000025c80000,0x0000000025d80000)]
  0x000000001df3f800 JavaThread "jar transforms Thread 31" [_thread_blocked, id=5508, stack(0x0000000025b80000,0x0000000025c80000)]
  0x000000001df3b800 JavaThread "jar transforms Thread 30" [_thread_blocked, id=10436, stack(0x0000000025a80000,0x0000000025b80000)]
  0x000000001df3e800 JavaThread "jar transforms Thread 29" [_thread_blocked, id=11032, stack(0x0000000025980000,0x0000000025a80000)]
  0x000000001df3e000 JavaThread "jar transforms Thread 28" [_thread_blocked, id=1676, stack(0x0000000025880000,0x0000000025980000)]
  0x000000001df3a000 JavaThread "jar transforms Thread 27" [_thread_blocked, id=3804, stack(0x0000000025780000,0x0000000025880000)]
  0x000000001df39800 JavaThread "jar transforms Thread 26" [_thread_blocked, id=1276, stack(0x0000000025680000,0x0000000025780000)]
  0x000000001df32000 JavaThread "jar transforms Thread 25" [_thread_blocked, id=10696, stack(0x0000000025580000,0x0000000025680000)]
  0x000000001df38800 JavaThread "jar transforms Thread 24" [_thread_blocked, id=10984, stack(0x0000000025480000,0x0000000025580000)]
  0x000000001df35000 JavaThread "jar transforms Thread 23" [_thread_blocked, id=6240, stack(0x0000000025380000,0x0000000025480000)]
  0x000000001df31000 JavaThread "jar transforms Thread 22" [_thread_blocked, id=2484, stack(0x0000000025280000,0x0000000025380000)]
  0x000000001df38000 JavaThread "jar transforms Thread 21" [_thread_blocked, id=3032, stack(0x0000000025180000,0x0000000025280000)]
  0x000000001df37000 JavaThread "jar transforms Thread 20" [_thread_blocked, id=9228, stack(0x0000000025080000,0x0000000025180000)]
  0x000000001df34000 JavaThread "jar transforms Thread 19" [_thread_blocked, id=10036, stack(0x0000000024f80000,0x0000000025080000)]
  0x000000001df30800 JavaThread "jar transforms Thread 18" [_thread_blocked, id=10912, stack(0x0000000024d80000,0x0000000024e80000)]
  0x000000001df36800 JavaThread "jar transforms Thread 17" [_thread_blocked, id=5152, stack(0x0000000024c80000,0x0000000024d80000)]
  0x000000001df33800 JavaThread "jar transforms Thread 16" [_thread_blocked, id=5860, stack(0x0000000024b80000,0x0000000024c80000)]
  0x000000001df35800 JavaThread "jar transforms Thread 15" [_thread_blocked, id=11120, stack(0x0000000024a80000,0x0000000024b80000)]
  0x000000001df32800 JavaThread "jar transforms Thread 14" [_thread_blocked, id=1108, stack(0x0000000024980000,0x0000000024a80000)]
  0x000000001c192800 JavaThread "jar transforms Thread 13" [_thread_blocked, id=9396, stack(0x0000000024880000,0x0000000024980000)]
  0x000000001c18e800 JavaThread "jar transforms Thread 12" [_thread_blocked, id=7764, stack(0x0000000024780000,0x0000000024880000)]
  0x000000001c191800 JavaThread "jar transforms Thread 11" [_thread_blocked, id=3656, stack(0x0000000024680000,0x0000000024780000)]
  0x000000001c193000 JavaThread "jar transforms Thread 10" [_thread_blocked, id=8912, stack(0x0000000024580000,0x0000000024680000)]
  0x000000001c191000 JavaThread "jar transforms Thread 9" [_thread_blocked, id=9768, stack(0x0000000024480000,0x0000000024580000)]
  0x000000001c194800 JavaThread "jar transforms Thread 8" [_thread_blocked, id=8080, stack(0x0000000024380000,0x0000000024480000)]
  0x000000001c194000 JavaThread "jar transforms Thread 7" [_thread_blocked, id=5168, stack(0x0000000024280000,0x0000000024380000)]
  0x000000001c190000 JavaThread "jar transforms Thread 6" [_thread_blocked, id=1344, stack(0x0000000024180000,0x0000000024280000)]
  0x000000001c18f800 JavaThread "jar transforms Thread 5" [_thread_blocked, id=964, stack(0x0000000024080000,0x0000000024180000)]
  0x000000001c187000 JavaThread "jar transforms Thread 4" [_thread_blocked, id=1472, stack(0x0000000023f80000,0x0000000024080000)]
  0x000000001c18e000 JavaThread "jar transforms Thread 3" [_thread_blocked, id=5640, stack(0x0000000023e80000,0x0000000023f80000)]
  0x000000001c186800 JavaThread "jar transforms Thread 2" [_thread_blocked, id=4064, stack(0x0000000023d80000,0x0000000023e80000)]
  0x000000001c18a000 JavaThread "Build operations Thread 4" [_thread_blocked, id=2300, stack(0x0000000023c80000,0x0000000023d80000)]
  0x000000001c189800 JavaThread "Build operations Thread 3" [_thread_blocked, id=1240, stack(0x0000000023b80000,0x0000000023c80000)]
  0x000000001c18d000 JavaThread "Build operations Thread 2" [_thread_in_vm, id=7596, stack(0x00000000236c0000,0x00000000237c0000)]
  0x000000001c18c800 JavaThread "Build operations" [_thread_in_Java, id=10724, stack(0x00000000235c0000,0x00000000236c0000)]
  0x000000001b7eb800 JavaThread "Cache worker for file content cache (C:\Users\volod\.gradle\caches\6.5\fileContent)" [_thread_blocked, id=6828, stack(0x0000000022ec0000,0x0000000022fc0000)]
  0x000000001b7e9800 JavaThread "jar transforms" [_thread_blocked, id=8940, stack(0x00000000206b0000,0x00000000207b0000)]
  0x000000001b7ec800 JavaThread "Cache worker for execution history cache (C:\Users\volod\.gradle\caches\6.5\executionHistory)" [_thread_blocked, id=8860, stack(0x00000000205b0000,0x00000000206b0000)]
  0x000000001b7e8800 JavaThread "Cache worker for cache directory md-rule (C:\Users\volod\.gradle\caches\6.5\md-rule)" [_thread_blocked, id=8792, stack(0x00000000204b0000,0x00000000205b0000)]
  0x000000001b7e8000 JavaThread "Cache worker for cache directory md-supplier (C:\Users\volod\.gradle\caches\6.5\md-supplier)" [_thread_blocked, id=8932, stack(0x00000000203b0000,0x00000000204b0000)]
  0x000000001b7ea000 JavaThread "Cache worker for checksums cache (D:\Diploma\DiplomaApp\.gradle\checksums)" [_thread_blocked, id=4196, stack(0x00000000202b0000,0x00000000203b0000)]
  0x000000001b7e7000 JavaThread "Cache worker for file hash cache (D:\Diploma\DiplomaApp\.gradle\6.5\fileHashes)" [_thread_blocked, id=3276, stack(0x0000000020820000,0x0000000020920000)]
  0x000000001b7e6800 JavaThread "Cache worker for file hash cache (C:\Users\volod\.gradle\caches\6.5\fileHashes)" [_thread_blocked, id=4832, stack(0x000000001dc10000,0x000000001dd10000)]
  0x000000001b7e5800 JavaThread "File lock request listener" [_thread_in_native, id=7280, stack(0x000000001db10000,0x000000001dc10000)]
  0x000000001b592000 JavaThread "Cache worker for journal cache (C:\Users\volod\.gradle\caches\journal-1)" [_thread_blocked, id=9724, stack(0x000000001da10000,0x000000001db10000)]
  0x000000001b552000 JavaThread "Thread-9" [_thread_blocked, id=5676, stack(0x000000001d710000,0x000000001d810000)]
  0x000000001b551800 JavaThread "Stdin handler" [_thread_blocked, id=1040, stack(0x000000001d610000,0x000000001d710000)]
  0x0000000019891800 JavaThread "Asynchronous log dispatcher for DefaultDaemonConnection: socket connection from /127.0.0.1:56425 to /127.0.0.1:56426" [_thread_blocked, id=264, stack(0x000000001d510000,0x000000001d610000)]
  0x000000001b556800 JavaThread "Daemon worker" [_thread_blocked, id=4508, stack(0x000000001d410000,0x000000001d510000)]
  0x000000001b555000 JavaThread "Cancel handler" [_thread_blocked, id=9712, stack(0x000000001d310000,0x000000001d410000)]
  0x000000001b561800 JavaThread "Handler for socket connection from /127.0.0.1:56425 to /127.0.0.1:56426" [_thread_in_native, id=8560, stack(0x000000001d210000,0x000000001d310000)]
  0x000000001b55d000 JavaThread "Daemon" [_thread_blocked, id=2732, stack(0x000000001d110000,0x000000001d210000)]
  0x000000001b55c000 JavaThread "Daemon periodic checks" [_thread_blocked, id=9812, stack(0x000000001ce10000,0x000000001cf10000)]
  0x000000001b55b000 JavaThread "Incoming local TCP Connector on port 56425" [_thread_in_native, id=8716, stack(0x000000001cbc0000,0x000000001ccc0000)]
  0x0000000019889000 JavaThread "Daemon health stats" [_thread_blocked, id=10060, stack(0x000000001c480000,0x000000001c580000)]
  0x0000000019518800 JavaThread "Service Thread" daemon [_thread_blocked, id=7640, stack(0x00000000198e0000,0x00000000199e0000)]
  0x0000000017b8b000 JavaThread "C1 CompilerThread2" daemon [_thread_blocked, id=5200, stack(0x00000000193e0000,0x00000000194e0000)]
  0x0000000017b7b800 JavaThread "C2 CompilerThread1" daemon [_thread_in_native, id=7380, stack(0x00000000192e0000,0x00000000193e0000)]
=>0x0000000017b75800 JavaThread "C2 CompilerThread0" daemon [_thread_in_native, id=2856, stack(0x00000000191e0000,0x00000000192e0000)]
  0x0000000017b74000 JavaThread "Attach Listener" daemon [_thread_blocked, id=7860, stack(0x00000000190e0000,0x00000000191e0000)]
  0x0000000017b73000 JavaThread "Signal Dispatcher" daemon [_thread_blocked, id=8296, stack(0x0000000018fe0000,0x00000000190e0000)]
  0x0000000002e9b000 JavaThread "Finalizer" daemon [_thread_blocked, id=10684, stack(0x0000000018dd0000,0x0000000018ed0000)]
  0x0000000017b59000 JavaThread "Reference Handler" daemon [_thread_blocked, id=9744, stack(0x0000000018cd0000,0x0000000018dd0000)]
  0x0000000002f4e000 JavaThread "main" [_thread_blocked, id=10740, stack(0x0000000002c70000,0x0000000002d70000)]

Other Threads:
  0x0000000017b36000 VMThread [stack: 0x0000000018bd0000,0x0000000018cd0000] [id=4036]
  0x0000000017bcd000 WatcherThread [stack: 0x00000000199e0000,0x0000000019ae0000] [id=10988]

VM state:not at safepoint (normal execution)

VM Mutex/Monitor currently owned by a thread: None

heap address: 0x0000000080000000, size: 2048 MB, Compressed Oops mode: 32-bit
Narrow klass base: 0x0000000000000000, Narrow klass shift: 3
Compressed class space size: 1073741824 Address: 0x0000000100000000

Heap:
 PSYoungGen      total 588800K, used 417421K [0x00000000d5580000, 0x00000000fff80000, 0x0000000100000000)
  eden space 541696K, 72% used [0x00000000d5580000,0x00000000ed60ead0,0x00000000f6680000)
  from space 47104K, 50% used [0x00000000f6680000,0x00000000f7d94af0,0x00000000f9480000)
  to   space 46080K, 0% used [0x00000000fd280000,0x00000000fd280000,0x00000000fff80000)
 ParOldGen       total 194048K, used 90782K [0x0000000080000000, 0x000000008bd80000, 0x00000000d5580000)
  object space 194048K, 46% used [0x0000000080000000,0x00000000858a7a48,0x000000008bd80000)
 Metaspace       used 82151K, capacity 86266K, committed 87192K, reserved 1124352K
  class space    used 11088K, capacity 11864K, committed 12200K, reserved 1048576K

Card table byte_map: [0x0000000012310000,0x0000000012720000] byte_map_base: 0x0000000011f10000

Marking Bits: (ParMarkBitMap*) 0x000000005854f030
 Begin Bits: [0x0000000012dd0000, 0x0000000014dd0000)
 End Bits:   [0x0000000014dd0000, 0x0000000016dd0000)

Polling page: 0x0000000002c30000

CodeCache: size=245760Kb used=40823Kb max_used=40823Kb free=204936Kb
 bounds [0x0000000002f50000, 0x0000000005760000, 0x0000000011f50000]
 total_blobs=12890 nmethods=12064 adapters=736
 compilation: enabled

Compilation events (10 events):
Event: 29.251 Thread 0x0000000017b8b000 14056       1       com.android.tools.r8.code.F2::a (1 bytes)
Event: 29.251 Thread 0x0000000017b8b000 nmethod 14056 0x0000000004cb2390 code [0x0000000004cb24e0, 0x0000000004cb25f0]
Event: 29.267 Thread 0x0000000017b8b000 14058       2       com.android.tools.r8.p.n.U::<init> (91 bytes)
Event: 29.268 Thread 0x0000000017b8b000 nmethod 14058 0x0000000004cb2010 code [0x0000000004cb2160, 0x0000000004cb22f0]
Event: 29.271 Thread 0x0000000017b8b000 14059       1       com.android.tools.r8.graph.l0$s::N (1 bytes)
Event: 29.271 Thread 0x0000000017b8b000 nmethod 14059 0x0000000004cb1d50 code [0x0000000004cb1ea0, 0x0000000004cb1fb0]
Event: 29.274 Thread 0x0000000017b8b000 14060 %     3       com.android.tools.r8.graph.l0$d::N @ 10 (28 bytes)
Event: 29.275 Thread 0x0000000017b8b000 nmethod 14060% 0x0000000005754dd0 code [0x0000000005754f60, 0x00000000057552a8]
Event: 29.275 Thread 0x0000000017b8b000 14061       3       com.android.tools.r8.graph.l0$d::N (28 bytes)
Event: 29.275 Thread 0x0000000017b8b000 nmethod 14061 0x0000000005755450 code [0x00000000057555c0, 0x00000000057558a8]

GC Heap History (10 events):
Event: 22.461 GC heap before
{Heap before GC invocations=21 (full 3):
 PSYoungGen      total 430592K, used 424225K [0x00000000d5580000, 0x00000000f7180000, 0x0000000100000000)
  eden space 388096K, 100% used [0x00000000d5580000,0x00000000ed080000,0x00000000ed080000)
  from space 42496K, 85% used [0x00000000ed080000,0x00000000ef3c85a0,0x00000000efa00000)
  to   space 47104K, 0% used [0x00000000f4380000,0x00000000f4380000,0x00000000f7180000)
 ParOldGen       total 105472K, used 75722K [0x0000000080000000, 0x0000000086700000, 0x00000000d5580000)
  object space 105472K, 71% used [0x0000000080000000,0x00000000849f29f8,0x0000000086700000)
 Metaspace       used 82203K, capacity 86696K, committed 86936K, reserved 1124352K
  class space    used 11202K, capacity 12077K, committed 12200K, reserved 1048576K
Event: 22.541 GC heap after
Heap after GC invocations=21 (full 3):
 PSYoungGen      total 500736K, used 39157K [0x00000000d5580000, 0x00000000f7f80000, 0x0000000100000000)
  eden space 453632K, 0% used [0x00000000d5580000,0x00000000d5580000,0x00000000f1080000)
  from space 47104K, 83% used [0x00000000f4380000,0x00000000f69bd4c0,0x00000000f7180000)
  to   space 52224K, 0% used [0x00000000f1080000,0x00000000f1080000,0x00000000f4380000)
 ParOldGen       total 105472K, used 75722K [0x0000000080000000, 0x0000000086700000, 0x00000000d5580000)
  object space 105472K, 71% used [0x0000000080000000,0x00000000849f29f8,0x0000000086700000)
 Metaspace       used 82203K, capacity 86696K, committed 86936K, reserved 1124352K
  class space    used 11202K, capacity 12077K, committed 12200K, reserved 1048576K
}
Event: 24.172 GC heap before
{Heap before GC invocations=22 (full 3):
 PSYoungGen      total 500736K, used 492789K [0x00000000d5580000, 0x00000000f7f80000, 0x0000000100000000)
  eden space 453632K, 100% used [0x00000000d5580000,0x00000000f1080000,0x00000000f1080000)
  from space 47104K, 83% used [0x00000000f4380000,0x00000000f69bd4c0,0x00000000f7180000)
  to   space 52224K, 0% used [0x00000000f1080000,0x00000000f1080000,0x00000000f4380000)
 ParOldGen       total 105472K, used 75722K [0x0000000080000000, 0x0000000086700000, 0x00000000d5580000)
  object space 105472K, 71% used [0x0000000080000000,0x00000000849f29f8,0x0000000086700000)
 Metaspace       used 82412K, capacity 86896K, committed 87192K, reserved 1124352K
  class space    used 11205K, capacity 12079K, committed 12200K, reserved 1048576K
Event: 24.241 GC heap after
Heap after GC invocations=22 (full 3):
 PSYoungGen      total 505856K, used 18610K [0x00000000d5580000, 0x00000000fc600000, 0x0000000100000000)
  eden space 453632K, 0% used [0x00000000d5580000,0x00000000d5580000,0x00000000f1080000)
  from space 52224K, 35% used [0x00000000f1080000,0x00000000f22acbe0,0x00000000f4380000)
  to   space 49152K, 0% used [0x00000000f9600000,0x00000000f9600000,0x00000000fc600000)
 ParOldGen       total 105472K, used 93323K [0x0000000080000000, 0x0000000086700000, 0x00000000d5580000)
  object space 105472K, 88% used [0x0000000080000000,0x0000000085b22d68,0x0000000086700000)
 Metaspace       used 82412K, capacity 86896K, committed 87192K, reserved 1124352K
  class space    used 11205K, capacity 12079K, committed 12200K, reserved 1048576K
}
Event: 24.241 GC heap before
{Heap before GC invocations=23 (full 4):
 PSYoungGen      total 505856K, used 18610K [0x00000000d5580000, 0x00000000fc600000, 0x0000000100000000)
  eden space 453632K, 0% used [0x00000000d5580000,0x00000000d5580000,0x00000000f1080000)
  from space 52224K, 35% used [0x00000000f1080000,0x00000000f22acbe0,0x00000000f4380000)
  to   space 49152K, 0% used [0x00000000f9600000,0x00000000f9600000,0x00000000fc600000)
 ParOldGen       total 105472K, used 93323K [0x0000000080000000, 0x0000000086700000, 0x00000000d5580000)
  object space 105472K, 88% used [0x0000000080000000,0x0000000085b22d68,0x0000000086700000)
 Metaspace       used 82412K, capacity 86896K, committed 87192K, reserved 1124352K
  class space    used 11205K, capacity 12079K, committed 12200K, reserved 1048576K
Event: 24.573 GC heap after
Heap after GC invocations=23 (full 4):
 PSYoungGen      total 505856K, used 0K [0x00000000d5580000, 0x00000000fc600000, 0x0000000100000000)
  eden space 453632K, 0% used [0x00000000d5580000,0x00000000d5580000,0x00000000f1080000)
  from space 52224K, 0% used [0x00000000f1080000,0x00000000f1080000,0x00000000f4380000)
  to   space 49152K, 0% used [0x00000000f9600000,0x00000000f9600000,0x00000000fc600000)
 ParOldGen       total 194048K, used 90782K [0x0000000080000000, 0x000000008bd80000, 0x00000000d5580000)
  object space 194048K, 46% used [0x0000000080000000,0x00000000858a7a48,0x000000008bd80000)
 Metaspace       used 82071K, capacity 86122K, committed 87192K, reserved 1124352K
  class space    used 11083K, capacity 11860K, committed 12200K, reserved 1048576K
}
Event: 26.081 GC heap before
{Heap before GC invocations=24 (full 4):
 PSYoungGen      total 505856K, used 453632K [0x00000000d5580000, 0x00000000fc600000, 0x0000000100000000)
  eden space 453632K, 100% used [0x00000000d5580000,0x00000000f1080000,0x00000000f1080000)
  from space 52224K, 0% used [0x00000000f1080000,0x00000000f1080000,0x00000000f4380000)
  to   space 49152K, 0% used [0x00000000f9600000,0x00000000f9600000,0x00000000fc600000)
 ParOldGen       total 194048K, used 90782K [0x0000000080000000, 0x000000008bd80000, 0x00000000d5580000)
  object space 194048K, 46% used [0x0000000080000000,0x00000000858a7a48,0x000000008bd80000)
 Metaspace       used 82077K, capacity 86148K, committed 87192K, reserved 1124352K
  class space    used 11083K, capacity 11861K, committed 12200K, reserved 1048576K
Event: 26.121 GC heap after
Heap after GC invocations=24 (full 4):
 PSYoungGen      total 587264K, used 14435K [0x00000000d5580000, 0x00000000fc280000, 0x0000000100000000)
  eden space 541696K, 0% used [0x00000000d5580000,0x00000000d5580000,0x00000000f6680000)
  from space 45568K, 31% used [0x00000000f9600000,0x00000000fa418f90,0x00000000fc280000)
  to   space 47104K, 0% used [0x00000000f6680000,0x00000000f6680000,0x00000000f9480000)
 ParOldGen       total 194048K, used 90782K [0x0000000080000000, 0x000000008bd80000, 0x00000000d5580000)
  object space 194048K, 46% used [0x0000000080000000,0x00000000858a7a48,0x000000008bd80000)
 Metaspace       used 82077K, capacity 86148K, committed 87192K, reserved 1124352K
  class space    used 11083K, capacity 11861K, committed 12200K, reserved 1048576K
}
Event: 27.931 GC heap before
{Heap before GC invocations=25 (full 4):
 PSYoungGen      total 587264K, used 556131K [0x00000000d5580000, 0x00000000fc280000, 0x0000000100000000)
  eden space 541696K, 100% used [0x00000000d5580000,0x00000000f6680000,0x00000000f6680000)
  from space 45568K, 31% used [0x00000000f9600000,0x00000000fa418f90,0x00000000fc280000)
  to   space 47104K, 0% used [0x00000000f6680000,0x00000000f6680000,0x00000000f9480000)
 ParOldGen       total 194048K, used 90782K [0x0000000080000000, 0x000000008bd80000, 0x00000000d5580000)
  object space 194048K, 46% used [0x0000000080000000,0x00000000858a7a48,0x000000008bd80000)
 Metaspace       used 82115K, capacity 86192K, committed 87192K, reserved 1124352K
  class space    used 11085K, capacity 11863K, committed 12200K, reserved 1048576K
Event: 27.988 GC heap after
Heap after GC invocations=25 (full 4):
 PSYoungGen      total 588800K, used 23634K [0x00000000d5580000, 0x00000000fff80000, 0x0000000100000000)
  eden space 541696K, 0% used [0x00000000d5580000,0x00000000d5580000,0x00000000f6680000)
  from space 47104K, 50% used [0x00000000f6680000,0x00000000f7d94af0,0x00000000f9480000)
  to   space 46080K, 0% used [0x00000000fd280000,0x00000000fd280000,0x00000000fff80000)
 ParOldGen       total 194048K, used 90782K [0x0000000080000000, 0x000000008bd80000, 0x00000000d5580000)
  object space 194048K, 46% used [0x0000000080000000,0x00000000858a7a48,0x000000008bd80000)
 Metaspace       used 82115K, capacity 86192K, committed 87192K, reserved 1124352K
  class space    used 11085K, capacity 11863K, committed 12200K, reserved 1048576K
}

Deoptimization events (10 events):
Event: 27.160 Thread 0x000000001c18d000 Uncommon trap: reason=unstable_if action=reinterpret pc=0x00000000049f69f8 method=com.android.tools.r8.z.a.a.B.a()Ljava/lang/String; @ 8
Event: 27.518 Thread 0x000000001c18d000 Uncommon trap: reason=predicate action=maybe_recompile pc=0x0000000005733f5c method=com.android.tools.r8.ir.optimize.a0.a(Lcom/android/tools/r8/s/b/X;Lcom/android/tools/r8/ir/regalloc/e;I)V @ 330
Event: 27.637 Thread 0x000000001c18d000 Uncommon trap: reason=predicate action=maybe_recompile pc=0x0000000004a8c878 method=java.util.TimSort.binarySort([Ljava/lang/Object;IIILjava/util/Comparator;)V @ 37
Event: 28.123 Thread 0x000000001c18d000 Uncommon trap: reason=array_check action=maybe_recompile pc=0x0000000004b88658 method=java.util.TimSort.binarySort([Ljava/lang/Object;IIILjava/util/Comparator;)V @ 193
Event: 28.195 Thread 0x000000001c189800 Uncommon trap: reason=unstable_if action=reinterpret pc=0x00000000056e9024 method=com.android.tools.r8.t.a.a.a.f.X$e.contains(Ljava/lang/Object;)Z @ 176
Event: 28.196 Thread 0x000000001c189800 Uncommon trap: reason=unstable_if action=reinterpret pc=0x00000000056df958 method=com.android.tools.r8.t.a.a.a.f.X$e.contains(Ljava/lang/Object;)Z @ 176
Event: 28.595 Thread 0x000000001c18a000 Uncommon trap: reason=array_check action=maybe_recompile pc=0x0000000004b88658 method=java.util.TimSort.binarySort([Ljava/lang/Object;IIILjava/util/Comparator;)V @ 193
Event: 28.595 Thread 0x000000001c18a000 Uncommon trap: reason=array_check action=maybe_recompile pc=0x0000000004b88720 method=java.util.TimSort.binarySort([Ljava/lang/Object;IIILjava/util/Comparator;)V @ 183
Event: 28.596 Thread 0x000000001c18a000 Uncommon trap: reason=array_check action=maybe_recompile pc=0x0000000004b88720 method=java.util.TimSort.binarySort([Ljava/lang/Object;IIILjava/util/Comparator;)V @ 183
Event: 28.887 Thread 0x000000001c189800 Uncommon trap: reason=null_check action=make_not_entrant pc=0x00000000031476cc method=com.android.tools.r8.graph.i0.computeEquals(Ljava/lang/Object;)Z @ 1

Classes redefined (0 events):
No events

Internal exceptions (10 events):
Event: 27.156 Thread 0x000000001c18d000 Exception <a 'sun/nio/fs/WindowsException'> (0x00000000e7a84fa0) thrown at [C:\src\AOSP-openjdk-git\hotspot\src\share\vm\prims\jni.cpp, line 710]
Event: 27.261 Thread 0x000000001c18a000 Exception <a 'sun/nio/fs/WindowsException'> (0x00000000ea5296c0) thrown at [C:\src\AOSP-openjdk-git\hotspot\src\share\vm\prims\jni.cpp, line 710]
Event: 27.290 Thread 0x000000001c189800 Exception <a 'sun/nio/fs/WindowsException'> (0x00000000eb073730) thrown at [C:\src\AOSP-openjdk-git\hotspot\src\share\vm\prims\jni.cpp, line 710]
Event: 27.459 Thread 0x000000001c18a000 Exception <a 'sun/nio/fs/WindowsException'> (0x00000000eea67888) thrown at [C:\src\AOSP-openjdk-git\hotspot\src\share\vm\prims\jni.cpp, line 710]
Event: 27.657 Thread 0x000000001c18d000 Exception <a 'sun/nio/fs/WindowsException'> (0x00000000f1d86470) thrown at [C:\src\AOSP-openjdk-git\hotspot\src\share\vm\prims\jni.cpp, line 710]
Event: 28.026 Thread 0x000000001c18a000 Exception <a 'sun/nio/fs/WindowsException'> (0x00000000d66796c8) thrown at [C:\src\AOSP-openjdk-git\hotspot\src\share\vm\prims\jni.cpp, line 710]
Event: 28.390 Thread 0x000000001c18d000 Exception <a 'sun/nio/fs/WindowsException'> (0x00000000dd60bef8) thrown at [C:\src\AOSP-openjdk-git\hotspot\src\share\vm\prims\jni.cpp, line 710]
Event: 28.655 Thread 0x000000001c18a000 Exception <a 'sun/nio/fs/WindowsException'> (0x00000000e1797cb0) thrown at [C:\src\AOSP-openjdk-git\hotspot\src\share\vm\prims\jni.cpp, line 710]
Event: 28.887 Thread 0x000000001c189800 Implicit null exception at 0x000000000314754f to 0x00000000031476bd
Event: 28.943 Thread 0x000000001c189800 Exception <a 'sun/nio/fs/WindowsException'> (0x00000000e6dfa718) thrown at [C:\src\AOSP-openjdk-git\hotspot\src\share\vm\prims\jni.cpp, line 710]

Events (10 events):
Event: 29.126 Thread 0x000000001c18c800 DEOPT PACKING pc=0x0000000004d29925 sp=0x00000000236b9860
Event: 29.126 Thread 0x000000001c18c800 DEOPT UNPACKING pc=0x0000000002f975d0 sp=0x00000000236b9898 mode 0
Event: 29.129 Thread 0x000000001c18c800 DEOPT PACKING pc=0x0000000005711d9c sp=0x00000000236bb100
Event: 29.129 Thread 0x000000001c18c800 DEOPT UNPACKING pc=0x0000000002f975d0 sp=0x00000000236baec0 mode 0
Event: 29.168 Thread 0x000000001c18d000 DEOPT PACKING pc=0x0000000003bf1be7 sp=0x00000000237ba280
Event: 29.168 Thread 0x000000001c18d000 DEOPT UNPACKING pc=0x0000000002f975d0 sp=0x00000000237b9fa0 mode 0
Event: 29.243 Thread 0x000000001c18d000 DEOPT PACKING pc=0x0000000004d29925 sp=0x00000000237b9c20
Event: 29.243 Thread 0x000000001c18d000 DEOPT UNPACKING pc=0x0000000002f975d0 sp=0x00000000237b9c58 mode 0
Event: 29.275 Thread 0x000000001c18c800 DEOPT PACKING pc=0x0000000004a42a93 sp=0x00000000236bb0d0
Event: 29.275 Thread 0x000000001c18c800 DEOPT UNPACKING pc=0x0000000002f975d0 sp=0x00000000236badf8 mode 0


Dynamic libraries:
0x00007ff7cbb30000 - 0x00007ff7cbb61000 	C:\Program Files\Android\Android Studio\jre\bin\java.exe
0x00007ffe4b430000 - 0x00007ffe4b626000 	C:\Windows\SYSTEM32\ntdll.dll
0x00007ffe49570000 - 0x00007ffe4962d000 	C:\Windows\System32\KERNEL32.DLL
0x00007ffe48c90000 - 0x00007ffe48f58000 	C:\Windows\System32\KERNELBASE.dll
0x00007ffe4b0b0000 - 0x00007ffe4b15a000 	C:\Windows\System32\ADVAPI32.dll
0x00007ffe4b160000 - 0x00007ffe4b1fe000 	C:\Windows\System32\msvcrt.dll
0x00007ffe49ab0000 - 0x00007ffe49b4b000 	C:\Windows\System32\sechost.dll
0x00007ffe4b200000 - 0x00007ffe4b324000 	C:\Windows\System32\RPCRT4.dll
0x00007ffe49800000 - 0x00007ffe499a0000 	C:\Windows\System32\USER32.dll
0x00007ffe490f0000 - 0x00007ffe49112000 	C:\Windows\System32\win32u.dll
0x00007ffe4b3c0000 - 0x00007ffe4b3ea000 	C:\Windows\System32\GDI32.dll
0x00007ffe48f60000 - 0x00007ffe49069000 	C:\Windows\System32\gdi32full.dll
0x00007ffe49120000 - 0x00007ffe491bd000 	C:\Windows\System32\msvcp_win.dll
0x00007ffe491c0000 - 0x00007ffe492c0000 	C:\Windows\System32\ucrtbase.dll
0x00007ffe38ad0000 - 0x00007ffe38d6b000 	C:\Windows\WinSxS\amd64_microsoft.windows.common-controls_6595b64144ccf1df_6.0.19041.488_none_ca04af081b815d21\COMCTL32.dll
0x00007ffe496b0000 - 0x00007ffe496e0000 	C:\Windows\System32\IMM32.DLL
0x00007ffe48760000 - 0x00007ffe48857000 	C:\Windows\system32\guard64.dll
0x00007ffe48750000 - 0x00007ffe4875a000 	C:\Windows\system32\version.dll
0x00007ffe4af80000 - 0x00007ffe4b0aa000 	C:\Windows\System32\ole32.dll
0x00007ffe49cb0000 - 0x00007ffe4a005000 	C:\Windows\System32\combase.dll
0x00007ffe48740000 - 0x00007ffe4874b000 	C:\Windows\system32\fltlib.dll
0x00007ffe4a2b0000 - 0x00007ffe4a9f0000 	C:\Windows\System32\shell32.dll
0x00007ffe49740000 - 0x00007ffe497ee000 	C:\Windows\System32\shcore.dll
0x0000000057bc0000 - 0x0000000057c92000 	C:\Program Files\Android\Android Studio\jre\jre\bin\msvcr100.dll
0x0000000057d80000 - 0x00000000585cb000 	C:\Program Files\Android\Android Studio\jre\jre\bin\server\jvm.dll
0x00007ffe49bc0000 - 0x00007ffe49bc8000 	C:\Windows\System32\PSAPI.DLL
0x00007ffe445a0000 - 0x00007ffe445a9000 	C:\Windows\SYSTEM32\WSOCK32.dll
0x00007ffe4b330000 - 0x00007ffe4b39b000 	C:\Windows\System32\WS2_32.dll
0x00007ffe3cb60000 - 0x00007ffe3cb87000 	C:\Windows\SYSTEM32\WINMM.dll
0x00007ffe444d0000 - 0x00007ffe444df000 	C:\Program Files\Android\Android Studio\jre\jre\bin\verify.dll
0x00007ffe37dc0000 - 0x00007ffe37de9000 	C:\Program Files\Android\Android Studio\jre\jre\bin\java.dll
0x00007ffe37c30000 - 0x00007ffe37c46000 	C:\Program Files\Android\Android Studio\jre\jre\bin\zip.dll
0x00007ffe46bb0000 - 0x00007ffe47344000 	C:\Windows\SYSTEM32\windows.storage.dll
0x00007ffe48400000 - 0x00007ffe4842c000 	C:\Windows\SYSTEM32\Wldp.dll
0x00007ffe49b50000 - 0x00007ffe49ba5000 	C:\Windows\System32\shlwapi.dll
0x00007ffe48ab0000 - 0x00007ffe48ad6000 	C:\Windows\SYSTEM32\profapi.dll
0x00007ffe37c10000 - 0x00007ffe37c2a000 	C:\Program Files\Android\Android Studio\jre\jre\bin\net.dll
0x00007ffe48180000 - 0x00007ffe481ea000 	C:\Windows\system32\mswsock.dll
0x00007ffe37920000 - 0x00007ffe37933000 	C:\Program Files\Android\Android Studio\jre\jre\bin\nio.dll
0x00007ffe299d0000 - 0x00007ffe299f7000 	C:\Users\volod\.gradle\native\f6784746aeab05261644944871eae4fe03e0ef1612fff0a4a95f87b438bc6780\windows-amd64\native-platform.dll
0x00007ffe42f30000 - 0x00007ffe42f3d000 	C:\Program Files\Android\Android Studio\jre\jre\bin\management.dll
0x00007ffe48350000 - 0x00007ffe48368000 	C:\Windows\SYSTEM32\CRYPTSP.dll
0x00007ffe47b10000 - 0x00007ffe47b44000 	C:\Windows\system32\rsaenh.dll
0x00007ffe49420000 - 0x00007ffe49447000 	C:\Windows\System32\bcrypt.dll
0x00007ffe48a70000 - 0x00007ffe48a9e000 	C:\Windows\SYSTEM32\USERENV.dll
0x00007ffe49070000 - 0x00007ffe490ef000 	C:\Windows\System32\bcryptprimitives.dll
0x00007ffe48370000 - 0x00007ffe4837c000 	C:\Windows\SYSTEM32\CRYPTBASE.dll
0x00007ffe47e70000 - 0x00007ffe47eab000 	C:\Windows\SYSTEM32\IPHLPAPI.DLL
0x00007ffe497f0000 - 0x00007ffe497f9000 	C:\Windows\System32\NSI.dll
0x00007ffe3eb30000 - 0x00007ffe3eb47000 	C:\Windows\SYSTEM32\dhcpcsvc6.DLL
0x00007ffe3eab0000 - 0x00007ffe3eacd000 	C:\Windows\SYSTEM32\dhcpcsvc.DLL
0x00007ffe47ec0000 - 0x00007ffe47f8b000 	C:\Windows\SYSTEM32\DNSAPI.dll
0x00007ffe3ef50000 - 0x00007ffe3ef5b000 	C:\Windows\SYSTEM32\WINNSI.DLL

VM Arguments:
jvm_args: -Xmx2048m -Dfile.encoding=UTF-8 -Duser.country=RU -Duser.language=ru -Duser.variant 
java_command: org.gradle.launcher.daemon.bootstrap.GradleDaemon 6.5
java_class_path (initial): C:\Users\volod\.gradle\wrapper\dists\gradle-6.5-bin\6nifqtx7604sqp1q6g8wikw7p\gradle-6.5\lib\gradle-launcher-6.5.jar
Launcher Type: SUN_STANDARD

Environment Variables:
JAVA_HOME=C:\Program Files\Java\jdk1.8.0_271
PATH=C:\Windows\system32;C:\Windows;C:\Windows\System32\Wbem;C:\Windows\System32\WindowsPowerShell\v1.0\;C:\Windows\System32\OpenSSH\;C:\Program Files\Java\jdk1.8.0_271\bin;C:\Program Files (x86)\Common Files\Oracle\Java\javapath;C:\Program Files\Common Files\Oracle\Java\javapath;C:\Program Files\Git\cmd;C:\Program Files\MongoDB\Server\4.4\bin;C:\Program Files\PuTTY\;C:\Users\volod\AppData\Local\Microsoft\WindowsApps;C:\kubernetes;
USERNAME=volod
OS=Windows_NT
PROCESSOR_IDENTIFIER=Intel64 Family 6 Model 142 Stepping 9, GenuineIntel



---------------  S Y S T E M  ---------------

OS: Windows 10.0 , 64 bit Build 19041 (10.0.19041.546)

CPU:total 4 (initial active 4) (2 cores per cpu, 2 threads per core) family 6 model 142 stepping 9, cmov, cx8, fxsr, mmx, sse, sse2, sse3, ssse3, sse4.1, sse4.2, popcnt, avx, avx2, aes, clmul, erms, 3dnowpref, lzcnt, ht, tsc, tscinvbit, bmi1, bmi2, adx

Memory: 4k page, physical 8266284k(1209932k free), swap 10363436k(5132k free)

vm_info: OpenJDK 64-Bit Server VM (25.242-b01) for windows-amd64 JRE (1.8.0_242-release-1644-b01), built by "builder" with MS VC++ 10.0 (VS2010)

time: Tue Apr 13 20:59:11 2021
timezone: Финляндия (лето)
elapsed time: 29 seconds (0d 0h 0m 29s)

