#
# There is insufficient memory for the Java Runtime Environment to continue.
# Native memory allocation (malloc) failed to allocate 1697616 bytes for Chunk::new
# Possible reasons:
#   The system is out of physical RAM or swap space
#   The process is running with CompressedOops enabled, and the Java Heap may be blocking the growth of the native heap
# Possible solutions:
#   Reduce memory load on the system
#   Increase physical memory or swap space
#   Check if swap backing store is full
#   Decrease Java heap size (-Xmx/-Xms)
#   Decrease number of Java threads
#   Decrease Java thread stack sizes (-Xss)
#   Set larger code cache with -XX:ReservedCodeCacheSize=
#   JVM is running with Unscaled Compressed Oops mode in which the Java heap is
#     placed in the first 4GB address space. The Java Heap base address is the
#     maximum limit for the native heap growth. Please use -XX:HeapBaseMinAddress
#     to set the Java Heap base and to place the Java Heap above 4GB virtual address.
# This output file may be truncated or incomplete.
#
#  Out of Memory Error (allocation.cpp:389), pid=8932, tid=0x0000000000002880
#
# JRE version: OpenJDK Runtime Environment (8.0_242-b01) (build 1.8.0_242-release-1644-b01)
# Java VM: OpenJDK 64-Bit Server VM (25.242-b01 mixed mode windows-amd64 compressed oops)
# Failed to write core dump. Minidumps are not enabled by default on client versions of Windows
#

---------------  T H R E A D  ---------------

Current thread (0x000000001773c800):  JavaThread "C2 CompilerThread1" daemon [_thread_in_native, id=10368, stack(0x0000000018e90000,0x0000000018f90000)]

Stack: [0x0000000018e90000,0x0000000018f90000]
[error occurred during error reporting (printing stack bounds), id 0xc0000005]

Native frames: (J=compiled Java code, j=interpreted, Vv=VM code, C=native code)


Current CompileTask:
C2:  30335 14925 %     4       com.android.tools.r8.ir.regalloc.a::a @ 134 (3992 bytes)


---------------  P R O C E S S  ---------------

Java Threads: ( => current thread )
  0x000000001ead3000 JavaThread "WorkerExecutor Queue" [_thread_blocked, id=6828, stack(0x000000002d770000,0x000000002d870000)]
  0x000000001ead1800 JavaThread "Cache worker for execution history cache (D:\Diploma\DiplomaApp\.gradle\6.5\executionHistory)" [_thread_blocked, id=10492, stack(0x000000002ce70000,0x000000002cf70000)]
  0x000000001eac7000 JavaThread "Execution worker for ':' Thread 3" [_thread_blocked, id=3276, stack(0x000000002cd70000,0x000000002ce70000)]
  0x000000001eacd800 JavaThread "Execution worker for ':' Thread 2" [_thread_blocked, id=6092, stack(0x000000002cc70000,0x000000002cd70000)]
  0x000000001eac8800 JavaThread "Execution worker for ':'" [_thread_blocked, id=10132, stack(0x000000002c8a0000,0x000000002c9a0000)]
  0x000000001eaca000 JavaThread "Cache worker for file content cache (D:\Diploma\DiplomaApp\.gradle\6.5\fileContent)" [_thread_blocked, id=9404, stack(0x000000002c5a0000,0x000000002c6a0000)]
  0x000000001eac5800 JavaThread "Memory manager" [_thread_blocked, id=10724, stack(0x000000002b2d0000,0x000000002b3d0000)]
  0x000000001eac9000 JavaThread "pool-1-thread-1" [_thread_blocked, id=32, stack(0x000000002a1d0000,0x000000002a2d0000)]
  0x000000001eaca800 JavaThread "Cache worker for Build Output Cleanup Cache (D:\Diploma\DiplomaApp\.gradle\buildOutputCleanup)" [_thread_blocked, id=1144, stack(0x0000000029ed0000,0x0000000029fd0000)]
  0x000000001ec70000 JavaThread "jar transforms Thread 118" [_thread_blocked, id=6424, stack(0x0000000029bd0000,0x0000000029cd0000)]
  0x000000001ec6f000 JavaThread "jar transforms Thread 117" [_thread_blocked, id=6000, stack(0x0000000029ad0000,0x0000000029bd0000)]
  0x000000001ec6e800 JavaThread "jar transforms Thread 116" [_thread_blocked, id=9148, stack(0x00000000299d0000,0x0000000029ad0000)]
  0x000000001ec72000 JavaThread "jar transforms Thread 115" [_thread_blocked, id=10084, stack(0x00000000298d0000,0x00000000299d0000)]
  0x000000001ec73000 JavaThread "jar transforms Thread 114" [_thread_blocked, id=3368, stack(0x00000000297d0000,0x00000000298d0000)]
  0x000000001ec71800 JavaThread "jar transforms Thread 113" [_thread_blocked, id=8744, stack(0x00000000296d0000,0x00000000297d0000)]
  0x000000001ec73800 JavaThread "jar transforms Thread 112" [_thread_blocked, id=9700, stack(0x00000000295d0000,0x00000000296d0000)]
  0x000000001ec6d800 JavaThread "jar transforms Thread 111" [_thread_blocked, id=10264, stack(0x00000000294d0000,0x00000000295d0000)]
  0x000000001ec6c000 JavaThread "jar transforms Thread 110" [_thread_blocked, id=4108, stack(0x00000000293d0000,0x00000000294d0000)]
  0x000000001ec6d000 JavaThread "jar transforms Thread 109" [_thread_blocked, id=2796, stack(0x00000000292d0000,0x00000000293d0000)]
  0x000000001ec70800 JavaThread "jar transforms Thread 108" [_thread_blocked, id=9664, stack(0x00000000291d0000,0x00000000292d0000)]
  0x000000001ec64800 JavaThread "jar transforms Thread 107" [_thread_blocked, id=5552, stack(0x00000000290d0000,0x00000000291d0000)]
  0x000000001ec6b800 JavaThread "jar transforms Thread 106" [_thread_blocked, id=4172, stack(0x0000000028fd0000,0x00000000290d0000)]
  0x000000001ec6a800 JavaThread "jar transforms Thread 105" [_thread_blocked, id=5880, stack(0x0000000028ed0000,0x0000000028fd0000)]
  0x000000001ec67800 JavaThread "jar transforms Thread 104" [_thread_blocked, id=1708, stack(0x0000000028dd0000,0x0000000028ed0000)]
  0x000000001ec67000 JavaThread "jar transforms Thread 103" [_thread_blocked, id=9252, stack(0x0000000028cd0000,0x0000000028dd0000)]
  0x000000001ec6a000 JavaThread "jar transforms Thread 102" [_thread_blocked, id=10040, stack(0x0000000028bd0000,0x0000000028cd0000)]
  0x000000001ec68800 JavaThread "jar transforms Thread 101" [_thread_blocked, id=10072, stack(0x0000000028ad0000,0x0000000028bd0000)]
  0x000000001ec66000 JavaThread "jar transforms Thread 100" [_thread_blocked, id=2064, stack(0x00000000289d0000,0x0000000028ad0000)]
  0x000000001ec69000 JavaThread "jar transforms Thread 99" [_thread_blocked, id=1824, stack(0x00000000288d0000,0x00000000289d0000)]
  0x000000001ec65800 JavaThread "jar transforms Thread 98" [_thread_blocked, id=10752, stack(0x00000000287d0000,0x00000000288d0000)]
  0x000000001a578000 JavaThread "jar transforms Thread 97" [_thread_blocked, id=10788, stack(0x00000000286d0000,0x00000000287d0000)]
  0x000000001a577000 JavaThread "jar transforms Thread 96" [_thread_blocked, id=6724, stack(0x00000000285d0000,0x00000000286d0000)]
  0x000000001a576800 JavaThread "jar transforms Thread 95" [_thread_blocked, id=1844, stack(0x00000000284d0000,0x00000000285d0000)]
  0x000000001a56f000 JavaThread "jar transforms Thread 94" [_thread_blocked, id=10560, stack(0x00000000283d0000,0x00000000284d0000)]
  0x000000001a575800 JavaThread "jar transforms Thread 93" [_thread_blocked, id=10056, stack(0x00000000282d0000,0x00000000283d0000)]
  0x000000001a56e000 JavaThread "jar transforms Thread 92" [_thread_blocked, id=10808, stack(0x00000000281d0000,0x00000000282d0000)]
  0x000000001a575000 JavaThread "jar transforms Thread 91" [_thread_blocked, id=6700, stack(0x00000000280d0000,0x00000000281d0000)]
  0x000000001a574000 JavaThread "jar transforms Thread 90" [_thread_blocked, id=7616, stack(0x0000000027fd0000,0x00000000280d0000)]
  0x000000001a572000 JavaThread "jar transforms Thread 89" [_thread_blocked, id=11152, stack(0x0000000027ed0000,0x0000000027fd0000)]
  0x000000001a56f800 JavaThread "jar transforms Thread 88" [_thread_blocked, id=9648, stack(0x0000000027dd0000,0x0000000027ed0000)]
  0x000000001a573800 JavaThread "jar transforms Thread 87" [_thread_blocked, id=9704, stack(0x0000000027cd0000,0x0000000027dd0000)]
  0x000000001a56c800 JavaThread "jar transforms Thread 86" [_thread_blocked, id=9876, stack(0x0000000027bd0000,0x0000000027cd0000)]
  0x000000001a572800 JavaThread "jar transforms Thread 85" [_thread_blocked, id=10888, stack(0x0000000027ad0000,0x0000000027bd0000)]
  0x000000001a56c000 JavaThread "jar transforms Thread 84" [_thread_blocked, id=10840, stack(0x00000000279d0000,0x0000000027ad0000)]
  0x000000001a571000 JavaThread "jar transforms Thread 83" [_thread_blocked, id=9188, stack(0x00000000278d0000,0x00000000279d0000)]
  0x000000001a569800 JavaThread "jar transforms Thread 82" [_thread_blocked, id=2168, stack(0x00000000277d0000,0x00000000278d0000)]
  0x000000001a56b000 JavaThread "jar transforms Thread 81" [_thread_blocked, id=6112, stack(0x00000000276d0000,0x00000000277d0000)]
  0x000000001a56a800 JavaThread "jar transforms Thread 80" [_thread_blocked, id=7516, stack(0x00000000275d0000,0x00000000276d0000)]
  0x000000001a570800 JavaThread "jar transforms Thread 79" [_thread_blocked, id=9584, stack(0x00000000274d0000,0x00000000275d0000)]
  0x000000001a569000 JavaThread "jar transforms Thread 78" [_thread_blocked, id=7900, stack(0x00000000273d0000,0x00000000274d0000)]
  0x000000001a56d800 JavaThread "jar transforms Thread 77" [_thread_blocked, id=11116, stack(0x00000000272d0000,0x00000000273d0000)]
  0x000000001ab84000 JavaThread "jar transforms Thread 76" [_thread_blocked, id=2820, stack(0x00000000271d0000,0x00000000272d0000)]
  0x000000001ab83000 JavaThread "jar transforms Thread 75" [_thread_blocked, id=7528, stack(0x00000000270d0000,0x00000000271d0000)]
  0x000000001ab82800 JavaThread "jar transforms Thread 74" [_thread_blocked, id=2868, stack(0x0000000026fd0000,0x00000000270d0000)]
  0x000000001ab81800 JavaThread "jar transforms Thread 73" [_thread_blocked, id=9296, stack(0x0000000026ed0000,0x0000000026fd0000)]
  0x000000001ab81000 JavaThread "jar transforms Thread 72" [_thread_blocked, id=10384, stack(0x0000000026dd0000,0x0000000026ed0000)]
  0x000000001ab84800 JavaThread "jar transforms Thread 71" [_thread_blocked, id=10200, stack(0x0000000026cd0000,0x0000000026dd0000)]
  0x000000001ab79800 JavaThread "jar transforms Thread 70" [_thread_blocked, id=7148, stack(0x0000000026bd0000,0x0000000026cd0000)]
  0x000000001ab80000 JavaThread "jar transforms Thread 69" [_thread_blocked, id=11240, stack(0x0000000026ad0000,0x0000000026bd0000)]
  0x000000001ab7f800 JavaThread "jar transforms Thread 68" [_thread_blocked, id=11204, stack(0x00000000269d0000,0x0000000026ad0000)]
  0x000000001ab7e000 JavaThread "jar transforms Thread 67" [_thread_blocked, id=10608, stack(0x00000000268d0000,0x00000000269d0000)]
  0x000000001ab7d000 JavaThread "jar transforms Thread 66" [_thread_blocked, id=5060, stack(0x00000000267d0000,0x00000000268d0000)]
  0x000000001ab7a000 JavaThread "jar transforms Thread 65" [_thread_blocked, id=4516, stack(0x00000000266d0000,0x00000000267d0000)]
  0x000000001ab7e800 JavaThread "jar transforms Thread 64" [_thread_blocked, id=9508, stack(0x00000000265d0000,0x00000000266d0000)]
  0x000000001ab75800 JavaThread "jar transforms Thread 63" [_thread_blocked, id=10816, stack(0x00000000264d0000,0x00000000265d0000)]
  0x000000001ab7c800 JavaThread "jar transforms Thread 62" [_thread_blocked, id=8144, stack(0x00000000263d0000,0x00000000264d0000)]
  0x000000001ab76800 JavaThread "jar transforms Thread 61" [_thread_blocked, id=620, stack(0x00000000262d0000,0x00000000263d0000)]
  0x000000001ab7b800 JavaThread "jar transforms Thread 60" [_thread_blocked, id=7500, stack(0x00000000261d0000,0x00000000262d0000)]
  0x000000001ab78800 JavaThread "jar transforms Thread 59" [_thread_blocked, id=1224, stack(0x00000000260d0000,0x00000000261d0000)]
  0x000000001ab77000 JavaThread "jar transforms Thread 58" [_thread_blocked, id=2488, stack(0x0000000025fd0000,0x00000000260d0000)]
  0x000000001ab7b000 JavaThread "jar transforms Thread 57" [_thread_blocked, id=9384, stack(0x0000000025ed0000,0x0000000025fd0000)]
  0x000000001ab78000 JavaThread "jar transforms Thread 56" [_thread_blocked, id=10876, stack(0x0000000025dd0000,0x0000000025ed0000)]
  0x000000001e74a800 JavaThread "jar transforms Thread 55" [_thread_blocked, id=3080, stack(0x0000000025cd0000,0x0000000025dd0000)]
  0x000000001e74c000 JavaThread "jar transforms Thread 54" [_thread_blocked, id=5584, stack(0x0000000025bd0000,0x0000000025cd0000)]
  0x000000001e74d800 JavaThread "jar transforms Thread 53" [_thread_blocked, id=4440, stack(0x0000000025ad0000,0x0000000025bd0000)]
  0x000000001e74e800 JavaThread "jar transforms Thread 52" [_thread_blocked, id=10012, stack(0x00000000259d0000,0x0000000025ad0000)]
  0x000000001e74a000 JavaThread "jar transforms Thread 51" [_thread_blocked, id=1072, stack(0x00000000258d0000,0x00000000259d0000)]
  0x000000001e747000 JavaThread "jar transforms Thread 50" [_thread_blocked, id=9824, stack(0x00000000257d0000,0x00000000258d0000)]
  0x000000001e74d000 JavaThread "jar transforms Thread 49" [_thread_blocked, id=10228, stack(0x00000000256d0000,0x00000000257d0000)]
  0x000000001e74b800 JavaThread "jar transforms Thread 48" [_thread_blocked, id=10856, stack(0x00000000255d0000,0x00000000256d0000)]
  0x000000001e747800 JavaThread "jar transforms Thread 47" [_thread_blocked, id=1980, stack(0x00000000254d0000,0x00000000255d0000)]
  0x000000001e749000 JavaThread "jar transforms Thread 46" [_thread_blocked, id=9656, stack(0x00000000253d0000,0x00000000254d0000)]
  0x000000001e748800 JavaThread "jar transforms Thread 45" [_thread_blocked, id=10424, stack(0x00000000252d0000,0x00000000253d0000)]
  0x000000001e73f800 JavaThread "jar transforms Thread 44" [_thread_blocked, id=10420, stack(0x00000000251d0000,0x00000000252d0000)]
  0x000000001e746000 JavaThread "jar transforms Thread 43" [_thread_blocked, id=9472, stack(0x00000000250d0000,0x00000000251d0000)]
  0x000000001e745800 JavaThread "jar transforms Thread 42" [_thread_blocked, id=9240, stack(0x0000000024fd0000,0x00000000250d0000)]
  0x000000001e744800 JavaThread "jar transforms Thread 41" [_thread_blocked, id=7856, stack(0x0000000024ed0000,0x0000000024fd0000)]
  0x000000001e741800 JavaThread "jar transforms Thread 40" [_thread_blocked, id=11000, stack(0x0000000024dd0000,0x0000000024ed0000)]
  0x000000001e742800 JavaThread "jar transforms Thread 39" [_thread_blocked, id=9948, stack(0x0000000024cd0000,0x0000000024dd0000)]
  0x000000001e743000 JavaThread "jar transforms Thread 38" [_thread_blocked, id=9184, stack(0x0000000024bd0000,0x0000000024cd0000)]
  0x000000001e741000 JavaThread "jar transforms Thread 37" [_thread_blocked, id=10500, stack(0x0000000024ad0000,0x0000000024bd0000)]
  0x000000001e744000 JavaThread "jar transforms Thread 36" [_thread_blocked, id=1496, stack(0x00000000249d0000,0x0000000024ad0000)]
  0x000000001e740000 JavaThread "jar transforms Thread 35" [_thread_blocked, id=4692, stack(0x00000000248d0000,0x00000000249d0000)]
  0x000000001a3d2000 JavaThread "jar transforms Thread 34" [_thread_blocked, id=10600, stack(0x00000000247d0000,0x00000000248d0000)]
  0x000000001a3d1800 JavaThread "jar transforms Thread 33" [_thread_blocked, id=11052, stack(0x00000000246d0000,0x00000000247d0000)]
  0x000000001a3d5000 JavaThread "jar transforms Thread 32" [_thread_blocked, id=9588, stack(0x00000000245d0000,0x00000000246d0000)]
  0x000000001a3d4800 JavaThread "jar transforms Thread 31" [_thread_blocked, id=3480, stack(0x00000000244d0000,0x00000000245d0000)]
  0x000000001a3d0800 JavaThread "jar transforms Thread 30" [_thread_blocked, id=5316, stack(0x00000000243d0000,0x00000000244d0000)]
  0x000000001a3d3800 JavaThread "jar transforms Thread 29" [_thread_blocked, id=3028, stack(0x00000000242d0000,0x00000000243d0000)]
  0x000000001a3d3000 JavaThread "jar transforms Thread 28" [_thread_blocked, id=2912, stack(0x00000000241d0000,0x00000000242d0000)]
  0x000000001a3d0000 JavaThread "jar transforms Thread 27" [_thread_blocked, id=10148, stack(0x00000000240d0000,0x00000000241d0000)]
  0x000000001a3d6000 JavaThread "jar transforms Thread 26" [_thread_blocked, id=10044, stack(0x0000000023fd0000,0x00000000240d0000)]
  0x000000001a3c8800 JavaThread "jar transforms Thread 25" [_thread_blocked, id=8256, stack(0x0000000023ed0000,0x0000000023fd0000)]
  0x000000001a3cf000 JavaThread "jar transforms Thread 24" [_thread_blocked, id=8472, stack(0x0000000023dd0000,0x0000000023ed0000)]
  0x000000001a3c7800 JavaThread "jar transforms Thread 23" [_thread_blocked, id=2520, stack(0x0000000023cd0000,0x0000000023dd0000)]
  0x000000001a3ce800 JavaThread "jar transforms Thread 22" [_thread_blocked, id=10692, stack(0x0000000023bd0000,0x0000000023cd0000)]
  0x000000001a3cc000 JavaThread "jar transforms Thread 21" [_thread_blocked, id=10140, stack(0x0000000023ad0000,0x0000000023bd0000)]
  0x000000001a3ca800 JavaThread "jar transforms Thread 20" [_thread_blocked, id=10644, stack(0x00000000239d0000,0x0000000023ad0000)]
  0x000000001a3c7000 JavaThread "jar transforms Thread 19" [_thread_blocked, id=108, stack(0x00000000238d0000,0x00000000239d0000)]
  0x000000001a3c9000 JavaThread "jar transforms Thread 18" [_thread_blocked, id=6032, stack(0x00000000237d0000,0x00000000238d0000)]
  0x000000001a3cd800 JavaThread "jar transforms Thread 17" [_thread_blocked, id=9368, stack(0x00000000236d0000,0x00000000237d0000)]
  0x000000001a3cd000 JavaThread "jar transforms Thread 16" [_thread_blocked, id=2304, stack(0x00000000235d0000,0x00000000236d0000)]
  0x000000001a3ca000 JavaThread "jar transforms Thread 15" [_thread_blocked, id=7592, stack(0x00000000234d0000,0x00000000235d0000)]
  0x000000001a3cb800 JavaThread "jar transforms Thread 14" [_thread_blocked, id=9388, stack(0x00000000233d0000,0x00000000234d0000)]
  0x000000001bd3a800 JavaThread "jar transforms Thread 13" [_thread_blocked, id=1448, stack(0x00000000232d0000,0x00000000233d0000)]
  0x000000001bd39800 JavaThread "jar transforms Thread 12" [_thread_blocked, id=10512, stack(0x00000000230d0000,0x00000000231d0000)]
  0x000000001bd32000 JavaThread "jar transforms Thread 11" [_thread_blocked, id=5744, stack(0x0000000022fd0000,0x00000000230d0000)]
  0x000000001bd39000 JavaThread "jar transforms Thread 10" [_thread_blocked, id=1552, stack(0x0000000022ed0000,0x0000000022fd0000)]
  0x000000001bd31000 JavaThread "jar transforms Thread 9" [_thread_blocked, id=6664, stack(0x0000000022dd0000,0x0000000022ed0000)]
  0x000000001bd36000 JavaThread "jar transforms Thread 8" [_thread_blocked, id=10964, stack(0x0000000022cd0000,0x0000000022dd0000)]
  0x000000001bd35000 JavaThread "jar transforms Thread 7" [_thread_blocked, id=3444, stack(0x0000000022bd0000,0x0000000022cd0000)]
  0x000000001bd36800 JavaThread "jar transforms Thread 6" [_thread_blocked, id=8440, stack(0x0000000022ad0000,0x0000000022bd0000)]
  0x000000001bd38000 JavaThread "jar transforms Thread 5" [_thread_blocked, id=10588, stack(0x00000000229d0000,0x0000000022ad0000)]
  0x000000001bd32800 JavaThread "jar transforms Thread 4" [_thread_blocked, id=10388, stack(0x00000000228d0000,0x00000000229d0000)]
  0x000000001bd37800 JavaThread "jar transforms Thread 3" [_thread_blocked, id=5908, stack(0x00000000227d0000,0x00000000228d0000)]
  0x000000001bd34800 JavaThread "jar transforms Thread 2" [_thread_blocked, id=3664, stack(0x00000000226d0000,0x00000000227d0000)]
  0x000000001bd33800 JavaThread "Build operations Thread 4" [_thread_in_native, id=10260, stack(0x00000000225d0000,0x00000000226d0000)]
  0x000000001bd2b000 JavaThread "Build operations Thread 3" [_thread_in_Java, id=8596, stack(0x00000000224d0000,0x00000000225d0000)]
  0x000000001bd2c800 JavaThread "Build operations Thread 2" [_thread_in_native, id=10480, stack(0x00000000223d0000,0x00000000224d0000)]
  0x000000001bd2d800 JavaThread "Build operations" [_thread_in_Java, id=2968, stack(0x00000000222d0000,0x00000000223d0000)]
  0x000000001b017000 JavaThread "Cache worker for file content cache (C:\Users\volod\.gradle\caches\6.5\fileContent)" [_thread_blocked, id=8064, stack(0x0000000021bd0000,0x0000000021cd0000)]
  0x000000001b015800 JavaThread "jar transforms" [_thread_blocked, id=7180, stack(0x00000000200f0000,0x00000000201f0000)]
  0x000000001b014000 JavaThread "Cache worker for execution history cache (C:\Users\volod\.gradle\caches\6.5\executionHistory)" [_thread_blocked, id=11084, stack(0x000000001fd60000,0x000000001fe60000)]
  0x000000001b013800 JavaThread "Cache worker for cache directory md-rule (C:\Users\volod\.gradle\caches\6.5\md-rule)" [_thread_blocked, id=5340, stack(0x000000001fc60000,0x000000001fd60000)]
  0x000000001b016800 JavaThread "Cache worker for cache directory md-supplier (C:\Users\volod\.gradle\caches\6.5\md-supplier)" [_thread_blocked, id=9416, stack(0x000000001fb60000,0x000000001fc60000)]
  0x000000001b010800 JavaThread "Cache worker for checksums cache (D:\Diploma\DiplomaApp\.gradle\checksums)" [_thread_blocked, id=10992, stack(0x000000001fa60000,0x000000001fb60000)]
  0x000000001b012800 JavaThread "Cache worker for file hash cache (D:\Diploma\DiplomaApp\.gradle\6.5\fileHashes)" [_thread_blocked, id=3344, stack(0x00000000214d0000,0x00000000215d0000)]
  0x000000001b015000 JavaThread "Cache worker for file hash cache (C:\Users\volod\.gradle\caches\6.5\fileHashes)" [_thread_blocked, id=9096, stack(0x000000001d7c0000,0x000000001d8c0000)]
  0x000000001b012000 JavaThread "File lock request listener" [_thread_in_native, id=1856, stack(0x000000001d6c0000,0x000000001d7c0000)]
  0x000000001b337800 JavaThread "Cache worker for journal cache (C:\Users\volod\.gradle\caches\journal-1)" [_thread_blocked, id=5592, stack(0x000000001d5c0000,0x000000001d6c0000)]
  0x000000001b139000 JavaThread "Thread-9" [_thread_blocked, id=9540, stack(0x000000001d2c0000,0x000000001d3c0000)]
  0x0000000019b3b800 JavaThread "Stdin handler" [_thread_blocked, id=3000, stack(0x000000001d1c0000,0x000000001d2c0000)]
  0x000000001b0f3000 JavaThread "Asynchronous log dispatcher for DefaultDaemonConnection: socket connection from /127.0.0.1:56346 to /127.0.0.1:56347" [_thread_blocked, id=3244, stack(0x000000001d0c0000,0x000000001d1c0000)]
  0x000000001b0f2000 JavaThread "Daemon worker" [_thread_blocked, id=10736, stack(0x000000001cfc0000,0x000000001d0c0000)]
  0x000000001b116000 JavaThread "Cancel handler" [_thread_blocked, id=6436, stack(0x000000001cec0000,0x000000001cfc0000)]
  0x000000001ae5e800 JavaThread "Handler for socket connection from /127.0.0.1:56346 to /127.0.0.1:56347" [_thread_in_native, id=10972, stack(0x000000001cdc0000,0x000000001cec0000)]
  0x000000001ae59000 JavaThread "Daemon" [_thread_blocked, id=2700, stack(0x000000001ccc0000,0x000000001cdc0000)]
  0x000000001b105000 JavaThread "Daemon periodic checks" [_thread_blocked, id=996, stack(0x000000001c9c0000,0x000000001cac0000)]
  0x000000001b06d000 JavaThread "Incoming local TCP Connector on port 56346" [_thread_in_native, id=11132, stack(0x000000001c770000,0x000000001c870000)]
  0x0000000019708000 JavaThread "Daemon health stats" [_thread_blocked, id=1192, stack(0x000000001c030000,0x000000001c130000)]
  0x00000000190c8800 JavaThread "Service Thread" daemon [_thread_blocked, id=3808, stack(0x0000000019490000,0x0000000019590000)]
  0x000000001774a800 JavaThread "C1 CompilerThread2" daemon [_thread_blocked, id=4728, stack(0x0000000018f90000,0x0000000019090000)]
=>0x000000001773c800 JavaThread "C2 CompilerThread1" daemon [_thread_in_native, id=10368, stack(0x0000000018e90000,0x0000000018f90000)]
  0x0000000017738800 JavaThread "C2 CompilerThread0" daemon [_thread_in_native, id=1116, stack(0x0000000018d90000,0x0000000018e90000)]
  0x0000000017737000 JavaThread "Attach Listener" daemon [_thread_blocked, id=5964, stack(0x0000000018c90000,0x0000000018d90000)]
  0x0000000017736000 JavaThread "Signal Dispatcher" daemon [_thread_blocked, id=8108, stack(0x0000000018b90000,0x0000000018c90000)]
  0x0000000002b0c800 JavaThread "Finalizer" daemon [_thread_blocked, id=5724, stack(0x0000000018980000,0x0000000018a80000)]
  0x0000000017719800 JavaThread "Reference Handler" daemon [_thread_blocked, id=5836, stack(0x0000000018880000,0x0000000018980000)]
  0x0000000002a0e000 JavaThread "main" [_thread_blocked, id=7620, stack(0x00000000028e0000,0x00000000029e0000)]

Other Threads:
  0x00000000176f6000 VMThread [stack: 0x0000000018780000,0x0000000018880000] [id=2720]
  0x000000001778c000 WatcherThread [stack: 0x0000000019590000,0x0000000019690000] [id=10244]

VM state:not at safepoint (normal execution)

VM Mutex/Monitor currently owned by a thread: None

heap address: 0x0000000080000000, size: 2048 MB, Compressed Oops mode: 32-bit
Narrow klass base: 0x0000000000000000, Narrow klass shift: 3
Compressed class space size: 1073741824 Address: 0x0000000100000000

Heap:
 PSYoungGen      total 492544K, used 171864K [0x00000000d5580000, 0x00000000f6880000, 0x0000000100000000)
  eden space 441344K, 29% used [0x00000000d5580000,0x00000000dd6532b0,0x00000000f0480000)
  from space 51200K, 78% used [0x00000000f0480000,0x00000000f2b82fd0,0x00000000f3680000)
  to   space 48128K, 0% used [0x00000000f3980000,0x00000000f3980000,0x00000000f6880000)
 ParOldGen       total 222208K, used 114005K [0x0000000080000000, 0x000000008d900000, 0x00000000d5580000)
  object space 222208K, 51% used [0x0000000080000000,0x0000000086f554d8,0x000000008d900000)
 Metaspace       used 83306K, capacity 87426K, committed 87960K, reserved 1124352K
  class space    used 11225K, capacity 11996K, committed 12200K, reserved 1048576K

Card table byte_map: [0x0000000011ed0000,0x00000000122e0000] byte_map_base: 0x0000000011ad0000

Marking Bits: (ParMarkBitMap*) 0x000000005854f030
 Begin Bits: [0x0000000012990000, 0x0000000014990000)
 End Bits:   [0x0000000014990000, 0x0000000016990000)

Polling page: 0x00000000027b0000

CodeCache: size=245760Kb used=44555Kb max_used=44555Kb free=201204Kb
 bounds [0x0000000002b10000, 0x00000000056c0000, 0x0000000011b10000]
 total_blobs=13502 nmethods=12673 adapters=739
 compilation: enabled

Compilation events (10 events):
Event: 30.318 Thread 0x000000001774a800 15013       2       org.gradle.internal.operations.DefaultBuildOperationExecutor$3::start (66 bytes)
Event: 30.319 Thread 0x000000001774a800 nmethod 15013 0x00000000056b9d90 code [0x00000000056b9f40, 0x00000000056ba3b8]
Event: 30.323 Thread 0x000000001774a800 15014       2       org.gradle.internal.operations.DefaultBuildOperationExecutor::access$1000 (8 bytes)
Event: 30.324 Thread 0x000000001774a800 nmethod 15014 0x00000000056ba850 code [0x00000000056ba9c0, 0x00000000056bab08]
Event: 30.325 Thread 0x000000001774a800 15015       2       org.gradle.internal.logging.slf4j.OutputEventListenerBackedLogger::debug (19 bytes)
Event: 30.326 Thread 0x000000001774a800 nmethod 15015 0x00000000056babd0 code [0x00000000056bad60, 0x00000000056bb138]
Event: 30.328 Thread 0x000000001774a800 15016       2       java.lang.Math::floorMod (10 bytes)
Event: 30.328 Thread 0x000000001774a800 nmethod 15016 0x00000000056bb450 code [0x00000000056bb5a0, 0x00000000056bb750]
Event: 30.328 Thread 0x000000001774a800 15017       1       org.gradle.api.internal.artifacts.transform.DefaultTransformer$TransformServiceLookup$InjectionPoint::getAnnotation (5 bytes)
Event: 30.328 Thread 0x000000001774a800 nmethod 15017 0x00000000056bb810 code [0x00000000056bb960, 0x00000000056bba70]

GC Heap History (10 events):
Event: 24.601 GC heap before
{Heap before GC invocations=24 (full 5):
 PSYoungGen      total 489472K, used 459181K [0x00000000d5580000, 0x00000000f6880000, 0x0000000100000000)
  eden space 441344K, 100% used [0x00000000d5580000,0x00000000f0480000,0x00000000f0480000)
  from space 48128K, 37% used [0x00000000f3980000,0x00000000f4aeb5b0,0x00000000f6880000)
  to   space 51200K, 0% used [0x00000000f0480000,0x00000000f0480000,0x00000000f3680000)
 ParOldGen       total 222208K, used 113981K [0x0000000080000000, 0x000000008d900000, 0x00000000d5580000)
  object space 222208K, 51% used [0x0000000080000000,0x0000000086f4f4d8,0x000000008d900000)
 Metaspace       used 82879K, capacity 86928K, committed 87448K, reserved 1124352K
  class space    used 11204K, capacity 11947K, committed 12200K, reserved 1048576K
Event: 24.632 GC heap after
Heap after GC invocations=24 (full 5):
 PSYoungGen      total 492544K, used 25817K [0x00000000d5580000, 0x00000000f6880000, 0x0000000100000000)
  eden space 441344K, 0% used [0x00000000d5580000,0x00000000d5580000,0x00000000f0480000)
  from space 51200K, 50% used [0x00000000f0480000,0x00000000f1db6648,0x00000000f3680000)
  to   space 48128K, 0% used [0x00000000f3980000,0x00000000f3980000,0x00000000f6880000)
 ParOldGen       total 222208K, used 113989K [0x0000000080000000, 0x000000008d900000, 0x00000000d5580000)
  object space 222208K, 51% used [0x0000000080000000,0x0000000086f514d8,0x000000008d900000)
 Metaspace       used 82879K, capacity 86928K, committed 87448K, reserved 1124352K
  class space    used 11204K, capacity 11947K, committed 12200K, reserved 1048576K
}
Event: 25.756 GC heap before
{Heap before GC invocations=25 (full 5):
 PSYoungGen      total 492544K, used 467161K [0x00000000d5580000, 0x00000000f6880000, 0x0000000100000000)
  eden space 441344K, 100% used [0x00000000d5580000,0x00000000f0480000,0x00000000f0480000)
  from space 51200K, 50% used [0x00000000f0480000,0x00000000f1db6648,0x00000000f3680000)
  to   space 48128K, 0% used [0x00000000f3980000,0x00000000f3980000,0x00000000f6880000)
 ParOldGen       total 222208K, used 113989K [0x0000000080000000, 0x000000008d900000, 0x00000000d5580000)
  object space 222208K, 51% used [0x0000000080000000,0x0000000086f514d8,0x000000008d900000)
 Metaspace       used 82970K, capacity 87094K, committed 87448K, reserved 1124352K
  class space    used 11217K, capacity 11990K, committed 12200K, reserved 1048576K
Event: 25.818 GC heap after
Heap after GC invocations=25 (full 5):
 PSYoungGen      total 489472K, used 27258K [0x00000000d5580000, 0x00000000f6880000, 0x0000000100000000)
  eden space 441344K, 0% used [0x00000000d5580000,0x00000000d5580000,0x00000000f0480000)
  from space 48128K, 56% used [0x00000000f3980000,0x00000000f541e9a8,0x00000000f6880000)
  to   space 51200K, 0% used [0x00000000f0480000,0x00000000f0480000,0x00000000f3680000)
 ParOldGen       total 222208K, used 113997K [0x0000000080000000, 0x000000008d900000, 0x00000000d5580000)
  object space 222208K, 51% used [0x0000000080000000,0x0000000086f534d8,0x000000008d900000)
 Metaspace       used 82970K, capacity 87094K, committed 87448K, reserved 1124352K
  class space    used 11217K, capacity 11990K, committed 12200K, reserved 1048576K
}
Event: 26.965 GC heap before
{Heap before GC invocations=26 (full 5):
 PSYoungGen      total 489472K, used 468602K [0x00000000d5580000, 0x00000000f6880000, 0x0000000100000000)
  eden space 441344K, 100% used [0x00000000d5580000,0x00000000f0480000,0x00000000f0480000)
  from space 48128K, 56% used [0x00000000f3980000,0x00000000f541e9a8,0x00000000f6880000)
  to   space 51200K, 0% used [0x00000000f0480000,0x00000000f0480000,0x00000000f3680000)
 ParOldGen       total 222208K, used 113997K [0x0000000080000000, 0x000000008d900000, 0x00000000d5580000)
  object space 222208K, 51% used [0x0000000080000000,0x0000000086f534d8,0x000000008d900000)
 Metaspace       used 83001K, capacity 87094K, committed 87448K, reserved 1124352K
  class space    used 11219K, capacity 11990K, committed 12200K, reserved 1048576K
Event: 27.014 GC heap after
Heap after GC invocations=26 (full 5):
 PSYoungGen      total 492544K, used 33467K [0x00000000d5580000, 0x00000000f6880000, 0x0000000100000000)
  eden space 441344K, 0% used [0x00000000d5580000,0x00000000d5580000,0x00000000f0480000)
  from space 51200K, 65% used [0x00000000f0480000,0x00000000f252eca0,0x00000000f3680000)
  to   space 48128K, 0% used [0x00000000f3980000,0x00000000f3980000,0x00000000f6880000)
 ParOldGen       total 222208K, used 113997K [0x0000000080000000, 0x000000008d900000, 0x00000000d5580000)
  object space 222208K, 51% used [0x0000000080000000,0x0000000086f534d8,0x000000008d900000)
 Metaspace       used 83001K, capacity 87094K, committed 87448K, reserved 1124352K
  class space    used 11219K, capacity 11990K, committed 12200K, reserved 1048576K
}
Event: 28.232 GC heap before
{Heap before GC invocations=27 (full 5):
 PSYoungGen      total 492544K, used 474811K [0x00000000d5580000, 0x00000000f6880000, 0x0000000100000000)
  eden space 441344K, 100% used [0x00000000d5580000,0x00000000f0480000,0x00000000f0480000)
  from space 51200K, 65% used [0x00000000f0480000,0x00000000f252eca0,0x00000000f3680000)
  to   space 48128K, 0% used [0x00000000f3980000,0x00000000f3980000,0x00000000f6880000)
 ParOldGen       total 222208K, used 113997K [0x0000000080000000, 0x000000008d900000, 0x00000000d5580000)
  object space 222208K, 51% used [0x0000000080000000,0x0000000086f534d8,0x000000008d900000)
 Metaspace       used 83011K, capacity 87094K, committed 87448K, reserved 1124352K
  class space    used 11219K, capacity 11990K, committed 12200K, reserved 1048576K
Event: 28.291 GC heap after
Heap after GC invocations=27 (full 5):
 PSYoungGen      total 489472K, used 41003K [0x00000000d5580000, 0x00000000f6880000, 0x0000000100000000)
  eden space 441344K, 0% used [0x00000000d5580000,0x00000000d5580000,0x00000000f0480000)
  from space 48128K, 85% used [0x00000000f3980000,0x00000000f618aef0,0x00000000f6880000)
  to   space 51200K, 0% used [0x00000000f0480000,0x00000000f0480000,0x00000000f3680000)
 ParOldGen       total 222208K, used 113997K [0x0000000080000000, 0x000000008d900000, 0x00000000d5580000)
  object space 222208K, 51% used [0x0000000080000000,0x0000000086f534d8,0x000000008d900000)
 Metaspace       used 83011K, capacity 87094K, committed 87448K, reserved 1124352K
  class space    used 11219K, capacity 11990K, committed 12200K, reserved 1048576K
}
Event: 29.882 GC heap before
{Heap before GC invocations=28 (full 5):
 PSYoungGen      total 489472K, used 482347K [0x00000000d5580000, 0x00000000f6880000, 0x0000000100000000)
  eden space 441344K, 100% used [0x00000000d5580000,0x00000000f0480000,0x00000000f0480000)
  from space 48128K, 85% used [0x00000000f3980000,0x00000000f618aef0,0x00000000f6880000)
  to   space 51200K, 0% used [0x00000000f0480000,0x00000000f0480000,0x00000000f3680000)
 ParOldGen       total 222208K, used 113997K [0x0000000080000000, 0x000000008d900000, 0x00000000d5580000)
  object space 222208K, 51% used [0x0000000080000000,0x0000000086f534d8,0x000000008d900000)
 Metaspace       used 83257K, capacity 87326K, committed 87704K, reserved 1124352K
  class space    used 11222K, capacity 11992K, committed 12200K, reserved 1048576K
Event: 29.947 GC heap after
Heap after GC invocations=28 (full 5):
 PSYoungGen      total 492544K, used 39947K [0x00000000d5580000, 0x00000000f6880000, 0x0000000100000000)
  eden space 441344K, 0% used [0x00000000d5580000,0x00000000d5580000,0x00000000f0480000)
  from space 51200K, 78% used [0x00000000f0480000,0x00000000f2b82fd0,0x00000000f3680000)
  to   space 48128K, 0% used [0x00000000f3980000,0x00000000f3980000,0x00000000f6880000)
 ParOldGen       total 222208K, used 114005K [0x0000000080000000, 0x000000008d900000, 0x00000000d5580000)
  object space 222208K, 51% used [0x0000000080000000,0x0000000086f554d8,0x000000008d900000)
 Metaspace       used 83257K, capacity 87326K, committed 87704K, reserved 1124352K
  class space    used 11222K, capacity 11992K, committed 12200K, reserved 1048576K
}

Deoptimization events (10 events):
Event: 27.715 Thread 0x000000001bd2d800 Uncommon trap: reason=bimorphic action=maybe_recompile pc=0x00000000045307e4 method=com.android.tools.r8.q.a.a.b.S.iterator()Ljava/util/Iterator; @ 1
Event: 28.130 Thread 0x000000001bd2c800 Uncommon trap: reason=class_check action=maybe_recompile pc=0x0000000004f62354 method=com.android.tools.r8.t.a.a.a.f.e.putAll(Ljava/util/Map;)V @ 3
Event: 28.132 Thread 0x000000001bd2c800 Uncommon trap: reason=class_check action=maybe_recompile pc=0x0000000004f62354 method=com.android.tools.r8.t.a.a.a.f.e.putAll(Ljava/util/Map;)V @ 3
Event: 28.458 Thread 0x000000001bd2d800 Uncommon trap: reason=unstable_if action=reinterpret pc=0x0000000003785028 method=java.util.Arrays.equals([Ljava/lang/Object;[Ljava/lang/Object;)Z @ 47
Event: 28.653 Thread 0x000000001bd2c800 Uncommon trap: reason=unstable_if action=reinterpret pc=0x0000000005345288 method=com.android.tools.r8.graph.i0.b(Lcom/android/tools/r8/graph/i0;)I @ 60
Event: 28.675 Thread 0x000000001bd2c800 Uncommon trap: reason=null_check action=make_not_entrant pc=0x000000000482fa40 method=com.android.tools.r8.graph.i0.computeEquals(Ljava/lang/Object;)Z @ 1
Event: 29.190 Thread 0x000000001bd2d800 Uncommon trap: reason=bimorphic action=maybe_recompile pc=0x00000000045307e4 method=com.android.tools.r8.q.a.a.b.S.iterator()Ljava/util/Iterator; @ 1
Event: 29.227 Thread 0x000000001b014000 Uncommon trap: reason=predicate action=maybe_recompile pc=0x0000000002e77948 method=java.util.Collections.indexedBinarySearch(Ljava/util/List;Ljava/lang/Object;)I @ 16
Event: 29.953 Thread 0x000000001bd2c800 Uncommon trap: reason=unstable_if action=reinterpret pc=0x00000000040f34a8 method=java.util.concurrent.ConcurrentHashMap.computeIfAbsent(Ljava/lang/Object;Ljava/util/function/Function;)Ljava/lang/Object; @ 456
Event: 29.959 Thread 0x000000001bd2c800 Uncommon trap: reason=unstable_if action=reinterpret pc=0x000000000302b7b8 method=java.util.concurrent.ConcurrentHashMap.transfer([Ljava/util/concurrent/ConcurrentHashMap$Node;[Ljava/util/concurrent/ConcurrentHashMap$Node;)V @ 356

Classes redefined (0 events):
No events

Internal exceptions (10 events):
Event: 29.164 Thread 0x000000001bd2d800 Exception <a 'sun/nio/fs/WindowsException'> (0x00000000e0f9db50) thrown at [C:\src\AOSP-openjdk-git\hotspot\src\share\vm\prims\jni.cpp, line 710]
Event: 29.276 Thread 0x000000001bd2c800 Exception <a 'sun/nio/fs/WindowsException'> (0x00000000e301d018) thrown at [C:\src\AOSP-openjdk-git\hotspot\src\share\vm\prims\jni.cpp, line 710]
Event: 29.279 Thread 0x000000001bd2d800 Exception <a 'sun/nio/fs/WindowsException'> (0x00000000e355e258) thrown at [C:\src\AOSP-openjdk-git\hotspot\src\share\vm\prims\jni.cpp, line 710]
Event: 29.567 Thread 0x000000001bd2c800 Exception <a 'sun/nio/fs/WindowsException'> (0x00000000ea2d3b70) thrown at [C:\src\AOSP-openjdk-git\hotspot\src\share\vm\prims\jni.cpp, line 710]
Event: 29.622 Thread 0x000000001bd2d800 Exception <a 'sun/nio/fs/WindowsException'> (0x00000000eb708110) thrown at [C:\src\AOSP-openjdk-git\hotspot\src\share\vm\prims\jni.cpp, line 710]
Event: 29.830 Thread 0x000000001bd2d800 Exception <a 'sun/nio/fs/WindowsException'> (0x00000000ef6e72f8) thrown at [C:\src\AOSP-openjdk-git\hotspot\src\share\vm\prims\jni.cpp, line 710]
Event: 29.879 Thread 0x000000001bd2c800 Exception <a 'sun/nio/fs/WindowsException'> (0x00000000f0448c20) thrown at [C:\src\AOSP-openjdk-git\hotspot\src\share\vm\prims\jni.cpp, line 710]
Event: 29.961 Thread 0x000000001bd33800 Exception <a 'sun/nio/fs/WindowsException'> (0x00000000d5df21c0) thrown at [C:\src\AOSP-openjdk-git\hotspot\src\share\vm\prims\jni.cpp, line 710]
Event: 30.224 Thread 0x000000001bd33800 Exception <a 'sun/nio/fs/WindowsException'> (0x00000000db536a90) thrown at [C:\src\AOSP-openjdk-git\hotspot\src\share\vm\prims\jni.cpp, line 710]
Event: 30.286 Thread 0x000000001bd2c800 Exception <a 'sun/nio/fs/WindowsException'> (0x00000000dc646af0) thrown at [C:\src\AOSP-openjdk-git\hotspot\src\share\vm\prims\jni.cpp, line 710]

Events (10 events):
Event: 30.127 Thread 0x000000001bd2c800 DEOPT PACKING pc=0x00000000056a8840 sp=0x00000000224c9040
Event: 30.127 Thread 0x000000001bd2c800 DEOPT UNPACKING pc=0x0000000002b575d0 sp=0x00000000224c8e78 mode 0
Event: 30.136 Thread 0x000000001bd2c800 DEOPT PACKING pc=0x0000000004a061ea sp=0x00000000224c9890
Event: 30.136 Thread 0x000000001bd2c800 DEOPT UNPACKING pc=0x0000000002b575d0 sp=0x00000000224c98e8 mode 0
Event: 30.237 Thread 0x000000001bd2c800 DEOPT PACKING pc=0x0000000004b18370 sp=0x00000000224c98a0
Event: 30.237 Thread 0x000000001bd2c800 DEOPT UNPACKING pc=0x0000000002b575d0 sp=0x00000000224c98d8 mode 0
Event: 30.274 Executing VM operation: RevokeBias
Event: 30.274 Executing VM operation: RevokeBias done
Event: 30.298 Thread 0x000000001bd2b000 DEOPT PACKING pc=0x0000000004a061ea sp=0x00000000225c9dc0
Event: 30.298 Thread 0x000000001bd2b000 DEOPT UNPACKING pc=0x0000000002b575d0 sp=0x00000000225c9e18 mode 0


Dynamic libraries:
0x00007ff7cbb30000 - 0x00007ff7cbb61000 	C:\Program Files\Android\Android Studio\jre\bin\java.exe
0x00007ffe4b430000 - 0x00007ffe4b626000 	C:\Windows\SYSTEM32\ntdll.dll
0x00007ffe49570000 - 0x00007ffe4962d000 	C:\Windows\System32\KERNEL32.DLL
0x00007ffe48c90000 - 0x00007ffe48f58000 	C:\Windows\System32\KERNELBASE.dll
0x00007ffe4b0b0000 - 0x00007ffe4b15a000 	C:\Windows\System32\ADVAPI32.dll
0x00007ffe4b160000 - 0x00007ffe4b1fe000 	C:\Windows\System32\msvcrt.dll
0x00007ffe49ab0000 - 0x00007ffe49b4b000 	C:\Windows\System32\sechost.dll
0x00007ffe4b200000 - 0x00007ffe4b324000 	C:\Windows\System32\RPCRT4.dll
0x00007ffe49800000 - 0x00007ffe499a0000 	C:\Windows\System32\USER32.dll
0x00007ffe490f0000 - 0x00007ffe49112000 	C:\Windows\System32\win32u.dll
0x00007ffe4b3c0000 - 0x00007ffe4b3ea000 	C:\Windows\System32\GDI32.dll
0x00007ffe48f60000 - 0x00007ffe49069000 	C:\Windows\System32\gdi32full.dll
0x00007ffe49120000 - 0x00007ffe491bd000 	C:\Windows\System32\msvcp_win.dll
0x00007ffe491c0000 - 0x00007ffe492c0000 	C:\Windows\System32\ucrtbase.dll
0x00007ffe38ad0000 - 0x00007ffe38d6b000 	C:\Windows\WinSxS\amd64_microsoft.windows.common-controls_6595b64144ccf1df_6.0.19041.488_none_ca04af081b815d21\COMCTL32.dll
0x00007ffe496b0000 - 0x00007ffe496e0000 	C:\Windows\System32\IMM32.DLL
0x00007ffe48760000 - 0x00007ffe48857000 	C:\Windows\system32\guard64.dll
0x00007ffe48750000 - 0x00007ffe4875a000 	C:\Windows\system32\version.dll
0x00007ffe4af80000 - 0x00007ffe4b0aa000 	C:\Windows\System32\ole32.dll
0x00007ffe49cb0000 - 0x00007ffe4a005000 	C:\Windows\System32\combase.dll
0x00007ffe48740000 - 0x00007ffe4874b000 	C:\Windows\system32\fltlib.dll
0x00007ffe4a2b0000 - 0x00007ffe4a9f0000 	C:\Windows\System32\shell32.dll
0x00007ffe49740000 - 0x00007ffe497ee000 	C:\Windows\System32\shcore.dll
0x0000000057bc0000 - 0x0000000057c92000 	C:\Program Files\Android\Android Studio\jre\jre\bin\msvcr100.dll
0x0000000057d80000 - 0x00000000585cb000 	C:\Program Files\Android\Android Studio\jre\jre\bin\server\jvm.dll
0x00007ffe49bc0000 - 0x00007ffe49bc8000 	C:\Windows\System32\PSAPI.DLL
0x00007ffe445a0000 - 0x00007ffe445a9000 	C:\Windows\SYSTEM32\WSOCK32.dll
0x00007ffe4b330000 - 0x00007ffe4b39b000 	C:\Windows\System32\WS2_32.dll
0x00007ffe3cb60000 - 0x00007ffe3cb87000 	C:\Windows\SYSTEM32\WINMM.dll
0x00007ffe444d0000 - 0x00007ffe444df000 	C:\Program Files\Android\Android Studio\jre\jre\bin\verify.dll
0x00007ffe37dc0000 - 0x00007ffe37de9000 	C:\Program Files\Android\Android Studio\jre\jre\bin\java.dll
0x00007ffe37c30000 - 0x00007ffe37c46000 	C:\Program Files\Android\Android Studio\jre\jre\bin\zip.dll
0x00007ffe46bb0000 - 0x00007ffe47344000 	C:\Windows\SYSTEM32\windows.storage.dll
0x00007ffe48400000 - 0x00007ffe4842c000 	C:\Windows\SYSTEM32\Wldp.dll
0x00007ffe49b50000 - 0x00007ffe49ba5000 	C:\Windows\System32\shlwapi.dll
0x00007ffe48ab0000 - 0x00007ffe48ad6000 	C:\Windows\SYSTEM32\profapi.dll
0x00007ffe37c10000 - 0x00007ffe37c2a000 	C:\Program Files\Android\Android Studio\jre\jre\bin\net.dll
0x00007ffe48180000 - 0x00007ffe481ea000 	C:\Windows\system32\mswsock.dll
0x00007ffe37920000 - 0x00007ffe37933000 	C:\Program Files\Android\Android Studio\jre\jre\bin\nio.dll
0x00007ffe299d0000 - 0x00007ffe299f7000 	C:\Users\volod\.gradle\native\f6784746aeab05261644944871eae4fe03e0ef1612fff0a4a95f87b438bc6780\windows-amd64\native-platform.dll
0x00007ffe42f30000 - 0x00007ffe42f3d000 	C:\Program Files\Android\Android Studio\jre\jre\bin\management.dll
0x00007ffe48350000 - 0x00007ffe48368000 	C:\Windows\SYSTEM32\CRYPTSP.dll
0x00007ffe47b10000 - 0x00007ffe47b44000 	C:\Windows\system32\rsaenh.dll
0x00007ffe49420000 - 0x00007ffe49447000 	C:\Windows\System32\bcrypt.dll
0x00007ffe48a70000 - 0x00007ffe48a9e000 	C:\Windows\SYSTEM32\USERENV.dll
0x00007ffe49070000 - 0x00007ffe490ef000 	C:\Windows\System32\bcryptprimitives.dll
0x00007ffe48370000 - 0x00007ffe4837c000 	C:\Windows\SYSTEM32\CRYPTBASE.dll
0x00007ffe47e70000 - 0x00007ffe47eab000 	C:\Windows\SYSTEM32\IPHLPAPI.DLL
0x00007ffe497f0000 - 0x00007ffe497f9000 	C:\Windows\System32\NSI.dll
0x00007ffe3eb30000 - 0x00007ffe3eb47000 	C:\Windows\SYSTEM32\dhcpcsvc6.DLL
0x00007ffe3eab0000 - 0x00007ffe3eacd000 	C:\Windows\SYSTEM32\dhcpcsvc.DLL
0x00007ffe47ec0000 - 0x00007ffe47f8b000 	C:\Windows\SYSTEM32\DNSAPI.dll
0x00007ffe3ef50000 - 0x00007ffe3ef5b000 	C:\Windows\SYSTEM32\WINNSI.DLL

VM Arguments:
jvm_args: -Xmx2048m -Dfile.encoding=UTF-8 -Duser.country=RU -Duser.language=ru -Duser.variant 
java_command: org.gradle.launcher.daemon.bootstrap.GradleDaemon 6.5
java_class_path (initial): C:\Users\volod\.gradle\wrapper\dists\gradle-6.5-bin\6nifqtx7604sqp1q6g8wikw7p\gradle-6.5\lib\gradle-launcher-6.5.jar
Launcher Type: SUN_STANDARD

Environment Variables:
JAVA_HOME=C:\Program Files\Java\jdk1.8.0_271
PATH=C:\Windows\system32;C:\Windows;C:\Windows\System32\Wbem;C:\Windows\System32\WindowsPowerShell\v1.0\;C:\Windows\System32\OpenSSH\;C:\Program Files\Java\jdk1.8.0_271\bin;C:\Program Files (x86)\Common Files\Oracle\Java\javapath;C:\Program Files\Common Files\Oracle\Java\javapath;C:\Program Files\Git\cmd;C:\Program Files\MongoDB\Server\4.4\bin;C:\Program Files\PuTTY\;C:\Users\volod\AppData\Local\Microsoft\WindowsApps;C:\kubernetes;
USERNAME=volod
OS=Windows_NT
PROCESSOR_IDENTIFIER=Intel64 Family 6 Model 142 Stepping 9, GenuineIntel



---------------  S Y S T E M  ---------------

OS: Windows 10.0 , 64 bit Build 19041 (10.0.19041.546)

CPU:total 4 (initial active 4) (2 cores per cpu, 2 threads per core) family 6 model 142 stepping 9, cmov, cx8, fxsr, mmx, sse, sse2, sse3, ssse3, sse4.1, sse4.2, popcnt, avx, avx2, aes, clmul, erms, 3dnowpref, lzcnt, ht, tsc, tscinvbit, bmi1, bmi2, adx

Memory: 4k page, physical 8266284k(1270008k free), swap 10363436k(5944k free)

vm_info: OpenJDK 64-Bit Server VM (25.242-b01) for windows-amd64 JRE (1.8.0_242-release-1644-b01), built by "builder" with MS VC++ 10.0 (VS2010)

time: Tue Apr 13 20:56:26 2021
timezone: Финляндия (лето)
elapsed time: 30 seconds (0d 0h 0m 30s)

