#
# There is insufficient memory for the Java Runtime Environment to continue.
# Native memory allocation (malloc) failed to allocate 1780256 bytes for Chunk::new
# Possible reasons:
#   The system is out of physical RAM or swap space
#   The process is running with CompressedOops enabled, and the Java Heap may be blocking the growth of the native heap
# Possible solutions:
#   Reduce memory load on the system
#   Increase physical memory or swap space
#   Check if swap backing store is full
#   Decrease Java heap size (-Xmx/-Xms)
#   Decrease number of Java threads
#   Decrease Java thread stack sizes (-Xss)
#   Set larger code cache with -XX:ReservedCodeCacheSize=
#   JVM is running with Unscaled Compressed Oops mode in which the Java heap is
#     placed in the first 4GB address space. The Java Heap base address is the
#     maximum limit for the native heap growth. Please use -XX:HeapBaseMinAddress
#     to set the Java Heap base and to place the Java Heap above 4GB virtual address.
# This output file may be truncated or incomplete.
#
#  Out of Memory Error (allocation.cpp:389), pid=10776, tid=0x0000000000002720
#
# JRE version: OpenJDK Runtime Environment (8.0_242-b01) (build 1.8.0_242-release-1644-b01)
# Java VM: OpenJDK 64-Bit Server VM (25.242-b01 mixed mode windows-amd64 compressed oops)
# Failed to write core dump. Minidumps are not enabled by default on client versions of Windows
#

---------------  T H R E A D  ---------------

Current thread (0x0000000017e3a000):  JavaThread "C2 CompilerThread1" daemon [_thread_in_native, id=10016, stack(0x00000000195a0000,0x00000000196a0000)]

Stack: [0x00000000195a0000,0x00000000196a0000]
[error occurred during error reporting (printing stack bounds), id 0xc0000005]

Native frames: (J=compiled Java code, j=interpreted, Vv=VM code, C=native code)


Current CompileTask:
C2:  32994 15073       4       com.android.tools.r8.ir.regalloc.a::a (3992 bytes)


---------------  P R O C E S S  ---------------

Java Threads: ( => current thread )
  0x000000001e783800 JavaThread "stdout" [_thread_in_native, id=8828, stack(0x000000002eee0000,0x000000002efe0000)]
  0x000000001e782800 JavaThread "stderr" [_thread_in_native, id=9716, stack(0x000000002ede0000,0x000000002eee0000)]
  0x000000001e77a000 JavaThread "stdout" [_thread_in_native, id=4592, stack(0x000000002ece0000,0x000000002ede0000)]
  0x000000001e77b800 JavaThread "stderr" [_thread_in_native, id=9908, stack(0x000000002ebe0000,0x000000002ece0000)]
  0x000000001e77d000 JavaThread "stdout" [_thread_in_native, id=2480, stack(0x000000002eae0000,0x000000002ebe0000)]
  0x000000001e77c800 JavaThread "stderr" [_thread_in_native, id=10688, stack(0x000000002e9e0000,0x000000002eae0000)]
  0x000000001e77b000 JavaThread "stdout" [_thread_in_native, id=11100, stack(0x000000002e8e0000,0x000000002e9e0000)]
  0x000000001e650800 JavaThread "stderr" [_thread_in_native, id=11120, stack(0x000000002e7e0000,0x000000002e8e0000)]
  0x000000001e65e800 JavaThread "pool-2-thread-1" [_thread_blocked, id=8132, stack(0x000000002e6e0000,0x000000002e7e0000)]
  0x000000001e65d000 JavaThread "MarlinRenderer Disposer" daemon [_thread_blocked, id=3148, stack(0x000000002e3e0000,0x000000002e4e0000)]
  0x000000001e65c000 JavaThread "Java2D Disposer" daemon [_thread_blocked, id=8620, stack(0x000000002e1e0000,0x000000002e2e0000)]
  0x000000001e659800 JavaThread "WorkerExecutor Queue Thread 4" [_thread_blocked, id=7004, stack(0x000000002dee0000,0x000000002dfe0000)]
  0x000000001e659000 JavaThread "WorkerExecutor Queue Thread 3" [_thread_blocked, id=7992, stack(0x000000002dde0000,0x000000002dee0000)]
  0x000000001e65a800 JavaThread "WorkerExecutor Queue Thread 2" [_thread_blocked, id=7956, stack(0x000000002dce0000,0x000000002dde0000)]
  0x000000001e65b000 JavaThread "WorkerExecutor Queue" [_thread_blocked, id=7764, stack(0x000000002dbe0000,0x000000002dce0000)]
  0x000000001e656000 JavaThread "Cache worker for execution history cache (D:\Diploma\DiplomaApp\.gradle\6.5\executionHistory)" [_thread_blocked, id=9720, stack(0x000000002d4e0000,0x000000002d5e0000)]
  0x000000001e653800 JavaThread "Execution worker for ':' Thread 3" [_thread_blocked, id=10272, stack(0x000000002d3e0000,0x000000002d4e0000)]
  0x000000001e651800 JavaThread "Execution worker for ':' Thread 2" [_thread_blocked, id=9788, stack(0x000000002d2e0000,0x000000002d3e0000)]
  0x000000001e653000 JavaThread "Execution worker for ':'" [_thread_blocked, id=2960, stack(0x000000002d1e0000,0x000000002d2e0000)]
  0x000000001e655000 JavaThread "Cache worker for file content cache (D:\Diploma\DiplomaApp\.gradle\6.5\fileContent)" [_thread_blocked, id=10468, stack(0x000000002ac70000,0x000000002ad70000)]
  0x000000001e650000 JavaThread "Memory manager" [_thread_blocked, id=7140, stack(0x000000002aa60000,0x000000002ab60000)]
  0x000000001e652000 JavaThread "pool-1-thread-1" [_thread_blocked, id=9556, stack(0x000000002ab70000,0x000000002ac70000)]
  0x000000001e64f000 JavaThread "Cache worker for Build Output Cleanup Cache (D:\Diploma\DiplomaApp\.gradle\buildOutputCleanup)" [_thread_blocked, id=7812, stack(0x000000002a560000,0x000000002a660000)]
  0x000000001e425800 JavaThread "jar transforms Thread 118" [_thread_blocked, id=3172, stack(0x000000002a260000,0x000000002a360000)]
  0x000000001e425000 JavaThread "jar transforms Thread 117" [_thread_blocked, id=6100, stack(0x000000002a160000,0x000000002a260000)]
  0x000000001e424000 JavaThread "jar transforms Thread 116" [_thread_blocked, id=896, stack(0x000000002a060000,0x000000002a160000)]
  0x000000001e423800 JavaThread "jar transforms Thread 115" [_thread_blocked, id=5876, stack(0x0000000029f60000,0x000000002a060000)]
  0x000000001e422800 JavaThread "jar transforms Thread 114" [_thread_blocked, id=9696, stack(0x0000000029e60000,0x0000000029f60000)]
  0x000000001e41b000 JavaThread "jar transforms Thread 113" [_thread_blocked, id=4720, stack(0x0000000029d60000,0x0000000029e60000)]
  0x000000001e422000 JavaThread "jar transforms Thread 112" [_thread_blocked, id=10096, stack(0x0000000029c60000,0x0000000029d60000)]
  0x000000001e421000 JavaThread "jar transforms Thread 111" [_thread_blocked, id=2684, stack(0x0000000029b60000,0x0000000029c60000)]
  0x000000001e420000 JavaThread "jar transforms Thread 110" [_thread_blocked, id=6044, stack(0x0000000029a60000,0x0000000029b60000)]
  0x000000001e41e800 JavaThread "jar transforms Thread 109" [_thread_blocked, id=6192, stack(0x0000000029960000,0x0000000029a60000)]
  0x000000001e41a000 JavaThread "jar transforms Thread 108" [_thread_blocked, id=1640, stack(0x0000000029860000,0x0000000029960000)]
  0x000000001e418800 JavaThread "jar transforms Thread 107" [_thread_blocked, id=6644, stack(0x0000000029760000,0x0000000029860000)]
  0x000000001e41f800 JavaThread "jar transforms Thread 106" [_thread_blocked, id=10728, stack(0x0000000022ed0000,0x0000000022fd0000)]
  0x000000001e41e000 JavaThread "jar transforms Thread 105" [_thread_blocked, id=7040, stack(0x0000000022dd0000,0x0000000022ed0000)]
  0x000000001e419800 JavaThread "jar transforms Thread 104" [_thread_blocked, id=7532, stack(0x0000000022cd0000,0x0000000022dd0000)]
  0x000000001e418000 JavaThread "jar transforms Thread 103" [_thread_blocked, id=5152, stack(0x0000000029660000,0x0000000029760000)]
  0x000000001e41c800 JavaThread "jar transforms Thread 102" [_thread_blocked, id=9416, stack(0x0000000029560000,0x0000000029660000)]
  0x000000001e416800 JavaThread "jar transforms Thread 101" [_thread_blocked, id=3656, stack(0x0000000029460000,0x0000000029560000)]
  0x000000001e41b800 JavaThread "jar transforms Thread 100" [_thread_blocked, id=7816, stack(0x0000000029360000,0x0000000029460000)]
  0x000000001e417000 JavaThread "jar transforms Thread 99" [_thread_blocked, id=8660, stack(0x0000000029260000,0x0000000029360000)]
  0x000000001e41d000 JavaThread "jar transforms Thread 98" [_thread_blocked, id=7336, stack(0x0000000029160000,0x0000000029260000)]
  0x000000001a89d000 JavaThread "jar transforms Thread 97" [_thread_blocked, id=2132, stack(0x0000000029060000,0x0000000029160000)]
  0x000000001a89a000 JavaThread "jar transforms Thread 96" [_thread_blocked, id=5540, stack(0x0000000028f60000,0x0000000029060000)]
  0x000000001a89c800 JavaThread "jar transforms Thread 95" [_thread_blocked, id=3220, stack(0x0000000028e60000,0x0000000028f60000)]
  0x000000001a899800 JavaThread "jar transforms Thread 94" [_thread_blocked, id=10992, stack(0x0000000028d60000,0x0000000028e60000)]
  0x000000001a897000 JavaThread "jar transforms Thread 93" [_thread_blocked, id=8824, stack(0x0000000028c60000,0x0000000028d60000)]
  0x000000001a896800 JavaThread "jar transforms Thread 92" [_thread_blocked, id=2692, stack(0x0000000028b60000,0x0000000028c60000)]
  0x000000001a89b800 JavaThread "jar transforms Thread 91" [_thread_blocked, id=10912, stack(0x0000000028a60000,0x0000000028b60000)]
  0x000000001a898800 JavaThread "jar transforms Thread 90" [_thread_blocked, id=11124, stack(0x0000000028960000,0x0000000028a60000)]
  0x000000001a89b000 JavaThread "jar transforms Thread 89" [_thread_blocked, id=3000, stack(0x0000000028860000,0x0000000028960000)]
  0x000000001a898000 JavaThread "jar transforms Thread 88" [_thread_blocked, id=2952, stack(0x0000000028760000,0x0000000028860000)]
  0x000000001a88f000 JavaThread "jar transforms Thread 87" [_thread_blocked, id=10640, stack(0x0000000028660000,0x0000000028760000)]
  0x000000001a895800 JavaThread "jar transforms Thread 86" [_thread_blocked, id=11112, stack(0x0000000028560000,0x0000000028660000)]
  0x000000001a894000 JavaThread "jar transforms Thread 85" [_thread_blocked, id=3988, stack(0x0000000028460000,0x0000000028560000)]
  0x000000001a892000 JavaThread "jar transforms Thread 84" [_thread_blocked, id=10900, stack(0x0000000028360000,0x0000000028460000)]
  0x000000001a88f800 JavaThread "jar transforms Thread 83" [_thread_blocked, id=9144, stack(0x0000000028260000,0x0000000028360000)]
  0x000000001a88e000 JavaThread "jar transforms Thread 82" [_thread_blocked, id=9220, stack(0x0000000028160000,0x0000000028260000)]
  0x000000001a892800 JavaThread "jar transforms Thread 81" [_thread_blocked, id=9436, stack(0x0000000028060000,0x0000000028160000)]
  0x000000001a893800 JavaThread "jar transforms Thread 80" [_thread_blocked, id=9828, stack(0x0000000027f60000,0x0000000028060000)]
  0x000000001a891000 JavaThread "jar transforms Thread 79" [_thread_blocked, id=3592, stack(0x0000000027e60000,0x0000000027f60000)]
  0x000000001a895000 JavaThread "jar transforms Thread 78" [_thread_blocked, id=10700, stack(0x0000000027d60000,0x0000000027e60000)]
  0x000000001a890800 JavaThread "jar transforms Thread 77" [_thread_blocked, id=10160, stack(0x0000000027c60000,0x0000000027d60000)]
  0x000000001f088000 JavaThread "jar transforms Thread 76" [_thread_blocked, id=2388, stack(0x0000000027b60000,0x0000000027c60000)]
  0x000000001f087000 JavaThread "jar transforms Thread 75" [_thread_blocked, id=10492, stack(0x0000000027a60000,0x0000000027b60000)]
  0x000000001f086800 JavaThread "jar transforms Thread 74" [_thread_blocked, id=3276, stack(0x0000000027960000,0x0000000027a60000)]
  0x000000001f085800 JavaThread "jar transforms Thread 73" [_thread_blocked, id=10724, stack(0x0000000027860000,0x0000000027960000)]
  0x000000001f085000 JavaThread "jar transforms Thread 72" [_thread_blocked, id=3132, stack(0x0000000027760000,0x0000000027860000)]
  0x000000001f084000 JavaThread "jar transforms Thread 71" [_thread_blocked, id=11068, stack(0x0000000027660000,0x0000000027760000)]
  0x000000001f083800 JavaThread "jar transforms Thread 70" [_thread_blocked, id=9732, stack(0x0000000027560000,0x0000000027660000)]
  0x000000001f088800 JavaThread "jar transforms Thread 69" [_thread_blocked, id=10132, stack(0x0000000027460000,0x0000000027560000)]
  0x000000001f07b800 JavaThread "jar transforms Thread 68" [_thread_blocked, id=7916, stack(0x0000000027360000,0x0000000027460000)]
  0x000000001f082800 JavaThread "jar transforms Thread 67" [_thread_blocked, id=2752, stack(0x0000000027260000,0x0000000027360000)]
  0x000000001f082000 JavaThread "jar transforms Thread 66" [_thread_blocked, id=9316, stack(0x0000000027160000,0x0000000027260000)]
  0x000000001f081000 JavaThread "jar transforms Thread 65" [_thread_blocked, id=10672, stack(0x0000000027060000,0x0000000027160000)]
  0x000000001f07f800 JavaThread "jar transforms Thread 64" [_thread_blocked, id=9972, stack(0x0000000026f60000,0x0000000027060000)]
  0x000000001f079800 JavaThread "jar transforms Thread 63" [_thread_blocked, id=1240, stack(0x0000000026e60000,0x0000000026f60000)]
  0x000000001f07b000 JavaThread "jar transforms Thread 62" [_thread_blocked, id=1800, stack(0x0000000026d60000,0x0000000026e60000)]
  0x000000001f07d000 JavaThread "jar transforms Thread 61" [_thread_blocked, id=7596, stack(0x0000000026c60000,0x0000000026d60000)]
  0x000000001f07f000 JavaThread "jar transforms Thread 60" [_thread_blocked, id=2300, stack(0x0000000026b60000,0x0000000026c60000)]
  0x000000001f07e000 JavaThread "jar transforms Thread 59" [_thread_blocked, id=10864, stack(0x0000000026a60000,0x0000000026b60000)]
  0x000000001f07a000 JavaThread "jar transforms Thread 58" [_thread_blocked, id=7644, stack(0x0000000026960000,0x0000000026a60000)]
  0x000000001f07c800 JavaThread "jar transforms Thread 57" [_thread_blocked, id=9392, stack(0x0000000026860000,0x0000000026960000)]
  0x000000001f080800 JavaThread "jar transforms Thread 56" [_thread_blocked, id=11176, stack(0x0000000026760000,0x0000000026860000)]
  0x000000001becf800 JavaThread "jar transforms Thread 55" [_thread_blocked, id=10084, stack(0x0000000026660000,0x0000000026760000)]
  0x000000001becf000 JavaThread "jar transforms Thread 54" [_thread_blocked, id=9700, stack(0x0000000026560000,0x0000000026660000)]
  0x000000001bece000 JavaThread "jar transforms Thread 53" [_thread_blocked, id=3404, stack(0x0000000026460000,0x0000000026560000)]
  0x000000001becc800 JavaThread "jar transforms Thread 52" [_thread_blocked, id=10268, stack(0x0000000026360000,0x0000000026460000)]
  0x000000001bed3800 JavaThread "jar transforms Thread 51" [_thread_blocked, id=9420, stack(0x0000000026260000,0x0000000026360000)]
  0x000000001bed2800 JavaThread "jar transforms Thread 50" [_thread_blocked, id=1588, stack(0x0000000026160000,0x0000000026260000)]
  0x000000001bed0800 JavaThread "jar transforms Thread 49" [_thread_blocked, id=5208, stack(0x0000000026060000,0x0000000026160000)]
  0x000000001bed2000 JavaThread "jar transforms Thread 48" [_thread_blocked, id=4268, stack(0x0000000025f60000,0x0000000026060000)]
  0x000000001becd800 JavaThread "jar transforms Thread 47" [_thread_blocked, id=9952, stack(0x0000000025e60000,0x0000000025f60000)]
  0x000000001bed1000 JavaThread "jar transforms Thread 46" [_thread_blocked, id=5676, stack(0x0000000025d60000,0x0000000025e60000)]
  0x000000001bec6000 JavaThread "jar transforms Thread 45" [_thread_blocked, id=9888, stack(0x0000000025c60000,0x0000000025d60000)]
  0x000000001bec9800 JavaThread "jar transforms Thread 44" [_thread_blocked, id=9960, stack(0x0000000025b60000,0x0000000025c60000)]
  0x000000001bec5000 JavaThread "jar transforms Thread 43" [_thread_blocked, id=10152, stack(0x0000000025a60000,0x0000000025b60000)]
  0x000000001bec8000 JavaThread "jar transforms Thread 42" [_thread_blocked, id=10628, stack(0x0000000025960000,0x0000000025a60000)]
  0x000000001bec9000 JavaThread "jar transforms Thread 41" [_thread_blocked, id=6492, stack(0x0000000025860000,0x0000000025960000)]
  0x000000001bec6800 JavaThread "jar transforms Thread 40" [_thread_blocked, id=10156, stack(0x0000000025760000,0x0000000025860000)]
  0x000000001becc000 JavaThread "jar transforms Thread 39" [_thread_blocked, id=8668, stack(0x0000000025660000,0x0000000025760000)]
  0x000000001beca800 JavaThread "jar transforms Thread 38" [_thread_blocked, id=8720, stack(0x0000000025560000,0x0000000025660000)]
  0x000000001bec4800 JavaThread "jar transforms Thread 37" [_thread_blocked, id=3044, stack(0x0000000025460000,0x0000000025560000)]
  0x000000001bec7800 JavaThread "jar transforms Thread 36" [_thread_blocked, id=6500, stack(0x0000000025360000,0x0000000025460000)]
  0x000000001becb000 JavaThread "jar transforms Thread 35" [_thread_blocked, id=5644, stack(0x0000000025260000,0x0000000025360000)]
  0x000000001a5fc000 JavaThread "jar transforms Thread 34" [_thread_blocked, id=9816, stack(0x0000000025160000,0x0000000025260000)]
  0x000000001a5fb800 JavaThread "jar transforms Thread 33" [_thread_blocked, id=3484, stack(0x0000000025060000,0x0000000025160000)]
  0x000000001a5fa800 JavaThread "jar transforms Thread 32" [_thread_blocked, id=1164, stack(0x0000000024f60000,0x0000000025060000)]
  0x000000001a5fa000 JavaThread "jar transforms Thread 31" [_thread_blocked, id=2400, stack(0x0000000024e60000,0x0000000024f60000)]
  0x000000001a5f9000 JavaThread "jar transforms Thread 30" [_thread_blocked, id=11192, stack(0x0000000024d60000,0x0000000024e60000)]
  0x000000001a5f1800 JavaThread "jar transforms Thread 29" [_thread_blocked, id=6548, stack(0x0000000024c60000,0x0000000024d60000)]
  0x000000001a5f8800 JavaThread "jar transforms Thread 28" [_thread_blocked, id=10396, stack(0x0000000024b60000,0x0000000024c60000)]
  0x000000001a5f7000 JavaThread "jar transforms Thread 27" [_thread_blocked, id=6736, stack(0x0000000024a60000,0x0000000024b60000)]
  0x000000001a5f6000 JavaThread "jar transforms Thread 26" [_thread_blocked, id=8392, stack(0x0000000024960000,0x0000000024a60000)]
  0x000000001a5f5800 JavaThread "jar transforms Thread 25" [_thread_blocked, id=4540, stack(0x0000000024860000,0x0000000024960000)]
  0x000000001a5f2800 JavaThread "jar transforms Thread 24" [_thread_blocked, id=8112, stack(0x0000000024760000,0x0000000024860000)]
  0x000000001a5f7800 JavaThread "jar transforms Thread 23" [_thread_blocked, id=5068, stack(0x0000000024660000,0x0000000024760000)]
  0x000000001a5f4000 JavaThread "jar transforms Thread 22" [_thread_blocked, id=6024, stack(0x0000000024560000,0x0000000024660000)]
  0x000000001a5f4800 JavaThread "jar transforms Thread 21" [_thread_blocked, id=9344, stack(0x0000000024460000,0x0000000024560000)]
  0x000000001a5ee000 JavaThread "jar transforms Thread 20" [_thread_blocked, id=6132, stack(0x0000000024360000,0x0000000024460000)]
  0x000000001a5ef800 JavaThread "jar transforms Thread 19" [_thread_blocked, id=9572, stack(0x0000000024260000,0x0000000024360000)]
  0x000000001a5f1000 JavaThread "jar transforms Thread 18" [_thread_blocked, id=6840, stack(0x0000000024160000,0x0000000024260000)]
  0x000000001a5f3000 JavaThread "jar transforms Thread 17" [_thread_blocked, id=7292, stack(0x0000000024060000,0x0000000024160000)]
  0x000000001a5ed000 JavaThread "jar transforms Thread 16" [_thread_blocked, id=7472, stack(0x0000000023f60000,0x0000000024060000)]
  0x000000001a5f0000 JavaThread "jar transforms Thread 15" [_thread_blocked, id=9244, stack(0x0000000023e60000,0x0000000023f60000)]
  0x000000001a5ee800 JavaThread "jar transforms Thread 14" [_thread_blocked, id=10996, stack(0x0000000023d60000,0x0000000023e60000)]
  0x000000001e5a3800 JavaThread "jar transforms Thread 13" [_thread_blocked, id=984, stack(0x0000000023b60000,0x0000000023c60000)]
  0x000000001e5a3000 JavaThread "jar transforms Thread 12" [_thread_blocked, id=4728, stack(0x0000000023a60000,0x0000000023b60000)]
  0x000000001e5a9800 JavaThread "jar transforms Thread 11" [_thread_blocked, id=7356, stack(0x0000000023960000,0x0000000023a60000)]
  0x000000001e5a2000 JavaThread "jar transforms Thread 10" [_thread_blocked, id=8624, stack(0x0000000023860000,0x0000000023960000)]
  0x000000001e5a6800 JavaThread "jar transforms Thread 9" [_thread_blocked, id=4704, stack(0x0000000023760000,0x0000000023860000)]
  0x000000001e5a6000 JavaThread "jar transforms Thread 8" [_thread_blocked, id=10852, stack(0x0000000023660000,0x0000000023760000)]
  0x000000001e5a5000 JavaThread "jar transforms Thread 7" [_thread_blocked, id=11144, stack(0x0000000023560000,0x0000000023660000)]
  0x000000001e5a9000 JavaThread "jar transforms Thread 6" [_thread_blocked, id=5416, stack(0x0000000023460000,0x0000000023560000)]
  0x000000001e5a8000 JavaThread "jar transforms Thread 5" [_thread_blocked, id=3424, stack(0x0000000023360000,0x0000000023460000)]
  0x000000001e5a4800 JavaThread "jar transforms Thread 4" [_thread_blocked, id=9912, stack(0x0000000023260000,0x0000000023360000)]
  0x000000001e5a7800 JavaThread "jar transforms Thread 3" [_thread_blocked, id=1020, stack(0x0000000023160000,0x0000000023260000)]
  0x000000001e59a800 JavaThread "jar transforms Thread 2" [_thread_blocked, id=9896, stack(0x0000000023060000,0x0000000023160000)]
  0x000000001e59f000 JavaThread "Build operations Thread 4" [_thread_in_Java, id=5284, stack(0x0000000022bd0000,0x0000000022cd0000)]
  0x000000001e59e800 JavaThread "Build operations Thread 3" [_thread_in_Java, id=3388, stack(0x0000000022ad0000,0x0000000022bd0000)]
  0x000000001e5a1800 JavaThread "Build operations Thread 2" [_thread_in_vm, id=2992, stack(0x00000000229d0000,0x0000000022ad0000)]
  0x000000001e59d800 JavaThread "Build operations" [_thread_in_Java, id=9592, stack(0x00000000228d0000,0x00000000229d0000)]
  0x000000001b831800 JavaThread "Cache worker for file content cache (C:\Users\volod\.gradle\caches\6.5\fileContent)" [_thread_blocked, id=10908, stack(0x00000000221d0000,0x00000000222d0000)]
  0x000000001b82c800 JavaThread "jar transforms" [_thread_blocked, id=3816, stack(0x00000000220d0000,0x00000000221d0000)]
  0x000000001b82b000 JavaThread "Cache worker for execution history cache (C:\Users\volod\.gradle\caches\6.5\executionHistory)" [_thread_blocked, id=9668, stack(0x00000000219d0000,0x0000000021ad0000)]
  0x000000001b82e800 JavaThread "Cache worker for cache directory md-rule (C:\Users\volod\.gradle\caches\6.5\md-rule)" [_thread_blocked, id=3232, stack(0x00000000218d0000,0x00000000219d0000)]
  0x000000001b82b800 JavaThread "Cache worker for cache directory md-supplier (C:\Users\volod\.gradle\caches\6.5\md-supplier)" [_thread_blocked, id=1868, stack(0x00000000217d0000,0x00000000218d0000)]
  0x000000001b831000 JavaThread "Cache worker for checksums cache (D:\Diploma\DiplomaApp\.gradle\checksums)" [_thread_blocked, id=8280, stack(0x0000000020470000,0x0000000020570000)]
  0x000000001b82e000 JavaThread "Cache worker for file hash cache (D:\Diploma\DiplomaApp\.gradle\6.5\fileHashes)" [_thread_blocked, id=9624, stack(0x0000000020170000,0x0000000020270000)]
  0x000000001b830000 JavaThread "Cache worker for file hash cache (C:\Users\volod\.gradle\caches\6.5\fileHashes)" [_thread_blocked, id=1400, stack(0x000000001ded0000,0x000000001dfd0000)]
  0x000000001b82f800 JavaThread "File lock request listener" [_thread_in_native, id=11148, stack(0x000000001ddd0000,0x000000001ded0000)]
  0x000000001a224000 JavaThread "Cache worker for journal cache (C:\Users\volod\.gradle\caches\journal-1)" [_thread_blocked, id=8868, stack(0x000000001dcd0000,0x000000001ddd0000)]
  0x0000000019ea9800 JavaThread "Thread-9" [_thread_blocked, id=2296, stack(0x000000001d9d0000,0x000000001dad0000)]
  0x000000001b90b800 JavaThread "Stdin handler" [_thread_blocked, id=7800, stack(0x000000001d8d0000,0x000000001d9d0000)]
  0x000000001b90b000 JavaThread "Asynchronous log dispatcher for DefaultDaemonConnection: socket connection from /127.0.0.1:56284 to /127.0.0.1:56285" [_thread_blocked, id=1780, stack(0x000000001d7d0000,0x000000001d8d0000)]
  0x000000001b909000 JavaThread "Daemon worker" [_thread_blocked, id=4992, stack(0x000000001d6d0000,0x000000001d7d0000)]
  0x000000001b901800 JavaThread "Cancel handler" [_thread_blocked, id=6420, stack(0x000000001d5d0000,0x000000001d6d0000)]
  0x000000001a90e000 JavaThread "Handler for socket connection from /127.0.0.1:56284 to /127.0.0.1:56285" [_thread_in_native, id=9468, stack(0x000000001d4d0000,0x000000001d5d0000)]
  0x000000001a909000 JavaThread "Daemon" [_thread_blocked, id=7944, stack(0x000000001d3d0000,0x000000001d4d0000)]
  0x000000001b8a9800 JavaThread "Daemon periodic checks" [_thread_blocked, id=6212, stack(0x000000001d0d0000,0x000000001d1d0000)]
  0x000000001b84e800 JavaThread "Incoming local TCP Connector on port 56284" [_thread_in_native, id=9536, stack(0x000000001ce80000,0x000000001cf80000)]
  0x000000001b7e6800 JavaThread "Daemon health stats" [_thread_blocked, id=10376, stack(0x000000001c740000,0x000000001c840000)]
  0x00000000197d8800 JavaThread "Service Thread" daemon [_thread_blocked, id=10820, stack(0x0000000019ba0000,0x0000000019ca0000)]
  0x0000000017e4b000 JavaThread "C1 CompilerThread2" daemon [_thread_blocked, id=3100, stack(0x00000000196a0000,0x00000000197a0000)]
=>0x0000000017e3a000 JavaThread "C2 CompilerThread1" daemon [_thread_in_native, id=10016, stack(0x00000000195a0000,0x00000000196a0000)]
  0x0000000017e35800 JavaThread "C2 CompilerThread0" daemon [_thread_in_native, id=2632, stack(0x00000000194a0000,0x00000000195a0000)]
  0x0000000017e34000 JavaThread "Attach Listener" daemon [_thread_blocked, id=444, stack(0x00000000193a0000,0x00000000194a0000)]
  0x0000000017e33000 JavaThread "Signal Dispatcher" daemon [_thread_blocked, id=8604, stack(0x00000000192a0000,0x00000000193a0000)]
  0x000000000320b000 JavaThread "Finalizer" daemon [_thread_blocked, id=3668, stack(0x0000000019090000,0x0000000019190000)]
  0x0000000017e19000 JavaThread "Reference Handler" daemon [_thread_blocked, id=7548, stack(0x0000000018f90000,0x0000000019090000)]
  0x0000000002f6e000 JavaThread "main" [_thread_blocked, id=6920, stack(0x0000000002f70000,0x0000000003070000)]

Other Threads:
  0x0000000017df6000 VMThread [stack: 0x0000000018e90000,0x0000000018f90000] [id=10024]
  0x0000000017e8c800 WatcherThread [stack: 0x0000000019ca0000,0x0000000019da0000] [id=9752]

VM state:not at safepoint (normal execution)

VM Mutex/Monitor currently owned by a thread: None

heap address: 0x0000000080000000, size: 2048 MB, Compressed Oops mode: 32-bit
Narrow klass base: 0x0000000000000000, Narrow klass shift: 3
Compressed class space size: 1073741824 Address: 0x0000000100000000

Heap:
 PSYoungGen      total 461312K, used 239040K [0x00000000d5580000, 0x00000000f4900000, 0x0000000100000000)
  eden space 415744K, 54% used [0x00000000d5580000,0x00000000e334ccd8,0x00000000eeb80000)
  from space 45568K, 26% used [0x00000000eeb80000,0x00000000ef7235b0,0x00000000f1800000)
  to   space 40448K, 0% used [0x00000000f1800000,0x00000000f1800000,0x00000000f3f80000)
 ParOldGen       total 197120K, used 134788K [0x0000000080000000, 0x000000008c080000, 0x00000000d5580000)
  object space 197120K, 68% used [0x0000000080000000,0x00000000883a13a8,0x000000008c080000)
 Metaspace       used 88234K, capacity 92402K, committed 92568K, reserved 1128448K
  class space    used 11821K, capacity 12654K, committed 12704K, reserved 1048576K

Card table byte_map: [0x00000000125d0000,0x00000000129e0000] byte_map_base: 0x00000000121d0000

Marking Bits: (ParMarkBitMap*) 0x000000005854f030
 Begin Bits: [0x0000000013090000, 0x0000000015090000)
 End Bits:   [0x0000000015090000, 0x0000000017090000)

Polling page: 0x0000000002f20000

CodeCache: size=245760Kb used=46331Kb max_used=46331Kb free=199428Kb
 bounds [0x0000000003210000, 0x0000000005f80000, 0x0000000012210000]
 total_blobs=14008 nmethods=13056 adapters=864
 compilation: enabled

Compilation events (10 events):
Event: 32.881 Thread 0x0000000017e4b000 15414       3       com.android.tools.r8.ir.optimize.e0::a (197 bytes)
Event: 32.884 Thread 0x0000000017e4b000 nmethod 15414 0x0000000005f5b610 code [0x0000000005f5bb40, 0x0000000005f5ee48]
Event: 32.900 Thread 0x0000000017e4b000 15415       2       com.android.tools.r8.ir.conversion.o::a (270 bytes)
Event: 32.901 Thread 0x0000000017e4b000 nmethod 15415 0x0000000005f607d0 code [0x0000000005f60aa0, 0x0000000005f61588]
Event: 32.908 Thread 0x0000000017e4b000 15416 %     3       com.android.tools.r8.graph.f0::b @ 41 (74 bytes)
Event: 32.909 Thread 0x0000000017e4b000 nmethod 15416% 0x0000000005f61f10 code [0x0000000005f62160, 0x0000000005f63158]
Event: 32.947 Thread 0x0000000017e4b000 15417       2       com.android.tools.r8.graph.G$b::hashCode (16 bytes)
Event: 32.948 Thread 0x0000000017e4b000 nmethod 15417 0x0000000005f63910 code [0x0000000005f63a80, 0x0000000005f63c08]
Event: 32.967 Thread 0x0000000017e4b000 15418       3       com.android.tools.r8.ir.conversion.O::a (378 bytes)
Event: 32.971 Thread 0x0000000017e4b000 nmethod 15418 0x0000000005f63c90 code [0x0000000005f64240, 0x0000000005f67548]

GC Heap History (10 events):
Event: 24.083 GC heap before
{Heap before GC invocations=19 (full 4):
 PSYoungGen      total 358912K, used 24063K [0x00000000d5580000, 0x00000000f3f80000, 0x0000000100000000)
  eden space 334848K, 0% used [0x00000000d5580000,0x00000000d5580000,0x00000000e9c80000)
  from space 24064K, 99% used [0x00000000e9c80000,0x00000000eb3ffcb0,0x00000000eb400000)
  to   space 40448K, 0% used [0x00000000f1800000,0x00000000f1800000,0x00000000f3f80000)
 ParOldGen       total 99840K, used 82487K [0x0000000080000000, 0x0000000086180000, 0x00000000d5580000)
  object space 99840K, 82% used [0x0000000080000000,0x000000008508def8,0x0000000086180000)
 Metaspace       used 81448K, capacity 85230K, committed 85400K, reserved 1122304K
  class space    used 10926K, capacity 11608K, committed 11680K, reserved 1048576K
Event: 24.501 GC heap after
Heap after GC invocations=19 (full 4):
 PSYoungGen      total 358912K, used 0K [0x00000000d5580000, 0x00000000f3f80000, 0x0000000100000000)
  eden space 334848K, 0% used [0x00000000d5580000,0x00000000d5580000,0x00000000e9c80000)
  from space 24064K, 0% used [0x00000000e9c80000,0x00000000e9c80000,0x00000000eb400000)
  to   space 40448K, 0% used [0x00000000f1800000,0x00000000f1800000,0x00000000f3f80000)
 ParOldGen       total 197120K, used 99284K [0x0000000080000000, 0x000000008c080000, 0x00000000d5580000)
  object space 197120K, 50% used [0x0000000080000000,0x00000000860f5040,0x000000008c080000)
 Metaspace       used 81243K, capacity 84624K, committed 85400K, reserved 1122304K
  class space    used 10860K, capacity 11491K, committed 11680K, reserved 1048576K
}
Event: 27.347 GC heap before
{Heap before GC invocations=20 (full 4):
 PSYoungGen      total 358912K, used 334848K [0x00000000d5580000, 0x00000000f3f80000, 0x0000000100000000)
  eden space 334848K, 100% used [0x00000000d5580000,0x00000000e9c80000,0x00000000e9c80000)
  from space 24064K, 0% used [0x00000000e9c80000,0x00000000e9c80000,0x00000000eb400000)
  to   space 40448K, 0% used [0x00000000f1800000,0x00000000f1800000,0x00000000f3f80000)
 ParOldGen       total 197120K, used 99284K [0x0000000080000000, 0x000000008c080000, 0x00000000d5580000)
  object space 197120K, 50% used [0x0000000080000000,0x00000000860f5040,0x000000008c080000)
 Metaspace       used 87691K, capacity 91738K, committed 92056K, reserved 1128448K
  class space    used 11792K, capacity 12610K, committed 12704K, reserved 1048576K
Event: 27.415 GC heap after
Heap after GC invocations=20 (full 4):
 PSYoungGen      total 456192K, used 35063K [0x00000000d5580000, 0x00000000f4900000, 0x0000000100000000)
  eden space 415744K, 0% used [0x00000000d5580000,0x00000000d5580000,0x00000000eeb80000)
  from space 40448K, 86% used [0x00000000f1800000,0x00000000f3a3dd70,0x00000000f3f80000)
  to   space 45568K, 0% used [0x00000000eeb80000,0x00000000eeb80000,0x00000000f1800000)
 ParOldGen       total 197120K, used 99292K [0x0000000080000000, 0x000000008c080000, 0x00000000d5580000)
  object space 197120K, 50% used [0x0000000080000000,0x00000000860f7040,0x000000008c080000)
 Metaspace       used 87691K, capacity 91738K, committed 92056K, reserved 1128448K
  class space    used 11792K, capacity 12610K, committed 12704K, reserved 1048576K
}
Event: 29.358 GC heap before
{Heap before GC invocations=21 (full 4):
 PSYoungGen      total 456192K, used 450807K [0x00000000d5580000, 0x00000000f4900000, 0x0000000100000000)
  eden space 415744K, 100% used [0x00000000d5580000,0x00000000eeb80000,0x00000000eeb80000)
  from space 40448K, 86% used [0x00000000f1800000,0x00000000f3a3dd70,0x00000000f3f80000)
  to   space 45568K, 0% used [0x00000000eeb80000,0x00000000eeb80000,0x00000000f1800000)
 ParOldGen       total 197120K, used 99292K [0x0000000080000000, 0x000000008c080000, 0x00000000d5580000)
  object space 197120K, 50% used [0x0000000080000000,0x00000000860f7040,0x000000008c080000)
 Metaspace       used 88044K, capacity 92158K, committed 92312K, reserved 1128448K
  class space    used 11802K, capacity 12644K, committed 12704K, reserved 1048576K
Event: 29.431 GC heap after
Heap after GC invocations=21 (full 4):
 PSYoungGen      total 461312K, used 36831K [0x00000000d5580000, 0x00000000f4900000, 0x0000000100000000)
  eden space 415744K, 0% used [0x00000000d5580000,0x00000000d5580000,0x00000000eeb80000)
  from space 45568K, 80% used [0x00000000eeb80000,0x00000000f0f77f38,0x00000000f1800000)
  to   space 40448K, 0% used [0x00000000f1800000,0x00000000f1800000,0x00000000f3f80000)
 ParOldGen       total 197120K, used 99300K [0x0000000080000000, 0x000000008c080000, 0x00000000d5580000)
  object space 197120K, 50% used [0x0000000080000000,0x00000000860f9040,0x000000008c080000)
 Metaspace       used 88044K, capacity 92158K, committed 92312K, reserved 1128448K
  class space    used 11802K, capacity 12644K, committed 12704K, reserved 1048576K
}
Event: 30.813 GC heap before
{Heap before GC invocations=22 (full 4):
 PSYoungGen      total 461312K, used 452575K [0x00000000d5580000, 0x00000000f4900000, 0x0000000100000000)
  eden space 415744K, 100% used [0x00000000d5580000,0x00000000eeb80000,0x00000000eeb80000)
  from space 45568K, 80% used [0x00000000eeb80000,0x00000000f0f77f38,0x00000000f1800000)
  to   space 40448K, 0% used [0x00000000f1800000,0x00000000f1800000,0x00000000f3f80000)
 ParOldGen       total 197120K, used 99300K [0x0000000080000000, 0x000000008c080000, 0x00000000d5580000)
  object space 197120K, 50% used [0x0000000080000000,0x00000000860f9040,0x000000008c080000)
 Metaspace       used 88125K, capacity 92252K, committed 92312K, reserved 1128448K
  class space    used 11807K, capacity 12651K, committed 12704K, reserved 1048576K
Event: 30.877 GC heap after
Heap after GC invocations=22 (full 4):
 PSYoungGen      total 456192K, used 40437K [0x00000000d5580000, 0x00000000f4900000, 0x0000000100000000)
  eden space 415744K, 0% used [0x00000000d5580000,0x00000000d5580000,0x00000000eeb80000)
  from space 40448K, 99% used [0x00000000f1800000,0x00000000f3f7d670,0x00000000f3f80000)
  to   space 45568K, 0% used [0x00000000eeb80000,0x00000000eeb80000,0x00000000f1800000)
 ParOldGen       total 197120K, used 101295K [0x0000000080000000, 0x000000008c080000, 0x00000000d5580000)
  object space 197120K, 51% used [0x0000000080000000,0x00000000862ebe58,0x000000008c080000)
 Metaspace       used 88125K, capacity 92252K, committed 92312K, reserved 1128448K
  class space    used 11807K, capacity 12651K, committed 12704K, reserved 1048576K
}
Event: 32.213 GC heap before
{Heap before GC invocations=23 (full 4):
 PSYoungGen      total 456192K, used 456181K [0x00000000d5580000, 0x00000000f4900000, 0x0000000100000000)
  eden space 415744K, 100% used [0x00000000d5580000,0x00000000eeb80000,0x00000000eeb80000)
  from space 40448K, 99% used [0x00000000f1800000,0x00000000f3f7d670,0x00000000f3f80000)
  to   space 45568K, 0% used [0x00000000eeb80000,0x00000000eeb80000,0x00000000f1800000)
 ParOldGen       total 197120K, used 101295K [0x0000000080000000, 0x000000008c080000, 0x00000000d5580000)
  object space 197120K, 51% used [0x0000000080000000,0x00000000862ebe58,0x000000008c080000)
 Metaspace       used 88222K, capacity 92400K, committed 92568K, reserved 1128448K
  class space    used 11821K, capacity 12653K, committed 12704K, reserved 1048576K
Event: 32.284 GC heap after
Heap after GC invocations=23 (full 4):
 PSYoungGen      total 461312K, used 11917K [0x00000000d5580000, 0x00000000f4900000, 0x0000000100000000)
  eden space 415744K, 0% used [0x00000000d5580000,0x00000000d5580000,0x00000000eeb80000)
  from space 45568K, 26% used [0x00000000eeb80000,0x00000000ef7235b0,0x00000000f1800000)
  to   space 40448K, 0% used [0x00000000f1800000,0x00000000f1800000,0x00000000f3f80000)
 ParOldGen       total 197120K, used 134788K [0x0000000080000000, 0x000000008c080000, 0x00000000d5580000)
  object space 197120K, 68% used [0x0000000080000000,0x00000000883a13a8,0x000000008c080000)
 Metaspace       used 88222K, capacity 92400K, committed 92568K, reserved 1128448K
  class space    used 11821K, capacity 12653K, committed 12704K, reserved 1048576K
}

Deoptimization events (10 events):
Event: 30.787 Thread 0x000000001e59f000 Uncommon trap: reason=unstable_if action=reinterpret pc=0x0000000005d61f8c method=com.android.tools.r8.t.a.a.a.f.X$e.contains(Ljava/lang/Object;)Z @ 71
Event: 30.811 Thread 0x000000001e59f000 Uncommon trap: reason=class_check action=maybe_recompile pc=0x0000000005191b94 method=com.android.tools.r8.s.a.h.e.b(Lcom/android/tools/r8/s/b/k0;)V @ 244
Event: 31.414 Thread 0x000000001e59d800 Uncommon trap: reason=class_check action=maybe_recompile pc=0x0000000005191af0 method=com.android.tools.r8.s.a.h.e.b(Lcom/android/tools/r8/s/b/k0;)V @ 379
Event: 31.523 Thread 0x000000001e5a1800 Uncommon trap: reason=class_check action=maybe_recompile pc=0x0000000005169594 method=com.android.tools.r8.t.a.a.a.f.e.putAll(Ljava/util/Map;)V @ 3
Event: 31.535 Thread 0x000000001e59e800 Uncommon trap: reason=unstable_if action=reinterpret pc=0x000000000518e664 method=com.android.tools.r8.t.a.a.a.f.X$e.contains(Ljava/lang/Object;)Z @ 176
Event: 31.802 Thread 0x000000001e59f000 Uncommon trap: reason=class_check action=maybe_recompile pc=0x0000000005191b94 method=com.android.tools.r8.s.a.h.e.b(Lcom/android/tools/r8/s/b/k0;)V @ 244
Event: 31.906 Thread 0x000000001e59e800 Uncommon trap: reason=class_check action=maybe_recompile pc=0x0000000005169594 method=com.android.tools.r8.t.a.a.a.f.e.putAll(Ljava/util/Map;)V @ 3
Event: 31.911 Thread 0x000000001e59e800 Uncommon trap: reason=unstable_if action=reinterpret pc=0x000000000577ac54 method=com.android.tools.r8.ir.regalloc.h.a(ILcom/android/tools/r8/ir/regalloc/h$a;)Z @ 73
Event: 32.887 Thread 0x000000001e59e800 Uncommon trap: reason=class_check action=maybe_recompile pc=0x0000000005712478 method=com.android.tools.r8.ir.conversion.m.a(ILjava/util/List;Lcom/android/tools/r8/t/a/a/a/h/W0;)Lcom/android/tools/r8/ir/conversion/m; @ 10
Event: 32.897 Thread 0x000000001e5a1800 Uncommon trap: reason=unstable_if action=reinterpret pc=0x0000000004fa0828 method=com.android.tools.r8.ir.conversion.o.a(ILcom/android/tools/r8/ir/conversion/N;)I @ 148

Classes redefined (0 events):
No events

Internal exceptions (10 events):
Event: 23.572 Thread 0x000000001e59f000 Exception <a 'sun/nio/fs/WindowsException'> (0x00000000e5c0f390) thrown at [C:\src\AOSP-openjdk-git\hotspot\src\share\vm\prims\jni.cpp, line 710]
Event: 23.611 Thread 0x000000001e59e800 Exception <a 'sun/nio/fs/WindowsException'> (0x00000000e61ed770) thrown at [C:\src\AOSP-openjdk-git\hotspot\src\share\vm\prims\jni.cpp, line 710]
Event: 23.946 Thread 0x000000001e59d800 Exception <a 'java/lang/IncompatibleClassChangeError': Found class java.lang.Object, but interface was expected> (0x00000000e8afd3a0) thrown at [C:\src\AOSP-openjdk-git\hotspot\src\share\vm\interpreter\linkResolver.cpp, line 653]
Event: 24.581 Thread 0x000000001e59e800 Implicit null exception at 0x00000000036b44db to 0x00000000036b45bd
Event: 24.581 Thread 0x000000001e59e800 Implicit null exception at 0x00000000036b44db to 0x00000000036b45bd
Event: 25.085 Thread 0x000000001e59f000 Exception <a 'java/lang/NoSuchMethodError': java.lang.Object.b(Lcom/android/tools/r8/graph/p1$b;)Lcom/android/tools/r8/graph/p1$b;> (0x00000000dd12d8c8) thrown at [C:\src\AOSP-openjdk-git\hotspot\src\share\vm\interpreter\linkResolver.cpp, line 620]
Event: 25.136 Thread 0x000000001e59f000 Exception <a 'java/lang/NoSuchMethodError': java.lang.Object.lambda$comparingInt$7b0bb60$1(Ljava/util/function/ToIntFunction;Ljava/lang/Object;Ljava/lang/Object;)I> (0x00000000dd4ee4c8) thrown at [C:\src\AOSP-openjdk-git\hotspot\src\share\vm\interpreter\l
Event: 25.137 Thread 0x000000001e59f000 Exception <a 'java/lang/NoSuchMethodError': java.lang.Object.lambda$maxBy$1(Ljava/util/Comparator;Ljava/lang/Object;Ljava/lang/Object;)Ljava/lang/Object;> (0x00000000dd4f2df8) thrown at [C:\src\AOSP-openjdk-git\hotspot\src\share\vm\interpreter\linkResolve
Event: 25.136 Thread 0x000000001e59d800 Exception <a 'java/lang/NoSuchMethodError': java.lang.Object.lambda$comparingInt$7b0bb60$1(Ljava/util/function/ToIntFunction;Ljava/lang/Object;Ljava/lang/Object;)I> (0x00000000dd5f21a0) thrown at [C:\src\AOSP-openjdk-git\hotspot\src\share\vm\interpreter\l
Event: 25.137 Thread 0x000000001e5a1800 Exception <a 'java/lang/NoSuchMethodError': java.lang.Object.lambda$maxBy$1(Ljava/util/Comparator;Ljava/lang/Object;Ljava/lang/Object;)Ljava/lang/Object;> (0x00000000dd53b8f0) thrown at [C:\src\AOSP-openjdk-git\hotspot\src\share\vm\interpreter\linkResolve

Events (10 events):
Event: 32.887 Thread 0x000000001e59e800 Uncommon trap: trap_request=0xffffffde fr.pc=0x0000000005712478
Event: 32.887 Thread 0x000000001e59e800 DEOPT PACKING pc=0x0000000005712478 sp=0x0000000022bc99f0
Event: 32.887 Thread 0x000000001e59e800 DEOPT UNPACKING pc=0x000000000325557b sp=0x0000000022bc9980 mode 2
Event: 32.897 Thread 0x000000001e5a1800 Uncommon trap: trap_request=0xffffff65 fr.pc=0x0000000004fa0828
Event: 32.897 Thread 0x000000001e5a1800 DEOPT PACKING pc=0x0000000004fa0828 sp=0x0000000022aca180
Event: 32.897 Thread 0x000000001e5a1800 DEOPT UNPACKING pc=0x000000000325557b sp=0x0000000022aca140 mode 2
Event: 32.952 Thread 0x000000001e59e800 DEOPT PACKING pc=0x0000000005b32c27 sp=0x0000000022bc98c0
Event: 32.952 Thread 0x000000001e59e800 DEOPT UNPACKING pc=0x00000000032575d0 sp=0x0000000022bc95e0 mode 0
Event: 32.972 Thread 0x000000001e5a1800 DEOPT PACKING pc=0x00000000057caf0d sp=0x0000000022aca200
Event: 32.972 Thread 0x000000001e5a1800 DEOPT UNPACKING pc=0x00000000032575d0 sp=0x0000000022aca358 mode 0


Dynamic libraries:
0x00007ff7cbb30000 - 0x00007ff7cbb61000 	C:\Program Files\Android\Android Studio\jre\bin\java.exe
0x00007ffe4b430000 - 0x00007ffe4b626000 	C:\Windows\SYSTEM32\ntdll.dll
0x00007ffe49570000 - 0x00007ffe4962d000 	C:\Windows\System32\KERNEL32.DLL
0x00007ffe48c90000 - 0x00007ffe48f58000 	C:\Windows\System32\KERNELBASE.dll
0x00007ffe4b0b0000 - 0x00007ffe4b15a000 	C:\Windows\System32\ADVAPI32.dll
0x00007ffe4b160000 - 0x00007ffe4b1fe000 	C:\Windows\System32\msvcrt.dll
0x00007ffe49ab0000 - 0x00007ffe49b4b000 	C:\Windows\System32\sechost.dll
0x00007ffe4b200000 - 0x00007ffe4b324000 	C:\Windows\System32\RPCRT4.dll
0x00007ffe49800000 - 0x00007ffe499a0000 	C:\Windows\System32\USER32.dll
0x00007ffe490f0000 - 0x00007ffe49112000 	C:\Windows\System32\win32u.dll
0x00007ffe4b3c0000 - 0x00007ffe4b3ea000 	C:\Windows\System32\GDI32.dll
0x00007ffe48f60000 - 0x00007ffe49069000 	C:\Windows\System32\gdi32full.dll
0x00007ffe49120000 - 0x00007ffe491bd000 	C:\Windows\System32\msvcp_win.dll
0x00007ffe491c0000 - 0x00007ffe492c0000 	C:\Windows\System32\ucrtbase.dll
0x00007ffe38ad0000 - 0x00007ffe38d6b000 	C:\Windows\WinSxS\amd64_microsoft.windows.common-controls_6595b64144ccf1df_6.0.19041.488_none_ca04af081b815d21\COMCTL32.dll
0x00007ffe496b0000 - 0x00007ffe496e0000 	C:\Windows\System32\IMM32.DLL
0x00007ffe48760000 - 0x00007ffe48857000 	C:\Windows\system32\guard64.dll
0x00007ffe48750000 - 0x00007ffe4875a000 	C:\Windows\system32\version.dll
0x00007ffe4af80000 - 0x00007ffe4b0aa000 	C:\Windows\System32\ole32.dll
0x00007ffe49cb0000 - 0x00007ffe4a005000 	C:\Windows\System32\combase.dll
0x00007ffe48740000 - 0x00007ffe4874b000 	C:\Windows\system32\fltlib.dll
0x00007ffe4a2b0000 - 0x00007ffe4a9f0000 	C:\Windows\System32\shell32.dll
0x00007ffe49740000 - 0x00007ffe497ee000 	C:\Windows\System32\shcore.dll
0x0000000057bc0000 - 0x0000000057c92000 	C:\Program Files\Android\Android Studio\jre\jre\bin\msvcr100.dll
0x0000000057d80000 - 0x00000000585cb000 	C:\Program Files\Android\Android Studio\jre\jre\bin\server\jvm.dll
0x00007ffe49bc0000 - 0x00007ffe49bc8000 	C:\Windows\System32\PSAPI.DLL
0x00007ffe445a0000 - 0x00007ffe445a9000 	C:\Windows\SYSTEM32\WSOCK32.dll
0x00007ffe4b330000 - 0x00007ffe4b39b000 	C:\Windows\System32\WS2_32.dll
0x00007ffe3cb60000 - 0x00007ffe3cb87000 	C:\Windows\SYSTEM32\WINMM.dll
0x00007ffe444d0000 - 0x00007ffe444df000 	C:\Program Files\Android\Android Studio\jre\jre\bin\verify.dll
0x00007ffe37dc0000 - 0x00007ffe37de9000 	C:\Program Files\Android\Android Studio\jre\jre\bin\java.dll
0x00007ffe37c30000 - 0x00007ffe37c46000 	C:\Program Files\Android\Android Studio\jre\jre\bin\zip.dll
0x00007ffe46bb0000 - 0x00007ffe47344000 	C:\Windows\SYSTEM32\windows.storage.dll
0x00007ffe48400000 - 0x00007ffe4842c000 	C:\Windows\SYSTEM32\Wldp.dll
0x00007ffe49b50000 - 0x00007ffe49ba5000 	C:\Windows\System32\shlwapi.dll
0x00007ffe48ab0000 - 0x00007ffe48ad6000 	C:\Windows\SYSTEM32\profapi.dll
0x00007ffe37c10000 - 0x00007ffe37c2a000 	C:\Program Files\Android\Android Studio\jre\jre\bin\net.dll
0x00007ffe48180000 - 0x00007ffe481ea000 	C:\Windows\system32\mswsock.dll
0x00007ffe37920000 - 0x00007ffe37933000 	C:\Program Files\Android\Android Studio\jre\jre\bin\nio.dll
0x00007ffe299d0000 - 0x00007ffe299f7000 	C:\Users\volod\.gradle\native\f6784746aeab05261644944871eae4fe03e0ef1612fff0a4a95f87b438bc6780\windows-amd64\native-platform.dll
0x00007ffe42f30000 - 0x00007ffe42f3d000 	C:\Program Files\Android\Android Studio\jre\jre\bin\management.dll
0x00007ffe48350000 - 0x00007ffe48368000 	C:\Windows\SYSTEM32\CRYPTSP.dll
0x00007ffe47b10000 - 0x00007ffe47b44000 	C:\Windows\system32\rsaenh.dll
0x00007ffe49420000 - 0x00007ffe49447000 	C:\Windows\System32\bcrypt.dll
0x00007ffe48a70000 - 0x00007ffe48a9e000 	C:\Windows\SYSTEM32\USERENV.dll
0x00007ffe49070000 - 0x00007ffe490ef000 	C:\Windows\System32\bcryptprimitives.dll
0x00007ffe48370000 - 0x00007ffe4837c000 	C:\Windows\SYSTEM32\CRYPTBASE.dll
0x00007ffe47e70000 - 0x00007ffe47eab000 	C:\Windows\SYSTEM32\IPHLPAPI.DLL
0x00007ffe497f0000 - 0x00007ffe497f9000 	C:\Windows\System32\NSI.dll
0x00007ffe3eb30000 - 0x00007ffe3eb47000 	C:\Windows\SYSTEM32\dhcpcsvc6.DLL
0x00007ffe3eab0000 - 0x00007ffe3eacd000 	C:\Windows\SYSTEM32\dhcpcsvc.DLL
0x00007ffe47ec0000 - 0x00007ffe47f8b000 	C:\Windows\SYSTEM32\DNSAPI.dll
0x00007ffe3ef50000 - 0x00007ffe3ef5b000 	C:\Windows\SYSTEM32\WINNSI.DLL
0x00007ffe21cc0000 - 0x00007ffe21e5c000 	C:\Program Files\Android\Android Studio\jre\jre\bin\awt.dll
0x00007ffe494a0000 - 0x00007ffe4956d000 	C:\Windows\System32\OLEAUT32.dll
0x00007ffe465d0000 - 0x00007ffe465ff000 	C:\Windows\SYSTEM32\dwmapi.dll
0x00007ffe45260000 - 0x00007ffe45820000 	C:\Windows\SYSTEM32\d2d1.dll
0x00007ffe46320000 - 0x00007ffe463b0000 	C:\Windows\SYSTEM32\apphelp.dll
0x00007ffe464a0000 - 0x00007ffe4653f000 	C:\Windows\system32\uxtheme.dll

VM Arguments:
jvm_args: -Xmx2048m -Dfile.encoding=UTF-8 -Duser.country=RU -Duser.language=ru -Duser.variant 
java_command: org.gradle.launcher.daemon.bootstrap.GradleDaemon 6.5
java_class_path (initial): C:\Users\volod\.gradle\wrapper\dists\gradle-6.5-bin\6nifqtx7604sqp1q6g8wikw7p\gradle-6.5\lib\gradle-launcher-6.5.jar
Launcher Type: SUN_STANDARD

Environment Variables:
JAVA_HOME=C:\Program Files\Java\jdk1.8.0_271
PATH=C:\Windows\system32;C:\Windows;C:\Windows\System32\Wbem;C:\Windows\System32\WindowsPowerShell\v1.0\;C:\Windows\System32\OpenSSH\;C:\Program Files\Java\jdk1.8.0_271\bin;C:\Program Files (x86)\Common Files\Oracle\Java\javapath;C:\Program Files\Common Files\Oracle\Java\javapath;C:\Program Files\Git\cmd;C:\Program Files\MongoDB\Server\4.4\bin;C:\Program Files\PuTTY\;C:\Users\volod\AppData\Local\Microsoft\WindowsApps;C:\kubernetes;
USERNAME=volod
OS=Windows_NT
PROCESSOR_IDENTIFIER=Intel64 Family 6 Model 142 Stepping 9, GenuineIntel



---------------  S Y S T E M  ---------------

OS: Windows 10.0 , 64 bit Build 19041 (10.0.19041.546)

CPU:total 4 (initial active 4) (2 cores per cpu, 2 threads per core) family 6 model 142 stepping 9, cmov, cx8, fxsr, mmx, sse, sse2, sse3, ssse3, sse4.1, sse4.2, popcnt, avx, avx2, aes, clmul, erms, 3dnowpref, lzcnt, ht, tsc, tscinvbit, bmi1, bmi2, adx

Memory: 4k page, physical 8266284k(1063916k free), swap 10363436k(6384k free)

vm_info: OpenJDK 64-Bit Server VM (25.242-b01) for windows-amd64 JRE (1.8.0_242-release-1644-b01), built by "builder" with MS VC++ 10.0 (VS2010)

time: Tue Apr 13 20:54:04 2021
timezone: Финляндия (лето)
elapsed time: 33 seconds (0d 0h 0m 33s)

