#
# There is insufficient memory for the Java Runtime Environment to continue.
# Native memory allocation (malloc) failed to allocate 1655696 bytes for Chunk::new
# Possible reasons:
#   The system is out of physical RAM or swap space
#   The process is running with CompressedOops enabled, and the Java Heap may be blocking the growth of the native heap
# Possible solutions:
#   Reduce memory load on the system
#   Increase physical memory or swap space
#   Check if swap backing store is full
#   Decrease Java heap size (-Xmx/-Xms)
#   Decrease number of Java threads
#   Decrease Java thread stack sizes (-Xss)
#   Set larger code cache with -XX:ReservedCodeCacheSize=
#   JVM is running with Unscaled Compressed Oops mode in which the Java heap is
#     placed in the first 4GB address space. The Java Heap base address is the
#     maximum limit for the native heap growth. Please use -XX:HeapBaseMinAddress
#     to set the Java Heap base and to place the Java Heap above 4GB virtual address.
# This output file may be truncated or incomplete.
#
#  Out of Memory Error (allocation.cpp:389), pid=10160, tid=0x00000000000029c8
#
# JRE version: OpenJDK Runtime Environment (8.0_242-b01) (build 1.8.0_242-release-1644-b01)
# Java VM: OpenJDK 64-Bit Server VM (25.242-b01 mixed mode windows-amd64 compressed oops)
# Failed to write core dump. Minidumps are not enabled by default on client versions of Windows
#

---------------  T H R E A D  ---------------

Current thread (0x0000000017535000):  JavaThread "C2 CompilerThread0" daemon [_thread_in_native, id=10696, stack(0x0000000018b90000,0x0000000018c90000)]

Stack: [0x0000000018b90000,0x0000000018c90000]
[error occurred during error reporting (printing stack bounds), id 0xc0000005]

Native frames: (J=compiled Java code, j=interpreted, Vv=VM code, C=native code)


Current CompileTask:
C2: 946859 12503       4       java.lang.Class::getMethod (64 bytes)


---------------  P R O C E S S  ---------------

Java Threads: ( => current thread )
  0x0000000020100800 JavaThread "pool-3-thread-1" [_thread_blocked, id=2860, stack(0x000000002f4e0000,0x000000002f5e0000)]
  0x00000000200fd000 JavaThread "jar transforms Thread 344" [_thread_blocked, id=10748, stack(0x000000002f1e0000,0x000000002f2e0000)]
  0x00000000200fc000 JavaThread "jar transforms Thread 343" [_thread_blocked, id=9288, stack(0x000000002f0e0000,0x000000002f1e0000)]
  0x00000000200fd800 JavaThread "jar transforms Thread 342" [_thread_blocked, id=1412, stack(0x000000002efe0000,0x000000002f0e0000)]
  0x000000001e5fb800 JavaThread "jar transforms Thread 341" [_thread_blocked, id=6192, stack(0x000000002eee0000,0x000000002efe0000)]
  0x000000001e5fb000 JavaThread "jar transforms Thread 340" [_thread_blocked, id=10056, stack(0x000000002ede0000,0x000000002eee0000)]
  0x000000001e5f8800 JavaThread "Build operations Thread 4" [_thread_blocked, id=10996, stack(0x000000002ece0000,0x000000002ede0000)]
  0x000000001e5fa000 JavaThread "Build operations Thread 3" [_thread_blocked, id=10132, stack(0x000000002c410000,0x000000002c510000)]
  0x000000001e5f9800 JavaThread "Build operations Thread 2" [_thread_blocked, id=5532, stack(0x000000002bc80000,0x000000002bd80000)]
  0x000000001e5f8000 JavaThread "Build operations" [_thread_blocked, id=11192, stack(0x0000000020dd0000,0x0000000020ed0000)]
  0x000000001e5f7000 JavaThread "Cache worker for Build Output Cleanup Cache (D:\Diploma\DiplomaApp\.gradle\buildOutputCleanup)" [_thread_blocked, id=10148, stack(0x0000000020f00000,0x0000000021000000)]
  0x000000001e5f6800 JavaThread "Cache worker for cache directory md-rule (C:\Users\volod\.gradle\caches\6.5\md-rule)" [_thread_blocked, id=3500, stack(0x000000001cfc0000,0x000000001d0c0000)]
  0x000000001e5ef000 JavaThread "Cache worker for cache directory md-supplier (C:\Users\volod\.gradle\caches\6.5\md-supplier)" [_thread_blocked, id=6860, stack(0x000000001cec0000,0x000000001cfc0000)]
  0x000000001e5f5800 JavaThread "Cache worker for checksums cache (D:\Diploma\DiplomaApp\.gradle\checksums)" [_thread_blocked, id=1832, stack(0x000000001cdc0000,0x000000001cec0000)]
  0x000000001e5ee000 JavaThread "Cache worker for file hash cache (D:\Diploma\DiplomaApp\.gradle\6.5\fileHashes)" [_thread_blocked, id=6308, stack(0x000000001ccc0000,0x000000001cdc0000)]
  0x000000001e5f5000 JavaThread "Thread-400" [_thread_blocked, id=6548, stack(0x000000001cbc0000,0x000000001ccc0000)]
  0x000000001e5f4000 JavaThread "Stdin handler" [_thread_blocked, id=2956, stack(0x000000001cac0000,0x000000001cbc0000)]
  0x000000001e5f1000 JavaThread "Asynchronous log dispatcher for DefaultDaemonConnection: socket connection from /127.0.0.1:55830 to /127.0.0.1:56028" [_thread_blocked, id=4080, stack(0x000000001c9c0000,0x000000001cac0000)]
  0x000000001e5f2000 JavaThread "Cancel handler" [_thread_blocked, id=9584, stack(0x000000001c270000,0x000000001c370000)]
  0x000000001e5f0800 JavaThread "Handler for socket connection from /127.0.0.1:55830 to /127.0.0.1:56028" [_thread_in_native, id=2416, stack(0x0000000000bf0000,0x0000000000cf0000)]
  0x000000001e5ed800 JavaThread "jar transforms Thread 339" [_thread_blocked, id=3244, stack(0x0000000029c70000,0x0000000029d70000)]
  0x000000001e5ef800 JavaThread "jar transforms Thread 338" [_thread_blocked, id=11204, stack(0x0000000029770000,0x0000000029870000)]
  0x000000001e5ec800 JavaThread "jar transforms Thread 337" [_thread_blocked, id=5588, stack(0x0000000029670000,0x0000000029770000)]
  0x000000001e5f3800 JavaThread "jar transforms Thread 336" [_thread_blocked, id=5336, stack(0x0000000029570000,0x0000000029670000)]
  0x000000001e5f2800 JavaThread "jar transforms Thread 335" [_thread_blocked, id=9644, stack(0x0000000029470000,0x0000000029570000)]
  0x000000001e9ae800 JavaThread "jar transforms Thread 334" [_thread_blocked, id=7832, stack(0x0000000029370000,0x0000000029470000)]
  0x000000001e9ad800 JavaThread "jar transforms Thread 333" [_thread_blocked, id=4708, stack(0x0000000029270000,0x0000000029370000)]
  0x000000001e9ad000 JavaThread "jar transforms Thread 332" [_thread_blocked, id=11180, stack(0x0000000029170000,0x0000000029270000)]
  0x000000001e9ab800 JavaThread "jar transforms Thread 331" [_thread_blocked, id=11068, stack(0x0000000029070000,0x0000000029170000)]
  0x000000001e9aa800 JavaThread "jar transforms Thread 330" [_thread_blocked, id=1248, stack(0x0000000028f70000,0x0000000029070000)]
  0x000000001e9af000 JavaThread "jar transforms Thread 329" [_thread_blocked, id=10956, stack(0x0000000028e70000,0x0000000028f70000)]
  0x000000001e9ac000 JavaThread "jar transforms Thread 328" [_thread_blocked, id=7252, stack(0x0000000028d70000,0x0000000028e70000)]
  0x000000001e9a4000 JavaThread "jar transforms Thread 327" [_thread_blocked, id=8380, stack(0x0000000028c70000,0x0000000028d70000)]
  0x000000001e9aa000 JavaThread "jar transforms Thread 326" [_thread_blocked, id=5292, stack(0x0000000028b70000,0x0000000028c70000)]
  0x000000001e9a9000 JavaThread "jar transforms Thread 325" [_thread_blocked, id=10424, stack(0x0000000028a70000,0x0000000028b70000)]
  0x000000001e9a3000 JavaThread "jar transforms Thread 324" [_thread_blocked, id=9924, stack(0x0000000028970000,0x0000000028a70000)]
  0x000000001e9a8800 JavaThread "jar transforms Thread 323" [_thread_blocked, id=2296, stack(0x0000000028870000,0x0000000028970000)]
  0x000000001e9a7800 JavaThread "jar transforms Thread 322" [_thread_blocked, id=10468, stack(0x0000000028770000,0x0000000028870000)]
  0x000000001e9a0000 JavaThread "jar transforms Thread 321" [_thread_blocked, id=1356, stack(0x0000000028670000,0x0000000028770000)]
  0x000000001e9a7000 JavaThread "jar transforms Thread 320" [_thread_blocked, id=5768, stack(0x0000000028570000,0x0000000028670000)]
  0x000000001e9a2800 JavaThread "jar transforms Thread 319" [_thread_blocked, id=8508, stack(0x0000000028470000,0x0000000028570000)]
  0x000000001e9a5800 JavaThread "jar transforms Thread 318" [_thread_blocked, id=4116, stack(0x0000000028370000,0x0000000028470000)]
  0x000000001e9a6000 JavaThread "jar transforms Thread 317" [_thread_blocked, id=6496, stack(0x0000000028270000,0x0000000028370000)]
  0x000000001e9a4800 JavaThread "jar transforms Thread 316" [_thread_blocked, id=3172, stack(0x0000000028170000,0x0000000028270000)]
  0x000000001e9a1000 JavaThread "jar transforms Thread 315" [_thread_blocked, id=7052, stack(0x0000000028070000,0x0000000028170000)]
  0x000000001e9a1800 JavaThread "jar transforms Thread 314" [_thread_blocked, id=10756, stack(0x0000000027f70000,0x0000000028070000)]
  0x000000001fe5d800 JavaThread "jar transforms Thread 313" [_thread_blocked, id=7636, stack(0x0000000027e70000,0x0000000027f70000)]
  0x000000001fe5b800 JavaThread "jar transforms Thread 312" [_thread_blocked, id=9320, stack(0x0000000027d70000,0x0000000027e70000)]
  0x000000001fe5a800 JavaThread "jar transforms Thread 311" [_thread_blocked, id=2788, stack(0x0000000027c70000,0x0000000027d70000)]
  0x000000001fe5a000 JavaThread "jar transforms Thread 310" [_thread_blocked, id=9748, stack(0x0000000027b70000,0x0000000027c70000)]
  0x000000001fe5d000 JavaThread "jar transforms Thread 309" [_thread_blocked, id=9988, stack(0x0000000027a70000,0x0000000027b70000)]
  0x000000001fe59000 JavaThread "jar transforms Thread 308" [_thread_blocked, id=8376, stack(0x0000000027970000,0x0000000027a70000)]
  0x000000001fe58800 JavaThread "jar transforms Thread 307" [_thread_blocked, id=3308, stack(0x0000000027870000,0x0000000027970000)]
  0x000000001fe5c000 JavaThread "jar transforms Thread 306" [_thread_blocked, id=10620, stack(0x0000000027770000,0x0000000027870000)]
  0x000000001fe5e800 JavaThread "jar transforms Thread 305" [_thread_blocked, id=11236, stack(0x0000000027670000,0x0000000027770000)]
  0x000000001fe51000 JavaThread "jar transforms Thread 304" [_thread_blocked, id=10860, stack(0x0000000027570000,0x0000000027670000)]
  0x000000001fe57800 JavaThread "jar transforms Thread 303" [_thread_blocked, id=10720, stack(0x0000000027470000,0x0000000027570000)]
  0x000000001fe57000 JavaThread "jar transforms Thread 302" [_thread_blocked, id=9264, stack(0x0000000027370000,0x0000000027470000)]
  0x000000001fe56000 JavaThread "jar transforms Thread 301" [_thread_blocked, id=10244, stack(0x0000000027270000,0x0000000027370000)]
  0x000000001fe4f800 JavaThread "jar transforms Thread 300" [_thread_blocked, id=2300, stack(0x0000000027170000,0x0000000027270000)]
  0x000000001fe54000 JavaThread "jar transforms Thread 299" [_thread_blocked, id=5244, stack(0x0000000027070000,0x0000000027170000)]
  0x000000001fe53000 JavaThread "jar transforms Thread 298" [_thread_blocked, id=10876, stack(0x0000000026f70000,0x0000000027070000)]
  0x000000001fe50000 JavaThread "jar transforms Thread 297" [_thread_blocked, id=5912, stack(0x0000000026e70000,0x0000000026f70000)]
  0x000000001fe54800 JavaThread "jar transforms Thread 296" [_thread_blocked, id=4548, stack(0x0000000026d70000,0x0000000026e70000)]
  0x000000001fe55800 JavaThread "jar transforms Thread 295" [_thread_blocked, id=9212, stack(0x0000000026c70000,0x0000000026d70000)]
  0x000000001fe52800 JavaThread "jar transforms Thread 294" [_thread_blocked, id=2304, stack(0x0000000026b70000,0x0000000026c70000)]
  0x000000001fe51800 JavaThread "jar transforms Thread 293" [_thread_blocked, id=10176, stack(0x0000000026a70000,0x0000000026b70000)]
  0x0000000020bab800 JavaThread "jar transforms Thread 292" [_thread_blocked, id=768, stack(0x0000000026970000,0x0000000026a70000)]
  0x0000000020baa800 JavaThread "jar transforms Thread 291" [_thread_blocked, id=6432, stack(0x0000000026870000,0x0000000026970000)]
  0x0000000020baa000 JavaThread "jar transforms Thread 290" [_thread_blocked, id=9832, stack(0x0000000026770000,0x0000000026870000)]
  0x0000000020ba8800 JavaThread "jar transforms Thread 289" [_thread_blocked, id=11136, stack(0x0000000026670000,0x0000000026770000)]
  0x0000000020ba7000 JavaThread "jar transforms Thread 288" [_thread_blocked, id=9488, stack(0x0000000026570000,0x0000000026670000)]
  0x0000000020ba9000 JavaThread "jar transforms Thread 287" [_thread_blocked, id=2716, stack(0x0000000026470000,0x0000000026570000)]
  0x0000000020ba7800 JavaThread "jar transforms Thread 286" [_thread_blocked, id=6508, stack(0x0000000026370000,0x0000000026470000)]
  0x0000000020b9f800 JavaThread "jar transforms Thread 285" [_thread_blocked, id=10840, stack(0x0000000026270000,0x0000000026370000)]
  0x0000000020ba2800 JavaThread "jar transforms Thread 284" [_thread_blocked, id=5252, stack(0x0000000026170000,0x0000000026270000)]
  0x0000000020ba1800 JavaThread "jar transforms Thread 283" [_thread_blocked, id=9808, stack(0x0000000026070000,0x0000000026170000)]
  0x0000000020ba3000 JavaThread "jar transforms Thread 282" [_thread_blocked, id=8220, stack(0x0000000025f70000,0x0000000026070000)]
  0x0000000020ba1000 JavaThread "jar transforms Thread 281" [_thread_blocked, id=9664, stack(0x0000000025e70000,0x0000000025f70000)]
  0x0000000020ba6000 JavaThread "jar transforms Thread 280" [_thread_blocked, id=6920, stack(0x0000000025d70000,0x0000000025e70000)]
  0x0000000020ba5800 JavaThread "jar transforms Thread 279" [_thread_blocked, id=10216, stack(0x0000000025c70000,0x0000000025d70000)]
  0x0000000020ba4800 JavaThread "jar transforms Thread 278" [_thread_blocked, id=5620, stack(0x0000000025b70000,0x0000000025c70000)]
  0x0000000020ba4000 JavaThread "jar transforms Thread 277" [_thread_blocked, id=1992, stack(0x0000000025a70000,0x0000000025b70000)]
  0x0000000020b9e800 JavaThread "jar transforms Thread 276" [_thread_blocked, id=6484, stack(0x0000000025970000,0x0000000025a70000)]
  0x0000000020ba0000 JavaThread "jar transforms Thread 275" [_thread_blocked, id=8744, stack(0x0000000025870000,0x0000000025970000)]
  0x0000000020b9d800 JavaThread "jar transforms Thread 274" [_thread_blocked, id=8512, stack(0x0000000025770000,0x0000000025870000)]
  0x0000000020b9d000 JavaThread "jar transforms Thread 273" [_thread_blocked, id=2780, stack(0x0000000025670000,0x0000000025770000)]
  0x0000000020b9c000 JavaThread "jar transforms Thread 272" [_thread_blocked, id=2064, stack(0x0000000025570000,0x0000000025670000)]
  0x000000001b2a1000 JavaThread "jar transforms Thread 271" [_thread_blocked, id=1708, stack(0x0000000025470000,0x0000000025570000)]
  0x000000001b2a5000 JavaThread "jar transforms Thread 270" [_thread_blocked, id=10516, stack(0x0000000025370000,0x0000000025470000)]
  0x000000001b2a4000 JavaThread "jar transforms Thread 269" [_thread_blocked, id=360, stack(0x0000000025270000,0x0000000025370000)]
  0x000000001b2a0800 JavaThread "jar transforms Thread 268" [_thread_blocked, id=3800, stack(0x0000000025170000,0x0000000025270000)]
  0x000000001b2a3800 JavaThread "jar transforms Thread 267" [_thread_blocked, id=2312, stack(0x0000000025070000,0x0000000025170000)]
  0x000000001b2a2000 JavaThread "jar transforms Thread 266" [_thread_blocked, id=3444, stack(0x0000000024f70000,0x0000000025070000)]
  0x000000001b29f800 JavaThread "jar transforms Thread 265" [_thread_blocked, id=10864, stack(0x0000000024e70000,0x0000000024f70000)]
  0x000000001b2a6800 JavaThread "jar transforms Thread 264" [_thread_blocked, id=4696, stack(0x0000000024d70000,0x0000000024e70000)]
  0x000000001d847800 JavaThread "jar transforms Thread 263" [_thread_blocked, id=7516, stack(0x0000000024c70000,0x0000000024d70000)]
  0x000000001d843800 JavaThread "jar transforms Thread 262" [_thread_blocked, id=1448, stack(0x0000000024b70000,0x0000000024c70000)]
  0x000000001d846000 JavaThread "jar transforms Thread 261" [_thread_blocked, id=10208, stack(0x0000000024a70000,0x0000000024b70000)]
  0x000000001d842000 JavaThread "jar transforms Thread 260" [_thread_blocked, id=6892, stack(0x0000000024970000,0x0000000024a70000)]
  0x000000001d844800 JavaThread "jar transforms Thread 259" [_thread_blocked, id=10540, stack(0x0000000024870000,0x0000000024970000)]
  0x000000001d840800 JavaThread "jar transforms Thread 258" [_thread_blocked, id=1744, stack(0x0000000024770000,0x0000000024870000)]
  0x000000001d843000 JavaThread "jar transforms Thread 257" [_thread_blocked, id=1796, stack(0x0000000024670000,0x0000000024770000)]
  0x000000001d840000 JavaThread "jar transforms Thread 256" [_thread_blocked, id=5792, stack(0x0000000024570000,0x0000000024670000)]
  0x000000001d841800 JavaThread "jar transforms Thread 255" [_thread_blocked, id=2544, stack(0x0000000024470000,0x0000000024570000)]
  0x000000001d845000 JavaThread "jar transforms Thread 254" [_thread_blocked, id=10928, stack(0x0000000024370000,0x0000000024470000)]
  0x000000001d846800 JavaThread "jar transforms Thread 253" [_thread_blocked, id=9400, stack(0x0000000024270000,0x0000000024370000)]
  0x000000001d838800 JavaThread "jar transforms Thread 252" [_thread_blocked, id=9944, stack(0x0000000023f70000,0x0000000024070000)]
  0x000000001d83f000 JavaThread "jar transforms Thread 251" [_thread_blocked, id=11096, stack(0x00000000237f0000,0x00000000238f0000)]
  0x000000001d83c000 JavaThread "jar transforms Thread 250" [_thread_blocked, id=4732, stack(0x00000000232d0000,0x00000000233d0000)]
  0x000000002b1e2800 JavaThread "jar transforms Thread 249" [_thread_blocked, id=6044, stack(0x00000000229d0000,0x0000000022ad0000)]
  0x000000002b1e2000 JavaThread "jar transforms Thread 248" [_thread_blocked, id=2524, stack(0x00000000228d0000,0x00000000229d0000)]
  0x000000002b1e1000 JavaThread "jar transforms Thread 247" [_thread_blocked, id=8872, stack(0x00000000227d0000,0x00000000228d0000)]
  0x000000002b1e3800 JavaThread "jar transforms Thread 246" [_thread_blocked, id=10772, stack(0x00000000224d0000,0x00000000225d0000)]
  0x000000002b1e0800 JavaThread "jar transforms Thread 245" [_thread_blocked, id=9356, stack(0x00000000223d0000,0x00000000224d0000)]
  0x000000002b1df800 JavaThread "jar transforms Thread 244" [_thread_blocked, id=11196, stack(0x00000000222d0000,0x00000000223d0000)]
  0x000000002b1e5000 JavaThread "jar transforms Thread 243" [_thread_blocked, id=7856, stack(0x00000000221d0000,0x00000000222d0000)]
  0x000000002b1e6800 JavaThread "jar transforms Thread 242" [_thread_blocked, id=3356, stack(0x00000000220d0000,0x00000000221d0000)]
  0x000000002b1e5800 JavaThread "jar transforms Thread 241" [_thread_blocked, id=10444, stack(0x0000000021fd0000,0x00000000220d0000)]
  0x000000002b1e4000 JavaThread "jar transforms Thread 240" [_thread_blocked, id=1824, stack(0x0000000021dd0000,0x0000000021ed0000)]
  0x000000002b1de000 JavaThread "jar transforms Thread 239" [_thread_blocked, id=6828, stack(0x0000000021cd0000,0x0000000021dd0000)]
  0x000000002b1dd800 JavaThread "jar transforms Thread 238" [_thread_blocked, id=10092, stack(0x0000000021bd0000,0x0000000021cd0000)]
  0x000000002b1d8000 JavaThread "jar transforms Thread 237" [_thread_blocked, id=6648, stack(0x0000000021ad0000,0x0000000021bd0000)]
  0x000000002b1db000 JavaThread "jar transforms Thread 236" [_thread_blocked, id=2488, stack(0x00000000219d0000,0x0000000021ad0000)]
  0x000000002b1df000 JavaThread "jar transforms Thread 235" [_thread_blocked, id=2692, stack(0x00000000218d0000,0x00000000219d0000)]
  0x000000002b1da800 JavaThread "jar transforms Thread 234" [_thread_blocked, id=7296, stack(0x00000000216d0000,0x00000000217d0000)]
  0x000000002b1d7800 JavaThread "jar transforms Thread 233" [_thread_blocked, id=9404, stack(0x00000000215d0000,0x00000000216d0000)]
  0x000000002b1d9800 JavaThread "jar transforms Thread 232" [_thread_blocked, id=4844, stack(0x00000000214d0000,0x00000000215d0000)]
  0x000000002010a800 JavaThread "jar transforms Thread 231" [_thread_blocked, id=9892, stack(0x00000000213d0000,0x00000000214d0000)]
  0x0000000020109800 JavaThread "jar transforms Thread 230" [_thread_blocked, id=1268, stack(0x00000000212d0000,0x00000000213d0000)]
  0x0000000020103000 JavaThread "jar transforms Thread 229" [_thread_blocked, id=2844, stack(0x00000000211d0000,0x00000000212d0000)]
  0x0000000020109000 JavaThread "jar transforms Thread 228" [_thread_blocked, id=3220, stack(0x00000000210d0000,0x00000000211d0000)]
  0x0000000020106800 JavaThread "jar transforms Thread 227" [_thread_blocked, id=11084, stack(0x000000001f960000,0x000000001fa60000)]
  0x0000000020103800 JavaThread "Daemon worker Thread 3" [_thread_in_vm, id=9836, stack(0x000000001c370000,0x000000001c470000)]
  0x00000000200fb800 JavaThread "Daemon Thread 3" [_thread_blocked, id=1188, stack(0x0000000000af0000,0x0000000000bf0000)]
  0x0000000020107800 JavaThread "Memory manager" [_thread_blocked, id=3148, stack(0x000000002a170000,0x000000002a270000)]
  0x000000001d83d800 JavaThread "Cache worker for file content cache (C:\Users\volod\.gradle\caches\6.5\fileContent)" [_thread_blocked, id=10256, stack(0x00000000231d0000,0x00000000232d0000)]
  0x000000001d83a000 JavaThread "Cache worker for execution history cache (C:\Users\volod\.gradle\caches\6.5\executionHistory)" [_thread_blocked, id=6084, stack(0x0000000022cd0000,0x0000000022dd0000)]
  0x000000001b2a2800 JavaThread "Cache worker for file hash cache (C:\Users\volod\.gradle\caches\6.5\fileHashes)" [_thread_blocked, id=108, stack(0x000000001d4c0000,0x000000001d5c0000)]
  0x000000001b2a5800 JavaThread "File lock request listener" [_thread_in_native, id=8096, stack(0x000000001d3c0000,0x000000001d4c0000)]
  0x0000000019760000 JavaThread "Cache worker for journal cache (C:\Users\volod\.gradle\caches\journal-1)" [_thread_blocked, id=10836, stack(0x000000001d2c0000,0x000000001d3c0000)]
  0x000000001af0b000 JavaThread "Daemon periodic checks" [_thread_blocked, id=9656, stack(0x000000001c6c0000,0x000000001c7c0000)]
  0x000000001af09000 JavaThread "Incoming local TCP Connector on port 55830" [_thread_in_native, id=10808, stack(0x000000001c470000,0x000000001c570000)]
  0x00000000194cb800 JavaThread "Daemon health stats" [_thread_blocked, id=10508, stack(0x000000001be30000,0x000000001bf30000)]
  0x000000001758d000 JavaThread "Service Thread" daemon [_thread_blocked, id=1220, stack(0x0000000019290000,0x0000000019390000)]
  0x000000001754c000 JavaThread "C1 CompilerThread2" daemon [_thread_blocked, id=1592, stack(0x0000000018d90000,0x0000000018e90000)]
  0x000000001753d000 JavaThread "C2 CompilerThread1" daemon [_thread_in_native, id=10964, stack(0x0000000018c90000,0x0000000018d90000)]
=>0x0000000017535000 JavaThread "C2 CompilerThread0" daemon [_thread_in_native, id=10696, stack(0x0000000018b90000,0x0000000018c90000)]
  0x0000000017533800 JavaThread "Attach Listener" daemon [_thread_blocked, id=3424, stack(0x0000000018a90000,0x0000000018b90000)]
  0x000000001753a000 JavaThread "Signal Dispatcher" daemon [_thread_blocked, id=10504, stack(0x0000000018990000,0x0000000018a90000)]
  0x000000000290d800 JavaThread "Finalizer" daemon [_thread_blocked, id=2108, stack(0x0000000018780000,0x0000000018880000)]
  0x0000000017519000 JavaThread "Reference Handler" daemon [_thread_blocked, id=2704, stack(0x0000000018680000,0x0000000018780000)]
  0x000000000264e000 JavaThread "main" [_thread_blocked, id=9860, stack(0x0000000002680000,0x0000000002780000)]

Other Threads:
  0x00000000174f6000 VMThread [stack: 0x0000000018580000,0x0000000018680000] [id=7640]
  0x000000001758e000 WatcherThread [stack: 0x0000000019390000,0x0000000019490000] [id=7884]

VM state:not at safepoint (normal execution)

VM Mutex/Monitor currently owned by a thread: None

heap address: 0x0000000080000000, size: 2048 MB, Compressed Oops mode: 32-bit
Narrow klass base: 0x0000000000000000, Narrow klass shift: 3
Compressed class space size: 1073741824 Address: 0x0000000100000000

Heap:
 PSYoungGen      total 280064K, used 193962K [0x00000000d5580000, 0x00000000e8800000, 0x0000000100000000)
  eden space 262656K, 73% used [0x00000000d5580000,0x00000000e12ea9b8,0x00000000e5600000)
  from space 17408K, 0% used [0x00000000e7700000,0x00000000e7700000,0x00000000e8800000)
  to   space 25600K, 0% used [0x00000000e5600000,0x00000000e5600000,0x00000000e6f00000)
 ParOldGen       total 200192K, used 61999K [0x0000000080000000, 0x000000008c380000, 0x00000000d5580000)
  object space 200192K, 30% used [0x0000000080000000,0x0000000083c8bef0,0x000000008c380000)
 Metaspace       used 106552K, capacity 111946K, committed 112216K, reserved 1146880K
  class space    used 14044K, capacity 15131K, committed 15232K, reserved 1048576K

Card table byte_map: [0x0000000011cd0000,0x00000000120e0000] byte_map_base: 0x00000000118d0000

Marking Bits: (ParMarkBitMap*) 0x000000005854f030
 Begin Bits: [0x0000000012790000, 0x0000000014790000)
 End Bits:   [0x0000000014790000, 0x0000000016790000)

Polling page: 0x00000000025c0000

CodeCache: size=245760Kb used=35156Kb max_used=35156Kb free=210603Kb
 bounds [0x0000000002910000, 0x0000000004b90000, 0x0000000011910000]
 total_blobs=11781 nmethods=10876 adapters=815
 compilation: enabled

Compilation events (10 events):
Event: 946.793 Thread 0x000000001754c000 12561       3       org.gradle.api.internal.tasks.DefaultTaskContainer::access$700 (5 bytes)
Event: 946.793 Thread 0x000000001754c000 nmethod 12561 0x0000000004b83850 code [0x0000000004b839c0, 0x0000000004b83b28]
Event: 946.793 Thread 0x000000001754c000 12562       3       org.gradle.api.internal.tasks.DefaultTaskContainer::registerDescriptor (37 bytes)
Event: 946.794 Thread 0x000000001754c000 nmethod 12562 0x0000000004b83bd0 code [0x0000000004b83e00, 0x0000000004b84c38]
Event: 946.794 Thread 0x000000001754c000 12563       3       org.gradle.api.internal.tasks.DefaultTaskContainer$RegisterDetails::<init> (10 bytes)
Event: 946.795 Thread 0x000000001754c000 nmethod 12563 0x0000000004b852d0 code [0x0000000004b85420, 0x0000000004b855f0]
Event: 946.795 Thread 0x000000001754c000 12564       3       org.gradle.api.internal.tasks.DefaultTaskContainer$3::call (6 bytes)
Event: 946.795 Thread 0x000000001754c000 nmethod 12564 0x0000000004b85690 code [0x0000000004b85800, 0x0000000004b859a8]
Event: 946.838 Thread 0x000000001754c000 12565       3       org.gradle.api.internal.tasks.DefaultTaskContainer$TaskCreatingProvider::<init> (38 bytes)
Event: 946.839 Thread 0x000000001754c000 nmethod 12565 0x0000000004b85a50 code [0x0000000004b85be0, 0x0000000004b85fc8]

GC Heap History (10 events):
Event: 17.803 GC heap before
{Heap before GC invocations=16 (full 3):
 PSYoungGen      total 204800K, used 188928K [0x00000000d5580000, 0x00000000e3580000, 0x0000000100000000)
  eden space 188928K, 100% used [0x00000000d5580000,0x00000000e0e00000,0x00000000e0e00000)
  from space 15872K, 0% used [0x00000000e1e80000,0x00000000e1e80000,0x00000000e2e00000)
  to   space 16896K, 0% used [0x00000000e0e00000,0x00000000e0e00000,0x00000000e1e80000)
 ParOldGen       total 131584K, used 38483K [0x0000000080000000, 0x0000000088080000, 0x00000000d5580000)
  object space 131584K, 29% used [0x0000000080000000,0x0000000082594d28,0x0000000088080000)
 Metaspace       used 67616K, capacity 70604K, committed 70744K, reserved 1110016K
  class space    used 9260K, capacity 9840K, committed 9856K, reserved 1048576K
Event: 17.837 GC heap after
Heap after GC invocations=16 (full 3):
 PSYoungGen      total 205824K, used 16877K [0x00000000d5580000, 0x00000000e5d80000, 0x0000000100000000)
  eden space 188928K, 0% used [0x00000000d5580000,0x00000000d5580000,0x00000000e0e00000)
  from space 16896K, 99% used [0x00000000e0e00000,0x00000000e1e7b750,0x00000000e1e80000)
  to   space 19456K, 0% used [0x00000000e4a80000,0x00000000e4a80000,0x00000000e5d80000)
 ParOldGen       total 131584K, used 38915K [0x0000000080000000, 0x0000000088080000, 0x00000000d5580000)
  object space 131584K, 29% used [0x0000000080000000,0x0000000082600df0,0x0000000088080000)
 Metaspace       used 67616K, capacity 70604K, committed 70744K, reserved 1110016K
  class space    used 9260K, capacity 9840K, committed 9856K, reserved 1048576K
}
Event: 20.352 GC heap before
{Heap before GC invocations=17 (full 3):
 PSYoungGen      total 205824K, used 205805K [0x00000000d5580000, 0x00000000e5d80000, 0x0000000100000000)
  eden space 188928K, 100% used [0x00000000d5580000,0x00000000e0e00000,0x00000000e0e00000)
  from space 16896K, 99% used [0x00000000e0e00000,0x00000000e1e7b750,0x00000000e1e80000)
  to   space 19456K, 0% used [0x00000000e4a80000,0x00000000e4a80000,0x00000000e5d80000)
 ParOldGen       total 131584K, used 38915K [0x0000000080000000, 0x0000000088080000, 0x00000000d5580000)
  object space 131584K, 29% used [0x0000000080000000,0x0000000082600df0,0x0000000088080000)
 Metaspace       used 77084K, capacity 80538K, committed 80856K, reserved 1118208K
  class space    used 10546K, capacity 11262K, committed 11264K, reserved 1048576K
Event: 20.382 GC heap after
Heap after GC invocations=17 (full 3):
 PSYoungGen      total 248832K, used 17742K [0x00000000d5580000, 0x00000000e5f80000, 0x0000000100000000)
  eden space 229376K, 0% used [0x00000000d5580000,0x00000000d5580000,0x00000000e3580000)
  from space 19456K, 91% used [0x00000000e4a80000,0x00000000e5bd3ae8,0x00000000e5d80000)
  to   space 21504K, 0% used [0x00000000e3580000,0x00000000e3580000,0x00000000e4a80000)
 ParOldGen       total 131584K, used 48835K [0x0000000080000000, 0x0000000088080000, 0x00000000d5580000)
  object space 131584K, 37% used [0x0000000080000000,0x0000000082fb0c90,0x0000000088080000)
 Metaspace       used 77084K, capacity 80538K, committed 80856K, reserved 1118208K
  class space    used 10546K, capacity 11262K, committed 11264K, reserved 1048576K
}
Event: 839.366 GC heap before
{Heap before GC invocations=18 (full 3):
 PSYoungGen      total 248832K, used 247118K [0x00000000d5580000, 0x00000000e5f80000, 0x0000000100000000)
  eden space 229376K, 100% used [0x00000000d5580000,0x00000000e3580000,0x00000000e3580000)
  from space 19456K, 91% used [0x00000000e4a80000,0x00000000e5bd3ae8,0x00000000e5d80000)
  to   space 21504K, 0% used [0x00000000e3580000,0x00000000e3580000,0x00000000e4a80000)
 ParOldGen       total 131584K, used 48835K [0x0000000080000000, 0x0000000088080000, 0x00000000d5580000)
  object space 131584K, 37% used [0x0000000080000000,0x0000000082fb0c90,0x0000000088080000)
 Metaspace       used 87309K, capacity 91556K, committed 91608K, reserved 1128448K
  class space    used 11686K, capacity 12538K, committed 12544K, reserved 1048576K
Event: 839.400 GC heap after
Heap after GC invocations=18 (full 3):
 PSYoungGen      total 250880K, used 21488K [0x00000000d5580000, 0x00000000e9100000, 0x0000000100000000)
  eden space 229376K, 0% used [0x00000000d5580000,0x00000000d5580000,0x00000000e3580000)
  from space 21504K, 99% used [0x00000000e3580000,0x00000000e4a7c3d0,0x00000000e4a80000)
  to   space 26624K, 0% used [0x00000000e7700000,0x00000000e7700000,0x00000000e9100000)
 ParOldGen       total 131584K, used 54598K [0x0000000080000000, 0x0000000088080000, 0x00000000d5580000)
  object space 131584K, 41% used [0x0000000080000000,0x0000000083551bf0,0x0000000088080000)
 Metaspace       used 87309K, capacity 91556K, committed 91608K, reserved 1128448K
  class space    used 11686K, capacity 12538K, committed 12544K, reserved 1048576K
}
Event: 942.839 GC heap before
{Heap before GC invocations=19 (full 3):
 PSYoungGen      total 250880K, used 150196K [0x00000000d5580000, 0x00000000e9100000, 0x0000000100000000)
  eden space 229376K, 56% used [0x00000000d5580000,0x00000000dd330f18,0x00000000e3580000)
  from space 21504K, 99% used [0x00000000e3580000,0x00000000e4a7c3d0,0x00000000e4a80000)
  to   space 26624K, 0% used [0x00000000e7700000,0x00000000e7700000,0x00000000e9100000)
 ParOldGen       total 131584K, used 54598K [0x0000000080000000, 0x0000000088080000, 0x00000000d5580000)
  object space 131584K, 41% used [0x0000000080000000,0x0000000083551bf0,0x0000000088080000)
 Metaspace       used 93389K, capacity 98200K, committed 98280K, reserved 1134592K
  class space    used 12404K, capacity 13396K, committed 13440K, reserved 1048576K
Event: 942.879 GC heap after
Heap after GC invocations=19 (full 3):
 PSYoungGen      total 280064K, used 9970K [0x00000000d5580000, 0x00000000e8800000, 0x0000000100000000)
  eden space 262656K, 0% used [0x00000000d5580000,0x00000000d5580000,0x00000000e5600000)
  from space 17408K, 57% used [0x00000000e7700000,0x00000000e80bcbb8,0x00000000e8800000)
  to   space 25600K, 0% used [0x00000000e5600000,0x00000000e5600000,0x00000000e6f00000)
 ParOldGen       total 131584K, used 74692K [0x0000000080000000, 0x0000000088080000, 0x00000000d5580000)
  object space 131584K, 56% used [0x0000000080000000,0x00000000848f1350,0x0000000088080000)
 Metaspace       used 93389K, capacity 98200K, committed 98280K, reserved 1134592K
  class space    used 12404K, capacity 13396K, committed 13440K, reserved 1048576K
}
Event: 942.879 GC heap before
{Heap before GC invocations=20 (full 4):
 PSYoungGen      total 280064K, used 9970K [0x00000000d5580000, 0x00000000e8800000, 0x0000000100000000)
  eden space 262656K, 0% used [0x00000000d5580000,0x00000000d5580000,0x00000000e5600000)
  from space 17408K, 57% used [0x00000000e7700000,0x00000000e80bcbb8,0x00000000e8800000)
  to   space 25600K, 0% used [0x00000000e5600000,0x00000000e5600000,0x00000000e6f00000)
 ParOldGen       total 131584K, used 74692K [0x0000000080000000, 0x0000000088080000, 0x00000000d5580000)
  object space 131584K, 56% used [0x0000000080000000,0x00000000848f1350,0x0000000088080000)
 Metaspace       used 93389K, capacity 98200K, committed 98280K, reserved 1134592K
  class space    used 12404K, capacity 13396K, committed 13440K, reserved 1048576K
Event: 943.117 GC heap after
Heap after GC invocations=20 (full 4):
 PSYoungGen      total 280064K, used 0K [0x00000000d5580000, 0x00000000e8800000, 0x0000000100000000)
  eden space 262656K, 0% used [0x00000000d5580000,0x00000000d5580000,0x00000000e5600000)
  from space 17408K, 0% used [0x00000000e7700000,0x00000000e7700000,0x00000000e8800000)
  to   space 25600K, 0% used [0x00000000e5600000,0x00000000e5600000,0x00000000e6f00000)
 ParOldGen       total 200192K, used 61999K [0x0000000080000000, 0x000000008c380000, 0x00000000d5580000)
  object space 200192K, 30% used [0x0000000080000000,0x0000000083c8bef0,0x000000008c380000)
 Metaspace       used 93303K, capacity 97990K, committed 98280K, reserved 1134592K
  class space    used 12376K, capacity 13350K, committed 13440K, reserved 1048576K
}

Deoptimization events (10 events):
Event: 945.024 Thread 0x000000001e5fa000 Uncommon trap: reason=unstable_if action=reinterpret pc=0x0000000002e13c30 method=com.esotericsoftware.kryo.io.Output.writeVarLong(JZ)I @ 55
Event: 945.214 Thread 0x0000000020103800 Uncommon trap: reason=class_check action=maybe_recompile pc=0x0000000002e5b1f0 method=java.util.zip.InflaterInputStream.read([BII)I @ 100
Event: 945.215 Thread 0x0000000020103800 Uncommon trap: reason=class_check action=maybe_recompile pc=0x0000000002e5b1f0 method=java.util.zip.InflaterInputStream.read([BII)I @ 100
Event: 945.215 Thread 0x0000000020103800 Uncommon trap: reason=class_check action=maybe_recompile pc=0x0000000002e5b1f0 method=java.util.zip.InflaterInputStream.read([BII)I @ 100
Event: 945.215 Thread 0x0000000020103800 Uncommon trap: reason=class_check action=maybe_recompile pc=0x0000000002e5b1f0 method=java.util.zip.InflaterInputStream.read([BII)I @ 100
Event: 946.016 Thread 0x0000000020103800 Uncommon trap: reason=null_check action=make_not_entrant pc=0x0000000004a28334 method=org.gradle.internal.instantiation.generator.AbstractClassGenerator.isPropertyType(Ljava/lang/Class;)Z @ 3
Event: 946.016 Thread 0x0000000020103800 Uncommon trap: reason=null_check action=make_not_entrant pc=0x0000000004a3dadc method=org.gradle.internal.instantiation.generator.AbstractClassGenerator.isPropertyType(Ljava/lang/Class;)Z @ 3
Event: 946.016 Thread 0x0000000020103800 Uncommon trap: reason=null_check action=make_not_entrant pc=0x0000000004a3fae8 method=org.gradle.internal.instantiation.generator.AbstractClassGenerator$DslMixInPropertyType.visitProperty(Lorg/gradle/internal/instantiation/generator/AbstractClassGenerator
Event: 946.302 Thread 0x0000000020103800 Uncommon trap: reason=null_check action=make_not_entrant pc=0x0000000004ab3788 method=org.gradle.internal.instantiation.generator.AbstractClassGenerator.isPropertyType(Ljava/lang/Class;)Z @ 12
Event: 946.530 Thread 0x0000000020103800 Uncommon trap: reason=null_check action=make_not_entrant pc=0x00000000039930f8 method=java.lang.Class.searchMethods([Ljava/lang/reflect/Method;Ljava/lang/String;[Ljava/lang/Class;)Ljava/lang/reflect/Method; @ 59

Classes redefined (0 events):
No events

Internal exceptions (10 events):
Event: 946.575 Thread 0x0000000020103800 Exception <a 'java/lang/ClassNotFoundException': com/android/build/gradle/internal/dsl/ApplicationBuildFeaturesImplCustomizer> (0x00000000dfc54870) thrown at [C:\src\AOSP-openjdk-git\hotspot\src\share\vm\classfile\systemDictionary.cpp, line 210]
Event: 946.576 Thread 0x0000000020103800 Exception <a 'java/lang/ClassNotFoundException': com/android/build/gradle/internal/dsl/ApplicationBuildFeaturesImpl_DecoratedCustomizer> (0x00000000dfc88a80) thrown at [C:\src\AOSP-openjdk-git\hotspot\src\share\vm\classfile\systemDictionary.cpp, line 210]
Event: 946.580 Thread 0x0000000020103800 Exception <a 'java/lang/ClassNotFoundException': com/android/build/gradle/internal/CompileOptions_DecoratedBeanInfo> (0x00000000dfd3d490) thrown at [C:\src\AOSP-openjdk-git\hotspot\src\share\vm\classfile\systemDictionary.cpp, line 210]
Event: 946.580 Thread 0x0000000020103800 Exception <a 'java/lang/ClassNotFoundException': com/android/build/gradle/internal/CompileOptionsBeanInfo> (0x00000000dfd5dcb0) thrown at [C:\src\AOSP-openjdk-git\hotspot\src\share\vm\classfile\systemDictionary.cpp, line 210]
Event: 946.581 Thread 0x0000000020103800 Exception <a 'java/lang/ClassNotFoundException': com/android/build/gradle/internal/CompileOptionsCustomizer> (0x00000000dfd7e6b8) thrown at [C:\src\AOSP-openjdk-git\hotspot\src\share\vm\classfile\systemDictionary.cpp, line 210]
Event: 946.582 Thread 0x0000000020103800 Exception <a 'java/lang/ClassNotFoundException': com/android/build/gradle/internal/CompileOptions_DecoratedCustomizer> (0x00000000dfdb50d8) thrown at [C:\src\AOSP-openjdk-git\hotspot\src\share\vm\classfile\systemDictionary.cpp, line 210]
Event: 946.592 Thread 0x0000000020103800 Exception <a 'java/lang/ClassNotFoundException': org/jetbrains/kotlin/gradle/dsl/KotlinJvmOptionsImplBeanInfo> (0x00000000dff11a08) thrown at [C:\src\AOSP-openjdk-git\hotspot\src\share\vm\classfile\systemDictionary.cpp, line 210]
Event: 946.593 Thread 0x0000000020103800 Exception <a 'java/lang/ClassNotFoundException': org/jetbrains/kotlin/gradle/dsl/KotlinJvmOptionsBaseBeanInfo> (0x00000000dff32dc8) thrown at [C:\src\AOSP-openjdk-git\hotspot\src\share\vm\classfile\systemDictionary.cpp, line 210]
Event: 946.593 Thread 0x0000000020103800 Exception <a 'java/lang/ClassNotFoundException': org/jetbrains/kotlin/gradle/dsl/KotlinJvmOptionsBaseCustomizer> (0x00000000dff548c0) thrown at [C:\src\AOSP-openjdk-git\hotspot\src\share\vm\classfile\systemDictionary.cpp, line 210]
Event: 946.594 Thread 0x0000000020103800 Exception <a 'java/lang/ClassNotFoundException': org/jetbrains/kotlin/gradle/dsl/KotlinJvmOptionsImplCustomizer> (0x00000000dff96ec8) thrown at [C:\src\AOSP-openjdk-git\hotspot\src\share\vm\classfile\systemDictionary.cpp, line 210]

Events (10 events):
Event: 946.855 loading class com/android/build/gradle/internal/tasks/MergeNativeLibsTask
Event: 946.855 loading class com/android/build/gradle/internal/tasks/MergeNativeLibsTask done
Event: 946.856 loading class com/android/build/gradle/internal/tasks/MergeNativeLibsTask$CreationAction$handleProvider$1
Event: 946.856 loading class com/android/build/gradle/internal/tasks/MergeNativeLibsTask$CreationAction$handleProvider$1 done
Event: 946.856 loading class com/android/build/gradle/internal/scope/InternalArtifactType$MERGED_NATIVE_LIBS
Event: 946.856 loading class com/android/build/gradle/internal/scope/InternalArtifactType$MERGED_NATIVE_LIBS done
Event: 946.857 loading class com/android/build/gradle/internal/tasks/databinding/DataBindingMergeBaseClassLogTask
Event: 946.857 loading class com/android/build/gradle/internal/tasks/databinding/DataBindingMergeBaseClassLogTask done
Event: 946.857 loading class com/android/build/gradle/internal/tasks/databinding/DataBindingMergeBaseClassLogTask$CreationAction$handleProvider$1
Event: 946.857 loading class com/android/build/gradle/internal/tasks/databinding/DataBindingMergeBaseClassLogTask$CreationAction$handleProvider$1 done


Dynamic libraries:
0x00007ff7cbb30000 - 0x00007ff7cbb61000 	C:\Program Files\Android\Android Studio\jre\bin\java.exe
0x00007ffe4b430000 - 0x00007ffe4b626000 	C:\Windows\SYSTEM32\ntdll.dll
0x00007ffe49570000 - 0x00007ffe4962d000 	C:\Windows\System32\KERNEL32.DLL
0x00007ffe48c90000 - 0x00007ffe48f58000 	C:\Windows\System32\KERNELBASE.dll
0x00007ffe4b0b0000 - 0x00007ffe4b15a000 	C:\Windows\System32\ADVAPI32.dll
0x00007ffe4b160000 - 0x00007ffe4b1fe000 	C:\Windows\System32\msvcrt.dll
0x00007ffe49ab0000 - 0x00007ffe49b4b000 	C:\Windows\System32\sechost.dll
0x00007ffe4b200000 - 0x00007ffe4b324000 	C:\Windows\System32\RPCRT4.dll
0x00007ffe49800000 - 0x00007ffe499a0000 	C:\Windows\System32\USER32.dll
0x00007ffe490f0000 - 0x00007ffe49112000 	C:\Windows\System32\win32u.dll
0x00007ffe4b3c0000 - 0x00007ffe4b3ea000 	C:\Windows\System32\GDI32.dll
0x00007ffe48f60000 - 0x00007ffe49069000 	C:\Windows\System32\gdi32full.dll
0x00007ffe49120000 - 0x00007ffe491bd000 	C:\Windows\System32\msvcp_win.dll
0x00007ffe491c0000 - 0x00007ffe492c0000 	C:\Windows\System32\ucrtbase.dll
0x00007ffe38ad0000 - 0x00007ffe38d6b000 	C:\Windows\WinSxS\amd64_microsoft.windows.common-controls_6595b64144ccf1df_6.0.19041.488_none_ca04af081b815d21\COMCTL32.dll
0x00007ffe496b0000 - 0x00007ffe496e0000 	C:\Windows\System32\IMM32.DLL
0x00007ffe48760000 - 0x00007ffe48857000 	C:\Windows\system32\guard64.dll
0x00007ffe48750000 - 0x00007ffe4875a000 	C:\Windows\system32\version.dll
0x00007ffe4af80000 - 0x00007ffe4b0aa000 	C:\Windows\System32\ole32.dll
0x00007ffe49cb0000 - 0x00007ffe4a005000 	C:\Windows\System32\combase.dll
0x00007ffe48740000 - 0x00007ffe4874b000 	C:\Windows\system32\fltlib.dll
0x00007ffe4a2b0000 - 0x00007ffe4a9f0000 	C:\Windows\System32\shell32.dll
0x00007ffe49740000 - 0x00007ffe497ee000 	C:\Windows\System32\shcore.dll
0x0000000057bc0000 - 0x0000000057c92000 	C:\Program Files\Android\Android Studio\jre\jre\bin\msvcr100.dll
0x0000000057d80000 - 0x00000000585cb000 	C:\Program Files\Android\Android Studio\jre\jre\bin\server\jvm.dll
0x00007ffe49bc0000 - 0x00007ffe49bc8000 	C:\Windows\System32\PSAPI.DLL
0x00007ffe445a0000 - 0x00007ffe445a9000 	C:\Windows\SYSTEM32\WSOCK32.dll
0x00007ffe4b330000 - 0x00007ffe4b39b000 	C:\Windows\System32\WS2_32.dll
0x00007ffe3cb60000 - 0x00007ffe3cb87000 	C:\Windows\SYSTEM32\WINMM.dll
0x00007ffe444d0000 - 0x00007ffe444df000 	C:\Program Files\Android\Android Studio\jre\jre\bin\verify.dll
0x00007ffe37dc0000 - 0x00007ffe37de9000 	C:\Program Files\Android\Android Studio\jre\jre\bin\java.dll
0x00007ffe37c30000 - 0x00007ffe37c46000 	C:\Program Files\Android\Android Studio\jre\jre\bin\zip.dll
0x00007ffe46bb0000 - 0x00007ffe47344000 	C:\Windows\SYSTEM32\windows.storage.dll
0x00007ffe48400000 - 0x00007ffe4842c000 	C:\Windows\SYSTEM32\Wldp.dll
0x00007ffe49b50000 - 0x00007ffe49ba5000 	C:\Windows\System32\shlwapi.dll
0x00007ffe48ab0000 - 0x00007ffe48ad6000 	C:\Windows\SYSTEM32\profapi.dll
0x00007ffe37c10000 - 0x00007ffe37c2a000 	C:\Program Files\Android\Android Studio\jre\jre\bin\net.dll
0x00007ffe48180000 - 0x00007ffe481ea000 	C:\Windows\system32\mswsock.dll
0x00007ffe37920000 - 0x00007ffe37933000 	C:\Program Files\Android\Android Studio\jre\jre\bin\nio.dll
0x00007ffe298d0000 - 0x00007ffe298f7000 	C:\Users\volod\.gradle\native\f6784746aeab05261644944871eae4fe03e0ef1612fff0a4a95f87b438bc6780\windows-amd64\native-platform.dll
0x00007ffe42f30000 - 0x00007ffe42f3d000 	C:\Program Files\Android\Android Studio\jre\jre\bin\management.dll
0x00007ffe48350000 - 0x00007ffe48368000 	C:\Windows\SYSTEM32\CRYPTSP.dll
0x00007ffe47b10000 - 0x00007ffe47b44000 	C:\Windows\system32\rsaenh.dll
0x00007ffe49420000 - 0x00007ffe49447000 	C:\Windows\System32\bcrypt.dll
0x00007ffe48a70000 - 0x00007ffe48a9e000 	C:\Windows\SYSTEM32\USERENV.dll
0x00007ffe49070000 - 0x00007ffe490ef000 	C:\Windows\System32\bcryptprimitives.dll
0x00007ffe48370000 - 0x00007ffe4837c000 	C:\Windows\SYSTEM32\CRYPTBASE.dll
0x00007ffe47e70000 - 0x00007ffe47eab000 	C:\Windows\SYSTEM32\IPHLPAPI.DLL
0x00007ffe497f0000 - 0x00007ffe497f9000 	C:\Windows\System32\NSI.dll
0x00007ffe3eb30000 - 0x00007ffe3eb47000 	C:\Windows\SYSTEM32\dhcpcsvc6.DLL
0x00007ffe3eab0000 - 0x00007ffe3eacd000 	C:\Windows\SYSTEM32\dhcpcsvc.DLL
0x00007ffe47ec0000 - 0x00007ffe47f8b000 	C:\Windows\SYSTEM32\DNSAPI.dll
0x00007ffe3ef50000 - 0x00007ffe3ef5b000 	C:\Windows\SYSTEM32\WINNSI.DLL
0x00007ffe37840000 - 0x00007ffe37864000 	C:\Program Files\Android\Android Studio\jre\jre\bin\sunec.dll
0x00007ffe39590000 - 0x00007ffe3959a000 	C:\Windows\System32\rasadhlp.dll
0x00007ffe38ff0000 - 0x00007ffe3906f000 	C:\Windows\System32\fwpuclnt.dll
0x00007ffe42a10000 - 0x00007ffe42a1b000 	C:\Program Files\Android\Android Studio\jre\jre\bin\sunmscapi.dll
0x00007ffe492c0000 - 0x00007ffe4941d000 	C:\Windows\System32\CRYPT32.dll

VM Arguments:
jvm_args: -Xmx2048m -Dfile.encoding=UTF-8 -Duser.country=RU -Duser.language=ru -Duser.variant 
java_command: org.gradle.launcher.daemon.bootstrap.GradleDaemon 6.5
java_class_path (initial): C:\Users\volod\.gradle\wrapper\dists\gradle-6.5-bin\6nifqtx7604sqp1q6g8wikw7p\gradle-6.5\lib\gradle-launcher-6.5.jar
Launcher Type: SUN_STANDARD

Environment Variables:
JAVA_HOME=C:\Program Files\Java\jdk1.8.0_271
PATH=C:\Windows\system32;C:\Windows;C:\Windows\System32\Wbem;C:\Windows\System32\WindowsPowerShell\v1.0\;C:\Windows\System32\OpenSSH\;C:\Program Files\Java\jdk1.8.0_271\bin;C:\Program Files (x86)\Common Files\Oracle\Java\javapath;C:\Program Files\Common Files\Oracle\Java\javapath;C:\Program Files\Git\cmd;C:\Program Files\MongoDB\Server\4.4\bin;C:\Program Files\PuTTY\;C:\Users\volod\AppData\Local\Microsoft\WindowsApps;C:\kubernetes;
USERNAME=volod
OS=Windows_NT
PROCESSOR_IDENTIFIER=Intel64 Family 6 Model 142 Stepping 9, GenuineIntel



---------------  S Y S T E M  ---------------

OS: Windows 10.0 , 64 bit Build 19041 (10.0.19041.546)

CPU:total 4 (initial active 4) (2 cores per cpu, 2 threads per core) family 6 model 142 stepping 9, cmov, cx8, fxsr, mmx, sse, sse2, sse3, ssse3, sse4.1, sse4.2, popcnt, avx, avx2, aes, clmul, erms, 3dnowpref, lzcnt, ht, tsc, tscinvbit, bmi1, bmi2, adx

Memory: 4k page, physical 8266284k(1364088k free), swap 10363436k(6580k free)

vm_info: OpenJDK 64-Bit Server VM (25.242-b01) for windows-amd64 JRE (1.8.0_242-release-1644-b01), built by "builder" with MS VC++ 10.0 (VS2010)

time: Tue Apr 13 20:37:32 2021
timezone: Финляндия (лето)
elapsed time: 946 seconds (0d 0h 15m 46s)

