#
# There is insufficient memory for the Java Runtime Environment to continue.
# Native memory allocation (malloc) failed to allocate 1135584 bytes for Chunk::new
# Possible reasons:
#   The system is out of physical RAM or swap space
#   The process is running with CompressedOops enabled, and the Java Heap may be blocking the growth of the native heap
# Possible solutions:
#   Reduce memory load on the system
#   Increase physical memory or swap space
#   Check if swap backing store is full
#   Decrease Java heap size (-Xmx/-Xms)
#   Decrease number of Java threads
#   Decrease Java thread stack sizes (-Xss)
#   Set larger code cache with -XX:ReservedCodeCacheSize=
#   JVM is running with Unscaled Compressed Oops mode in which the Java heap is
#     placed in the first 4GB address space. The Java Heap base address is the
#     maximum limit for the native heap growth. Please use -XX:HeapBaseMinAddress
#     to set the Java Heap base and to place the Java Heap above 4GB virtual address.
# This output file may be truncated or incomplete.
#
#  Out of Memory Error (allocation.cpp:389), pid=1448, tid=0x0000000000000908
#
# JRE version: OpenJDK Runtime Environment (8.0_242-b01) (build 1.8.0_242-release-1644-b01)
# Java VM: OpenJDK 64-Bit Server VM (25.242-b01 mixed mode windows-amd64 compressed oops)
# Failed to write core dump. Minidumps are not enabled by default on client versions of Windows
#

---------------  T H R E A D  ---------------

Current thread (0x000000001771a800):  JavaThread "C2 CompilerThread1" daemon [_thread_in_native, id=2312, stack(0x0000000018e80000,0x0000000018f80000)]

Stack: [0x0000000018e80000,0x0000000018f80000]
[error occurred during error reporting (printing stack bounds), id 0xc0000005]

Native frames: (J=compiled Java code, j=interpreted, Vv=VM code, C=native code)


Current CompileTask:
C2:  38618 16651 %     4       com.android.tools.r8.z.a.a.f::a @ 2577 (3630 bytes)


---------------  P R O C E S S  ---------------

Java Threads: ( => current thread )
  0x000000001f60f800 JavaThread "WorkerExecutor Queue Thread 5" [_thread_blocked, id=10348, stack(0x000000002f530000,0x000000002f630000)]
  0x000000001f612000 JavaThread "RMI TCP Connection(1)-127.0.0.1" daemon [_thread_in_native, id=7532, stack(0x000000002fb20000,0x000000002fc20000)]
  0x000000001f608000 JavaThread "RMI Reaper" [_thread_blocked, id=3220, stack(0x000000002fa20000,0x000000002fb20000)]
  0x000000001f60e000 JavaThread "RMI TCP Accept-0" daemon [_thread_in_native, id=9416, stack(0x000000002f920000,0x000000002fa20000)]
  0x000000001f60e800 JavaThread "GC Daemon" daemon [_thread_blocked, id=10992, stack(0x000000002efc0000,0x000000002f0c0000)]
  0x000000001f607000 JavaThread "RMI Scheduler(0)" daemon [_thread_blocked, id=3000, stack(0x0000000000e30000,0x0000000000f30000)]
  0x000000001f60b800 JavaThread "stdout" [_thread_in_native, id=10736, stack(0x000000002ecc0000,0x000000002edc0000)]
  0x000000001f60b000 JavaThread "stderr" [_thread_in_native, id=5324, stack(0x000000002ebc0000,0x000000002ecc0000)]
  0x000000001f608800 JavaThread "stdout" [_thread_in_native, id=10588, stack(0x000000002eac0000,0x000000002ebc0000)]
  0x000000001f60a000 JavaThread "stderr" [_thread_in_native, id=1040, stack(0x000000002e9c0000,0x000000002eac0000)]
  0x000000001a43a800 JavaThread "stdout" [_thread_in_native, id=9280, stack(0x000000002e8c0000,0x000000002e9c0000)]
  0x000000001a43f800 JavaThread "stderr" [_thread_in_native, id=1992, stack(0x000000002e2b0000,0x000000002e3b0000)]
  0x000000001a43e000 JavaThread "stdout" [_thread_in_native, id=5764, stack(0x000000002e7c0000,0x000000002e8c0000)]
  0x000000001a440800 JavaThread "stderr" [_thread_in_native, id=6084, stack(0x000000002e6c0000,0x000000002e7c0000)]
  0x000000001a441000 JavaThread "pool-3-thread-1" [_thread_blocked, id=1604, stack(0x000000002e3c0000,0x000000002e4c0000)]
  0x000000001a43c800 JavaThread "MarlinRenderer Disposer" daemon [_thread_blocked, id=1192, stack(0x000000002dfb0000,0x000000002e0b0000)]
  0x000000001a442000 JavaThread "Java2D Disposer" daemon [_thread_blocked, id=6264, stack(0x000000002deb0000,0x000000002dfb0000)]
  0x000000001a43d800 JavaThread "WorkerExecutor Queue Thread 4" [_thread_blocked, id=11132, stack(0x000000002dbb0000,0x000000002dcb0000)]
  0x000000001a435000 JavaThread "WorkerExecutor Queue Thread 3" [_thread_blocked, id=3808, stack(0x000000002dab0000,0x000000002dbb0000)]
  0x000000001a439000 JavaThread "WorkerExecutor Queue" [_thread_blocked, id=8108, stack(0x000000002d6b0000,0x000000002d7b0000)]
  0x000000001a436000 JavaThread "Cache worker for execution history cache (D:\Diploma\DiplomaApp\.gradle\6.5\executionHistory)" [_thread_blocked, id=4728, stack(0x000000002d5b0000,0x000000002d6b0000)]
  0x000000001a43b000 JavaThread "Execution worker for ':' Thread 3" [_thread_blocked, id=1116, stack(0x000000002d4b0000,0x000000002d5b0000)]
  0x000000001a436800 JavaThread "Execution worker for ':' Thread 2" [_thread_blocked, id=8272, stack(0x000000002d3b0000,0x000000002d4b0000)]
  0x000000001a438000 JavaThread "Execution worker for ':'" [_thread_blocked, id=5836, stack(0x000000002d2b0000,0x000000002d3b0000)]
  0x000000001a437800 JavaThread "Cache worker for file content cache (D:\Diploma\DiplomaApp\.gradle\6.5\fileContent)" [_thread_blocked, id=10368, stack(0x000000002d1b0000,0x000000002d2b0000)]
  0x000000001eaed800 JavaThread "pool-2-thread-1" [_thread_blocked, id=5372, stack(0x000000002c8b0000,0x000000002c9b0000)]
  0x000000001eaed000 JavaThread "Cache worker for Build Output Cleanup Cache (D:\Diploma\DiplomaApp\.gradle\buildOutputCleanup)" [_thread_blocked, id=3420, stack(0x000000002c7b0000,0x000000002c8b0000)]
  0x000000001eaec000 JavaThread "Build operations Thread 4" [_thread_blocked, id=2720, stack(0x00000000294a0000,0x00000000295a0000)]
  0x000000001eaeb800 JavaThread "Build operations Thread 3" [_thread_blocked, id=5964, stack(0x00000000293a0000,0x00000000294a0000)]
  0x000000001b285000 JavaThread "Build operations Thread 2" [_thread_blocked, id=5724, stack(0x0000000023670000,0x0000000023770000)]
  0x000000001b281000 JavaThread "Build operations" [_thread_blocked, id=5820, stack(0x0000000023570000,0x0000000023670000)]
  0x000000001b283800 JavaThread "Cache worker for cache directory md-rule (C:\Users\volod\.gradle\caches\6.5\md-rule)" [_thread_blocked, id=232, stack(0x0000000023470000,0x0000000023570000)]
  0x000000001b280800 JavaThread "Cache worker for cache directory md-supplier (C:\Users\volod\.gradle\caches\6.5\md-supplier)" [_thread_blocked, id=6484, stack(0x0000000021a80000,0x0000000021b80000)]
  0x000000001b7bb000 JavaThread "Cache worker for checksums cache (D:\Diploma\DiplomaApp\.gradle\checksums)" [_thread_blocked, id=3440, stack(0x0000000020250000,0x0000000020350000)]
  0x000000001b7b8800 JavaThread "Cache worker for file hash cache (D:\Diploma\DiplomaApp\.gradle\6.5\fileHashes)" [_thread_blocked, id=5532, stack(0x000000001ff50000,0x0000000020050000)]
  0x000000001b7b8000 JavaThread "Thread-150" [_thread_blocked, id=4696, stack(0x000000001fe50000,0x000000001ff50000)]
  0x000000001b7be000 JavaThread "Stdin handler" [_thread_blocked, id=6208, stack(0x000000001fd50000,0x000000001fe50000)]
  0x000000001b7bd000 JavaThread "Asynchronous log dispatcher for DefaultDaemonConnection: socket connection from /127.0.0.1:56299 to /127.0.0.1:56308" [_thread_blocked, id=1664, stack(0x000000001d1b0000,0x000000001d2b0000)]
  0x000000001b7b6800 JavaThread "Cancel handler" [_thread_blocked, id=6828, stack(0x000000001d0b0000,0x000000001d1b0000)]
  0x000000001b7ba000 JavaThread "Handler for socket connection from /127.0.0.1:56299 to /127.0.0.1:56308" [_thread_in_native, id=1412, stack(0x000000001cfb0000,0x000000001d0b0000)]
  0x000000001b7b7000 JavaThread "Memory manager" [_thread_blocked, id=428, stack(0x000000002c2b0000,0x000000002c3b0000)]
  0x000000001b7af000 JavaThread "jar transforms Thread 118" [_thread_blocked, id=7620, stack(0x000000002af70000,0x000000002b070000)]
  0x000000001b7b5800 JavaThread "jar transforms Thread 117" [_thread_blocked, id=2052, stack(0x000000002ae70000,0x000000002af70000)]
  0x000000001b7b4000 JavaThread "jar transforms Thread 116" [_thread_blocked, id=1452, stack(0x000000002ad70000,0x000000002ae70000)]
  0x000000001b7b3800 JavaThread "jar transforms Thread 115" [_thread_blocked, id=3492, stack(0x000000002ac70000,0x000000002ad70000)]
  0x000000001b7b2000 JavaThread "jar transforms Thread 114" [_thread_blocked, id=10496, stack(0x000000002ab70000,0x000000002ac70000)]
  0x000000001b7b1000 JavaThread "jar transforms Thread 113" [_thread_blocked, id=8640, stack(0x000000002aa70000,0x000000002ab70000)]
  0x000000001b7b2800 JavaThread "jar transforms Thread 112" [_thread_blocked, id=5252, stack(0x000000002a970000,0x000000002aa70000)]
  0x000000001b7af800 JavaThread "jar transforms Thread 111" [_thread_blocked, id=2996, stack(0x000000002a870000,0x000000002a970000)]
  0x000000001b7b0800 JavaThread "jar transforms Thread 110" [_thread_blocked, id=320, stack(0x000000002a770000,0x000000002a870000)]
  0x000000001b7b5000 JavaThread "jar transforms Thread 109" [_thread_blocked, id=1720, stack(0x000000002a670000,0x000000002a770000)]
  0x000000001ecd7800 JavaThread "jar transforms Thread 108" [_thread_blocked, id=7936, stack(0x000000002a570000,0x000000002a670000)]
  0x000000001ecd0000 JavaThread "jar transforms Thread 107" [_thread_blocked, id=980, stack(0x000000002a470000,0x000000002a570000)]
  0x000000001ecd6800 JavaThread "jar transforms Thread 106" [_thread_blocked, id=3704, stack(0x000000002a370000,0x000000002a470000)]
  0x000000001ecd6000 JavaThread "jar transforms Thread 105" [_thread_blocked, id=1228, stack(0x000000002a270000,0x000000002a370000)]
  0x000000001ecd5000 JavaThread "jar transforms Thread 104" [_thread_blocked, id=8932, stack(0x000000002a170000,0x000000002a270000)]
  0x000000001ecd3000 JavaThread "jar transforms Thread 103" [_thread_blocked, id=5560, stack(0x000000002a070000,0x000000002a170000)]
  0x000000001ecd2000 JavaThread "jar transforms Thread 102" [_thread_blocked, id=452, stack(0x0000000029f70000,0x000000002a070000)]
  0x000000001ecd4800 JavaThread "jar transforms Thread 101" [_thread_blocked, id=3448, stack(0x0000000029e70000,0x0000000029f70000)]
  0x000000001ecd1800 JavaThread "jar transforms Thread 100" [_thread_blocked, id=7628, stack(0x0000000029d70000,0x0000000029e70000)]
  0x000000001ecd3800 JavaThread "jar transforms Thread 99" [_thread_blocked, id=4196, stack(0x0000000029c70000,0x0000000029d70000)]
  0x000000001ecd0800 JavaThread "jar transforms Thread 98" [_thread_blocked, id=1888, stack(0x0000000023ea0000,0x0000000023fa0000)]
  0x000000001ecc8800 JavaThread "jar transforms Thread 97" [_thread_blocked, id=10572, stack(0x0000000023da0000,0x0000000023ea0000)]
  0x000000001eccf000 JavaThread "jar transforms Thread 96" [_thread_blocked, id=4316, stack(0x0000000023260000,0x0000000023360000)]
  0x000000001eccd000 JavaThread "jar transforms Thread 95" [_thread_blocked, id=8140, stack(0x0000000023160000,0x0000000023260000)]
  0x000000001ecca800 JavaThread "jar transforms Thread 94" [_thread_blocked, id=364, stack(0x0000000029b70000,0x0000000029c70000)]
  0x000000001eccc000 JavaThread "jar transforms Thread 93" [_thread_blocked, id=5860, stack(0x0000000029a70000,0x0000000029b70000)]
  0x000000001ecce800 JavaThread "jar transforms Thread 92" [_thread_blocked, id=7504, stack(0x0000000029970000,0x0000000029a70000)]
  0x000000001eccb800 JavaThread "jar transforms Thread 91" [_thread_blocked, id=3500, stack(0x0000000029870000,0x0000000029970000)]
  0x000000001ecca000 JavaThread "jar transforms Thread 90" [_thread_blocked, id=1472, stack(0x0000000029770000,0x0000000029870000)]
  0x000000001eccd800 JavaThread "jar transforms Thread 89" [_thread_blocked, id=9712, stack(0x0000000029670000,0x0000000029770000)]
  0x000000001ecc9000 JavaThread "jar transforms Thread 88" [_thread_blocked, id=628, stack(0x0000000023a90000,0x0000000023b90000)]
  0x000000001df92800 JavaThread "jar transforms Thread 87" [_thread_blocked, id=3716, stack(0x0000000023990000,0x0000000023a90000)]
  0x000000001df91000 JavaThread "jar transforms Thread 86" [_thread_blocked, id=9112, stack(0x00000000292a0000,0x00000000293a0000)]
  0x000000001df8b800 JavaThread "jar transforms Thread 85" [_thread_blocked, id=2732, stack(0x00000000291a0000,0x00000000292a0000)]
  0x000000001df8f800 JavaThread "jar transforms Thread 84" [_thread_blocked, id=5748, stack(0x00000000290a0000,0x00000000291a0000)]
  0x000000001df8e800 JavaThread "jar transforms Thread 83" [_thread_blocked, id=6836, stack(0x0000000028fa0000,0x00000000290a0000)]
  0x000000001df8c800 JavaThread "jar transforms Thread 82" [_thread_blocked, id=1372, stack(0x0000000028ea0000,0x0000000028fa0000)]
  0x000000001df8d000 JavaThread "jar transforms Thread 81" [_thread_blocked, id=264, stack(0x0000000028da0000,0x0000000028ea0000)]
  0x000000001df90000 JavaThread "jar transforms Thread 80" [_thread_blocked, id=6376, stack(0x0000000028ca0000,0x0000000028da0000)]
  0x000000001df91800 JavaThread "jar transforms Thread 79" [_thread_blocked, id=5352, stack(0x0000000028ba0000,0x0000000028ca0000)]
  0x000000001df8e000 JavaThread "jar transforms Thread 78" [_thread_blocked, id=1364, stack(0x0000000028aa0000,0x0000000028ba0000)]
  0x000000001df84000 JavaThread "jar transforms Thread 77" [_thread_blocked, id=6916, stack(0x00000000289a0000,0x0000000028aa0000)]
  0x000000001df87000 JavaThread "jar transforms Thread 76" [_thread_blocked, id=1592, stack(0x00000000288a0000,0x00000000289a0000)]
  0x000000001df85800 JavaThread "jar transforms Thread 75" [_thread_blocked, id=6108, stack(0x00000000287a0000,0x00000000288a0000)]
  0x000000001df8b000 JavaThread "jar transforms Thread 74" [_thread_blocked, id=7300, stack(0x00000000286a0000,0x00000000287a0000)]
  0x000000001df83800 JavaThread "jar transforms Thread 73" [_thread_blocked, id=10632, stack(0x00000000285a0000,0x00000000286a0000)]
  0x000000001df89800 JavaThread "jar transforms Thread 72" [_thread_blocked, id=10224, stack(0x00000000284a0000,0x00000000285a0000)]
  0x000000001df86800 JavaThread "jar transforms Thread 71" [_thread_blocked, id=6328, stack(0x00000000283a0000,0x00000000284a0000)]
  0x000000001df88000 JavaThread "jar transforms Thread 70" [_thread_blocked, id=4136, stack(0x00000000282a0000,0x00000000283a0000)]
  0x000000001df85000 JavaThread "jar transforms Thread 69" [_thread_blocked, id=5344, stack(0x00000000281a0000,0x00000000282a0000)]
  0x000000001df88800 JavaThread "jar transforms Thread 68" [_thread_blocked, id=10892, stack(0x00000000280a0000,0x00000000281a0000)]
  0x000000001df8a000 JavaThread "jar transforms Thread 67" [_thread_blocked, id=9356, stack(0x0000000027fa0000,0x00000000280a0000)]
  0x000000001f2d8800 JavaThread "jar transforms Thread 66" [_thread_blocked, id=6200, stack(0x0000000027ea0000,0x0000000027fa0000)]
  0x000000001f2d7800 JavaThread "jar transforms Thread 65" [_thread_blocked, id=10884, stack(0x0000000027da0000,0x0000000027ea0000)]
  0x000000001f2d7000 JavaThread "jar transforms Thread 64" [_thread_blocked, id=8712, stack(0x0000000027ca0000,0x0000000027da0000)]
  0x000000001f2d6000 JavaThread "jar transforms Thread 63" [_thread_blocked, id=10804, stack(0x0000000027ba0000,0x0000000027ca0000)]
  0x000000001f2d4800 JavaThread "jar transforms Thread 62" [_thread_blocked, id=4976, stack(0x0000000027aa0000,0x0000000027ba0000)]
  0x000000001f2ce800 JavaThread "jar transforms Thread 61" [_thread_blocked, id=5792, stack(0x00000000279a0000,0x0000000027aa0000)]
  0x000000001f2d5800 JavaThread "jar transforms Thread 60" [_thread_blocked, id=6540, stack(0x00000000278a0000,0x00000000279a0000)]
  0x000000001f2cd000 JavaThread "jar transforms Thread 59" [_thread_blocked, id=10032, stack(0x00000000277a0000,0x00000000278a0000)]
  0x000000001f2ce000 JavaThread "jar transforms Thread 58" [_thread_blocked, id=6020, stack(0x00000000276a0000,0x00000000277a0000)]
  0x000000001f2d4000 JavaThread "jar transforms Thread 57" [_thread_blocked, id=6936, stack(0x00000000275a0000,0x00000000276a0000)]
  0x000000001f2cc800 JavaThread "jar transforms Thread 56" [_thread_blocked, id=10100, stack(0x00000000274a0000,0x00000000275a0000)]
  0x000000001f2d3000 JavaThread "jar transforms Thread 55" [_thread_blocked, id=1180, stack(0x00000000273a0000,0x00000000274a0000)]
  0x000000001f2d2800 JavaThread "jar transforms Thread 54" [_thread_blocked, id=10360, stack(0x00000000272a0000,0x00000000273a0000)]
  0x000000001f2d0000 JavaThread "jar transforms Thread 53" [_thread_blocked, id=9892, stack(0x00000000271a0000,0x00000000272a0000)]
  0x000000001f2d1800 JavaThread "jar transforms Thread 52" [_thread_blocked, id=7796, stack(0x00000000270a0000,0x00000000271a0000)]
  0x000000001f2d1000 JavaThread "jar transforms Thread 51" [_thread_blocked, id=5204, stack(0x0000000026fa0000,0x00000000270a0000)]
  0x000000001f2ca000 JavaThread "jar transforms Thread 50" [_thread_blocked, id=10940, stack(0x0000000026ea0000,0x0000000026fa0000)]
  0x000000001f2c9800 JavaThread "jar transforms Thread 49" [_thread_blocked, id=1360, stack(0x0000000026da0000,0x0000000026ea0000)]
  0x000000001f2cf800 JavaThread "jar transforms Thread 48" [_thread_blocked, id=9764, stack(0x0000000026ca0000,0x0000000026da0000)]
  0x000000001f2cb800 JavaThread "jar transforms Thread 47" [_thread_blocked, id=5276, stack(0x0000000026ba0000,0x0000000026ca0000)]
  0x000000001f2cb000 JavaThread "jar transforms Thread 46" [_thread_blocked, id=9976, stack(0x0000000026aa0000,0x0000000026ba0000)]
  0x00000000207ae000 JavaThread "jar transforms Thread 45" [_thread_blocked, id=1416, stack(0x00000000269a0000,0x0000000026aa0000)]
  0x00000000207aa000 JavaThread "jar transforms Thread 44" [_thread_blocked, id=9632, stack(0x00000000268a0000,0x00000000269a0000)]
  0x00000000207ad000 JavaThread "jar transforms Thread 43" [_thread_blocked, id=9616, stack(0x00000000267a0000,0x00000000268a0000)]
  0x00000000207ab000 JavaThread "jar transforms Thread 42" [_thread_blocked, id=1920, stack(0x00000000266a0000,0x00000000267a0000)]
  0x00000000207ae800 JavaThread "jar transforms Thread 41" [_thread_blocked, id=1684, stack(0x00000000265a0000,0x00000000266a0000)]
  0x00000000207ac800 JavaThread "jar transforms Thread 40" [_thread_blocked, id=992, stack(0x00000000264a0000,0x00000000265a0000)]
  0x00000000207ab800 JavaThread "jar transforms Thread 39" [_thread_blocked, id=7832, stack(0x00000000263a0000,0x00000000264a0000)]
  0x00000000207af800 JavaThread "jar transforms Thread 38" [_thread_blocked, id=1796, stack(0x00000000262a0000,0x00000000263a0000)]
  0x00000000207a2800 JavaThread "jar transforms Thread 37" [_thread_blocked, id=1096, stack(0x00000000261a0000,0x00000000262a0000)]
  0x00000000207a8000 JavaThread "jar transforms Thread 36" [_thread_blocked, id=9736, stack(0x00000000260a0000,0x00000000261a0000)]
  0x00000000207a9800 JavaThread "jar transforms Thread 35" [_thread_blocked, id=10412, stack(0x0000000025fa0000,0x00000000260a0000)]
  0x00000000207a8800 JavaThread "jar transforms Thread 34" [_thread_blocked, id=9380, stack(0x0000000025ea0000,0x0000000025fa0000)]
  0x00000000207a6800 JavaThread "jar transforms Thread 33" [_thread_blocked, id=8820, stack(0x0000000025da0000,0x0000000025ea0000)]
  0x00000000207a5800 JavaThread "jar transforms Thread 32" [_thread_blocked, id=10968, stack(0x0000000025ca0000,0x0000000025da0000)]
  0x00000000207a5000 JavaThread "jar transforms Thread 31" [_thread_blocked, id=9288, stack(0x0000000025ba0000,0x0000000025ca0000)]
  0x00000000207a2000 JavaThread "jar transforms Thread 30" [_thread_blocked, id=2524, stack(0x0000000025aa0000,0x0000000025ba0000)]
  0x00000000207a1000 JavaThread "jar transforms Thread 29" [_thread_blocked, id=10976, stack(0x00000000259a0000,0x0000000025aa0000)]
  0x00000000207a7000 JavaThread "jar transforms Thread 28" [_thread_blocked, id=10712, stack(0x00000000258a0000,0x00000000259a0000)]
  0x00000000207a3800 JavaThread "jar transforms Thread 27" [_thread_blocked, id=3736, stack(0x00000000257a0000,0x00000000258a0000)]
  0x00000000207a0000 JavaThread "jar transforms Thread 26" [_thread_blocked, id=3576, stack(0x00000000256a0000,0x00000000257a0000)]
  0x00000000207a4000 JavaThread "jar transforms Thread 25" [_thread_blocked, id=5492, stack(0x00000000255a0000,0x00000000256a0000)]
  0x000000001ed6c000 JavaThread "jar transforms Thread 24" [_thread_blocked, id=4948, stack(0x00000000254a0000,0x00000000255a0000)]
  0x000000001ed6b800 JavaThread "jar transforms Thread 23" [_thread_blocked, id=1340, stack(0x00000000253a0000,0x00000000254a0000)]
  0x000000001ed6a800 JavaThread "jar transforms Thread 22" [_thread_blocked, id=10848, stack(0x00000000252a0000,0x00000000253a0000)]
  0x000000001ed6a000 JavaThread "jar transforms Thread 21" [_thread_blocked, id=9444, stack(0x00000000251a0000,0x00000000252a0000)]
  0x000000001ed69000 JavaThread "jar transforms Thread 20" [_thread_blocked, id=10872, stack(0x00000000250a0000,0x00000000251a0000)]
  0x000000001ed6e800 JavaThread "jar transforms Thread 19" [_thread_blocked, id=5688, stack(0x0000000024fa0000,0x00000000250a0000)]
  0x000000001ed68800 JavaThread "jar transforms Thread 18" [_thread_blocked, id=10612, stack(0x0000000024ea0000,0x0000000024fa0000)]
  0x000000001ed6d800 JavaThread "jar transforms Thread 17" [_thread_blocked, id=3772, stack(0x0000000024da0000,0x0000000024ea0000)]
  0x000000001ed6f000 JavaThread "jar transforms Thread 16" [_thread_blocked, id=6648, stack(0x0000000024ca0000,0x0000000024da0000)]
  0x000000001ed6d000 JavaThread "jar transforms Thread 15" [_thread_blocked, id=10220, stack(0x0000000024ba0000,0x0000000024ca0000)]
  0x000000001eaf7800 JavaThread "jar transforms Thread 14" [_thread_blocked, id=5460, stack(0x0000000024aa0000,0x0000000024ba0000)]
  0x000000001eaf3000 JavaThread "jar transforms Thread 13" [_thread_blocked, id=5028, stack(0x00000000249a0000,0x0000000024aa0000)]
  0x000000001eaf6800 JavaThread "jar transforms Thread 12" [_thread_blocked, id=4304, stack(0x00000000248a0000,0x00000000249a0000)]
  0x000000001eaf6000 JavaThread "jar transforms Thread 11" [_thread_blocked, id=10192, stack(0x00000000246a0000,0x00000000247a0000)]
  0x000000001eaf5000 JavaThread "jar transforms Thread 10" [_thread_blocked, id=2860, stack(0x00000000245a0000,0x00000000246a0000)]
  0x000000001eaf1800 JavaThread "jar transforms Thread 9" [_thread_blocked, id=7508, stack(0x00000000244a0000,0x00000000245a0000)]
  0x000000001eaf3800 JavaThread "jar transforms Thread 8" [_thread_blocked, id=2380, stack(0x00000000243a0000,0x00000000244a0000)]
  0x000000001eaf2000 JavaThread "jar transforms Thread 7" [_thread_blocked, id=10860, stack(0x00000000242a0000,0x00000000243a0000)]
  0x000000001eaf4800 JavaThread "jar transforms Thread 6" [_thread_blocked, id=9644, stack(0x00000000241a0000,0x00000000242a0000)]
  0x000000001eaea000 JavaThread "jar transforms Thread 5" [_thread_blocked, id=11036, stack(0x00000000240a0000,0x00000000241a0000)]
  0x000000001eaf0800 JavaThread "jar transforms Thread 4" [_thread_blocked, id=9728, stack(0x0000000023fa0000,0x00000000240a0000)]
  0x000000001eae9000 JavaThread "jar transforms Thread 3" [_thread_blocked, id=8008, stack(0x0000000023890000,0x0000000023990000)]
  0x000000001eaf0000 JavaThread "jar transforms Thread 2" [_thread_blocked, id=8968, stack(0x0000000023370000,0x0000000023470000)]
  0x000000001b27f800 JavaThread "Cache worker for file content cache (C:\Users\volod\.gradle\caches\6.5\fileContent)" [_thread_blocked, id=9808, stack(0x0000000021980000,0x0000000021a80000)]
  0x000000001b284000 JavaThread "jar transforms" [_thread_blocked, id=8184, stack(0x0000000020150000,0x0000000020250000)]
  0x000000001b282000 JavaThread "Cache worker for execution history cache (C:\Users\volod\.gradle\caches\6.5\executionHistory)" [_thread_blocked, id=8692, stack(0x0000000020050000,0x0000000020150000)]
  0x000000001b27f000 JavaThread "Cache worker for file hash cache (C:\Users\volod\.gradle\caches\6.5\fileHashes)" [_thread_blocked, id=3564, stack(0x000000001d6b0000,0x000000001d7b0000)]
  0x000000001b282800 JavaThread "File lock request listener" [_thread_in_native, id=5404, stack(0x000000001d5b0000,0x000000001d6b0000)]
  0x000000001a421000 JavaThread "Cache worker for journal cache (C:\Users\volod\.gradle\caches\journal-1)" [_thread_blocked, id=9284, stack(0x000000001d4b0000,0x000000001d5b0000)]
  0x000000001b1b3000 JavaThread "Daemon worker" [_thread_blocked, id=9364, stack(0x000000001ceb0000,0x000000001cfb0000)]
  0x000000001b140800 JavaThread "Daemon" [_thread_blocked, id=11056, stack(0x000000001cbb0000,0x000000001ccb0000)]
  0x000000001b129800 JavaThread "Daemon periodic checks" [_thread_blocked, id=8324, stack(0x000000001c8b0000,0x000000001c9b0000)]
  0x000000001b004800 JavaThread "Incoming local TCP Connector on port 56299" [_thread_in_native, id=9516, stack(0x000000001c660000,0x000000001c760000)]
  0x00000000196ce800 JavaThread "Daemon health stats" [_thread_blocked, id=1840, stack(0x000000001c020000,0x000000001c120000)]
  0x00000000190a9800 JavaThread "Service Thread" daemon [_thread_blocked, id=920, stack(0x0000000019480000,0x0000000019580000)]
  0x000000001772a000 JavaThread "C1 CompilerThread2" daemon [_thread_blocked, id=4488, stack(0x0000000018f80000,0x0000000019080000)]
=>0x000000001771a800 JavaThread "C2 CompilerThread1" daemon [_thread_in_native, id=2312, stack(0x0000000018e80000,0x0000000018f80000)]
  0x0000000017716800 JavaThread "C2 CompilerThread0" daemon [_thread_in_native, id=10576, stack(0x0000000018d80000,0x0000000018e80000)]
  0x0000000017715000 JavaThread "Attach Listener" daemon [_thread_blocked, id=10932, stack(0x0000000018c80000,0x0000000018d80000)]
  0x0000000017714000 JavaThread "Signal Dispatcher" daemon [_thread_blocked, id=6120, stack(0x0000000018b80000,0x0000000018c80000)]
  0x0000000002aec000 JavaThread "Finalizer" daemon [_thread_blocked, id=9580, stack(0x0000000018970000,0x0000000018a70000)]
  0x00000000176f9000 JavaThread "Reference Handler" daemon [_thread_blocked, id=1528, stack(0x0000000018870000,0x0000000018970000)]
  0x00000000029ee000 JavaThread "main" [_thread_blocked, id=5956, stack(0x00000000028c0000,0x00000000029c0000)]

Other Threads:
  0x00000000176d6000 VMThread [stack: 0x0000000018770000,0x0000000018870000] [id=10052]
  0x00000000190bb000 WatcherThread [stack: 0x0000000019580000,0x0000000019680000] [id=2908]

VM state:at safepoint (normal execution)

VM Mutex/Monitor currently owned by a thread:  ([mutex/lock_event])
[0x00000000029ec950] Threads_lock - owner thread: 0x00000000176d6000
[0x00000000029ecf50] Heap_lock - owner thread: 0x000000001a43b000

heap address: 0x0000000080000000, size: 2048 MB, Compressed Oops mode: 32-bit
Narrow klass base: 0x0000000000000000, Narrow klass shift: 3
Compressed class space size: 1073741824 Address: 0x0000000100000000

Heap:
 PSYoungGen      total 428544K, used 394240K [0x00000000d5580000, 0x00000000f7f80000, 0x0000000100000000)
  eden space 394240K, 100% used [0x00000000d5580000,0x00000000ed680000,0x00000000ed680000)
  from space 34304K, 0% used [0x00000000ed680000,0x00000000ed680000,0x00000000ef800000)
  to   space 42496K, 0% used [0x00000000f5600000,0x00000000f5600000,0x00000000f7f80000)
 ParOldGen       total 101888K, used 95781K [0x0000000080000000, 0x0000000086380000, 0x00000000d5580000)
  object space 101888K, 94% used [0x0000000080000000,0x0000000085d89428,0x0000000086380000)
 Metaspace       used 107296K, capacity 112054K, committed 112280K, reserved 1146880K
  class space    used 13905K, capacity 14906K, committed 15024K, reserved 1048576K

Card table byte_map: [0x0000000011eb0000,0x00000000122c0000] byte_map_base: 0x0000000011ab0000

Marking Bits: (ParMarkBitMap*) 0x000000005854f030
 Begin Bits: [0x0000000012970000, 0x0000000014970000)
 End Bits:   [0x0000000014970000, 0x0000000016970000)

Polling page: 0x0000000000fb0000

CodeCache: size=245760Kb used=45350Kb max_used=45351Kb free=200409Kb
 bounds [0x0000000002af0000, 0x0000000005770000, 0x0000000011af0000]
 total_blobs=14957 nmethods=13942 adapters=925
 compilation: enabled

Compilation events (10 events):
Event: 38.593 Thread 0x000000001772a000 16722       1       com.android.tools.r8.s.b.I::B (2 bytes)
Event: 38.593 Thread 0x000000001772a000 nmethod 16722 0x0000000002e73d90 code [0x0000000002e73ee0, 0x0000000002e73ff0]
Event: 38.594 Thread 0x000000001772a000 16726       1       com.android.tools.r8.s.a.h.a::g (4 bytes)
Event: 38.595 Thread 0x000000001772a000 nmethod 16726 0x0000000002fe7e50 code [0x0000000002fe7fa0, 0x0000000002fe8090]
Event: 38.596 Thread 0x000000001772a000 16727       1       com.android.tools.r8.s.b.B::R2 (5 bytes)
Event: 38.596 Thread 0x000000001772a000 nmethod 16727 0x0000000002fe7b90 code [0x0000000002fe7ce0, 0x0000000002fe7df0]
Event: 38.597 Thread 0x000000001772a000 16740       1       com.android.tools.r8.ir.conversion.A::a (1 bytes)
Event: 38.598 Thread 0x000000001772a000 nmethod 16740 0x0000000002fe78d0 code [0x0000000002fe7a20, 0x0000000002fe7b30]
Event: 38.599 Thread 0x000000001772a000 16703       3       com.android.tools.r8.s.a.h.e::a (45 bytes)
Event: 38.600 Thread 0x000000001772a000 nmethod 16703 0x0000000004729550 code [0x0000000004729760, 0x000000000472a198]

GC Heap History (10 events):
Event: 23.651 GC heap before
{Heap before GC invocations=17 (full 3):
 PSYoungGen      total 275456K, used 274035K [0x00000000d5580000, 0x00000000ec880000, 0x0000000100000000)
  eden space 254464K, 100% used [0x00000000d5580000,0x00000000e4e00000,0x00000000e4e00000)
  from space 20992K, 93% used [0x00000000e4e00000,0x00000000e611ce00,0x00000000e6280000)
  to   space 23552K, 0% used [0x00000000eb180000,0x00000000eb180000,0x00000000ec880000)
 ParOldGen       total 101888K, used 33244K [0x0000000080000000, 0x0000000086380000, 0x00000000d5580000)
  object space 101888K, 32% used [0x0000000080000000,0x00000000820772d0,0x0000000086380000)
 Metaspace       used 73793K, capacity 77090K, committed 77336K, reserved 1116160K
  class space    used 9773K, capacity 10430K, committed 10544K, reserved 1048576K
Event: 23.710 GC heap after
Heap after GC invocations=17 (full 3):
 PSYoungGen      total 347648K, used 23551K [0x00000000d5580000, 0x00000000ed380000, 0x0000000100000000)
  eden space 324096K, 0% used [0x00000000d5580000,0x00000000d5580000,0x00000000e9200000)
  from space 23552K, 99% used [0x00000000eb180000,0x00000000ec87ff58,0x00000000ec880000)
  to   space 32256K, 0% used [0x00000000e9200000,0x00000000e9200000,0x00000000eb180000)
 ParOldGen       total 101888K, used 46542K [0x0000000080000000, 0x0000000086380000, 0x00000000d5580000)
  object space 101888K, 45% used [0x0000000080000000,0x0000000082d73a20,0x0000000086380000)
 Metaspace       used 73793K, capacity 77090K, committed 77336K, reserved 1116160K
  class space    used 9773K, capacity 10430K, committed 10544K, reserved 1048576K
}
Event: 28.718 GC heap before
{Heap before GC invocations=18 (full 3):
 PSYoungGen      total 347648K, used 347647K [0x00000000d5580000, 0x00000000ed380000, 0x0000000100000000)
  eden space 324096K, 100% used [0x00000000d5580000,0x00000000e9200000,0x00000000e9200000)
  from space 23552K, 99% used [0x00000000eb180000,0x00000000ec87ff58,0x00000000ec880000)
  to   space 32256K, 0% used [0x00000000e9200000,0x00000000e9200000,0x00000000eb180000)
 ParOldGen       total 101888K, used 46542K [0x0000000080000000, 0x0000000086380000, 0x00000000d5580000)
  object space 101888K, 45% used [0x0000000080000000,0x0000000082d73a20,0x0000000086380000)
 Metaspace       used 82208K, capacity 85678K, committed 85912K, reserved 1124352K
  class space    used 10709K, capacity 11384K, committed 11440K, reserved 1048576K
Event: 28.750 GC heap after
Heap after GC invocations=18 (full 3):
 PSYoungGen      total 356352K, used 10797K [0x00000000d5580000, 0x00000000f1c80000, 0x0000000100000000)
  eden space 324096K, 0% used [0x00000000d5580000,0x00000000d5580000,0x00000000e9200000)
  from space 32256K, 33% used [0x00000000e9200000,0x00000000e9c8b4d8,0x00000000eb180000)
  to   space 30720K, 0% used [0x00000000efe80000,0x00000000efe80000,0x00000000f1c80000)
 ParOldGen       total 101888K, used 63307K [0x0000000080000000, 0x0000000086380000, 0x00000000d5580000)
  object space 101888K, 62% used [0x0000000080000000,0x0000000083dd2c08,0x0000000086380000)
 Metaspace       used 82208K, capacity 85678K, committed 85912K, reserved 1124352K
  class space    used 10709K, capacity 11384K, committed 11440K, reserved 1048576K
}
Event: 34.805 GC heap before
{Heap before GC invocations=19 (full 3):
 PSYoungGen      total 356352K, used 334893K [0x00000000d5580000, 0x00000000f1c80000, 0x0000000100000000)
  eden space 324096K, 100% used [0x00000000d5580000,0x00000000e9200000,0x00000000e9200000)
  from space 32256K, 33% used [0x00000000e9200000,0x00000000e9c8b4d8,0x00000000eb180000)
  to   space 30720K, 0% used [0x00000000efe80000,0x00000000efe80000,0x00000000f1c80000)
 ParOldGen       total 101888K, used 63307K [0x0000000080000000, 0x0000000086380000, 0x00000000d5580000)
  object space 101888K, 62% used [0x0000000080000000,0x0000000083dd2c08,0x0000000086380000)
 Metaspace       used 93321K, capacity 97222K, committed 97304K, reserved 1134592K
  class space    used 12063K, capacity 12816K, committed 12848K, reserved 1048576K
Event: 34.839 GC heap after
Heap after GC invocations=19 (full 3):
 PSYoungGen      total 421888K, used 27420K [0x00000000d5580000, 0x00000000f1980000, 0x0000000100000000)
  eden space 394240K, 0% used [0x00000000d5580000,0x00000000d5580000,0x00000000ed680000)
  from space 27648K, 99% used [0x00000000efe80000,0x00000000f1947338,0x00000000f1980000)
  to   space 34304K, 0% used [0x00000000ed680000,0x00000000ed680000,0x00000000ef800000)
 ParOldGen       total 101888K, used 63315K [0x0000000080000000, 0x0000000086380000, 0x00000000d5580000)
  object space 101888K, 62% used [0x0000000080000000,0x0000000083dd4c08,0x0000000086380000)
 Metaspace       used 93321K, capacity 97222K, committed 97304K, reserved 1134592K
  class space    used 12063K, capacity 12816K, committed 12848K, reserved 1048576K
}
Event: 35.049 GC heap before
{Heap before GC invocations=20 (full 3):
 PSYoungGen      total 421888K, used 104966K [0x00000000d5580000, 0x00000000f1980000, 0x0000000100000000)
  eden space 394240K, 19% used [0x00000000d5580000,0x00000000da13a820,0x00000000ed680000)
  from space 27648K, 99% used [0x00000000efe80000,0x00000000f1947338,0x00000000f1980000)
  to   space 34304K, 0% used [0x00000000ed680000,0x00000000ed680000,0x00000000ef800000)
 ParOldGen       total 101888K, used 63315K [0x0000000080000000, 0x0000000086380000, 0x00000000d5580000)
  object space 101888K, 62% used [0x0000000080000000,0x0000000083dd4c08,0x0000000086380000)
 Metaspace       used 94557K, capacity 98442K, committed 98584K, reserved 1134592K
  class space    used 12203K, capacity 12984K, committed 13104K, reserved 1048576K
Event: 35.086 GC heap after
Heap after GC invocations=20 (full 3):
 PSYoungGen      total 428544K, used 34284K [0x00000000d5580000, 0x00000000f7f80000, 0x0000000100000000)
  eden space 394240K, 0% used [0x00000000d5580000,0x00000000d5580000,0x00000000ed680000)
  from space 34304K, 99% used [0x00000000ed680000,0x00000000ef7fb258,0x00000000ef800000)
  to   space 42496K, 0% used [0x00000000f5600000,0x00000000f5600000,0x00000000f7f80000)
 ParOldGen       total 101888K, used 70320K [0x0000000080000000, 0x0000000086380000, 0x00000000d5580000)
  object space 101888K, 69% used [0x0000000080000000,0x00000000844ac1d8,0x0000000086380000)
 Metaspace       used 94557K, capacity 98442K, committed 98584K, reserved 1134592K
  class space    used 12203K, capacity 12984K, committed 13104K, reserved 1048576K
}
Event: 35.086 GC heap before
{Heap before GC invocations=21 (full 4):
 PSYoungGen      total 428544K, used 34284K [0x00000000d5580000, 0x00000000f7f80000, 0x0000000100000000)
  eden space 394240K, 0% used [0x00000000d5580000,0x00000000d5580000,0x00000000ed680000)
  from space 34304K, 99% used [0x00000000ed680000,0x00000000ef7fb258,0x00000000ef800000)
  to   space 42496K, 0% used [0x00000000f5600000,0x00000000f5600000,0x00000000f7f80000)
 ParOldGen       total 101888K, used 70320K [0x0000000080000000, 0x0000000086380000, 0x00000000d5580000)
  object space 101888K, 69% used [0x0000000080000000,0x00000000844ac1d8,0x0000000086380000)
 Metaspace       used 94557K, capacity 98442K, committed 98584K, reserved 1134592K
  class space    used 12203K, capacity 12984K, committed 13104K, reserved 1048576K
Event: 35.482 GC heap after
Heap after GC invocations=21 (full 4):
 PSYoungGen      total 428544K, used 0K [0x00000000d5580000, 0x00000000f7f80000, 0x0000000100000000)
  eden space 394240K, 0% used [0x00000000d5580000,0x00000000d5580000,0x00000000ed680000)
  from space 34304K, 0% used [0x00000000ed680000,0x00000000ed680000,0x00000000ef800000)
  to   space 42496K, 0% used [0x00000000f5600000,0x00000000f5600000,0x00000000f7f80000)
 ParOldGen       total 101888K, used 95781K [0x0000000080000000, 0x0000000086380000, 0x00000000d5580000)
  object space 101888K, 94% used [0x0000000080000000,0x0000000085d89428,0x0000000086380000)
 Metaspace       used 94517K, capacity 98330K, committed 98584K, reserved 1134592K
  class space    used 12190K, capacity 12962K, committed 13104K, reserved 1048576K
}

Deoptimization events (10 events):
Event: 37.320 Thread 0x000000001a43b000 Uncommon trap: reason=unstable_if action=reinterpret pc=0x0000000003c986d4 method=java.util.HashMap.computeIfAbsent(Ljava/lang/Object;Ljava/util/function/Function;)Ljava/lang/Object; @ 145
Event: 37.557 Thread 0x000000001b1b3000 Uncommon trap: reason=unstable_if action=reinterpret pc=0x0000000004f2a904 method=com.android.tools.r8.graph.i0.a([C)I @ 29
Event: 37.626 Thread 0x000000001a435000 Uncommon trap: reason=speculate_class_check action=maybe_recompile pc=0x000000000490225c method=com.sun.org.apache.xerces.internal.dom.AttrImpl.getNodeName()Ljava/lang/String; @ 8
Event: 37.626 Thread 0x000000001a435000 Uncommon trap: reason=speculate_class_check action=maybe_recompile pc=0x000000000490225c method=com.sun.org.apache.xerces.internal.dom.AttrImpl.getNodeName()Ljava/lang/String; @ 8
Event: 37.835 Thread 0x000000001a438000 Uncommon trap: reason=unstable_if action=reinterpret pc=0x0000000005422114 method=com.android.tools.r8.t.a.a.a.f.X$f.hasNext()Z @ 4
Event: 38.169 Thread 0x000000001a435000 Uncommon trap: reason=unstable_if action=reinterpret pc=0x000000000310a9b0 method=java.util.jar.JarFile.maybeInstantiateVerifier()V @ 4
Event: 38.214 Thread 0x000000001b1b3000 Uncommon trap: reason=unstable_if action=reinterpret pc=0x000000000552f4d0 method=com.android.tools.r8.t.a.a.a.f.X.a(ILjava/lang/Object;)Ljava/lang/Object; @ 8
Event: 38.356 Thread 0x000000001a438000 Uncommon trap: reason=bimorphic action=maybe_recompile pc=0x0000000003e1a138 method=com.android.tools.r8.s.b.s1.a(Lcom/android/tools/r8/s/a/p/u;)Lcom/android/tools/r8/s/b/s1; @ 23
Event: 38.356 Thread 0x000000001a438000 Uncommon trap: reason=bimorphic action=maybe_recompile pc=0x0000000003e1a138 method=com.android.tools.r8.s.b.s1.a(Lcom/android/tools/r8/s/a/p/u;)Lcom/android/tools/r8/s/b/s1; @ 23
Event: 38.356 Thread 0x000000001a438000 Uncommon trap: reason=bimorphic action=maybe_recompile pc=0x0000000003e1a138 method=com.android.tools.r8.s.b.s1.a(Lcom/android/tools/r8/s/a/p/u;)Lcom/android/tools/r8/s/b/s1; @ 23

Classes redefined (0 events):
No events

Internal exceptions (10 events):
Event: 35.512 Thread 0x000000001a435000 Exception <a 'java/security/PrivilegedActionException'> (0x00000000d5b39c88) thrown at [C:\src\AOSP-openjdk-git\hotspot\src\share\vm\prims\jvm.cpp, line 1502]
Event: 35.512 Thread 0x000000001a435000 Exception <a 'java/security/PrivilegedActionException'> (0x00000000d5b3a080) thrown at [C:\src\AOSP-openjdk-git\hotspot\src\share\vm\prims\jvm.cpp, line 1502]
Event: 35.512 Thread 0x000000001a435000 Exception <a 'java/security/PrivilegedActionException'> (0x00000000d5ed4198) thrown at [C:\src\AOSP-openjdk-git\hotspot\src\share\vm\prims\jvm.cpp, line 1502]
Event: 35.512 Thread 0x000000001a435000 Exception <a 'java/security/PrivilegedActionException'> (0x00000000d5ed4590) thrown at [C:\src\AOSP-openjdk-git\hotspot\src\share\vm\prims\jvm.cpp, line 1502]
Event: 35.512 Thread 0x000000001a435000 Exception <a 'java/security/PrivilegedActionException'> (0x00000000d5ed6100) thrown at [C:\src\AOSP-openjdk-git\hotspot\src\share\vm\prims\jvm.cpp, line 1502]
Event: 35.512 Thread 0x000000001a435000 Exception <a 'java/security/PrivilegedActionException'> (0x00000000d5ed64f8) thrown at [C:\src\AOSP-openjdk-git\hotspot\src\share\vm\prims\jvm.cpp, line 1502]
Event: 36.260 Thread 0x000000001b1b3000 Exception <a 'java/lang/IncompatibleClassChangeError': Found class java.lang.Object, but interface was expected> (0x00000000db5612d0) thrown at [C:\src\AOSP-openjdk-git\hotspot\src\share\vm\interpreter\linkResolver.cpp, line 653]
Event: 36.949 Thread 0x000000001a438000 Exception <a 'java/lang/NoSuchMethodError': java.lang.Object.b(Lcom/android/tools/r8/graph/p1$b;)Lcom/android/tools/r8/graph/p1$b;> (0x00000000e2b4e9b8) thrown at [C:\src\AOSP-openjdk-git\hotspot\src\share\vm\interpreter\linkResolver.cpp, line 620]
Event: 37.010 Thread 0x000000001a43b000 Exception <a 'java/lang/NoSuchMethodError': java.lang.Object.lambda$maxBy$1(Ljava/util/Comparator;Ljava/lang/Object;Ljava/lang/Object;)Ljava/lang/Object;> (0x00000000e2e477c8) thrown at [C:\src\AOSP-openjdk-git\hotspot\src\share\vm\interpreter\linkResolve
Event: 38.374 Thread 0x000000001a435000 Exception <a 'java/lang/NullPointerException'> (0x00000000ebe78768) thrown at [C:\src\AOSP-openjdk-git\hotspot\src\share\vm\interpreter\linkResolver.cpp, line 1287]

Events (10 events):
Event: 38.525 Thread 0x000000001b1b3000 DEOPT PACKING pc=0x000000000543a587 sp=0x000000001cfa6b10
Event: 38.525 Thread 0x000000001b1b3000 DEOPT UNPACKING pc=0x0000000002b375d0 sp=0x000000001cfa6b58 mode 0
Event: 38.529 Thread 0x000000001772a000 flushing nmethod 0x0000000002e73d10
Event: 38.530 Thread 0x000000001772a000 flushing nmethod 0x0000000002f9ab90
Event: 38.530 Thread 0x000000001772a000 flushing nmethod 0x0000000002fe71d0
Event: 38.531 Thread 0x000000001772a000 flushing nmethod 0x0000000003163b50
Event: 38.562 Thread 0x000000001772a000 flushing nmethod 0x000000000329d550
Event: 38.588 Thread 0x000000001772a000 flushing nmethod 0x0000000003c62a50
Event: 38.594 Thread 0x000000001772a000 flushing nmethod 0x0000000004729110
Event: 38.598 Thread 0x000000001772a000 flushing nmethod 0x0000000004ecd950


Dynamic libraries:
0x00007ff7cbb30000 - 0x00007ff7cbb61000 	C:\Program Files\Android\Android Studio\jre\bin\java.exe
0x00007ffe4b430000 - 0x00007ffe4b626000 	C:\Windows\SYSTEM32\ntdll.dll
0x00007ffe49570000 - 0x00007ffe4962d000 	C:\Windows\System32\KERNEL32.DLL
0x00007ffe48c90000 - 0x00007ffe48f58000 	C:\Windows\System32\KERNELBASE.dll
0x00007ffe4b0b0000 - 0x00007ffe4b15a000 	C:\Windows\System32\ADVAPI32.dll
0x00007ffe4b160000 - 0x00007ffe4b1fe000 	C:\Windows\System32\msvcrt.dll
0x00007ffe49ab0000 - 0x00007ffe49b4b000 	C:\Windows\System32\sechost.dll
0x00007ffe4b200000 - 0x00007ffe4b324000 	C:\Windows\System32\RPCRT4.dll
0x00007ffe49800000 - 0x00007ffe499a0000 	C:\Windows\System32\USER32.dll
0x00007ffe490f0000 - 0x00007ffe49112000 	C:\Windows\System32\win32u.dll
0x00007ffe4b3c0000 - 0x00007ffe4b3ea000 	C:\Windows\System32\GDI32.dll
0x00007ffe48f60000 - 0x00007ffe49069000 	C:\Windows\System32\gdi32full.dll
0x00007ffe49120000 - 0x00007ffe491bd000 	C:\Windows\System32\msvcp_win.dll
0x00007ffe491c0000 - 0x00007ffe492c0000 	C:\Windows\System32\ucrtbase.dll
0x00007ffe38ad0000 - 0x00007ffe38d6b000 	C:\Windows\WinSxS\amd64_microsoft.windows.common-controls_6595b64144ccf1df_6.0.19041.488_none_ca04af081b815d21\COMCTL32.dll
0x00007ffe496b0000 - 0x00007ffe496e0000 	C:\Windows\System32\IMM32.DLL
0x00007ffe48760000 - 0x00007ffe48857000 	C:\Windows\system32\guard64.dll
0x00007ffe48750000 - 0x00007ffe4875a000 	C:\Windows\system32\version.dll
0x00007ffe4af80000 - 0x00007ffe4b0aa000 	C:\Windows\System32\ole32.dll
0x00007ffe49cb0000 - 0x00007ffe4a005000 	C:\Windows\System32\combase.dll
0x00007ffe48740000 - 0x00007ffe4874b000 	C:\Windows\system32\fltlib.dll
0x00007ffe4a2b0000 - 0x00007ffe4a9f0000 	C:\Windows\System32\shell32.dll
0x00007ffe49740000 - 0x00007ffe497ee000 	C:\Windows\System32\shcore.dll
0x0000000057bc0000 - 0x0000000057c92000 	C:\Program Files\Android\Android Studio\jre\jre\bin\msvcr100.dll
0x0000000057d80000 - 0x00000000585cb000 	C:\Program Files\Android\Android Studio\jre\jre\bin\server\jvm.dll
0x00007ffe49bc0000 - 0x00007ffe49bc8000 	C:\Windows\System32\PSAPI.DLL
0x00007ffe445a0000 - 0x00007ffe445a9000 	C:\Windows\SYSTEM32\WSOCK32.dll
0x00007ffe4b330000 - 0x00007ffe4b39b000 	C:\Windows\System32\WS2_32.dll
0x00007ffe3cb60000 - 0x00007ffe3cb87000 	C:\Windows\SYSTEM32\WINMM.dll
0x00007ffe444d0000 - 0x00007ffe444df000 	C:\Program Files\Android\Android Studio\jre\jre\bin\verify.dll
0x00007ffe37dc0000 - 0x00007ffe37de9000 	C:\Program Files\Android\Android Studio\jre\jre\bin\java.dll
0x00007ffe37c30000 - 0x00007ffe37c46000 	C:\Program Files\Android\Android Studio\jre\jre\bin\zip.dll
0x00007ffe46bb0000 - 0x00007ffe47344000 	C:\Windows\SYSTEM32\windows.storage.dll
0x00007ffe48400000 - 0x00007ffe4842c000 	C:\Windows\SYSTEM32\Wldp.dll
0x00007ffe49b50000 - 0x00007ffe49ba5000 	C:\Windows\System32\shlwapi.dll
0x00007ffe48ab0000 - 0x00007ffe48ad6000 	C:\Windows\SYSTEM32\profapi.dll
0x00007ffe37c10000 - 0x00007ffe37c2a000 	C:\Program Files\Android\Android Studio\jre\jre\bin\net.dll
0x00007ffe48180000 - 0x00007ffe481ea000 	C:\Windows\system32\mswsock.dll
0x00007ffe37920000 - 0x00007ffe37933000 	C:\Program Files\Android\Android Studio\jre\jre\bin\nio.dll
0x00007ffe299d0000 - 0x00007ffe299f7000 	C:\Users\volod\.gradle\native\f6784746aeab05261644944871eae4fe03e0ef1612fff0a4a95f87b438bc6780\windows-amd64\native-platform.dll
0x00007ffe42f30000 - 0x00007ffe42f3d000 	C:\Program Files\Android\Android Studio\jre\jre\bin\management.dll
0x00007ffe48350000 - 0x00007ffe48368000 	C:\Windows\SYSTEM32\CRYPTSP.dll
0x00007ffe47b10000 - 0x00007ffe47b44000 	C:\Windows\system32\rsaenh.dll
0x00007ffe49420000 - 0x00007ffe49447000 	C:\Windows\System32\bcrypt.dll
0x00007ffe48a70000 - 0x00007ffe48a9e000 	C:\Windows\SYSTEM32\USERENV.dll
0x00007ffe49070000 - 0x00007ffe490ef000 	C:\Windows\System32\bcryptprimitives.dll
0x00007ffe48370000 - 0x00007ffe4837c000 	C:\Windows\SYSTEM32\CRYPTBASE.dll
0x00007ffe47e70000 - 0x00007ffe47eab000 	C:\Windows\SYSTEM32\IPHLPAPI.DLL
0x00007ffe497f0000 - 0x00007ffe497f9000 	C:\Windows\System32\NSI.dll
0x00007ffe3eb30000 - 0x00007ffe3eb47000 	C:\Windows\SYSTEM32\dhcpcsvc6.DLL
0x00007ffe3eab0000 - 0x00007ffe3eacd000 	C:\Windows\SYSTEM32\dhcpcsvc.DLL
0x00007ffe47ec0000 - 0x00007ffe47f8b000 	C:\Windows\SYSTEM32\DNSAPI.dll
0x00007ffe3ef50000 - 0x00007ffe3ef5b000 	C:\Windows\SYSTEM32\WINNSI.DLL
0x00007ffe477a0000 - 0x00007ffe477d3000 	C:\Windows\SYSTEM32\ntmarta.dll
0x00007ffe21cc0000 - 0x00007ffe21e5c000 	C:\Program Files\Android\Android Studio\jre\jre\bin\awt.dll
0x00007ffe494a0000 - 0x00007ffe4956d000 	C:\Windows\System32\OLEAUT32.dll
0x00007ffe465d0000 - 0x00007ffe465ff000 	C:\Windows\SYSTEM32\dwmapi.dll
0x00007ffe45260000 - 0x00007ffe45820000 	C:\Windows\SYSTEM32\d2d1.dll
0x00007ffe46320000 - 0x00007ffe463b0000 	C:\Windows\SYSTEM32\apphelp.dll
0x00007ffe464a0000 - 0x00007ffe4653f000 	C:\Windows\system32\uxtheme.dll

VM Arguments:
jvm_args: -Xmx2048m -Dfile.encoding=UTF-8 -Duser.country=RU -Duser.language=ru -Duser.variant 
java_command: org.gradle.launcher.daemon.bootstrap.GradleDaemon 6.5
java_class_path (initial): C:\Users\volod\.gradle\wrapper\dists\gradle-6.5-bin\6nifqtx7604sqp1q6g8wikw7p\gradle-6.5\lib\gradle-launcher-6.5.jar
Launcher Type: SUN_STANDARD

Environment Variables:
JAVA_HOME=C:\Program Files\Java\jdk1.8.0_271
PATH=C:\Windows\system32;C:\Windows;C:\Windows\System32\Wbem;C:\Windows\System32\WindowsPowerShell\v1.0\;C:\Windows\System32\OpenSSH\;C:\Program Files\Java\jdk1.8.0_271\bin;C:\Program Files (x86)\Common Files\Oracle\Java\javapath;C:\Program Files\Common Files\Oracle\Java\javapath;C:\Program Files\Git\cmd;C:\Program Files\MongoDB\Server\4.4\bin;C:\Program Files\PuTTY\;C:\Users\volod\AppData\Local\Microsoft\WindowsApps;C:\kubernetes;
USERNAME=volod
OS=Windows_NT
PROCESSOR_IDENTIFIER=Intel64 Family 6 Model 142 Stepping 9, GenuineIntel



---------------  S Y S T E M  ---------------

OS: Windows 10.0 , 64 bit Build 19041 (10.0.19041.546)

CPU:total 4 (initial active 4) (2 cores per cpu, 2 threads per core) family 6 model 142 stepping 9, cmov, cx8, fxsr, mmx, sse, sse2, sse3, ssse3, sse4.1, sse4.2, popcnt, avx, avx2, aes, clmul, erms, 3dnowpref, lzcnt, ht, tsc, tscinvbit, bmi1, bmi2, adx

Memory: 4k page, physical 8266284k(1322264k free), swap 10363436k(5292k free)

vm_info: OpenJDK 64-Bit Server VM (25.242-b01) for windows-amd64 JRE (1.8.0_242-release-1644-b01), built by "builder" with MS VC++ 10.0 (VS2010)

time: Tue Apr 13 20:55:05 2021
timezone: Финляндия (лето)
elapsed time: 38 seconds (0d 0h 0m 38s)

